 0.13636650  0.09306671  0.10516810  0.16561919  0.63548487  0.59158951  0.49312001  0.71066028  2.87732792  2.11476588  0.65316182  0.52330548
 0.07409757  0.15172000  0.07253132  0.17741179  0.18978710  0.64219987  0.41304171  0.69198263  0.83840603  1.77549100  0.92780322  0.91560012
 0.12061580  0.21624780  0.10894060  0.13922510  0.33433741  0.57676983  0.36452261  0.88588351  0.54264939  2.40275002  0.86847752  1.19252706
 0.10448290  0.20679159  0.06784845  0.10054810  1.32030904  0.59142011  0.17886610  2.07005310  2.39840889  1.88549304  0.73511308  0.78677738
 0.03038225  0.01349100  0.05019185  0.09311530  0.65871698  0.43438500  2.07328296  2.45360398  1.95300806  2.22878408  0.50380921  0.49441940
 0.04545484  0.03376650  0.11294960  0.08566459  0.37371501  0.60432261  0.23031960  1.06642795  1.41623104  1.80893004  0.57616228  1.63034701
 0.05362520  0.07042427  0.10944940  0.14624409  0.33163041  0.59615821  0.88364041  0.17588310  0.73659271  1.79133606  0.65704459  1.91114604
 0.06926951  0.10215770  0.14328270  0.14694050  0.57921427  0.38837081  0.41852471  0.57056248  2.04855204  1.91818404  1.16286898  2.65010500
 0.11486000  0.06700413  0.06193756  0.09491044  1.38038099  0.72201669  0.25325540  0.57613438  2.27713990  2.06272888  0.64448500  0.73891640
 0.06271951  0.09813385  0.08849402  0.11167260  0.59944838  0.69339877  0.20238270  1.29214799  1.04740000  2.29430699  0.97483331  1.01124501
 0.07078947  0.08037758  0.05778685  0.17277460  0.49398601  0.55750167  0.25587219  1.44606900  2.45642900  1.70820999  1.18180597  1.44983006
 0.06251002  0.08140127  0.10524810  0.14161770  0.70187229  0.61440712  1.45401096  0.40027529  1.29206896  1.98880899  1.08390701  0.95745897
 0.04995942  0.01906501  0.11011400  0.13472770  0.25490689  0.73819178  1.89921105  1.71284604  2.38446903  2.15815806  0.74456698  0.95692372
 0.09061144  0.00176797  0.12044430  0.07759026  0.22139600  0.57609773  0.15506139  1.14917004  1.96670902  1.79513597  0.90543842  0.97497118
 0.01684063  0.07867780  0.09714322  0.10516140  0.33708021  0.34380779  0.35673431  0.34063321  1.23932004  1.67240596  0.61884803  1.18896401
 0.05734026  0.04361336  0.05507718  0.07060429  0.44141719  0.86319113  2.92277598  0.21088760  0.39446431  1.95324397  0.27463099  0.21653339
 0.03598894  0.11446220  0.05349900  0.12506980  0.50696641  0.62929368  0.96764320  0.42064410  1.38526905  2.33962607  0.39060020  0.41237941
 0.04697441  0.11372660  0.07009427  0.10025840  0.84706008  0.61937869  0.27083969  0.86635178  2.08437490  1.41640198  1.02964795  2.06294489
 0.03525876  0.14145499  0.04221721  0.11591140  0.55760771  0.71896052  1.07208204  1.07847297  0.88459659  1.26566994  0.77310622  1.13222098
 0.08294910  0.16263790  0.04233836  0.07306869  0.80092609  0.46245050  0.72719783  0.63735402  1.33582795  1.99061596  1.01908195  2.16418791
 0.09807497  0.09880909  0.01712110  0.10488780  0.23361100  0.53934371  2.06775689  2.16165590  0.98411340  1.86860597  0.39910111  0.21205820
 0.09916730  0.14257100  0.05580070  0.12020400  0.67574269  0.73151273  0.74773729  0.44994220  1.04266405  1.92169499  1.59761202  2.91000390
 0.01659015  0.04912259  0.04625644  0.12571520  0.55624378  0.66240251  0.17616031  0.54360932  1.21374500  1.69804001  0.67641228  1.01421702
 0.06427898  0.07633991  0.13885000  0.08238039  0.96877903  0.63545883  1.11405694  1.24283803  2.13405395  1.81819904  0.59662777  0.91335231
 0.03891298  0.01301678  0.04917223  0.10044590  0.29178950  0.44378161  0.89027667  0.24845460  1.73868895  2.07519794  0.40916151  0.89452457
 0.04254201  0.28276211  0.04750988  0.15107110  0.92183179  0.37068531  1.36496103  0.29431319  2.61811996  2.04550290  0.35951829  0.66384971
 0.03492331  0.20207930  0.12318850  0.10126350  0.51562178  0.54731059  0.49864110  0.58459860  1.03611505  1.66826499  0.87032288  1.89301205
 0.04877239  0.07281463  0.11129300  0.09146751  0.76991141  0.61260921  1.14907002  1.55597997  2.39170289  2.14603496  1.47533095  1.42792594
 0.06286427  0.14167100  0.05831102  0.10707450  0.85115200  0.64934272  2.60891104  1.67867506  2.31278300  2.52013111  1.01106501  0.78858858
 0.04294118  0.03539121  0.16143440  0.11854700  1.10845304  0.50823861  0.78213799  1.26137495  2.41657901  2.66253591  0.77567941  0.89197332
 0.07210890  0.19764660  0.14121720  0.09311610  0.67136759  0.53411663  0.18922970  0.04604846  1.38528097  2.35123110  1.49234796  2.36556411
 0.07770246  0.01133466  0.07147074  0.11863430  0.54250288  0.49660921  0.29617271  0.44339591  1.11838198  1.82473600  0.70319659  1.34752202
 0.05296325  0.15557159  0.15920420  0.09237868  0.19549949  0.81652802  0.48949549  1.81920004  1.52882504  3.01337504  0.80108619  0.56002110
 0.06300300  0.09283867  0.04418406  0.11794300  0.80916321  0.68586439  0.51266509  0.49140519  1.05164194  1.79806805  0.86264938  1.80037296
 0.07057288  0.16579250  0.14769541  0.07152931  0.87912297  0.72831172  1.32115996  0.25209799  1.43356395  2.17580104  0.95814168  1.44173503
 0.12009410  0.05944222  0.10569480  0.08036942  0.46757501  0.51001000  0.61500257  0.88616103  1.18109798  1.48961306  1.50717103  4.28751421
 0.04346927  0.11682520  0.11762210  0.08973569  0.47953480  0.39995140  0.76557612  0.73558712  0.81545591  1.67497206  1.81307602  2.90483093
 0.01848601  0.12127020  0.08654183  0.11306570  0.82332838  0.42768621  1.30418801  1.01939905  0.71152169  1.85311198  0.97865337  2.12249494
 0.04791969  0.09367615  0.04870082  0.11975460  0.50298822  0.35764211  0.39779979  1.02839398  0.94745660  1.85796297  1.38090205  2.99889994
 0.08043662  0.01250380  0.05478933  0.17327800  0.27857500  0.40493530  0.26141509  0.34947959  1.24029601  3.34125996  1.23267698  2.07421088
 0.06740662  0.10940970  0.08334835  0.11874080  0.54970777  0.46744499  1.35625601  0.17614990  2.20919991  1.37576497  1.36274099  2.43583202
 0.12913109  0.02788459  0.06157204  0.11656400  0.31826401  0.50192273  0.78923631  0.79880422  2.21405196  1.78084099  0.73997170  0.59156650
 0.05285379  0.07397281  0.10095940  0.11705880  0.81366998  0.75590819  1.81345201  3.72868490  1.69767106  1.94517505  0.39239171  0.41387111
 0.05352844  0.07912070  0.07195607  0.08542490  0.72406262  0.48289481  0.72614431  1.28727102  0.78989011  1.59144104  0.85352832  1.25965595
 0.03229842  0.21881039  0.17395900  0.10944470  0.33005419  0.87536222  0.38472229  0.42256600  1.29030395  1.88599396  1.54530299  2.52448893
 0.03702114  0.08683310  0.06500239  0.12524471  0.81524360  0.60908359  0.58848822  1.74837399  1.48881602  1.26613605  0.73945051  0.96013701
 0.10370790  0.05951094  0.04478299  0.10649980  0.74861002  0.58689141  3.10319304  1.74142301  3.36227107  1.87735903  0.57478869  0.26107109
 0.06932823  0.10186300  0.09894072  0.14469880  0.43286100  0.79231918  0.49480739  1.90380001  2.61395502  2.70339608  0.37952000  0.21437660
 0.04017182  0.10131460  0.08191588  0.05817866  0.44827741  0.86173588  1.04509699  1.06396103  2.39685798  1.61543405  0.97012091  0.96121681
 0.02765223  0.17641111  0.05499687  0.15148920  0.76346499  0.61058998  0.91854572  0.30371720  0.50544739  1.71424103  1.09145200  1.55039203
 0.05544040  0.03945048  0.11025140  0.16560391  0.84092242  0.76096201  1.51819098  0.32776749  1.60151303  1.79377794  0.72670788  1.21021605
 0.06886257  0.16999841  0.09438743  0.07099875  0.57527030  0.48654440  0.68222678  0.19961430  1.32221198  1.96135902  1.62760699  2.98976398
 0.04079288  0.10692140  0.13013101  0.09663314  0.42909849  0.58037972  0.51318032  1.24206996  1.38574100  2.46730208  0.79130560  1.10311699
 0.06562528  0.05527611  0.09017171  0.16318040  0.78978992  0.68422461  0.63656479  0.80742508  0.88358790  1.71981204  0.85505909  1.70316100
 0.08046387  0.14112660  0.12625980  0.13489421  0.12136210  0.53686392  1.34198904  0.89418823  2.51975489  2.31128097  0.92647612  1.62406301
 0.06131062  0.14028670  0.09658555  0.13105039  1.12364900  0.54698300  0.19702600  1.20018899  2.06467390  1.33560598  1.11792099  1.66592896
 0.06547137  0.09651327  0.02087709  0.11731800  0.99143863  0.88364458  0.49166679  0.11861970  0.67720318  1.96845996  0.63422710  0.83901137
 0.09018184  0.07795001  0.12148860  0.14794520  0.38757351  0.65486681  0.22913501  0.82574630  1.87636805  2.90729189  0.98949510  1.11896300
 0.06268349  0.31332731  0.10429180  0.07007373  0.64862919  0.57090598  0.39668179  1.01934004  1.32102394  1.76101601  0.99793202  1.00432003
 0.06519908  0.08290824  0.10485530  0.13682429  0.62660599  0.44475591  0.33663461  0.29794401  1.08209801  1.65271795  1.33695996  3.31694102
 0.06962036  0.05404071  0.09342912  0.13133539  0.21969490  0.73418230  0.71015543  0.48220971  1.32995701  2.68839192  1.34112406  1.26652098
 0.04734850  0.09800325  0.11785010  0.12887619  0.46340379  0.73253959  0.02834243  1.17510498  0.86355782  1.24798703  0.88664502  1.89972794
 0.07176044  0.11326440  0.22179081  0.16533320  0.43066370  0.61692661  0.68871331  1.01628399  1.15975702  1.74025202  2.08260608  3.77413988
 0.03599094  0.02471695  0.07436723  0.09875230  0.49571681  0.65315968  0.16612600  0.59100181  0.35340741  2.21154690  0.62201160  2.02596092
 0.08866367  0.18775620  0.06167883  0.18488429  0.37626669  0.82497948  0.16619781  0.49213579  1.43437898  2.16172504  0.62670422  0.88791013
 0.12156880  0.07948602  0.14084201  0.16169730  0.57854009  0.60273641  0.46018311  0.34938061  1.19408095  1.65876198  1.36839998  1.79431295
 0.09119546  0.11645680  0.05060399  0.10899800  0.46063131  0.60879248  0.48528269  0.23330501  1.95538199  1.63715506  1.08053005  1.59305596
 0.05892829  0.11059280  0.07192842  0.08964447  0.42239749  0.42434961  0.70411241  0.44436729  0.58351481  1.72432899  0.71705812  1.37440598
 0.09844238  0.04091938  0.20278651  0.12709340  0.47829911  0.60147792  0.57157981  0.42087969  0.43108940  2.12764812  0.95982099  1.91781402
 0.05515717  0.11629520  0.06125468  0.08568477  0.11638280  0.67147863  0.07741902  2.31435299  2.37207699  1.81514001  0.85050619  0.90551251
 0.10479760  0.29955921  0.10890620  0.09767316  0.40297729  0.52173948  0.40012079  0.85378522  0.29733780  2.09489894  1.05909598  1.42682195
 0.02775726  0.20441739  0.04956253  0.16128580  0.39763471  0.59552628  0.99268359  0.48761550  1.02990997  1.55895996  0.64751261  0.59848171
 0.04675263  0.07504299  0.13011910  0.10585420  0.66298890  0.94079733  0.32775429  2.83185911  0.78839582  2.72773695  0.74333447  0.34552699
 0.05890631  0.13131730  0.13068640  0.13375530  0.25373650  0.70234710  0.49061760  0.07399573  0.87054509  2.03987503  0.89629233  1.09552598
 0.06321418  0.04724132  0.07591036  0.11045810  0.74710423  0.54099947  1.19560206  0.96040452  0.89896399  2.19210100  1.34807599  1.79256499
 0.04592872  0.03924051  0.08379447  0.08972487  0.86077452  0.57038063  2.02527595  0.46521801  2.29118490  1.77327204  0.84703213  0.45660201
 0.12070520  0.06893394  0.10159520  0.11022040  0.60924548  0.70954818  1.37863898  1.44456601  2.12287998  1.95509803  0.77605820  1.03027701
 0.04665184  0.09295590  0.07614355  0.07189947  0.76016998  0.52528310  1.29761302  2.35686898  2.30265307  1.69568205  1.41689897  1.79094994
 0.01034966  0.07938997  0.05559432  0.12125390  0.46845391  0.46709001  2.51978111  0.79204518  1.19077098  2.71197605  0.47891179  0.67383349
 0.05711088  0.08457787  0.03596205  0.11151360  0.17975980  0.93185133  0.63644582  0.61444992  1.23366702  1.78438199  0.49718609  0.90343457
 0.13851930  0.05054078  0.09398770  0.10457150  1.14382994  0.47570020  1.63284504  1.12699199  2.53846693  1.94616699  0.80099273  0.82039040
 0.05726323  0.05408195  0.10382980  0.11197640  0.89564490  0.36697921  1.21905696  0.56081158  0.43828321  1.84320295  0.80225110  1.50110996
 0.03550301  0.14226900  0.08175495  0.08738530  0.13771310  0.44049609  0.17180701  0.80668432  0.70065999  1.06338000  0.68353927  2.30204296
 0.04176015  0.15306920  0.08332913  0.08102646  0.31534031  0.71818179  0.16958700  0.45913970  1.73558199  1.39103305  0.94146347  1.17403698
 0.03495348  0.02040236  0.10156020  0.05899205  0.63302821  0.84812182  1.51964104  0.43769419  0.72268027  2.66727901  0.73603600  0.90664673
 0.05893614  0.10316010  0.07441457  0.09875835  1.25828505  0.53974128  1.58090901  1.19248295  0.81695652  2.04935288  0.85602462  1.35148001
 0.10369780  0.22787680  0.07951081  0.10428250  0.57524133  0.60555512  0.16442490  0.52970302  1.41189897  1.92227006  1.05458200  1.63492799
 0.04528880  0.10630820  0.12520790  0.11096690  1.62672102  0.54282081  1.56452000  1.29154801  2.06002903  1.26404703  0.36553040  0.38522920
 0.05243972  0.04179906  0.08885381  0.12682331  1.18114996  0.49965659  1.40973902  1.28112602  0.85646611  2.01914597  1.07664394  0.61002910
 0.05474811  0.02715632  0.18908630  0.10422870  1.64538598  0.46873721  0.78187382  0.36476400  1.27421498  2.18828297  0.84451288  1.40974700
 0.05486393  0.18773550  0.04021334  0.20229439  0.71578670  0.60526752  0.70547462  1.50932002  2.07434201  2.59775805  0.55216032  0.54898012
 0.07473745  0.04417676  0.11478860  0.10390560  0.68126440  0.59851658  0.08544049  1.09470797  1.47747505  1.20777500  0.81993347  1.05935705
 0.10345690  0.01944387  0.17571791  0.05798207  0.93535793  0.58797997  0.15433390  0.53922951  2.50637197  2.53196192  0.84453648  1.03891599
 0.07746988  0.14858709  0.05226471  0.09742095  0.16575870  0.78411669  0.26694199  2.10099006  1.63737404  2.15456009  0.44496909  0.58418667
 0.06889357  0.14371800  0.08010182  0.11408640  0.23295100  0.52402443  0.35065681  0.28186521  1.85840297  1.98904097  0.58493352  0.55077732
 0.05612800  0.14307711  0.08117323  0.08799849  0.57854760  0.91213328  0.19749780  0.49193829  1.16843295  1.23284900  0.97843409  0.90459901
 0.03872888  0.08413087  0.06750147  0.10532490  0.47750881  0.44506589  0.26007479  0.22211960  2.33619189  2.11887002  0.79347521  0.91268742
 0.04414606  0.23961680  0.05926714  0.11789720  0.52479827  0.69189280  0.02322500  0.42614639  1.02779400  2.16139102  0.48696491  0.95985812
 0.07201455  0.06033374  0.08682896  0.09265272  0.91051048  0.45223919  1.59516799  1.85600102  2.90288305  2.11877894  0.90179127  0.74304062
 0.08921766  0.24805389  0.08494259  0.12650010  1.04895794  0.57429558  1.04863298  0.73019981  2.16259599  2.13617897  0.49622941  1.07532597
 0.09423701  0.16554120  0.05830368  0.13946110  0.70079118  0.60985768  1.48565996  0.39455521  2.29677010  2.28520012  0.87281829  0.72713029
 0.06152475  0.04405710  0.10411260  0.10702200  0.78061432  0.60119033  0.55804241  0.80847931  1.44209599  2.27064896  0.86099589  2.06183696
 0.04285467  0.15478450  0.04517775  0.08279319  0.50980139  0.42776731  0.50548959  0.41400239  1.14168203  1.61096394  1.10422206  1.49865794
 0.06083761  0.05402685  0.06944320  0.12939981  0.60274023  0.64962262  0.68186003  0.22630849  1.63159704  1.53264999  1.04273796  1.70384204
 0.04872076  0.07850809  0.06639800  0.09037943  0.37117469  0.48780441  2.07346010  1.79882598  0.70020318  1.82285094  0.75104898  1.13495302
 0.06223940  0.04897938  0.10624710  0.08252446  0.41379529  0.50638282  4.25815010  1.03989196  2.78542209  2.70878196  0.66641343  0.40755659
 0.05029268  0.05173254  0.08390024  0.13950799  0.64500332  0.55777037  0.63152689  2.16567707  1.55666900  1.93138099  0.80104089  0.53530920
 0.06376518  0.06919479  0.09001658  0.07601150  0.20860960  0.61348438  0.22186090  0.50429839  1.74250996  2.11704993  0.68492663  0.81933951
 0.03249465  0.01822613  0.04020414  0.14594790  0.63911331  0.49106181  1.04434800  0.63648659  1.84520996  2.49025989  0.73863780  0.53730762
 0.12223060  0.17555480  0.09273223  0.09641482  0.91600567  0.51883161  0.80932653  0.96235877  1.35175896  2.26129508  0.89109039  1.45699501
 0.06116024  0.24264190  0.10249440  0.11700000  0.81460738  0.54054987  1.30933201  1.57976902  1.05280495  1.70128000  1.07568705  1.86341500
 0.09294589  0.14480790  0.10791270  0.20265511  0.72321278  0.57009733  0.64377278  0.76123250  1.71715903  2.55102801  1.47224200  2.64864111
 0.18449309  0.05832088  0.10067510  0.10627110  0.08784656  0.33519819  0.14099941  0.71285027  1.48120701  3.09581709  0.90496552  1.96987402
 0.06389893  0.07964656  0.12628201  0.08354199  0.52862889  0.65898597  0.71653849  1.80906606  0.96137953  0.87929583  1.08907199  1.70270801
 0.06772003  0.04204811  0.15124860  0.11741960  0.42819569  0.54276723  1.37932301  0.61660367  1.42900503  2.00104403  0.47882661  1.10791600
 0.09603877  0.08684288  0.07705141  0.18807080  0.25577080  0.51864702  0.74164611  0.30275151  1.83916903  1.77480602  0.88266462  1.75695002
 0.06166965  0.04811139  0.12774859  0.07428356  0.76314008  0.73043478  0.74666190  0.94974703  1.66531301  2.21148205  0.65568179  1.63199401
 0.03045602  0.03993246  0.07722265  0.12020210  0.58451879  0.49644029  0.90018791  1.50431895  1.16924095  1.95855999  1.14485896  0.91390193
 0.05630221  0.03708716  0.11163880  0.09512580  0.64559048  0.49624860  0.91620350  0.64528269  0.99102068  1.95994401  0.87953937  1.51885200
 0.07607534  0.15615980  0.09483221  0.10369570  0.47901809  0.64592743  0.26738679  0.74015671  1.87597799  1.71905398  1.73559594  2.52478409
 0.10881550  0.20452990  0.11276820  0.13875660  0.35586450  0.63352323  0.92378497  1.51005697  1.98359704  2.13037610  0.25642860  0.26968041
 0.06526994  0.28648111  0.02188184  0.11267300  1.03494596  0.37385461  0.59170938  0.37037981  0.55660778  1.22999597  1.51082504  1.96212006
 0.06067570  0.08057475  0.19354740  0.12645450  0.34668010  0.54677171  1.26126099  0.73516899  0.99221158  1.37870896  0.84222859  1.73636794
 0.03834662  0.14432780  0.10661610  0.09172840  1.41116595  0.78118062  0.50916380  0.53698069  1.22336996  2.46885705  0.59602362  0.50865018
 0.04735066  0.09732515  0.10720740  0.16325560  0.29359090  0.70462883  0.55350661  0.59855318  1.45830095  2.13777995  1.36639905  1.65712297
 0.07064041  0.14293461  0.06616676  0.12903430  0.89440000  0.70295012  0.56191897  0.57147223  1.16996801  2.47009492  0.97709721  1.50795698
 0.04382279  0.11982930  0.06197061  0.18059210  0.29178661  0.54340750  1.59787798  0.82878608  0.74352872  1.46144998  1.02417004  1.05593896
 0.06239999  0.16817150  0.06260098  0.05707036  0.24925150  0.54051602  0.42733279  1.79298997  1.27771497  1.66036296  0.95216578  1.21217096
 0.04162427  0.26400381  0.04349887  0.13522910  0.16513930  0.56127942  1.56959796  0.90161079  1.22296500  1.64711201  0.82618141  1.60591805
 0.03651315  0.07260236  0.08694183  0.08619150  0.66873819  0.42850801  1.15008402  0.34502321  0.90841907  2.84628510  1.05996799  1.80616796
 0.05213045  0.09673224  0.05203187  0.07667582  0.60782200  0.68533641  0.26019821  0.13323140  1.88362801  1.98511600  0.47203279  0.64765799
 0.05965368  0.05964594  0.13300461  0.13452590  0.40313739  0.35552731  0.44829869  1.59647298  1.54753006  2.50748610  0.82202482  0.92640811
 0.08621894  0.02572795  0.10542520  0.12017520  0.21406890  0.61122078  0.13334280  0.72422469  1.01772702  2.45992804  0.71346498  1.19228601
 0.01998051  0.03972990  0.05987091  0.10956020  0.26075640  0.81846768  0.85226679  1.22910094  1.04695904  1.92288196  0.74144930  1.12527204
 0.06142071  0.07038283  0.09056530  0.11939640  0.54432929  0.73327792  0.42805070  0.37756100  0.81641108  2.47012210  0.66568339  0.64736372
 0.02627255  0.04122085  0.07549560  0.07371701  0.28521091  0.65255523  0.37869960  0.41445419  0.56560433  2.81383705  0.70369738  1.34161997
 0.06576528  0.09094896  0.09943385  0.13599290  0.38004610  0.44511729  0.72746432  0.90988058  0.93792808  1.73432899  1.56011903  1.42080498
 0.04032833  0.00671757  0.07659463  0.13119140  0.38554579  0.53980857  1.98148203  0.86700422  0.98862910  2.03689504  0.51867032  0.24825270
 0.03318752  0.12215330  0.07179042  0.08683568  0.49861899  0.52035803  0.34804761  0.58380651  1.26758099  2.12791610  0.90227371  1.76432896
 0.06545373  0.08389062  0.08466308  0.20625331  0.38177860  0.90590960  0.34139791  0.13529611  0.65135193  1.63290298  0.91244292  2.66470408
 0.06959648  0.19754450  0.05898587  0.08881502  0.50732982  0.74946213  1.96643698  1.82033896  1.56824398  2.00001788  0.90682912  1.50306499
 0.09173090  0.09545974  0.09725007  0.15484190  0.46134159  0.47275680  0.51180577  1.70754600  1.44716895  2.44832897  0.61286181  0.60197783
 0.06667277  0.23059590  0.15614820  0.07596443  0.51542622  0.59364891  0.96003038  2.22328997  1.11172605  1.65410495  1.14583504  1.68304706
 0.07124043  0.14171980  0.11415560  0.09919594  0.20209479  0.55515379  0.49808940  0.48048380  2.02295208  1.57618594  0.55593371  0.64827132
 0.07309299  0.06058444  0.05232969  0.08190826  0.52723730  0.65911603  0.41913119  0.22024480  2.48932099  2.44656301  0.86165309  1.82773900
 0.05976160  0.17755041  0.10109110  0.10929640  0.15382020  0.69773442  0.36829340  2.22768807  1.14187300  1.64606905  0.73057753  0.95066482
 0.01793435  0.12006220  0.12767650  0.14426190  0.55218709  0.42608330  0.76976460  0.19822200  1.88527095  2.45102596  0.57425892  0.41784781
 0.04335352  0.10153340  0.15497410  0.17398760  0.40408641  0.73014742  1.50290596  1.38053501  0.68692100  1.37300098  1.13004994  1.79089797
 0.06831787  0.21790060  0.08621394  0.16035590  0.83478087  0.47544679  0.36947009  0.38468871  0.93995577  1.69061196  1.54153001  1.50032103
 0.07076053  0.07222682  0.12320760  0.10202140  0.70979649  0.70958602  0.27397820  0.37828070  0.61152941  2.69738889  0.41162080  0.60017759
 0.13428301  0.31560680  0.08325478  0.08389940  0.44902211  0.59374088  0.52578288  0.40475351  1.24496901  2.47653294  1.05771995  1.98699296
 0.05006162  0.28957689  0.08837289  0.10130840  0.71739173  0.58208609  1.37140799  2.05939102  1.15910494  2.76808405  0.72719830  0.41216499
 0.06475110  0.00599038  0.06783897  0.11982630  0.24465500  0.53464901  0.38062719  0.84341937  0.76865131  1.57133901  0.51523322  0.88411433
 0.04438827  0.11817820  0.17313750  0.13735330  0.38937449  0.49377289  0.26334220  1.52372396  2.03505802  2.88267303  0.41996190  0.68213701
 0.05198477  0.08498548  0.09159394  0.08491242  0.50655472  0.52595180  0.88357729  0.54241991  1.41584599  1.34845197  1.23315501  1.55529797
 0.09924410  0.09182248  0.12336320  0.08946253  0.46400970  0.58604908  0.27913231  0.60610878  1.10171902  0.92152631  1.49780500  3.48611498
 0.04819629  0.17511000  0.05451957  0.14137310  0.37056190  0.50872421  2.05213904  1.81663406  1.20909798  2.11736703  0.98054409  0.62694812
 0.10760850  0.02702200  0.07645185  0.08461986  0.89245957  0.70924449  0.95876533  0.36920130  2.92684102  2.60346198  0.35580450  0.15282990
 0.03434706  0.18622521  0.04290842  0.20943651  0.33941531  0.38766310  0.78842223  0.15634680  1.23966300  1.87238002  0.82707512  1.36023700
 0.05831578  0.06345730  0.08175077  0.13352750  0.55909491  0.55988109  0.44263530  1.07479703  1.37685597  1.99021804  1.46519995  2.69422102
 0.04357002  0.06700615  0.10019370  0.08401746  0.40485099  0.71571469  0.60682428  1.56075394  0.96610391  2.96843100  0.95500398  1.93145394
 0.06786434  0.11207820  0.11099950  0.15328480  0.54580641  0.56240720  1.35508597  1.08543205  0.38124239  1.80186200  1.16665101  2.39014912
 0.09734321  0.04753782  0.07479201  0.07646473  0.34863490  0.64009708  0.37083301  0.37654439  0.92562622  1.84683001  0.59436220  1.46466005
 0.08198893  0.09141593  0.07547770  0.12566569  1.00754595  0.44401979  0.16311809  0.21145140  2.40565205  2.16560102  0.69942999  0.37420231
 0.07488496  0.05478749  0.08565908  0.08935194  0.45753220  0.64676207  0.24357960  0.64598447  1.33673704  1.60856199  1.02559996  2.24186707
 0.06996696  0.05054295  0.14132230  0.12371750  0.80904639  0.54811031  0.27537459  1.01817703  2.33197308  1.59416902  1.31146801  1.86090600
 0.04472140  0.24631770  0.18665630  0.13970500  0.19628830  0.55285817  0.78941453  0.22125860  1.35765600  2.20567989  0.74682820  0.54780859
 0.05040737  0.11339820  0.14336360  0.10374250  0.88126397  0.42504629  1.31206405  0.43508759  1.72780395  1.98112297  0.66436851  0.37794521
 0.10215590  0.16906840  0.05419660  0.19684230  0.57608020  0.51812989  0.73876482  0.15561490  0.98772758  1.64803398  1.45096695  1.46843302
 0.05843973  0.04489794  0.15831891  0.10978200  0.39512059  0.66786039  0.23435929  0.18528330  0.76016939  1.86916304  0.94092357  2.39935994
 0.04422793  0.01274046  0.06835845  0.06916628  0.54352838  0.65480149  1.43430805  0.74002397  1.27660799  2.17621994  0.77698880  2.01263189
 0.02267802  0.24566340  0.15023470  0.20071989  0.92993009  0.64938939  1.35020494  0.13174470  1.52901495  2.34667206  0.99692547  1.19597697
 0.04880479  0.06546136  0.12647890  0.08364233  0.46136549  0.55014348  0.58339101  0.34505951  0.78610182  1.70384705  0.92976052  1.50206006
 0.12033790  0.18427829  0.05238942  0.08895967  0.66617757  0.71208310  0.96878088  0.87331313  1.14534903  1.48122394  1.13250506  1.67552197
 0.03698656  0.14764820  0.06000694  0.10043840  0.80740470  0.62908608  0.07401595  0.29066479  0.59355289  2.65173006  0.47036889  0.92159933
 0.06975882  0.05945387  0.05077147  0.11143790  0.51402771  0.71614552  0.92349821  0.90168768  1.50602400  1.47790694  1.10400796  1.50808597
 0.03560853  0.04142071  0.09078135  0.11810260  0.38759321  0.58503938  0.76289588  0.14318670  1.45524800  2.46959805  0.53877610  0.89236122
 0.05389733  0.16754930  0.08882529  0.13975510  0.78817171  0.42604381  0.28397569  0.83446008  0.92796880  2.34362411  0.61147588  0.94016987
 0.06244384  0.03328289  0.12670229  0.13181360  0.51560903  0.72804332  2.32434392  0.21500240  2.18830395  1.77467203  1.57304204  2.00991702
 0.06941528  0.16800570  0.08738999  0.15190370  1.52056801  0.53628492  1.42800105  0.95134747  0.97457200  1.83133805  0.98420697  1.81064904
 0.06778900  0.18625461  0.06056494  0.14232570  0.71979249  0.42115760  0.29894331  1.59641194  0.65003312  2.40969706  1.23239505  2.59294009
 0.07146636  0.11862970  0.08370578  0.13045160  1.09844506  0.67460418  0.68790269  0.41633400  0.85988468  1.82797205  1.94188094  4.64438391
 0.07607792  0.07117018  0.07830005  0.10492970  0.78728878  0.68152529  0.58707660  0.61384583  1.64497399  2.08053708  0.72368878  1.06716895
 0.04740620  0.18975200  0.09151051  0.12596230  0.41052321  0.59693038  0.29467711  0.19601110  0.64315963  2.01899600  1.31827998  2.53162193
 0.04626738  0.04979651  0.02104124  0.13843510  0.19506881  0.74095899  0.10919990  1.47784400  0.76536149  1.11645198  0.61216557  1.80593503
 0.07442664  0.05478142  0.06857626  0.09480032  0.72444642  0.52798021  0.52868438  0.70167702  0.35256451  1.99881899  0.84550518  0.94063127
 0.04678765  0.14564291  0.09476772  0.07448685  0.53978407  0.46306309  1.25598800  0.45393351  1.04694295  2.38661909  1.26116300  1.61163497
 0.03852549  0.11485820  0.13575929  0.11087230  0.48615730  0.54129142  1.75051200  0.10493610  2.11944008  2.01355505  1.07553005  1.56730103
 0.04934336  0.01014239  0.04803398  0.08869006  0.66410089  0.61384809  0.32088360  0.61497980  1.58355606  2.19729495  0.41614631  1.22533500
 0.05818245  0.09524423  0.11252440  0.09398615  0.86928368  0.35743091  0.89651501  0.53657800  2.99208999  1.73419797  0.38708511  0.30056089
 0.03876833  0.09759234  0.06563405  0.13409381  0.60361338  0.58838040  1.16613996  0.61612183  1.09618700  2.03255606  1.79086006  2.74590492
 0.05709854  0.02212073  0.07561602  0.06667653  0.43861991  0.48309630  0.97511202  0.90202647  0.47897011  1.73849797  0.75514269  2.16700697
 0.05457059  0.22876900  0.06571685  0.13063000  0.63442492  0.60508960  0.50302768  0.18240210  0.72779077  2.01010108  0.63555127  0.69410318
 0.05695179  0.16782610  0.12875649  0.11857780  0.81814909  0.69573140  1.40893602  1.37582302  1.30957794  2.43746400  0.54914790  0.68331569
 0.11918330  0.21545871  0.07256310  0.14849000  0.73525882  0.70265323  0.64132291  0.42912549  2.18099499  1.89735699  0.99541801  1.27504897
 0.05854619  0.20063840  0.17062239  0.12494010  0.55385703  0.40462321  0.08893103  1.61140501  2.32988906  1.51208901  0.79680479  1.17929304
 0.04200686  0.17830950  0.10287360  0.11187100  0.66893548  0.53159702  0.77354437  1.68380404  0.99745131  1.01266897  1.10015297  2.41120696
 0.09406485  0.14686210  0.10107780  0.14077170  0.40796211  0.48678491  1.13566196  1.82992101  3.17691398  2.19276690  0.68785608  0.32212031
 0.05356806  0.04919400  0.05298699  0.08881486  0.63864899  0.67364222  1.39901996  0.28569019  2.05666304  2.27245402  0.84001958  0.91513079
 0.07216649  0.18338700  0.03037891  0.11574310  0.56058478  0.73676479  0.26128131  0.77387440  1.12330604  1.43975604  1.63947904  5.02805185
 0.04059465  0.07814284  0.10264930  0.09691642  0.50064451  0.57194930  1.04318500  0.50135928  2.32278705  1.46787798  1.28537297  1.38498604
 0.02952203  0.16452080  0.07703022  0.14940681  0.42595720  0.59116948  0.60448420  1.50191605  1.32045603  1.98950398  1.70792997  2.18199897
 0.01109159  0.02630275  0.17824200  0.10529240  0.32984129  0.54362428  0.23833320  1.56254101  2.12469602  1.24812698  1.02575600  0.71671897
 0.05831381  0.09979637  0.07787347  0.09030365  0.52508610  0.55889332  1.62213099  1.97786903  2.28412294  1.73341405  1.11023903  1.66805303
 0.10248480  0.04602068  0.04616419  0.11894110  0.63829601  0.71184379  0.46906659  1.62325394  1.30957901  2.18362594  1.23522198  1.36317503
 0.07664760  0.03648750  0.04465209  0.08309551  0.27109069  0.52679801  0.58109069  0.33819780  1.40866697  2.14692712  0.35972351  1.00416601
 0.03220577  0.09025647  0.06424704  0.13903530  0.61250257  0.47162431  0.48535341  0.33608529  1.89508605  2.18011689  0.73739493  1.69228697
 0.08283728  0.34052530  0.08258698  0.10336370  0.36212569  0.82731771  0.24458779  0.76997459  1.21411502  1.42678297  1.45395505  2.02186799
 0.06170506  0.04309946  0.06004105  0.16422150  1.18079400  0.45942211  1.17426205  1.01149404  0.69709140  1.92966294  0.62648618  0.72356158
 0.04326082  0.19405580  0.14591549  0.08116145  0.61402410  0.98892689  1.26634800  0.48876220  2.13171506  2.05848503  1.16517997  1.20168900
 0.07242823  0.22988629  0.08792737  0.11405110  0.40257859  0.44079751  1.05345798  0.83127111  0.91156679  2.40819407  0.64881343  0.36654150
 0.04321175  0.07989708  0.06403036  0.12029970  0.39599180  0.65408832  0.20159580  1.63065398  1.22131097  2.06610608  0.88701469  1.27527499
 0.04820956  0.20002280  0.09156603  0.08463418  0.45422709  0.60121661  0.33165091  0.74490881  1.85928905  2.03115010  0.85442972  1.56136405
 0.03130076  0.19236919  0.06816403  0.10978380  0.43872499  0.60975432  0.57763487  1.23005104  1.83998895  1.83790004  1.18167603  1.04066896
 0.06951941  0.04328418  0.08026679  0.10047430  0.63808572  0.61559242  0.79897511  1.08916402  1.71334505  2.31907606  0.68287379  1.04304302
 0.04558183  0.27925289  0.08146331  0.08706015  0.65773863  0.50904173  0.22514510  0.68758577  0.86554462  1.96287596  1.83018005  3.14703107
 0.06410749  0.04424413  0.09813617  0.20506270  0.64353412  0.59719568  0.64661407  1.43720400  1.10026801  1.99906099  0.99715328  0.83120120
 0.03897458  0.04952336  0.05872775  0.10950960  0.32565659  0.64514202  0.42122599  0.96400410  2.77904105  1.82612002  0.73389101  1.04605603
 0.04896850  0.07188457  0.06940664  0.16889811  0.64852178  1.04717696  0.44356579  0.87128443  2.50317693  1.92192495  0.87877798  1.44111395
 0.06437106  0.03921744  0.08837989  0.14737430  0.55429369  0.60711449  1.08058000  0.10690740  3.09517097  2.64225411  0.89997917  1.37422204
 0.04671482  0.05666425  0.13237810  0.13469630  0.14687040  0.50404632  0.77205253  0.29145470  0.56337368  1.44156003  0.65992349  1.13234103
 0.04086300  0.02869561  0.04911009  0.07246229  0.51759100  0.59235913  0.27717131  2.23512602  0.83342981  2.39558506  0.54188150  0.43878019
 0.03531995  0.19746150  0.14870140  0.08695752  0.22028840  0.93137598  1.50276697  0.95001012  1.78583896  1.68883598  1.00774097  0.91042131
 0.04280528  0.21577211  0.11863720  0.17434759  0.16313860  0.54694712  0.47016129  1.80327797  1.54218304  1.83309603  1.25106597  1.55686295
 0.10392850  0.21883149  0.11650590  0.08830231  0.44438440  0.56267959  0.43862671  0.59608310  1.35189903  2.19612598  0.96466070  1.08050704
 0.06173071  0.07332058  0.09372876  0.17432320  0.56705219  0.48664999  1.79611599  0.58913833  1.65162301  1.71580696  0.51346642  0.26619279
 0.05992473  0.04362340  0.12132780  0.09399669  0.17352121  0.45576149  0.07627232  0.12001600  1.26216102  2.67649293  0.46007001  0.74789762
 0.03678884  0.02027009  0.06775889  0.10859450  0.93264210  0.63485283  1.07998300  0.34865689  0.61990529  2.40791988  1.11652398  0.82406622
 0.06206380  0.02138152  0.08177111  0.08961967  0.72616798  0.62236708  1.02064800  3.62806892  0.87344372  2.65279388  0.75728017  0.50561672
 0.08276311  0.05412761  0.14235260  0.09099905  0.33723390  0.67467493  0.83984357  1.78815806  1.58721304  2.49148512  0.77295268  1.10409606
 0.05432085  0.09358494  0.11273350  0.10863190  0.53034651  0.64745992  2.00208402  0.28895169  0.56394547  1.54247904  0.70037419  1.39744997
 0.08600561  0.15210320  0.07702404  0.17442600  0.62969202  0.61642700  0.98083252  0.91367829  1.85642600  2.10267305  1.04398596  1.23401403
 0.08655854  0.06014525  0.07803971  0.06461182  0.39450079  0.52543509  0.34648761  0.64779890  2.15473604  2.23211288  0.78338271  1.14060605
 0.04269504  0.32751319  0.04693615  0.11920320  0.62658852  0.43340090  0.66141683  0.35192549  0.60941601  0.83731461  1.62394404  2.85243797
 0.03581008  0.11047040  0.07754047  0.11612080  0.47382179  0.72810590  1.26275599  2.33347392  1.50405598  2.17582011  1.03727603  1.29384995
 0.03730352  0.05177573  0.05240142  0.12523970  0.78025007  0.68492538  1.01631606  0.92334539  1.14122903  2.12017012  0.60970777  0.71110988
 0.04805741  0.11502480  0.11216270  0.08563122  0.26091391  0.63830459  0.98097527  0.30861431  0.82119381  1.53985906  2.18976212  3.12728691
 0.06481965  0.03936936  0.15292220  0.17257141  0.67081141  0.58238649  0.53276098  0.81916118  0.54039723  1.46851504  0.97845179  2.18494010
 0.11190450  0.03240570  0.06513261  0.11924510  0.79295897  0.66363871  0.56171358  0.57768720  1.79200196  2.47334504  0.74177837  0.71174318
 0.06312795  0.03559988  0.14151660  0.05196698  0.91725492  0.89444572  1.01925302  0.51431972  0.83671188  1.74495196  1.12881100  1.40375304
 0.09258246  0.09888945  0.11632730  0.12401260  0.42380720  0.74911851  0.32011470  0.66409582  2.45042896  2.50768209  1.15420902  1.03651202
 0.05725395  0.12956309  0.12390780  0.09529948  0.58852541  0.57809907  0.27336091  0.26584351  1.06229103  1.14285302  1.06794596  2.28819799
 0.07005461  0.22891040  0.06814197  0.09168214  0.74301642  0.80317402  0.06055247  0.62466812  2.17938495  1.47380900  0.65202880  0.96929443
 0.02579457  0.12854980  0.14354829  0.15593889  0.75153768  0.47228390  0.78256911  0.51228780  1.00637400  1.62505305  0.56216162  0.92201358
 0.07829469  0.02526828  0.10586790  0.07322519  0.44211781  0.64937317  0.52896929  0.35709319  1.46153998  2.00485110  1.25275302  1.76673603
 0.06449739  0.08637627  0.04298703  0.15380430  0.45633811  0.41776031  1.31063700  1.33440006  1.10787296  2.00826001  0.56898320  0.72455913
 0.08166198  0.15198000  0.03259536  0.20405041  0.18622580  0.33240080  1.26954997  0.92729652  1.50777102  1.98449099  0.82491499  0.74483049
 0.06512377  0.10147100  0.07946985  0.07700267  0.16567349  0.61374569  0.18989110  0.29117280  1.54781401  2.62614799  0.66210222  1.11459196
 0.07378567  0.01948228  0.05188534  0.12482000  0.13589860  0.66263193  0.75629652  0.46088591  1.21077800  1.42356300  0.66921610  1.37459302
 0.05943555  0.05662979  0.06832664  0.09490648  0.54130620  0.65359658  0.29901019  1.17444897  0.98861128  1.44318604  0.74020058  1.86096704
 0.04817389  0.04647498  0.04539245  0.11219060  0.29305029  0.55733287  1.02381897  0.20089670  0.57376641  1.44778800  0.90587789  0.76809758
 0.06461605  0.03794404  0.09088742  0.14608181  0.51281321  0.58866310  0.37718031  0.55459547  1.71477497  1.91146898  0.61288702  0.79710919
 0.10899980  0.17231029  0.14311050  0.14736760  0.35054341  0.59176153  1.65491796  0.55924708  0.43072489  2.10338402  0.98377663  2.12609291
 0.05486149  0.30288449  0.06837802  0.07351059  0.36948130  0.62566668  0.68471402  0.76556700  0.67769319  2.21086788  0.69948059  1.21380305
 0.03216351  0.03491813  0.12932670  0.11518730  0.61124271  0.60407138  0.30293560  1.55766594  1.06915104  1.17504704  0.98278558  1.00878501
 0.05456220  0.13831720  0.04826380  0.10889890  0.34757370  0.47409621  0.38841221  2.32418799  2.16284800  1.93897605  0.66818768  0.64309561
 0.10738130  0.02479369  0.09300602  0.16060700  0.54991752  0.70388901  0.04492845  0.21429560  0.89041603  1.95221102  0.65422201  0.99026358
 0.05472736  0.07436068  0.04014196  0.10081270  0.53092110  0.78191513  0.18862160  0.96484601  1.64584196  1.45814002  0.52450901  0.78663230
 0.03154697  0.05228868  0.04004689  0.07978946  0.39376381  1.05025899  0.24671350  0.52201933  1.71380901  1.96845603  0.80793703  1.31823695
 0.03339946  0.04202016  0.05431179  0.11541030  0.19762070  0.46748471  0.17454080  0.32075760  0.67306668  1.39712298  0.88517922  2.03155708
 0.08283760  0.07907436  0.11064330  0.13794470  0.55734652  0.68815660  0.61023271  0.95911431  0.28438851  2.17296410  0.72901082  1.96415305
 0.04502338  0.07483695  0.06633721  0.12003980  0.50375348  0.68598258  0.85272771  0.16667929  1.56991005  1.85493302  0.98617172  1.97960198
 0.07710648  0.05690643  0.10413760  0.08465540  0.74696141  0.75427490  0.46464521  0.90352440  1.59370899  1.60787404  0.77348173  1.60068595
 0.04479485  0.04109895  0.03980716  0.11629590  1.55654800  0.54488111  0.94084489  1.07860696  1.07864702  1.89749801  0.57358652  0.66779298
 0.06412670  0.03419153  0.04058552  0.10742300  0.42003381  0.82212389  1.12862206  0.87380010  1.52607906  2.21355104  0.65846378  1.39862096
 0.02658731  0.05945278  0.05742482  0.10372880  1.08264601  0.66061741  2.17447305  0.43180880  2.07114005  1.65815103  0.63735580  1.12734604
 0.05896052  0.09697758  0.08101066  0.10953120  0.56471771  0.58745188  0.14845200  1.22642505  0.55274630  2.18014908  0.74307978  1.47774506
 0.04259481  0.09386613  0.05961604  0.09401529  0.52327907  0.46325901  0.39212370  0.85902709  0.53660673  2.07167006  0.54201609  0.68400037
 0.01980089  0.10448360  0.10542700  0.08067798  0.79100603  0.56610858  1.24426103  0.82836241  1.22643197  1.95684898  0.84976453  1.74666297
 0.09842235  0.00871569  0.23398380  0.13397031  0.55267531  0.38174200  0.57943279  0.80780160  0.74060369  1.41171598  1.47571099  1.43624496
 0.05620659  0.12072440  0.06362409  0.09652797  0.79559368  0.63614821  0.83524209  0.57438707  1.06067204  2.22250605  1.26465797  1.02691400
 0.09188295  0.02955894  0.10096670  0.08297037  0.26591650  0.48463020  0.93176579  1.31834900  1.22830796  2.74858594  0.79102671  0.49289900
 0.08010662  0.11170820  0.13959870  0.18388741  0.87245637  0.67867678  0.19522730  0.60687143  2.17855000  2.67937493  1.07488894  1.72213900
 0.03653689  0.00355490  0.07540120  0.22857980  0.62380069  0.60720289  1.97663295  0.68751287  1.80959594  1.73522902  0.28045449  0.40681031
 0.02925795  0.06523707  0.09854022  0.08817925  0.25210869  0.73522413  1.48973298  1.07529497  1.18823600  1.63089895  0.71725261  1.26769900
 0.04814753  0.22002600  0.03814934  0.13673609  0.48260301  0.71523172  1.16040695  0.39856040  2.67631102  1.90779400  1.18556297  1.55566895
 0.08599631  0.02128006  0.07069185  0.11184730  0.68410027  0.53773081  0.25215241  0.32188499  1.86323798  1.32179403  0.88086122  1.38027203
 0.06117773  0.03044585  0.10627030  0.09581412  0.30753481  0.42885000  0.20209050  0.08654218  0.98141181  1.53584099  0.81854397  2.30217099
 0.05333399  0.05355248  0.03980125  0.07579514  0.27876860  0.60937917  0.51776129  0.47933671  0.65848112  1.75417304  1.27312303  2.04875398
 0.04472522  0.25731251  0.06781759  0.09611299  1.04334104  0.60104531  0.34647161  0.94390851  1.48134899  1.75056195  0.65435302  1.47941697
 0.10556690  0.14973980  0.08924113  0.11398910  0.61941642  0.70493579  1.30417597  0.44799361  1.35013998  1.70222902  0.88543272  1.20812798
 0.08705913  0.12479680  0.07506464  0.09148395  0.80211490  0.78748208  2.85775208  0.85254782  1.44025302  1.96606898  0.70180178  0.52115208
 0.02690249  0.02306720  0.09889001  0.06463838  0.18817011  0.29406330  0.99471271  3.35042500  1.51193297  1.74623299  0.45060411  0.61554289
 0.09116755  0.35854971  0.07969237  0.08233336  1.04088199  0.52364922  0.58786112  2.52837610  1.24540806  1.24032497  1.45236695  1.70174599
 0.05805489  0.08946168  0.09770098  0.10640180  1.23960495  0.65832502  0.81381881  0.47132340  2.05788112  2.31118202  0.91107851  1.37458003
 0.10110990  0.13947099  0.08810473  0.10756350  0.50474882  0.49656019  0.43769100  1.07877100  1.27168095  1.80950606  1.05912101  1.52009296
 0.07678176  0.02527049  0.09853098  0.12776691  0.50934643  0.63217717  0.67723829  0.33377540  0.97531992  1.87135005  0.86006802  1.26829398
 0.02595691  0.07313328  0.06456883  0.08156639  0.94556051  0.63685918  0.26395649  0.83009738  1.10858405  2.07765198  1.04786801  1.39335096
 0.07461173  0.06926841  0.02989488  0.11258530  1.09768403  0.62296581  0.53178948  1.36949098  1.11695099  1.35006297  0.97676092  1.03794396
 0.05181546  0.03150289  0.06457380  0.07930575  0.42739481  0.55538148  0.53528249  0.12878770  0.73906881  1.70007896  0.87667447  2.07333994
 0.06318298  0.38958561  0.08116091  0.13091040  0.80324811  0.60114300  0.26201981  0.23882610  0.91213042  1.61808002  0.62917203  0.83394921
 0.06122200  0.21518651  0.16499880  0.11885070  0.37041351  0.53355992  1.81569397  1.00167894  0.83471698  2.24684000  0.88198167  1.08174396
 0.08684914  0.03483881  0.13431190  0.16802430  0.16655380  0.57047850  0.39040190  0.44871280  0.49249661  2.10434604  1.02715302  0.97004068
 0.04011073  0.07155920  0.21456090  0.11262970  0.74646860  0.64944530  0.37066481  1.10744095  2.62197208  2.76461506  0.95391780  0.82926112
 0.03339848  0.02705217  0.04929311  0.13542449  0.33492410  0.49472320  0.32799560  0.89342427  1.16355395  2.74907589  0.79785037  1.03740394
 0.01413512  0.20871410  0.09622360  0.14046030  0.36943141  0.63865501  0.30733910  1.55653703  0.90323281  1.80251300  1.33506405  2.00462389
 0.06953520  0.21575969  0.08808936  0.09399440  0.30299309  0.52115762  0.37546510  0.34752321  0.74965638  1.94733095  0.82073122  1.66811895
 0.08129545  0.03118924  0.11641550  0.14673100  0.52027899  0.43620729  0.30184981  0.51863217  5.23883820  1.79359400  0.64946717  0.83520710
 0.09010337  0.06669992  0.08044698  0.11056110  0.41117099  0.79324567  0.18682800  0.85452670  2.32374406  1.75461602  1.06075096  1.11615098
 0.01751451  0.03076471  0.09474584  0.11281440  0.38904139  0.64463657  0.82453942  1.10301805  0.80237669  2.98096299  0.51357597  0.54970378
 0.05922035  0.05184167  0.08584249  0.16811590  0.39644480  0.56123447  0.95507109  0.79361129  1.47452903  1.77775097  0.77163208  1.41678703
 0.05272533  0.03792222  0.03149120  0.06555361  0.07089157  0.45294869  1.35470700  0.61276603  2.12274003  2.27355504  1.08460701  1.36243200
 0.03268367  0.09052753  0.05587241  0.14667960  1.06468403  0.58456719  0.60240370  3.25640512  1.40272796  1.81723905  0.60317987  0.37303099
 0.03444566  0.15314640  0.06891645  0.13557950  0.16007490  0.67976987  1.51215994  0.91945142  1.77265501  1.95826602  0.94023699  1.04300594
 0.02241136  0.14209260  0.04817685  0.02552460  0.24402520  0.80465508  2.60342407  0.51104802  1.14247501  2.01701808  0.93159699  0.58144188
 0.05186521  0.08694666  0.02145283  0.16368410  0.39295819  0.68192327  1.54873598  1.27334297  1.61608398  1.97459495  1.07761896  2.76474595
 0.08883453  0.06652905  0.07803208  0.08104695  1.30987799  0.83281082  0.55747539  0.28031191  1.05223000  1.35557902  0.75168508  1.26786494
 0.01964941  0.04036098  0.07527687  0.06069079  0.91808599  0.58578771  1.15030801  0.69163042  1.87069201  1.66825795  0.91967368  1.40865302
 0.09852763  0.26659781  0.03578802  0.12113010  0.42769310  0.56550372  0.44804239  0.41748881  0.89197397  2.00872493  0.63036942  0.92244643
 0.04993595  0.17161471  0.05727965  0.09900740  0.65334731  0.47051689  1.79033506  1.03514600  0.94930929  2.08918309  1.08783305  1.44975305
 0.06215234  0.02989645  0.08143292  0.12687080  0.51895767  0.40577021  0.29334551  0.55442661  3.27480698  2.78289199  0.69841141  0.69885439
 0.06175739  0.12232720  0.05208508  0.08766353  0.61636811  0.71147120  1.46726894  1.82822096  1.30921602  1.96300101  0.37882099  0.28793120
 0.06621885  0.08457094  0.11579700  0.09144738  0.72820002  0.41445699  0.28061521  0.17531380  1.76139998  1.56311297  0.76402158  1.64554405
 0.03381291  0.32529590  0.09145573  0.12953530  0.59587318  0.42011541  0.24975410  0.95420867  0.81299692  1.21086097  0.73275572  1.19244504
 0.02660484  0.11552230  0.10431580  0.10611050  0.45445451  0.81547958  0.12696880  0.34733269  0.72696418  1.96874297  1.10241497  2.24834108
 0.04503414  0.05966133  0.08787460  0.09131426  0.44113290  0.77566469  1.42033005  1.60012603  0.96137452  2.59231591  0.69493932  0.74601382
 0.04715970  0.29621929  0.13641420  0.08788060  0.40550059  0.52924162  0.41899249  1.68512905  1.53561604  1.49187005  1.02190101  2.20468593
 0.05341458  0.17702030  0.07040638  0.16090840  0.34783599  0.68152797  0.66677189  0.43732190  1.93644297  1.59304297  0.75727010  1.09460604
 0.09146434  0.04437095  0.10833110  0.08991897  0.63349593  0.35281450  0.15389170  1.83735502  1.37323105  2.49007201  1.00316298  0.78856802
 0.08238946  0.26751581  0.02654915  0.18524100  1.54152501  0.76990211  0.34955090  1.73856997  3.56770611  2.47761202  0.57817543  0.43627840
 0.02938123  0.12132380  0.09507003  0.13114659  0.54634720  0.88533229  0.15448759  0.35638949  1.21501100  2.19218707  1.01894999  1.29141998
 0.03825742  0.25460491  0.10389270  0.08416507  0.46618620  0.74121040  1.05795598  0.70782119  1.36933398  1.71191299  1.29075098  1.31849802
 0.08853374  0.13652420  0.08239923  0.06750017  0.72423643  0.57735318  0.42280740  0.46647730  0.94017887  1.75268495  1.79628897  1.52063894
 0.05502721  0.16041531  0.07572807  0.12756079  0.31408519  0.65334892  0.56512028  1.12372899  2.01710701  1.79454505  1.13666904  1.54352701
 0.07925531  0.13003699  0.07984786  0.15188700  0.22649230  0.93542999  0.63599819  0.47099170  1.99547601  1.95481098  0.85534418  0.85309291
 0.03311791  0.08532289  0.11597280  0.10988130  0.69345027  0.48938701  0.71738392  0.67468482  1.60494900  1.66245496  1.05631399  1.24369395
 0.03999464  0.09665650  0.07661569  0.10573340  0.45828080  0.47830150  0.11016860  0.20785530  0.85716742  1.90377605  0.61266571  2.17854691
 0.04944754  0.07746810  0.07795378  0.06889638  0.56573111  0.65441817  0.95373148  0.23816930  1.04602206  1.62215602  0.65704858  2.12369609
 0.07305589  0.04263743  0.09215640  0.08758225  0.71745282  0.70360029  0.87828410  0.17209271  1.86799395  1.35829401  0.72295791  0.61370963
 0.05476902  0.06789533  0.04716726  0.15670410  0.35854080  0.73658937  1.14581597  0.64818639  1.16922200  2.66974711  0.92246193  2.19381309
 0.10600980  0.13983080  0.12011050  0.12411860  0.47153461  0.54710293  0.45247921  1.25100303  0.96355921  1.88865805  0.96648908  1.08994699
 0.04974005  0.04820576  0.10789770  0.07609291  0.98709202  0.76009458  0.65564573  1.07068098  3.22145200  2.22678900  0.74362433  0.48102450
 0.05882908  0.13789400  0.11204900  0.12575039  0.89159107  0.69294119  2.29593205  0.83804220  2.25860596  2.04638004  0.95400667  1.39094996
 0.07069408  0.03140320  0.15321460  0.08378235  0.45079860  0.60580432  0.54332280  0.60838151  1.22673500  3.20967507  0.46222931  0.91426498
 0.05329933  0.11543310  0.07009882  0.10803420  0.76727158  0.51544851  0.42199910  0.49394771  0.33512580  1.60520303  0.76221138  1.75033200
 0.06390855  0.11658190  0.07494771  0.11904760  0.49306980  0.73807949  0.56322533  0.83901942  0.33389801  1.70309401  0.92573178  3.71718907
 0.10862220  0.15134470  0.10380390  0.14423850  0.33529991  0.72880071  0.50346708  1.03246403  1.65204895  1.41913903  1.59085298  2.44779301
 0.02546413  0.15466690  0.07876587  0.13131440  1.16357398  0.70366228  0.33585581  0.25116721  1.64708197  1.57196999  1.11098397  1.66476405
 0.04395086  0.31480351  0.06768095  0.12524010  0.70382518  0.74674708  0.74010402  0.48679861  1.16413403  1.43349802  0.83995849  2.16869307
 0.04670696  0.13204829  0.10096660  0.10729250  0.59967631  0.64727592  2.51291895  0.34036741  2.32838202  1.86988294  0.63514590  1.11960399
 0.02748704  0.09845304  0.06824950  0.15374410  0.31981599  0.72413260  0.28849420  0.68482691  1.68432903  2.39903402  0.81401902  1.42519605
 0.09046166  0.09457870  0.12939700  0.10249550  0.53720683  0.44975021  0.13001440  0.71375358  1.66409695  1.99733496  1.23910105  2.05112004
 0.07003850  0.15249319  0.06404731  0.09979013  0.37245539  0.57634282  0.53226823  0.23698939  1.06723404  1.69962895  0.61619937  1.23813903
 0.02271314  0.03171411  0.03447390  0.08315414  0.99404281  0.43318731  2.01677299  0.47221261  2.24059391  2.71497989  0.60808659  0.65954018
 0.04492870  0.14023250  0.09481563  0.12495910  0.83309722  0.36661059  0.63977832  0.10865180  1.14325404  1.72425306  1.28476703  1.96083403
 0.03219553  0.03575439  0.03594821  0.08663367  0.39967841  0.62665391  1.25259995  0.45587900  1.31204295  1.80547702  1.07920396  1.29006004
 0.11544260  0.03103418  0.07233028  0.10116380  0.74086922  0.64297968  0.83689559  0.43618020  0.86929971  2.21702909  0.63798261  0.95209140
 0.04032519  0.10458390  0.16175440  0.16170239  0.39639050  0.61203492  0.34233230  0.46248090  0.34403399  1.53461206  0.58498812  1.89913702
 0.05551877  0.01467630  0.05005033  0.11692780  0.72703803  0.49863270  0.45825341  0.36307719  2.92436409  2.06432199  0.51602030  0.68370020
 0.05704561  0.08957990  0.06875885  0.10377090  0.79750037  0.54252130  1.05065894  0.11969410  1.05982995  2.48405409  0.45604241  0.40419519
 0.05779267  0.03770901  0.05699271  0.09605059  0.36188051  0.91454339  0.27573600  1.41550696  0.78202760  2.11664200  0.64048183  1.28416800
 0.02460649  0.11100980  0.05867400  0.11630270  0.57612330  0.61017263  0.97120339  0.82315981  1.35112798  1.64543402  1.07161295  1.19164300
 0.08332674  0.11986010  0.11947490  0.14266670  0.51280671  0.64841348  0.85387802  0.88022143  1.42269897  1.78051698  0.65704691  0.87223792
 0.03798995  0.03979947  0.15011360  0.07019272  0.68279183  0.63739079  1.03447497  0.21976930  2.08347607  1.88443398  1.09031904  1.17936301
 0.05611816  0.06018393  0.09657566  0.13477820  0.69329172  0.90338719  0.37537360  0.71500778  3.02574396  2.29721308  0.83394182  0.97811902
 0.03970963  0.02240497  0.13574600  0.10263210  0.19882201  0.50691968  0.43678960  0.46254081  1.17256296  1.41252398  0.67883772  1.95268202
 0.04009296  0.04157460  0.13957889  0.10163360  0.39083490  0.58728868  1.28164101  2.55305696  2.07569504  1.54415298  0.76982552  0.93424863
 0.09487788  0.26404119  0.06893714  0.10359570  1.04285598  0.66039687  0.73380911  1.29638004  1.02085102  1.89142895  0.81457132  1.41825199
 0.03336708  0.07942840  0.11834270  0.13780241  0.48517391  0.75743681  0.18699200  1.43459201  2.34890008  1.66858494  0.74470103  0.67449242
 0.02687931  0.10707910  0.12318600  0.13996670  1.20447695  0.60285449  1.24512196  1.99159098  0.77656400  2.99326706  0.80359459  0.79677701
 0.06494311  0.02791177  0.06424705  0.06061094  0.83347690  0.67135298  0.50096291  3.89920092  1.11391902  1.72554195  0.40405399  0.43216449
 0.06919943  0.06548790  0.06334410  0.18581790  0.43003261  0.60169071  1.51981497  0.12700400  2.43456006  2.31844902  0.61962581  0.78018153
 0.06372916  0.02568500  0.11054770  0.12402180  0.46099141  0.35583669  1.70744300  0.39698851  1.20860100  1.78345299  0.65747613  1.03214502
 0.05448047  0.02342268  0.17414260  0.12912451  0.43026549  0.62486792  0.17710890  1.15540898  0.54319179  2.21319103  0.54501611  0.39949679
 0.02782214  0.09670044  0.15960529  0.09085821  0.46953711  0.40062320  2.89302897  1.84747505  1.98917305  1.96721005  0.94355798  0.94748509
 0.03567879  0.06795839  0.23748980  0.21051660  0.64857632  0.33738679  0.54425240  0.16015460  1.12544501  2.25885391  1.08460796  2.25521994
 0.04904591  0.03585361  0.14590091  0.12929310  0.16669390  0.44305831  0.45605290  0.55353659  3.70073295  1.76055205  0.73021710  0.56496263
 0.05869361  0.03518631  0.08098191  0.09096722  0.74607742  0.49893001  0.72667003  1.59935796  0.68019289  2.23678803  0.81083530  2.12170911
 0.01576686  0.12948760  0.09154102  0.12009370  0.49245861  0.83977050  0.34443480  0.21993430  1.53267503  1.33260500  1.29100895  2.37311792
 0.03048381  0.04200018  0.08611612  0.15571129  0.27796400  0.66743052  0.72476149  1.19194102  2.84528708  1.72496104  0.77854061  0.92878717
 0.06707668  0.08760349  0.13061351  0.08998151  0.36622059  0.54294127  0.71324331  0.37739119  2.66770792  2.03826594  0.93309289  1.14843702
 0.09283429  0.05048148  0.14548540  0.10853980  0.77129322  0.26078039  1.09734702  0.91327190  0.70118731  2.38338089  1.44827294  2.03416610
 0.07933662  0.02421322  0.07983021  0.12259640  0.30867201  0.64745688  0.13405140  0.85193008  1.97311497  2.19047809  0.83450007  1.46413004
 0.03545344  0.03996923  0.09201931  0.11700590  0.06189986  0.59650707  0.15457261  0.18755150  2.25115705  1.44729495  0.45926520  0.93621361
 0.04306686  0.19983150  0.06107929  0.10823170  0.20463930  0.63562679  2.15297103  0.33678421  1.03325701  2.84652591  0.66437668  0.78428102
 0.06226396  0.14338960  0.03934116  0.10545410  0.27805269  0.41122839  0.96410787  1.50634503  3.02912688  2.20131111  1.34316599  1.14979601
 0.07188112  0.07993471  0.09079318  0.13652331  0.37363079  0.62310898  1.06502700  1.60865903  1.24799097  1.93258905  0.87476540  0.49713531
 0.10496680  0.15054969  0.11929760  0.16213199  0.53498822  0.75247532  0.52123761  0.83890629  2.11564589  1.40322304  1.31610298  1.15446901
 0.04458546  0.08908994  0.04702141  0.14761440  0.56178778  0.62908459  0.57873398  0.81644088  0.52279931  1.35706699  1.56380403  4.20799112
 0.05739993  0.10335540  0.08096158  0.08456688  0.39229140  0.56084198  0.27604899  3.39336705  1.14391005  1.78018296  0.48744759  0.78306222
 0.04940353  0.03533600  0.10590390  0.11039040  0.98335749  0.49544981  2.67808008  0.59337848  2.34713602  2.58450603  0.68136811  0.37801450
 0.04450315  0.08687958  0.09000632  0.12740269  0.17050450  0.59226620  0.22070760  0.50524777  1.73770106  1.79438603  1.16513300  1.45513296
 0.05384212  0.06193378  0.09919824  0.10189480  0.87643141  0.35336441  1.31772697  1.80402303  1.00181198  1.53697205  0.91006619  1.46416497
 0.02454766  0.10964080  0.08946163  0.11895130  0.73612648  0.55363423  0.51324749  1.15173805  0.77366281  1.41757095  0.80925119  1.40995800
 0.01759612  0.10057850  0.05402187  0.09833172  0.48475051  0.72856331  0.30393541  0.92812139  0.94567579  1.83091295  1.04222298  1.67535305
 0.07019678  0.05519780  0.07492504  0.11995040  0.78007758  0.41508609  0.32792339  0.16923930  0.95641130  2.54911494  0.90424180  1.75718904
 0.02424809  0.15637399  0.08136375  0.11603800  1.37362003  0.86142182  0.13153499  0.40755469  1.41857004  2.39804792  0.98560983  1.64481497
 0.09072845  0.01457522  0.15118711  0.11046220  0.53661978  0.75624019  0.26663971  1.11086702  0.63146448  2.59146905  0.69899279  0.79694831
 0.10817680  0.09173381  0.18946360  0.12634631  0.30209059  0.51200598  0.39652631  0.28796899  0.65930909  1.61411297  0.59604323  1.92104805
 0.09322557  0.04775862  0.14331719  0.10492170  0.16228940  0.62624019  0.93121541  0.96937472  2.34306788  2.04218102  0.71740037  0.77703381
 0.07179812  0.40093389  0.15482990  0.16358361  0.16988060  0.67929637  0.67584401  0.64699280  1.75467598  1.56233895  0.78766012  1.26147902
 0.03773283  0.01482783  0.03596470  0.16332559  0.23687810  0.35451111  0.47515711  0.64124030  0.69835138  2.29664898  0.39230260  0.52571583
 0.04644114  0.05370460  0.03569240  0.09117386  0.51477379  0.73921770  0.36857510  0.09564155  1.47853994  2.25646400  0.87163073  2.30535102
 0.06379354  0.26734149  0.04188518  0.15145279  1.09244895  0.93585038  1.17590797  0.32853901  0.42446500  1.89870298  0.68890232  1.28876805
 0.06199191  0.29007789  0.13496430  0.13068770  0.20457800  0.63963008  0.29301819  1.10814798  1.47547603  1.74904501  1.49353397  1.86377800
 0.06049085  0.00544830  0.15866710  0.08254695  0.47743061  0.55860168  0.32134181  1.29036605  2.05142593  1.75980198  0.71370488  1.22890401
 0.04385044  0.14307220  0.13244370  0.10053830  0.33175081  0.65214700  0.65168607  0.19068280  2.10676098  1.84846902  0.48691979  1.30274403
 0.05740688  0.04899541  0.06619069  0.11597540  0.41548589  0.87561321  0.81845379  0.68516427  2.36514711  2.03326893  1.01019597  0.96087122
 0.10040210  0.07758648  0.07664785  0.08102822  1.12391400  0.71558750  0.40097401  1.08910000  1.41990101  2.34304905  1.02093101  1.20592105
 0.04289871  0.11658950  0.16472170  0.11453340  0.66098553  0.63607723  0.36244479  0.58582479  1.01187098  2.34372592  0.96922970  1.98556006
 0.05324935  0.07765320  0.08468770  0.09998351  0.53744680  0.46174631  1.38664997  0.61664557  1.32568705  1.37304699  1.03682601  1.83852100
 0.05024922  0.08204415  0.12570921  0.10305010  1.18287897  0.52505022  0.26868421  0.42038301  2.01901102  2.16849399  0.84399527  0.76723939
 0.05177685  0.09219291  0.12533081  0.10430990  0.24518380  0.66067117  0.91899598  1.00874197  0.92081088  2.43284202  0.33666840  0.34617290
 0.08271918  0.11409790  0.06059348  0.12130970  0.46892440  0.76481128  0.78862250  1.35073495  1.74826598  2.09676290  1.30616796  1.91691303
 0.03518645  0.02617040  0.07117677  0.13481350  0.47129071  0.76172888  0.54860932  1.07454300  1.36553001  2.28923893  0.91211402  1.33406794
 0.07863932  0.10759900  0.08269247  0.14072379  0.62679338  0.57321590  0.56281078  0.20767421  2.30767894  1.29575598  0.95458168  1.63784695
 0.05360511  0.07934235  0.07172762  0.13819291  0.37318861  0.37191910  0.63022077  0.35831270  1.92679095  2.50768709  1.08680105  1.32563806
 0.10689970  0.02410546  0.03872459  0.07426052  0.55086732  0.47250181  2.16974401  0.55791050  1.85813904  1.61854601  0.66663539  0.86213440
 0.07133934  0.13835090  0.13183500  0.11887500  0.37509409  0.81132478  0.38704690  0.65282828  0.72590423  2.20348501  0.87881958  1.24343300
 0.12359800  0.05592092  0.08293463  0.11167580  0.40985289  0.58606237  1.12485003  0.39171180  1.58472598  1.22273397  0.89975917  2.03037095
 0.06828139  0.08592452  0.09473123  0.09257642  0.44663450  0.44113341  0.12343390  0.70622033  1.03013599  2.24092698  0.87769598  1.47014999
 0.05849040  0.16302440  0.10214630  0.11802040  0.17434590  0.58659911  0.67086637  1.32840300  0.80418879  1.86577904  1.21237302  3.15300894
 0.09600313  0.01588085  0.08458126  0.06991183  0.58813459  0.54769760  0.35017139  1.29963899  0.59311622  2.26186991  1.34531403  2.27351403
 0.06413333  0.09241321  0.05569247  0.07616179  0.30139369  0.46100640  0.26174381  0.60427439  1.19629002  0.88497818  1.26480603  2.70989895
 0.05223401  0.15842310  0.07362410  0.10881710  0.44354880  0.57230192  0.18450400  0.83427161  1.18505001  1.78205502  1.14772606  2.00112200
 0.03017135  0.05414783  0.09324356  0.15554020  0.36582759  0.63276827  0.44336310  0.68468022  1.09010601  1.27210295  1.51828897  4.03696823
 0.04817986  0.10159940  0.04823046  0.08425923  1.12286401  0.75179672  0.70069712  1.07712805  1.37830496  1.63335800  0.97386342  2.27780700
 0.06919940  0.12717600  0.08346856  0.14855880  0.70245981  0.54642349  0.19420260  0.44766891  2.14397407  1.67086399  0.67863029  0.61157978
 0.05097368  0.12872040  0.08753778  0.06811242  0.66295582  0.50491691  0.40914080  1.59954703  0.80938590  2.02157903  0.65495330  0.62347639
 0.03946628  0.08953296  0.02566117  0.19036689  0.71135563  0.46941790  0.24745220  0.35725161  0.99626750  1.95117104  0.95087659  1.96389699
 0.02856944  0.07332454  0.11514730  0.06978389  0.63771713  0.51604128  0.44316331  0.30800340  0.81960052  1.59007394  0.61659831  0.89370698
 0.09150375  0.12931140  0.08521740  0.07970182  0.81911868  0.65378362  0.54712439  0.84755081  0.76560509  1.36435795  0.60518467  1.89116800
 0.07112468  0.01234994  0.06072513  0.08726231  1.67842901  0.68928128  0.69730788  1.54343605  1.83591402  1.36580896  0.87073678  0.95620078
 0.05812744  0.16302951  0.15583010  0.12776220  0.50447398  0.67707777  0.07856107  0.89414501  1.85490203  2.14002395  0.81095290  1.38722301
 0.10561050  0.20302440  0.08253261  0.10868360  0.37561271  0.39291459  0.60380530  0.90305221  1.72658205  2.06800508  1.35768497  1.41413796
 0.07822505  0.40299040  0.12084350  0.13318260  0.63332421  0.75672168  1.02803099  0.08699092  2.06405807  1.06327701  0.67614388  1.43124700
 0.05048160  0.11972130  0.11327880  0.09238509  0.84430420  0.39551961  0.90477610  0.22340371  1.09401906  1.73643601  0.87917781  1.33965099
 0.04391313  0.18206100  0.15584479  0.12682530  0.55085272  0.68257987  2.15747905  0.50792712  2.10226798  2.16139007  0.90295827  1.57562399
 0.07636361  0.19522990  0.08760867  0.15324511  0.45141801  0.51861322  0.14439960  0.95318860  1.78428900  1.79288495  0.65438288  0.99580443
 0.04879870  0.10311850  0.07469626  0.13498750  0.26483801  0.68557858  0.75894022  0.68012500  1.58237004  1.59351003  1.60264003  2.20181394
 0.06834501  0.16160689  0.08825386  0.09301012  0.32160330  0.75321621  0.47753209  0.16097260  0.54972732  2.64279389  1.36221600  3.05157900
 0.07161405  0.04958539  0.08600179  0.07514048  0.23517820  0.32450920  0.31998169  0.67847121  0.57611668  1.83931196  0.82659638  1.04351902
 0.04155933  0.07191867  0.06964717  0.07064240  0.65424389  0.49972290  0.34068790  0.10516000  1.37514496  1.53778696  0.49679551  1.23769403
 0.08498318  0.04723012  0.11128740  0.16092589  0.26871181  0.50906330  0.59530091  0.29261580  0.99452931  1.55197406  0.99472868  2.66366601
 0.02540799  0.32047290  0.04299683  0.16911030  0.85703331  0.66099072  0.63178039  2.34955597  1.02550197  1.49540496  0.59502912  0.92856538
 0.03115209  0.08475239  0.06814201  0.09667264  0.85979748  0.52743697  0.88158220  0.59261709  1.35218000  1.61876798  0.70474589  1.45160103
 0.06511660  0.10001230  0.04946214  0.11668220  0.47107711  0.72146428  0.41908249  0.68218631  1.19833505  2.50845504  0.58459020  1.43225002
 0.05821758  0.08077916  0.06900446  0.12897490  0.28610501  0.51918751  0.50755882  0.26491511  0.72952551  1.70076203  1.29782200  3.66290307
 0.06073386  0.19255720  0.08748039  0.15330590  0.65386528  0.57748020  0.63776511  2.25180006  2.89150095  1.80720901  0.91266769  1.01039600
 0.06110833  0.17269130  0.05200346  0.11497910  0.54674327  0.62638628  0.29784361  0.26672140  0.85293722  1.43907499  1.17069602  2.31880689
 0.03122570  0.10008940  0.08336096  0.09926368  0.50880152  0.59850597  0.21076010  0.37299719  1.39194798  1.76750600  1.36929202  1.73795605
 0.02238608  0.05203884  0.06841984  0.11172690  0.09941509  0.61102259  0.84236312  0.73525017  1.35866499  1.53256798  0.66550487  1.05332100
 0.07142545  0.09898248  0.13066840  0.10073750  0.49841619  0.62090081  2.63513207  0.09147052  0.73754108  1.86284006  0.63003862  1.16233099
 0.09398729  0.21315460  0.01806991  0.15360130  0.16484819  0.54950839  0.77738452  0.57290459  1.10223103  2.01244092  1.04652297  2.05385590
 0.10194500  0.07331435  0.14734940  0.09470823  0.15356191  0.88751149  0.85376233  0.41484731  1.34497094  2.04929996  0.83886272  1.22480202
 0.08276603  0.03010341  0.08067384  0.17170240  0.88981873  0.63513511  0.66769201  0.35484949  1.60651100  2.04507589  0.61084777  1.01865399
 0.11461630  0.01296061  0.04223816  0.04736767  0.36979359  0.67250109  0.63889879  0.48431450  1.81790197  1.31238306  0.47704339  0.95674199
 0.05369262  0.16575620  0.13906810  0.07829968  1.28755605  0.62403661  0.50432640  0.99321502  1.08567905  1.23610795  1.80509698  2.87783694
 0.06618106  0.03278294  0.12588289  0.14973480  0.73370159  0.69656467  0.56479871  0.88245761  0.36068600  1.38041604  0.26920259  0.30270261
 0.12647980  0.04899595  0.13087539  0.11782270  0.47220650  0.59905291  2.15370202  0.38542280  3.35875607  1.87449205  0.43399209  0.49404919
 0.06706747  0.02227778  0.09879097  0.11872490  0.73133928  0.63715267  0.27098030  0.70088708  1.44538498  2.04297304  0.73536611  1.06954098
 0.05399546  0.01918899  0.04938563  0.11229040  0.70563322  0.41194719  1.76865995  1.73296905  1.07628000  1.85326803  1.72613001  2.60820699
 0.03439126  0.06942285  0.05404352  0.09983203  0.57617527  0.57847321  0.87600958  0.73253691  0.85362291  1.85091996  1.18456495  1.30673397
 0.08199569  0.01830339  0.10448560  0.12357380  0.26653919  0.70719022  1.59548104  1.38734198  1.16917002  1.79580998  1.21233904  1.84289002
 0.01496064  0.06310046  0.03089585  0.12434940  0.50294441  0.64019692  0.13101000  1.81939805  1.67444098  1.96573198  0.98546398  1.51905596
 0.08155921  0.09166978  0.07354468  0.06739550  0.80323207  0.61476970  0.34266159  0.36640930  1.67453694  1.97485006  0.48218289  0.38200951
 0.02568219  0.26831520  0.15687710  0.10205870  0.31237200  0.42294690  0.34851491  0.02784763  0.82751882  1.61923003  0.64233160  1.59300196
 0.07450895  0.04699216  0.18679510  0.13262820  0.22458400  0.72100282  0.21306729  0.22825091  1.76425195  2.33003807  0.29087159  0.30871281
 0.09306856  0.13852850  0.09285561  0.10224540  0.59936231  0.48503280  0.07809608  0.80663413  1.13629401  2.67534494  0.81422168  2.07060790
 0.03372071  0.03126862  0.14236620  0.11923140  0.65248579  0.71475911  0.89909291  0.18609200  3.17502809  2.15089989  0.70667177  0.77126449
 0.07960213  0.07754090  0.02855996  0.06712005  0.35058779  0.56796658  0.78893381  0.89887887  0.98798501  2.56227589  0.75273591  0.97455800
 0.09898499  0.10516810  0.06212571  0.12810341  1.65327501  0.58184057  0.68861622  0.99164683  1.56162703  1.90802395  1.32588601  1.34487796
 0.06764029  0.03571551  0.11200800  0.13881810  0.93317127  0.62392592  1.78103006  0.83450288  1.32249999  1.50391304  1.58484697  2.43370008
 0.09731087  0.09379038  0.12946430  0.10899850  0.44051561  0.54890847  1.36265802  0.52038890  1.50159705  1.72087705  1.28303099  2.11675811
 0.03167211  0.08964981  0.16318350  0.11174390  0.16802250  0.65589869  1.82478797  0.20455050  1.47467506  2.05219507  0.99073303  1.16414905
 0.10655190  0.00757514  0.08366926  0.12090150  0.57164109  0.48317060  0.41024151  1.40346599  0.89241773  2.34029388  0.59298390  1.07322204
 0.05279013  0.11022390  0.06995811  0.12183920  0.38638929  0.69196129  2.08533192  0.80795783  0.70657492  1.59213102  0.84661382  1.73229396
 0.02826261  0.08751144  0.05557941  0.11603940  0.10674100  0.65033978  0.68655342  0.60754091  0.50189972  1.78874505  1.24761701  3.41593504
 0.05315759  0.28438681  0.10755230  0.17886530  0.47730991  0.60094869  1.04796505  0.05833168  0.94611013  1.44597197  0.93050271  0.82967752
 0.04524551  0.08888398  0.08906536  0.08608408  0.84305388  0.52420652  0.69970077  0.36197609  1.00302505  2.14583111  0.89120960  1.34079802
 0.04482786  0.04299163  0.12110550  0.13366580  0.37103951  0.62882411  0.91367322  0.26576939  2.53057504  1.87478197  0.48139611  0.68140239
 0.10425900  0.08196384  0.13095769  0.10602700  0.45253229  0.49593729  0.39172950  0.93603408  2.05978799  1.19400799  1.09898603  1.80805302
 0.04699583  0.04862942  0.10348970  0.12913510  0.23288290  0.47275111  0.51747578  0.58918118  1.56855905  2.18808508  1.04672694  2.33054495
 0.03688751  0.00793204  0.05461139  0.09034310  0.63513112  0.37232760  0.12742759  1.87082303  1.27619195  2.58618808  0.49844471  0.28191531
 0.04813926  0.18312740  0.07470318  0.08509377  0.41648921  0.85760438  1.07190704  0.85959458  1.20472300  1.83236897  1.23027205  2.09353590
 0.04496983  0.12913080  0.11194370  0.14476250  0.46277791  0.52025461  1.07399499  0.48615241  0.74418253  1.39843595  1.10867202  2.15379000
 0.03811744  0.10238570  0.10239810  0.11085510  1.18037295  0.78501087  1.75043797  0.30057251  1.14296603  1.43987095  1.37115502  1.96695399
 0.04092859  0.06142992  0.08278933  0.09675869  0.45963711  0.44333571  0.67079461  0.55985302  1.77204299  2.49634695  0.66325349  0.90159220
 0.09488677  0.11851080  0.20868650  0.12210250  0.51287949  0.45924339  1.20545101  0.46008560  0.86056411  2.14122796  2.07756209  4.03625202
 0.01926934  0.00735683  0.11760250  0.08117093  0.47345850  0.41888210  0.51163018  0.47959030  1.62194002  2.05830503  1.00806606  1.56528199
 0.04424693  0.01885063  0.12433160  0.09255248  0.59502339  0.79143929  1.14805305  2.01852298  1.49360597  2.01511407  1.23250198  1.52727997
 0.08841871  0.10347730  0.10053330  0.08864389  0.44949761  0.75197119  0.45814899  0.69619483  2.37671709  2.05793691  0.89777869  0.77745348
 0.06114263  0.08687270  0.11771900  0.10959710  0.34312859  0.74222308  3.22630501  0.30344149  1.56000102  2.09114790  0.95809329  1.47892594
 0.03209908  0.08537982  0.04231950  0.12685290  0.54089540  0.56874812  0.34618321  0.17107290  1.18281305  1.22773695  0.46097821  0.69295591
 0.04261963  0.19088100  0.03320510  0.11305340  0.36693129  0.65563643  0.85718077  0.71968311  1.45513701  1.36754704  0.59373462  1.04435003
 0.05117354  0.28512421  0.13123880  0.11832000  0.71700460  0.68814057  0.29650560  0.85976303  0.84521723  1.76964200  0.71929598  0.98036492
 0.08053472  0.13058870  0.09808116  0.07976836  1.00664604  0.54432148  1.00585699  1.14389002  0.49319199  1.44422102  0.81156611  0.52857947
 0.06245260  0.08341677  0.08539318  0.13524930  0.38235739  0.50281852  0.65214151  0.38577271  0.84583437  2.09785891  0.83406872  1.27401805
 0.03820961  0.00511917  0.04549849  0.09619723  0.50275499  0.56896389  1.34245598  0.61836022  0.99527729  1.75438702  0.33608121  0.20333570
 0.05214681  0.01929424  0.06385389  0.10757040  0.74872798  0.52344853  0.25208300  1.00384605  1.67713201  1.79754198  0.50555122  0.75594759
 0.05730248  0.04234675  0.10702100  0.08678016  0.61674172  0.52649653  0.11345340  2.15845799  1.12693405  2.14330912  0.92164141  1.20173895
 0.09590159  0.17582460  0.05827127  0.11598190  0.13251489  0.63422829  0.34936431  0.56173903  1.07402301  1.43488300  0.61711591  2.21739507
 0.11265030  0.08390207  0.07850838  0.13875510  0.10029050  0.53878063  0.48861071  0.33985260  1.14963400  2.34909892  0.37742981  0.44485521
 0.03242589  0.11160200  0.10912380  0.12237190  0.38090810  0.48010141  3.21222997  2.05970001  0.49764481  1.47032201  1.03094995  1.07672596
 0.05633681  0.33427969  0.08777370  0.12786770  0.64979899  0.79872233  1.16679394  0.90137589  1.38313305  1.18376696  1.00298297  0.64981401
 0.03393522  0.05820320  0.08889621  0.11796710  0.62011677  0.45982960  1.21176898  1.04177904  1.62126398  1.71486294  0.69510418  1.43530095
 0.04109029  0.17068280  0.04278507  0.07099900  0.48782980  0.61545348  0.24561350  1.42168295  1.10800898  1.81812298  0.79502642  0.95161051
 0.05599080  0.00752500  0.11546970  0.06859886  0.83559108  0.57080108  1.11650002  0.29270631  0.45338619  1.81111002  0.89771378  1.40333796
 0.12017510  0.10851950  0.06268488  0.09373737  1.10930097  0.35197791  1.29764402  1.72678697  1.65428805  1.79598498  0.40112311  0.76171780
 0.03740546  0.00967021  0.19057480  0.13012899  0.78540528  0.53197777  0.20150959  0.77350849  2.23930097  1.87122202  1.12580204  1.94636905
