 0.05479828  0.17619050  0.06134310  0.12439940  0.40280560  0.72645611  1.25591099  0.85249817  0.79121339  3.10464191  0.52958411  0.75087291
 0.05032716  0.06615159  0.05843625  0.09291517  0.31863800  0.61092252  0.43269289  0.40609571  0.76526773  2.14256692  1.11717701  2.85440207
 0.02457352  0.03964138  0.12200880  0.19073240  0.73067731  0.60564429  0.78480828  2.43574405  1.64558995  2.38738704  0.99505740  0.92284369
 0.08734505  0.04687489  0.09392710  0.05482024  0.86429179  0.73139542  0.21981360  0.23512740  1.80304897  1.62367797  1.31514001  1.51865399
 0.11123610  0.13711441  0.07539740  0.06759036  0.57869422  0.55424511  0.20145260  0.85009873  1.24952400  2.31163907  0.53642070  1.04660201
 0.03800490  0.02794988  0.05567592  0.14053650  0.44494900  0.36526629  0.20740350  0.52829242  1.03478003  1.15400696  0.60336548  0.82442468
 0.04547559  0.05493744  0.10456660  0.10759150  0.34096429  0.79622722  0.34335259  0.28095981  3.47402692  0.96610719  0.87870592  1.90513599
 0.09183085  0.08629953  0.18987270  0.10320520  0.36656851  0.53489721  0.62351918  0.29048800  1.53958404  1.56779695  1.57231998  2.28232098
 0.06050414  0.06777269  0.09662644  0.09443914  0.28327721  0.63741320  0.32508299  0.18043280  0.99090308  2.44426799  0.63089108  1.15724099
 0.04739081  0.10433870  0.05687133  0.11704360  0.43362340  0.39456099  1.36038601  0.24758680  1.70420098  2.35242891  0.59915107  1.95523202
 0.05976896  0.18389431  0.06555364  0.11440500  0.17573451  0.45327741  0.15630899  0.80384618  1.09839404  1.41528797  0.92259443  1.29833698
 0.10652580  0.29462829  0.06811341  0.09641781  0.83807927  0.72894222  3.44697309  1.38688505  1.77592695  1.92438304  1.41039598  1.24174500
 0.03458438  0.23531170  0.06085772  0.09731677  0.24876280  0.50993001  1.57853198  0.28713149  0.84635770  1.62607598  1.19656801  1.17335796
 0.07813299  0.09232783  0.09403705  0.09862152  0.89461190  0.49548250  0.72507399  0.91035128  2.33574009  1.84405601  1.23596799  2.06284595
 0.07164521  0.02418467  0.19785900  0.11492650  0.71809453  0.76504803  0.27098599  1.52127397  2.41265798  1.93125403  0.76598901  0.58806741
 0.05438951  0.03607866  0.05272659  0.15025251  0.53807497  0.52996278  0.03264333  0.47501951  0.69196397  1.47776306  0.55088079  0.91233063
 0.07401001  0.17650419  0.14165480  0.12364140  0.26629630  0.40666300  0.62681198  1.04505301  0.74084133  2.36859894  0.60940349  1.31922197
 0.07947886  0.12469840  0.06992521  0.12910080  0.78578877  0.86635298  0.44356540  2.61442995  2.26247811  1.92161500  1.59362805  1.78329206
 0.05610538  0.01560741  0.11887350  0.14302710  1.03656006  0.42744091  0.46770361  0.30953681  1.07184398  2.60888195  0.46464479  1.10525298
 0.08346478  0.01442586  0.05858813  0.16057190  0.58615220  0.57445967  1.92904103  0.26531029  1.79801500  2.31362391  0.55018699  0.47471049
 0.07103787  0.02613122  0.09120349  0.11008030  0.26932481  0.47815129  1.59150898  0.25838041  1.85289705  1.48069406  0.60812593  1.02732003
 0.04868726  0.08720385  0.05820472  0.08510389  0.98402983  1.02440596  0.78379679  0.17974080  1.10567200  1.52806401  0.57847869  0.67212772
 0.06729617  0.12027020  0.12371720  0.16013411  0.25006020  0.50695813  1.29791403  0.92738938  1.11918998  1.76805305  1.44330204  2.32685900
 0.07444543  0.04196234  0.07621688  0.09738316  0.39609680  0.68074298  0.12451410  0.13184960  1.41691601  1.69140697  0.47116539  1.29591405
 0.03875922  0.05500677  0.13118200  0.10805570  0.73420131  0.58932543  1.01218605  0.34065130  1.22370696  1.53119600  0.54602998  1.28031194
 0.07999805  0.01882223  0.08098195  0.06357566  1.27556396  0.52557439  0.77461529  0.65072548  0.68151861  1.50920403  1.04141903  3.92727089
 0.04466669  0.08730050  0.09534607  0.09510323  0.20489180  0.57041311  1.15773499  0.28794730  1.69523501  2.60949206  0.99412072  2.10222507
 0.06332356  0.41218019  0.08171801  0.07694902  0.51015091  0.50193459  0.62492287  1.46278906  0.63122559  1.99794304  0.93302202  0.91718882
 0.04842660  0.16040680  0.12628150  0.11864340  0.33686310  0.57056928  0.94454253  1.07531500  1.27240300  1.82098198  0.53060490  0.43369150
 0.05553257  0.07268599  0.03003588  0.14566310  0.51341838  0.67374182  0.34245259  0.29712021  0.94532812  2.58904505  0.71168357  1.20365596
 0.05761544  0.09953336  0.08181099  0.10336050  0.60847878  0.53756672  0.79497159  0.64615083  1.80135000  2.32899094  0.67049652  0.46548331
 0.02582073  0.00585059  0.07429418  0.10820080  0.21302880  0.52903283  1.48521805  0.18468790  2.06259704  2.44959307  0.31077960  0.42458871
 0.10896450  0.05198480  0.06985461  0.09183045  0.53998327  0.75195628  0.08734050  0.34727451  0.94817221  1.27094102  0.51919419  1.29904604
 0.06091797  0.04305021  0.09462450  0.08770180  1.42401803  0.59467399  0.14775530  0.21115690  1.66510701  1.28110194  1.10702205  1.71764505
 0.09823944  0.09943274  0.04993148  0.13339500  0.41202500  0.66176587  1.95563996  1.09317398  1.56618905  2.14144897  1.11537695  0.90254110
 0.10635750  0.02616292  0.13975380  0.11267970  0.80754697  0.59761423  0.28747839  0.04802449  0.99284297  2.13653898  0.72001278  1.26421702
 0.12164070  0.04032324  0.03905784  0.11714890  0.28454059  0.62652498  1.23586297  1.67969298  2.20123410  2.40284109  0.41580760  0.42067960
 0.09984051  0.13882120  0.05778592  0.11069670  0.47227141  0.66344851  0.44031519  1.14055395  0.66104257  1.34925997  0.85925102  2.38940191
 0.04226156  0.09065237  0.03402914  0.08393938  0.66659868  0.64651299  0.37211359  1.65166402  1.23982000  1.67509902  0.60138607  1.09729004
 0.05798558  0.10601310  0.10836930  0.12892450  0.38715720  0.40800679  0.54918569  0.99900979  0.87726510  1.87644303  0.96799892  0.83656567
 0.08928264  0.00633735  0.07287385  0.12861469  0.70837241  0.52157319  0.34232581  0.63734519  0.59201348  1.70831800  1.04923606  4.31780100
 0.05096749  0.01133826  0.08618090  0.14025210  0.35775980  0.39764291  1.70478499  0.53195840  0.89393848  1.55857301  0.50105649  1.10168004
 0.07854760  0.05373076  0.13218930  0.09175048  0.27405331  0.39388561  0.96642947  0.35257560  1.48343098  2.04118800  0.67480677  0.83688492
 0.04030793  0.12907580  0.08398831  0.05916817  0.45397890  0.41222069  0.74478030  0.92078578  1.42083097  2.32087398  0.96890861  1.54877496
 0.07705241  0.00793909  0.07441945  0.05481355  0.77768230  0.36957911  1.34683502  1.70443296  0.75943428  2.10060310  0.51400143  0.49225080
 0.05943829  0.01605518  0.09325304  0.14859100  0.40586001  0.58710831  1.20605397  1.33350897  0.76726490  1.86903298  1.35566700  1.93897498
 0.06011267  0.06265459  0.11607360  0.17289500  0.82903951  0.68601829  0.31969911  0.34023920  0.59828031  1.60388398  1.05068600  2.50327706
 0.06860664  0.00978646  0.09742608  0.09525529  0.28297079  0.35794869  0.26928431  1.64093304  2.26266193  2.07376504  0.80131441  1.28998101
 0.07259711  0.11157140  0.11922530  0.10690560  0.58010012  0.57944429  0.37375271  1.37436903  1.28984296  1.84815705  0.46745509  1.13067806
 0.06262575  0.03331850  0.13853291  0.16357490  0.35416901  0.63561541  0.48987961  0.92139143  1.24206400  1.57236898  1.18656099  1.15886700
 0.07524683  0.05202892  0.07520793  0.06371340  0.32178071  0.74325591  2.19998002  0.49525210  1.32601202  2.56307101  0.30431560  0.43554449
 0.13718310  0.12328190  0.08421872  0.14115880  0.53899223  1.11575103  0.16860759  0.08781026  0.97507590  1.97844601  0.53291619  1.56597102
 0.06865518  0.10827770  0.10306890  0.10342290  0.74744558  0.53471148  0.29573470  1.31275105  0.93828708  1.59592700  1.33555603  2.20931196
 0.06288493  0.05364034  0.09153500  0.07222215  0.42030671  0.62710959  0.30416131  0.14375530  0.79442948  1.59562802  0.72549558  2.56360197
 0.02646787  0.10278080  0.08990800  0.19083790  0.47706681  0.63129538  0.22065710  0.70981127  2.54448795  2.39680290  0.50552899  0.74567562
 0.05454622  0.15281270  0.10093370  0.08437397  0.44113371  0.51223248  0.82376230  0.72317803  0.61275512  1.82412696  0.70713699  1.07896900
 0.07052606  0.04085004  0.04270738  0.14175430  0.64557928  0.53577632  0.11175720  0.07164703  0.66290712  1.97227299  1.09746504  3.49143791
 0.08935286  0.08734189  0.12164780  0.13289180  0.40498829  0.44525459  0.98692381  0.21132700  0.84438568  2.38854694  1.10685396  3.50362897
 0.03083536  0.10095570  0.08598432  0.15044560  0.71019608  0.58474958  2.18950701  1.24217796  1.71268106  1.74768603  0.93601751  1.56682706
 0.05707517  0.00040323  0.08163980  0.22523910  0.17198481  0.42417240  0.51694399  3.99322009  0.74769348  1.54875898  0.41269630  0.54133803
 0.07337040  0.05851446  0.10631770  0.09629541  0.23598360  0.69755512  0.71979719  0.38765600  0.97277832  1.93148005  0.76119912  1.08521605
 0.05010337  0.12676290  0.07814776  0.10573660  0.42112249  0.75248671  0.85493279  0.48661309  1.51623595  1.53005803  1.01290596  1.20901203
 0.04321836  0.00621719  0.10529060  0.12523510  0.67122138  0.49736571  0.04987532  0.34892619  1.01765203  2.47955298  0.77803200  0.86453259
 0.06260229  0.04597803  0.06602114  0.14070439  0.22225900  0.69581372  0.44761571  0.53280038  0.58640039  1.73389995  0.57131171  1.54321301
 0.04499769  0.02115463  0.07869409  0.07757364  0.47157601  0.66613108  0.61660397  2.00972104  2.00073195  1.09249496  0.53083807  0.94250059
 0.06714848  0.01618473  0.06103664  0.09768132  0.40802839  1.02118397  0.38988039  0.30747530  2.10922599  1.79790497  0.48460749  0.44565079
 0.03128787  0.14949480  0.09821751  0.12164020  0.51174271  0.71869957  0.38954780  0.60844421  0.65074801  1.47976601  1.31569803  2.36935401
 0.05500825  0.10180760  0.09458298  0.09564694  0.97916389  0.57947522  0.45136899  0.85108018  0.42031431  1.16958106  1.99815297  3.59048295
 0.05044898  0.06177227  0.09191729  0.08091874  0.33289230  0.43124741  1.02742696  0.51684737  0.85087192  1.71945298  0.82203162  1.75940394
 0.08105348  0.20798360  0.04115712  0.09563258  0.64042628  0.66979212  0.54259872  1.30762303  1.54754698  2.35664701  0.59121329  1.19853199
 0.08750070  0.02843391  0.15031239  0.10357750  0.26070780  0.46118250  0.25178879  0.22369359  0.93052381  1.06083703  0.28417099  1.55827296
 0.03606920  0.08751702  0.08233898  0.09262328  0.64981568  0.49762091  0.69621372  1.47912502  2.68602705  1.72692502  0.27439901  0.16842540
 0.04100161  0.52945840  0.04756179  0.15680900  0.58837938  0.64193612  0.61258793  0.91890103  1.30983305  2.54164290  1.00081396  1.21893299
 0.04685364  0.02480778  0.12226110  0.15013941  0.31164300  0.92803478  0.35889730  0.61731273  0.56846058  1.35613203  0.60997719  1.16623104
 0.09417161  0.32437801  0.08389241  0.10769260  1.13160396  0.30396861  0.75418478  0.53204751  1.18886805  1.86082399  1.27971196  1.61488998
 0.07367110  0.24449520  0.16257940  0.09515204  0.85264099  0.67877167  0.85034430  0.28422940  2.39350796  2.79522610  0.83526981  1.57542706
 0.07257263  0.03371128  0.07413042  0.11579990  0.46827710  0.68182898  1.97739995  0.63036257  0.72884911  1.27578199  1.13310504  1.92105103
 0.06097063  0.03932092  0.04465550  0.11485310  0.62688231  0.58202159  0.56043679  2.15139699  0.79952079  1.68796003  0.44115481  0.54278523
 0.04787467  0.07884292  0.04161722  0.09439328  0.60932833  0.34468010  1.00358200  2.48034692  1.29373896  2.82158709  0.63226688  0.71464068
 0.05500840  0.15105490  0.12510970  0.13767220  1.19342995  0.61586028  1.08579004  0.56960040  0.84345913  1.93189299  1.20708203  2.07658291
 0.04288848  0.05825496  0.09088428  0.09434830  0.46092850  0.64592749  1.04162002  0.25811911  0.71180588  1.59727001  0.85183948  2.33041501
 0.05466350  0.02548523  0.14470960  0.14010480  0.43558690  0.62305242  0.70093453  0.23155490  1.97793496  1.04822898  0.69360328  1.09214199
 0.04584894  0.08299451  0.06508302  0.09057475  0.72697181  0.51926130  0.75708038  0.58924359  1.41357005  1.74920404  1.05185199  1.42890406
 0.03303747  0.06515170  0.07092504  0.09944454  0.43888810  0.61224949  0.22390480  0.11465650  0.91748619  1.78348398  0.98245168  4.02048302
 0.07192159  0.15727560  0.09952112  0.10936140  0.22209600  0.47237170  0.21932960  0.18609540  1.02925205  2.41598701  0.98609477  1.94713700
 0.10006000  0.09706358  0.13934180  0.13860621  0.25870121  0.78519988  0.33030909  0.09731437  2.08286691  1.91029596  0.41691440  1.11036003
 0.05126820  0.04148033  0.12693980  0.11207620  0.62152243  0.55049127  0.62921971  1.14844000  0.47842789  1.45914602  1.06658900  2.31900096
 0.13541409  0.09279710  0.08438881  0.13942130  0.54385000  0.54782653  0.48505211  0.59885693  1.53873599  1.44066405  0.93944103  1.28334105
 0.04783877  0.02335658  0.09211482  0.10935670  1.43729305  0.48683760  0.35800231  0.65343142  1.52774596  2.15203905  0.62462193  0.93307102
 0.07361932  0.03733817  0.13441640  0.15151900  0.58813548  0.36387059  0.97551829  0.80722791  0.94473171  1.74998796  0.88183808  1.29504299
 0.09688502  0.00254765  0.15688799  0.10944950  0.56299537  0.46101469  1.17334104  1.54807496  1.35456002  2.12990093  0.37931359  0.47062251
 0.06886762  0.16917710  0.10856530  0.12905860  0.33251819  0.53995103  0.44458979  0.08259764  1.01072705  1.66071403  1.47325301  3.50782490
 0.02825090  0.23555019  0.15050520  0.07002290  0.32625541  0.51588988  0.11753340  1.25106597  1.08000600  1.76259005  0.41163921  0.47883701
 0.04172548  0.15039460  0.10279070  0.11661540  0.70441628  0.72699702  0.90692198  1.97766697  1.07798302  1.77740598  0.55628562  0.61227793
 0.02437797  0.32156560  0.09317722  0.08307302  0.25783581  0.44996461  0.41852501  0.56265759  1.06234598  2.17260408  0.90524107  2.01659608
 0.05453409  0.17237160  0.05363335  0.09778053  0.46050560  0.53566718  0.60687780  0.53999162  0.80671430  1.87948406  0.89693558  1.51857102
 0.04401437  0.12604530  0.03439408  0.09845913  0.59146190  0.94970578  1.23617196  0.04246848  2.04774094  1.86652005  0.35793099  0.16274950
 0.05576797  0.07214751  0.05186498  0.08897094  0.37575859  0.48211461  0.18623370  0.53012341  1.41734195  1.93310702  0.45243210  0.78382641
 0.10576560  0.01376914  0.08688436  0.13269840  0.25534639  0.44348261  0.53172272  1.34041595  0.72357470  1.50606298  0.80252099  2.06804204
 0.09788916  0.04300324  0.12233240  0.08803115  0.97301221  0.48768309  0.04895208  1.57805395  1.13546205  1.45842302  0.95478368  1.87565696
 0.05686582  0.22758670  0.04949810  0.14691190  0.27888060  0.41116911  0.96861142  0.91263407  0.86463583  1.16116095  1.07697701  2.71005988
 0.05261443  0.09188385  0.12396330  0.10814150  0.23726670  0.64253151  0.36560220  0.30982709  2.32277489  1.93745399  0.51920873  0.75379151
 0.04227430  0.13157630  0.04772753  0.08237766  0.30190521  0.62304097  1.21890402  1.35399103  0.97132742  1.41318202  1.04466701  1.23817301
 0.04324526  0.08882621  0.08988146  0.08316641  0.27077079  0.41609359  0.32991150  0.55213982  0.97385108  1.70453298  1.22428894  6.37605000
 0.03907956  0.05677946  0.14331231  0.10173040  0.48889819  0.60279149  1.00676703  0.59643960  2.09569812  1.84287703  0.78236347  0.94771838
 0.05660658  0.24625590  0.17262180  0.13687471  0.66391730  0.45198721  0.46257800  0.83026600  1.22023201  2.06106305  1.12077296  1.07679403
 0.03954062  0.33121809  0.11296480  0.09791411  0.43199599  0.63510507  0.40674129  1.83099103  0.30525741  1.87672603  0.88852203  1.32978201
 0.06751258  0.14746550  0.16444039  0.09932048  0.57438242  0.71238959  0.26569781  0.69901258  0.44584149  2.29292798  0.40681750  1.14003694
 0.05716218  0.02666670  0.20106851  0.15357630  0.87447041  0.47752231  0.28287631  0.34254420  0.22304310  1.98752201  1.09763503  3.77998996
 0.01846446  0.03226133  0.06493028  0.10129450  0.44485569  0.72163129  0.32288900  0.06334232  1.08036494  2.43471694  0.69563973  1.19603705
 0.06382085  0.09998374  0.06845550  0.11390010  0.23379810  0.60608691  0.56067532  0.52101982  1.65736794  1.97972500  0.92162877  1.68970799
 0.04978182  0.06832606  0.13190140  0.17907080  0.90591031  0.56605673  1.12206197  0.42572629  1.60300100  1.69420099  0.95016903  1.83882403
 0.02608847  0.03101117  0.08754712  0.15722170  0.33259529  0.74350601  0.54260349  0.22322850  1.20955205  2.25951791  0.54638147  0.41590831
 0.03934629  0.11170740  0.08861816  0.10531860  0.61112970  0.48375031  1.23559201  0.53603470  0.46254921  1.48235202  1.05697000  3.39764905
 0.05010821  0.20821740  0.12493060  0.05299605  1.19359195  0.68744981  1.83425796  0.89845997  2.44878101  2.29061198  0.36827111  0.19148880
 0.03102071  0.00896297  0.06860577  0.13487390  0.23776630  0.59236139  0.32495591  1.06533504  1.97465801  2.19651294  0.91984099  2.03178596
 0.03588395  0.08681175  0.03639489  0.08546534  0.28987750  0.58051711  0.42420551  0.00569385  1.25924098  1.63458502  0.33444080  1.27339196
 0.08678472  0.23746030  0.13973971  0.15949160  0.55012703  0.87176192  1.35644400  0.99835539  2.39867306  1.95145702  0.64460957  0.66967458
 0.13576570  0.06497657  0.08416468  0.12547940  0.62681031  0.53939432  1.93040597  0.63000840  2.02706099  2.12183189  0.90100467  1.75186396
 0.04525591  0.03910963  0.11747780  0.12282090  0.26802769  0.53009188  0.76617551  0.70930010  1.00882995  2.15512300  0.39860290  1.29917002
 0.03549983  0.12554690  0.08593467  0.11980130  0.56835967  0.58636618  0.72029299  1.56457305  1.68209100  1.55616295  1.43027699  2.23841310
 0.09727225  0.13834840  0.11221730  0.06392381  1.16394806  0.58751100  1.22536504  0.55397213  0.83174777  1.94852304  0.52398568  0.69332337
 0.06457806  0.02555038  0.13145670  0.13164790  0.95706618  0.87173557  0.92186749  0.75863129  1.15784001  2.29698110  1.01066101  1.45350802
 0.07016164  0.04825345  0.06008767  0.07648429  0.68881792  0.58819109  0.98881429  0.76588643  1.01382005  3.16669703  0.56102729  0.90972018
 0.03214033  0.05002314  0.03923174  0.09165030  0.54071081  0.54061347  0.63790113  0.78176808  1.28708696  1.22591102  0.72774488  0.87396169
 0.05677936  0.06389832  0.07855441  0.12886740  0.91253233  0.57111669  0.61535019  0.15679660  1.02060997  1.29779005  1.28922701  3.71289611
 0.05277881  0.13039429  0.09884243  0.08249575  0.55043930  0.63539833  0.98225468  1.03263402  1.97881699  2.07474804  0.51693922  0.69949931
 0.04836462  0.05176599  0.09064420  0.09088840  0.35889351  0.48642951  1.11754799  0.48284531  0.93057948  1.58481300  1.23234296  2.74502206
 0.02810910  0.20262320  0.08753111  0.06856472  0.64176488  0.53360951  0.99567229  0.32900259  1.95751297  1.83238995  0.83508807  1.65648401
 0.09691397  0.09790619  0.12640880  0.15067460  0.44954059  0.59807181  1.01829696  0.53003877  1.65683401  1.40481603  0.65481001  0.69129169
 0.08415948  0.05716851  0.10423510  0.10556470  0.75672239  0.50219631  2.03915191  0.42644879  1.05858302  2.51310301  0.93467343  1.20398998
 0.02913873  0.04598886  0.06657490  0.07346608  0.44392660  0.53218943  0.99681509  0.26144221  1.70974505  1.35695004  1.06614804  3.36457610
 0.08004119  0.10701830  0.06074051  0.12170490  0.28767440  0.55220950  0.29418811  0.05673657  1.26369298  1.79416096  0.60117239  1.63838100
 0.03588120  0.14928471  0.07523759  0.09112841  0.30990151  0.81126148  1.14862001  0.58437228  1.37063301  2.08688498  0.93689370  1.56095004
 0.03482201  0.10427080  0.05367077  0.11717500  0.57840568  0.62377203  0.31569979  0.88445789  0.98174328  1.90020204  0.42396739  0.58440357
 0.06660090  0.01684359  0.07506321  0.12635911  0.57778507  0.61170357  0.13321620  1.04436600  0.79145849  1.93297994  0.79228789  1.13586497
 0.06530697  0.00884043  0.12791650  0.14067709  0.63119429  0.52518111  0.69987142  0.77952808  2.10247493  2.29046297  0.55890310  0.68407202
 0.10461750  0.16676889  0.06010316  0.15096360  1.31524396  1.00710595  0.25319931  0.32911941  1.99748397  1.78648305  0.42536181  0.36722401
 0.04200039  0.05782374  0.19770090  0.08202277  0.71312559  0.72216493  1.18422794  0.44637570  1.47651303  1.63182402  0.67511338  1.40045702
 0.03387668  0.18739310  0.10461720  0.15802500  0.54056889  0.59628689  0.92760873  1.28671896  1.34191406  2.22461605  0.59525579  1.41156995
 0.04705040  0.20632800  0.04197254  0.08274809  0.36227971  0.63514781  1.23111796  0.58915621  0.73397207  2.12532306  0.93697149  1.78535998
 0.02705849  0.19785190  0.07929774  0.15018819  0.56354249  0.49333179  1.39433706  1.19637799  1.00198495  2.22647095  0.85285252  1.01705098
 0.09215170  0.08969944  0.08377460  0.11562490  0.15483651  0.90095818  0.61384410  0.69630933  1.36518204  2.00406098  1.06549394  2.01257992
 0.02901905  0.04572010  0.18114731  0.11189010  0.23146971  0.57813269  1.06720197  0.48335689  3.41645288  1.88972497  0.83453017  0.97090542
 0.02600371  0.13932440  0.06084938  0.10472500  1.34624398  0.58474499  0.07212553  0.38860211  1.10984504  2.43005896  0.51988870  0.53360701
 0.04654660  0.29492500  0.07097020  0.10554440  0.86293173  0.72476357  0.31560370  0.53036088  0.60530651  1.86514199  1.01558805  1.70463097
 0.04463090  0.06539146  0.06545837  0.09263974  0.56763339  0.79201663  0.71070278  0.32720590  1.68711805  1.77447498  0.36658439  0.25350660
 0.04271562  0.30759689  0.10139040  0.07092594  0.78259820  0.89684522  0.98307878  1.21472204  2.18999696  2.05241299  0.71211892  0.61684388
 0.05610932  0.01641959  0.02999004  0.13297930  0.53046209  0.58619910  0.91047430  0.12559129  1.40210295  1.54013097  0.31582299  1.17705297
 0.03893383  0.23883140  0.09595507  0.09436753  0.19968170  0.59819430  1.01160204  0.65612298  0.76603699  2.44305491  0.91277611  1.63586605
 0.06393927  0.17445430  0.09968241  0.16454090  0.50549442  0.53516817  3.91718102  0.89124572  2.98712802  1.47712100  0.56264907  0.37161621
 0.04303697  0.16076140  0.16646799  0.15622330  0.26964489  0.58353680  2.26493192  0.15894860  0.62856591  2.20622802  0.98701638  2.30444598
 0.05498267  0.09592684  0.06893042  0.13346450  0.42415351  0.73505598  0.91100121  0.74576229  0.89849609  1.70949304  0.67487258  0.81497139
 0.06825441  0.03052188  0.12866721  0.12465450  0.78228062  0.33931831  1.51683497  0.57124722  1.26128995  2.64374399  1.29776394  1.43510199
 0.07557672  0.01590422  0.06058817  0.09487171  0.83608550  0.47017401  0.63626617  0.13392679  1.15942705  1.55657399  0.59709978  0.91454607
 0.03520744  0.04168608  0.07857012  0.10400280  0.86048508  0.56989223  0.25343719  0.76914740  1.27051497  2.08221793  0.92944813  2.14329290
 0.03310179  0.00544860  0.05314303  0.09739407  0.18208800  0.69349301  1.60961103  0.40323931  1.52796805  2.22455812  0.48722789  1.27951097
 0.07550273  0.10543190  0.08378043  0.13921620  0.17464650  0.68535072  0.60612440  0.21047680  2.24934912  1.95407104  0.42952731  0.62741691
 0.02543472  0.15283270  0.10983270  0.08595513  0.19635621  0.77342898  2.47566891  1.23815405  2.68151808  1.26980901  0.47246909  0.65207338
 0.09109480  0.07528751  0.06210331  0.12012330  0.84122181  0.80842751  0.50984973  0.76485729  1.81500602  1.16930497  1.05264795  1.48611403
 0.04068512  0.08185790  0.02149594  0.17175610  0.32996079  0.45548731  0.23412269  1.05255997  0.77386582  1.96824098  1.18289900  1.76913798
 0.02187673  0.17192981  0.15818350  0.17383890  0.69615078  0.70100367  0.28017101  1.04967201  0.85434192  1.83802998  0.30954349  0.40794009
 0.05065658  0.01698671  0.05138667  0.13432670  0.16819070  0.36841449  1.04299605  2.09638190  4.21988487  2.01114893  0.65308589  0.46856040
 0.03515104  0.05737238  0.07502547  0.07548366  0.63355893  0.66453791  0.12008300  0.22848250  1.80193198  1.67884696  0.93164623  2.23131800
 0.07392870  0.05284483  0.14479840  0.14560050  0.34761041  0.64008898  1.73196697  0.40217659  1.59323001  2.74024200  0.79944539  1.22972202
 0.04687255  0.03130927  0.03979053  0.13578910  0.48460871  0.49032950  2.17443109  0.35576421  1.67346501  1.79649794  0.86743152  1.13803601
 0.05629394  0.02566986  0.11940650  0.13798270  0.57392228  0.55250108  1.05910397  2.55984497  1.45930302  2.18374991  0.39486229  0.31706220
 0.05486447  0.13052230  0.12954859  0.09440439  0.27405861  0.64451331  0.41932619  2.19178605  2.13751698  1.64545500  0.79088169  1.73217595
 0.01998101  0.11457460  0.06152356  0.06709523  1.13365102  0.49996480  2.31100893  0.91063160  1.83291495  1.75396502  0.68452048  0.43113229
 0.06069048  0.04125309  0.02904112  0.10011530  0.35544431  0.49523589  1.20522201  0.17085570  0.44501880  2.28433394  1.35310900  1.87268996
 0.10102260  0.19807830  0.08005045  0.17473391  0.56275672  0.49238050  0.29527289  0.12975670  2.28911710  1.96482003  1.20188797  1.14389205
 0.11587980  0.03895126  0.04048454  0.11481180  0.51140982  0.41333640  2.14577198  3.69233608  1.55059302  1.68755698  0.29914269  0.43486711
 0.09958632  0.10855800  0.10912270  0.08903181  0.10851450  0.44831580  0.79884303  0.61604053  1.44655502  1.96537995  0.75904077  0.62333882
 0.13652170  0.19332030  0.13604189  0.17908370  0.38232180  0.57119793  0.15479220  0.82880777  0.96063751  1.77192104  1.63646197  3.61232090
 0.03808340  0.01973772  0.10533420  0.09650993  0.95379162  0.60274231  0.63630873  0.84862322  3.88104200  2.55663109  0.52378738  0.52179670
 0.06260690  0.12062350  0.09782391  0.08824319  0.46669149  0.88779241  0.62415218  1.16623700  1.25472105  1.68107998  0.87261659  1.63292897
 0.02836739  0.00814030  0.08019920  0.11996800  0.59495962  0.58436102  0.08472332  0.63628328  2.14410090  1.43851697  0.36967039  0.54287988
 0.03474871  0.17205030  0.05850687  0.13067970  0.75698912  0.77592683  0.57857257  0.55042583  1.95167196  1.83254898  1.12495804  2.30463910
 0.04566288  0.07547595  0.11904250  0.19565050  0.93659908  0.45001331  2.28809404  0.17563090  1.13384998  1.74915004  1.18699896  2.36462092
 0.04177293  0.13194220  0.05729530  0.09549903  0.19421279  0.46336389  0.86904109  0.32726240  0.53609461  2.66826701  1.20940101  1.86250496
 0.08989315  0.08202399  0.09326281  0.06319059  0.61398047  0.58827943  0.28473911  0.37635961  2.40329003  1.77712405  0.85449940  1.76223505
 0.16662391  0.12065690  0.12212040  0.11005610  0.56557828  0.42802659  0.20554180  0.86251622  0.68769711  1.48288906  0.78179717  2.37664700
 0.06079217  0.16646700  0.07617988  0.13089921  0.39272031  0.66241622  0.65626103  0.60823917  1.10213006  2.35279989  0.54220009  1.21762097
 0.04399022  0.28662211  0.06439693  0.15405500  0.76901537  0.61578381  0.72806638  1.17070699  1.94580698  1.65730906  0.83577669  1.32176900
 0.07209600  0.27906179  0.07389732  0.09042140  0.36852461  0.60900611  2.09756303  1.09435999  1.82197201  1.65670896  0.83809382  1.03036201
 0.13462479  0.09116222  0.06834823  0.13582480  0.38192609  0.61707890  1.01936901  0.10777340  2.45010400  1.91272795  0.78734231  1.16887403
 0.07709430  0.05287618  0.13472100  0.09882461  1.20470095  0.62086183  1.07666302  0.19855990  2.25125098  1.97801101  0.35508311  0.32718381
 0.05636238  0.04575738  0.06933174  0.12133140  0.43043730  0.47049621  1.38014805  0.99344110  2.71416998  1.49638295  0.70825392  1.09155500
 0.08488934  0.07011189  0.10684150  0.24329410  0.34081760  0.84848171  2.36681700  0.90124238  1.74195504  2.46507907  0.73326498  0.65908182
 0.04059961  0.15743150  0.07596579  0.09109664  1.18149602  0.45305169  0.32256719  1.81583405  2.24645591  2.36881495  0.42870781  1.20252800
 0.04599774  0.10971680  0.12528650  0.10094660  0.44318429  0.54712832  0.81686652  1.20819199  1.06412601  1.77138698  0.82515353  1.52940297
 0.04293203  0.10024230  0.03632101  0.09821662  0.37573770  0.55222893  1.33686197  0.43170229  1.30150795  2.00079298  0.99004579  1.69825602
 0.06853285  0.20801440  0.10933480  0.13770360  0.25769150  0.51540458  0.67085999  0.66949892  1.47565198  2.08694696  1.44771099  1.89531302
 0.07444141  0.11405410  0.07973296  0.12155710  0.40940851  0.59291542  0.37377489  0.48114711  1.70097995  1.91866004  1.76427197  3.19476008
 0.08385504  0.39598301  0.06157502  0.11234030  0.61044890  0.59269041  0.24020679  0.15975730  0.72630560  2.34487700  1.51644504  2.74035192
 0.02496773  0.08049448  0.03139892  0.13884430  0.73691612  0.60375547  0.08415724  1.43130398  1.28374100  2.11268401  0.74801069  2.01023102
 0.04283249  0.04086556  0.05388059  0.10676520  0.18466790  0.49969891  0.08110418  0.08116180  0.46034360  1.51800299  0.99890971  2.74928498
 0.05859910  0.05302965  0.08507355  0.11275960  0.96103507  0.81745571  0.37141481  0.27508530  1.06563306  2.25133896  1.05549395  2.80758691
 0.05539034  0.23227639  0.08158053  0.09577867  0.65174210  0.57829988  0.63823050  0.80386162  0.93379962  2.51149297  0.75465691  0.90659517
 0.05744894  0.06011555  0.06640998  0.07075883  0.62624562  1.20555401  1.28521597  1.66004002  2.33506608  1.47317302  0.48209599  0.40537080
 0.02691257  0.16042170  0.06692770  0.09773089  0.29557911  0.57578248  0.25180259  0.57216859  0.80843729  2.33653307  0.56838453  0.60131812
 0.04505387  0.03815475  0.06604277  0.11275520  0.71306652  0.47757530  0.68078601  0.14553089  0.57895178  1.85185301  0.93922752  1.90178299
 0.06276874  0.04366051  0.09471266  0.12125510  0.60369188  0.66059512  0.94959557  1.37884998  1.33605599  1.49118197  0.67243600  0.57964653
 0.08265602  0.16596450  0.06118495  0.11943760  0.54294997  0.50688088  1.34525704  0.68087697  0.32915059  2.59464788  0.52570838  0.39728320
 0.03276895  0.26390091  0.11021200  0.20751950  0.24458560  0.43977070  0.51142102  0.52451259  1.53702796  1.70637500  1.05778897  2.98322105
 0.02791884  0.11434370  0.06981261  0.08238129  0.40854841  0.55808562  0.03197142  1.44310403  1.24497104  1.61689699  1.13517201  2.84465289
 0.10008340  0.09648234  0.08779079  0.18923479  0.62957221  0.53658599  0.96507579  0.86073661  1.62760305  1.98858702  1.12308097  1.34875596
 0.06452610  0.19958790  0.06124315  0.11433660  0.98061228  0.45852369  0.49285150  1.18494499  0.91847497  2.09592199  1.03387105  0.94848758
 0.05694482  0.13000651  0.10548690  0.08999225  0.43724781  0.47533670  0.59803891  0.58101392  2.27084899  2.02445102  1.33859098  2.01801896
 0.07112294  0.06709016  0.05465413  0.13488591  0.42999041  0.53232312  0.26562959  0.34498999  1.38668704  2.24319696  0.87110990  1.42875099
 0.01385581  0.11087920  0.11963160  0.06788250  0.82862473  0.56839329  0.24133611  0.56425560  1.19368398  2.69571710  0.72995812  1.32654405
 0.06330968  0.21295910  0.07070712  0.11087580  0.19064730  0.64396453  0.86900133  4.13523483  0.69300479  1.90161896  0.59992331  1.29775202
 0.04333986  0.01646544  0.07349446  0.14283200  0.53004771  0.74816978  0.25005111  0.17137620  1.49063504  1.27561104  0.54399210  0.91664839
 0.08924487  0.26962119  0.13203169  0.11715420  0.14182919  0.76415348  0.87492520  1.60985398  0.96536279  1.99730206  0.59974378  1.09551406
 0.04075780  0.10770530  0.08547699  0.10379240  1.15874302  0.63814741  0.62532908  0.35963359  0.41500109  2.43466401  1.27869904  1.89718604
 0.05264826  0.10356850  0.07506008  0.09171277  0.31933561  0.66555083  0.15845060  0.51073152  1.11511302  1.92049396  0.51698518  0.90325832
 0.03838395  0.05106820  0.10009100  0.13613170  0.68628317  0.68082583  1.69335306  1.65688300  2.40441108  2.78394508  0.44110069  0.29049781
 0.06329960  0.21277300  0.03915009  0.07675145  0.22346289  0.38898340  0.02591269  0.73638201  0.27634859  1.72428405  0.74828857  1.09957194
 0.09144801  0.18628269  0.08964526  0.12982130  0.24847940  0.62399471  0.52781469  0.94307292  2.49835205  2.29494691  1.26042604  1.62357998
 0.02595535  0.10807340  0.03112266  0.15671560  0.42216679  0.64922428  0.51129627  1.24809694  1.56118798  1.30197799  1.14677703  2.24913192
 0.06677482  0.02866281  0.19780600  0.08831112  1.62956500  0.61695999  1.60386395  0.47524530  4.17166090  2.82005191  0.27588081  0.18041641
 0.06515101  0.12239210  0.07607897  0.10350940  0.68969440  0.82711351  0.45352599  0.33437940  1.55969095  1.47438204  0.56121403  0.73217952
 0.03184947  0.10018530  0.07221828  0.13712460  0.80499339  0.57786173  0.29325700  2.30809093  1.83774400  2.91722202  0.44533530  0.50686401
 0.03005364  0.34065959  0.16497990  0.10700160  0.83972812  0.84128457  0.39176199  0.49955431  1.44164300  1.61221600  0.67333418  1.51543796
 0.08719158  0.04822563  0.08253886  0.13651140  0.43241131  0.41250089  1.10306704  0.48749989  0.62683719  2.36589098  1.77990496  3.40070295
 0.03605615  0.06202970  0.04265699  0.08221671  0.74774671  0.45282280  1.08607197  0.10745090  1.20819998  1.48722303  1.15879703  2.58318400
 0.09017886  0.02425172  0.04930862  0.13127650  0.14636530  0.62732202  0.82662910  0.66834831  0.67514068  2.07630992  0.75555468  0.75999749
 0.03888411  0.01543910  0.04775200  0.08273410  0.96269351  0.72018331  1.02268696  1.02631700  1.09375703  1.41295099  0.49475381  0.55784428
 0.06609077  0.22350200  0.10799790  0.17905840  0.47901899  0.77117729  0.51743269  0.56028730  1.42364001  1.24321198  1.83059597  3.03989601
 0.04116358  0.17288131  0.08609758  0.11229920  0.69138449  0.48227659  1.65247798  1.48588502  1.40307200  1.54758000  1.66672397  1.50614095
 0.05934572  0.18895520  0.08678794  0.09022269  0.89486867  0.55363560  0.96010041  0.03714918  1.49095500  2.45950294  0.69574392  0.69326508
 0.10533610  0.20551720  0.05340512  0.15074050  0.74094611  0.54402608  1.29786396  1.19248104  0.44458440  1.65647304  0.54508263  0.63596421
 0.04710412  0.49038419  0.05958222  0.09243944  0.46424341  0.66068822  0.17626829  0.32025871  1.19541299  1.58136797  0.82192510  3.50161409
 0.04214842  0.06009348  0.08736429  0.07792560  0.31564811  0.78114671  0.65084219  1.48555100  2.79582191  2.51175308  0.60499012  0.57215643
 0.03083857  0.02123630  0.08165262  0.09326103  0.56065601  0.37970120  0.49251711  0.30796081  2.15974212  2.34367704  0.60940868  1.81604695
 0.07547741  0.02893756  0.13566300  0.10887430  1.05153799  0.40202671  0.35699579  0.23805860  1.97927499  1.41985500  0.61032212  1.52341795
 0.08663116  0.09049643  0.07279807  0.09675480  0.21178350  0.38675210  0.13947161  0.84769869  0.56230068  1.48675001  0.32744250  0.91595501
 0.03901915  0.06219441  0.04378473  0.10717260  0.44601259  0.45192531  0.55145848  1.24876201  1.89634001  2.52693892  0.99007368  2.25588298
 0.07913822  0.28944460  0.06800870  0.11641600  0.63649893  0.96695721  0.62301463  0.97401762  2.73993206  1.89273405  0.50641388  0.57407647
 0.07887402  0.21805140  0.10961330  0.15983240  1.17256296  0.41887650  0.56729019  1.53500497  0.85587537  1.50784397  1.20805895  3.06996608
 0.03636649  0.13882530  0.07579941  0.11963250  0.89505547  0.67049259  0.90713882  0.36413789  1.41379094  2.05568004  0.86634308  0.98006552
 0.06780051  0.00229931  0.13364939  0.12131770  0.37121049  0.67213112  0.95406657  0.65837502  0.55119491  1.68102801  0.58307528  0.48847541
 0.07817496  0.00843787  0.11285200  0.16327059  0.13645530  0.43862301  0.51938182  0.82716078  2.21646404  1.73576498  0.76336569  1.96876299
 0.05277446  0.22424270  0.07757447  0.10227930  0.16572940  0.51367658  0.18552920  0.40176019  1.30951595  1.96699095  0.71803212  2.61121798
 0.04895165  0.14952540  0.05849246  0.16174310  1.04216194  0.70627719  1.53312802  0.62877363  1.17528498  2.12543607  0.45020229  0.91777992
 0.05235687  0.07783163  0.08738270  0.11303290  0.77702832  0.65036851  1.01480103  0.44416121  0.65220100  1.65374696  0.90664911  1.92739904
 0.04431761  0.01063743  0.14793140  0.10659450  0.23230180  0.78376597  0.30912450  1.30866301  1.13362002  2.23172498  0.73112857  1.01299798
 0.07134335  0.04911434  0.06900264  0.13804990  0.35411799  0.59763902  0.57605958  0.76728338  0.62509882  1.25838006  0.82013202  2.28841591
 0.05252720  0.15165780  0.05773824  0.15566260  0.34621361  0.72114372  0.87957209  0.88041121  0.61877269  1.72866094  0.71236622  1.15755105
 0.04702375  0.06105093  0.16453589  0.09392709  0.40148991  0.71296263  0.26463789  0.85030723  1.24919295  1.93283606  1.06685400  1.62850797
 0.04041169  0.02843925  0.08066025  0.10731370  0.35914409  0.54319578  0.43003711  1.03336596  0.67026132  2.54397988  1.11111104  1.90276694
 0.03636463  0.02908037  0.08553439  0.08284855  0.48901781  0.58307332  0.48015141  0.48685279  0.39547041  1.50272799  0.93693697  2.48192501
 0.03573775  0.11225980  0.06876375  0.14569350  0.60274518  0.53277421  0.18436210  0.30192170  0.93981951  1.87607801  0.89217651  2.45297194
 0.06527948  0.05210035  0.09972442  0.16757490  0.38956359  0.57408291  0.07534164  0.96883291  2.96829796  2.30295801  1.27550495  1.24648404
 0.07688706  0.19342050  0.12249710  0.10278780  1.55639696  0.63639528  0.10836660  0.21857870  2.22174311  1.75225198  0.63175672  1.11097503
 0.07723161  0.03410909  0.08552755  0.11740050  0.63720822  0.65553290  1.00057900  0.27046880  1.49416602  1.48416197  0.71611589  0.82291412
 0.02591520  0.07224159  0.14489460  0.12167340  1.03221500  0.60657632  0.19683120  0.39028421  0.96820539  1.84443903  0.53335989  1.14812100
 0.03367420  0.07031082  0.05454267  0.09833051  0.56872481  0.57160848  0.63038099  0.68115968  1.03323603  1.75723100  0.61461788  1.62791598
 0.02539592  0.01002386  0.09504160  0.12916200  1.10176301  0.51735222  0.43683729  0.63381952  1.28079903  1.99652505  0.92281961  2.11492300
 0.06272741  0.19221070  0.08370347  0.12163100  0.32253969  0.53294301  2.22115803  0.38510889  1.47429001  1.50694001  1.27478695  1.34612095
 0.04416964  0.31231949  0.13501920  0.12428630  0.22558311  0.45601311  0.15799470  0.30591750  1.23130906  1.78075302  1.43486798  2.28265095
 0.04404099  0.21874660  0.09173982  0.11854420  0.33466530  0.65978622  1.46544600  0.92181212  0.93960869  2.33308911  0.62520719  1.22830105
 0.05082870  0.23394750  0.04863672  0.12270280  0.68023437  0.69452971  0.91105688  0.43965390  2.52370596  2.12868094  0.60885900  0.77582461
 0.05929567  0.08829588  0.14091741  0.12810980  1.21828604  0.46351799  0.47287881  1.43792498  0.79693812  2.30612206  0.56987762  0.82851392
 0.05816583  0.02745842  0.10898170  0.07849248  0.39319009  0.68205398  0.42691731  0.17357831  1.52541101  1.58898902  0.49132150  1.63112497
 0.03218535  0.12391870  0.12648140  0.19035821  0.41299501  0.63530052  0.54633778  0.10033900  0.50331831  2.50673103  0.56362128  1.11127305
 0.02188807  0.02001067  0.12501270  0.07884435  0.36996561  0.64548331  0.20556960  0.91216278  1.45875299  1.37809896  0.76630592  1.48045897
 0.05554369  0.06546053  0.07645190  0.12627470  0.82109272  0.74413490  0.41033909  1.02884400  0.78626478  1.51628304  0.27578300  0.46631870
 0.03642617  0.07835896  0.04640741  0.11653490  0.25965929  0.64719069  1.37233901  0.24476580  1.83067000  1.52936900  0.96282881  2.50934601
 0.07133067  0.05111736  0.04239447  0.12050000  0.75484318  0.55959427  0.16228780  1.79357803  1.99467003  1.97528398  0.52516371  0.61736679
 0.04879166  0.15572990  0.10690630  0.12107930  0.40791199  0.51317912  1.52723205  0.87628502  0.91234589  2.18780208  0.78150278  1.01608396
 0.03499324  0.11855150  0.11592970  0.12647440  0.58261412  0.52478743  0.40538281  0.29631910  0.24787700  1.51654994  0.94033182  1.40041196
 0.04439629  0.02443052  0.10235240  0.15180551  0.31967241  0.52773672  0.21888369  0.29966170  0.78471953  1.64970696  0.73796058  2.02986312
 0.03509121  0.20552480  0.14382720  0.17845830  0.46323580  0.74375778  0.87694561  0.29759029  1.33630002  1.50586402  0.48696360  0.90654898
 0.06114492  0.35453859  0.11573320  0.12416310  1.26947606  0.64022648  0.37202159  0.45546961  0.86912853  2.05097294  1.17066300  1.38622200
 0.04669044  0.07712956  0.13726750  0.11402230  0.70718223  0.33236831  0.84180582  0.87445039  1.55668795  2.11442709  0.69985849  0.80808532
 0.06259722  0.01964036  0.04286353  0.15254679  0.24041191  0.81885701  0.09903190  0.71135449  2.31881499  2.11364388  0.15880460  0.35466930
 0.01918148  0.08450787  0.03948152  0.08090118  0.38935351  0.60108387  0.14027470  1.75978005  2.13253593  2.59626007  0.60472262  0.81216258
 0.08896562  0.06346171  0.08191764  0.09770200  0.15311120  0.65304232  0.10215380  0.42453399  0.27730489  1.56981397  0.86773771  1.84162295
 0.04057404  0.18709220  0.04671039  0.10255850  0.89606088  0.59338862  1.28151095  2.36936212  1.06443000  1.80120301  0.20811890  0.36264849
 0.07095291  0.05832680  0.10804900  0.14584720  0.72855270  0.56451380  3.15502596  0.37353379  2.54837608  2.62422705  0.74660772  0.61354762
 0.03293277  0.15974590  0.19129860  0.09926914  1.19812000  0.62010932  0.71798468  0.50590211  1.91735196  1.62461603  0.62633097  1.06875098
 0.04637789  0.08127020  0.09030928  0.08676010  0.57428461  0.45300281  0.79993778  0.52281612  0.76061130  1.75238001  0.76718491  1.08987403
 0.08525364  0.14401160  0.09524548  0.10829290  0.34101000  0.47992989  0.48018330  0.75211269  1.87293601  2.04412007  0.71758682  1.54117501
 0.04013311  0.14111350  0.05782198  0.09832755  0.71331942  0.35697120  0.82801199  0.70986539  3.42772508  1.20369804  0.91989332  1.84370100
 0.09764187  0.17324510  0.10548860  0.12101070  0.73842299  0.60094458  0.46191740  0.07166241  2.34822798  2.08234501  0.62945318  0.98315668
 0.03719565  0.03954010  0.14012580  0.12578291  0.67805469  0.72975212  0.38419610  2.23324990  1.12624502  2.04607701  0.52999592  0.29617259
 0.02330681  0.14626449  0.06699907  0.14814350  0.72653592  0.84645122  0.54456949  0.73609382  1.50265300  2.25858498  0.55129021  0.66240537
 0.09697452  0.12299660  0.16337560  0.14759549  0.61772072  0.57343012  0.34060091  1.35209000  1.83296704  1.64484298  0.71092618  0.57832807
 0.07082568  0.11836880  0.08083313  0.07268362  0.45713761  0.56057179  0.76145798  1.65947700  1.55012596  2.57803011  0.76026738  1.64339805
 0.05139440  0.12135840  0.13083990  0.08104508  0.38074821  0.59011042  2.86731291  0.57494372  0.90890408  1.24526405  0.78757662  1.93937397
 0.05197656  0.01591938  0.08708104  0.09884018  1.09696400  0.57798052  0.51035380  0.40042159  1.26438606  1.93078005  0.41488579  1.49131501
 0.05948311  0.13257711  0.09500251  0.14228509  0.93032688  0.57570922  0.68879479  0.80016023  1.11025095  1.58733594  0.96485090  1.50788295
 0.02406194  0.11911130  0.11749430  0.07619583  0.47503099  0.65096879  0.78355038  0.41032591  1.21855605  1.65019095  0.48508620  0.63666648
 0.05574984  0.11492560  0.10183180  0.11502210  0.51423937  0.54727829  0.22699510  0.28549570  1.39091003  1.57477295  0.76797807  3.35624003
 0.07266665  0.07391647  0.05276426  0.11304540  0.46354210  0.77959663  0.73268062  0.53732878  1.48056698  1.81813002  1.04884803  1.59271395
 0.04763100  0.04298455  0.06258105  0.15104450  0.64630628  0.46159491  0.94095498  0.52519143  1.40950501  2.15553904  0.86289191  1.56679702
 0.04905638  0.03646278  0.11633240  0.11367820  0.53681612  0.66096938  0.07636213  2.32553601  0.58586282  2.04185200  0.70507598  1.38748503
 0.08517898  0.07046092  0.11752480  0.12896910  0.20493390  0.62114978  0.64363468  1.21071601  1.76249397  2.04643202  0.63389271  0.65537828
 0.02747735  0.06713210  0.05474224  0.09356490  0.92446959  0.49465400  0.71929210  0.74447471  1.00626302  1.74022901  0.71280289  1.34146905
 0.04340320  0.13119771  0.07088573  0.15709460  0.41969171  0.71236598  0.25598139  0.27647361  3.66245890  2.02918410  0.61078149  0.53742951
 0.04994095  0.14929450  0.08680286  0.08272826  0.75758398  0.56566530  1.26596498  0.67898321  1.08314800  2.09809804  0.75402921  2.28229403
 0.08681219  0.14437720  0.06671269  0.08809274  0.44726709  0.56113952  0.11898560  2.11522102  1.04934502  1.96088803  0.28471631  0.34307599
 0.08052967  0.05688585  0.07634750  0.09238416  0.37221140  0.65881789  0.68104929  0.25669229  1.52567697  2.24653101  0.67157048  1.17384696
 0.08296742  0.04159298  0.13750690  0.09821076  0.89098018  0.74352068  0.35548881  0.23071940  2.40598106  1.24975002  1.21219301  2.38109708
 0.11763360  0.01454980  0.15625229  0.07152164  1.44405901  0.48941970  0.40905309  0.23244239  0.92770308  2.23801303  0.41720971  1.05148995
 0.04279467  0.04027836  0.06925905  0.16224881  0.63711208  0.68491769  2.16810107  1.26625502  0.91109413  2.18371701  0.82272041  0.99227339
 0.08672836  0.09168553  0.08646894  0.10522900  0.25211889  0.58289188  0.30922991  1.06010199  0.67013937  1.48093402  1.34255803  3.10032201
 0.04632456  0.09754719  0.14875300  0.06785278  0.66380352  0.28729340  0.05607874  0.50911433  1.14553201  1.82085705  1.51233995  3.87520003
 0.03886432  0.04091062  0.07502109  0.07545484  0.18668130  0.70500892  1.15843296  0.84011590  0.77491629  1.63087499  1.54719901  3.90410399
 0.04236437  0.36211589  0.05465725  0.10316360  1.09934998  0.56701249  0.45113990  0.50860798  1.22061002  2.05596900  0.48306271  0.53604299
 0.04534585  0.16751730  0.07383085  0.17692600  0.49334821  0.65893352  0.91412598  0.82801199  1.33413196  2.39758396  0.70235062  0.76819468
 0.08907991  0.01657708  0.10213150  0.06769891  0.63062572  0.61173159  1.22143805  0.98882198  2.68135190  2.20868897  0.76931012  0.75509268
 0.10782590  0.20586669  0.05719132  0.05435150  0.87616938  0.56363839  0.98096383  0.94856739  1.21127498  2.48053408  0.73417568  0.85211742
 0.04777691  0.03461084  0.13667710  0.08180033  1.59336996  0.68889731  0.30451021  1.74112797  1.88249302  4.08059883  0.49937159  0.70859092
 0.03212765  0.09872221  0.05517512  0.11702200  0.58742428  0.57956922  0.07717471  0.25436479  1.04493403  2.05251694  0.88020968  3.27354407
 0.07612313  0.31454661  0.07385280  0.09323400  0.26807341  0.43381831  0.88489717  0.32955450  1.42224705  1.46698999  0.94116682  0.97501522
 0.12040100  0.26430571  0.08487626  0.13931100  0.23230159  0.67661738  0.01766138  1.20848203  0.32495341  2.17372298  0.84234989  1.24724495
 0.04260269  0.07129993  0.06931125  0.10359140  0.76677269  0.60318887  1.76374698  0.89846963  1.54726696  1.55476403  0.50990462  0.38897571
 0.07839940  0.02473584  0.06604117  0.09706726  0.64480019  0.78023928  0.14120600  2.57283211  1.46714902  1.76802194  0.55772889  0.89210331
 0.05953703  0.06063775  0.06052664  0.10718710  0.41059089  0.65410799  1.61013103  3.01098800  2.14251995  2.41266990  0.58581883  0.22514451
 0.06926835  0.20563300  0.05702026  0.08954775  0.52932727  0.36880219  0.31676689  0.29093349  0.89775479  1.12272704  1.22310495  3.13604999
 0.03651976  0.10610080  0.13414790  0.11428250  0.88406748  0.52256209  0.15434250  0.12627110  1.64105904  2.14070606  0.66928250  1.00675404
 0.06865162  0.12704539  0.15725580  0.09424111  0.83240068  0.65458077  0.50055021  0.60375172  0.98936272  1.51637900  1.14562702  2.59194207
 0.03775060  0.11788730  0.16669160  0.09533896  0.47651580  0.65842742  0.72128892  0.63224608  1.71730995  1.42378795  0.85465199  0.81602597
 0.04655375  0.06791585  0.06672553  0.11389030  0.62181771  0.51322508  0.17484410  1.05112898  1.34784400  1.50300503  0.65984559  1.09244597
 0.09469589  0.14433409  0.05597208  0.18121500  0.55072099  0.47318089  0.44254929  0.69360018  2.09492302  2.52467394  0.46151370  0.73007518
 0.03777523  0.12040380  0.14434990  0.06661611  0.75856018  0.59530258  1.16725695  0.32784700  0.92689651  1.09409106  0.93837631  1.91980600
 0.03455148  0.04304467  0.20937450  0.12713680  0.46916100  0.53649759  0.76618272  0.50802362  2.73346996  2.61562991  1.10814202  0.99957353
 0.01720644  0.13016650  0.11150480  0.10439840  1.32704604  0.79731661  0.56162912  2.62679696  1.40166795  2.16820002  0.85859001  1.31352997
 0.03500874  0.03449139  0.06753965  0.11183060  0.25647730  0.62159741  0.33692351  0.81903368  1.99222100  1.75550103  0.99643910  1.19543099
 0.09157149  0.07191292  0.11338760  0.13412660  0.23600520  0.45853081  0.65180629  1.47556806  1.84356296  1.74079895  0.73500657  1.26798403
 0.08915105  0.19113040  0.04731495  0.11485260  1.39925206  0.77316761  0.40591219  0.46263099  1.30075395  2.21695495  1.05090499  1.30182695
 0.04185480  0.03281063  0.05889170  0.10901060  0.22447710  0.49939740  0.39071620  0.17022270  0.88164949  2.17093992  0.38747311  0.63063413
 0.11865600  0.09198651  0.14792719  0.10933810  0.76038378  0.63834399  0.83636802  0.34833691  1.91137302  1.73354006  1.09154403  1.36112797
 0.06446884  0.14765380  0.12461540  0.14112550  0.70838511  0.58016330  0.12629481  1.08941603  0.53232610  1.90544105  1.46118903  3.15268207
 0.07298183  0.03905718  0.10236510  0.09165043  0.44623131  0.82818168  0.86691988  0.30559981  0.72555411  2.67131305  0.79533708  0.96010900
 0.08746082  0.10032320  0.09125104  0.14622700  0.49965230  0.46644339  1.49258602  0.17813881  1.32242799  2.01884794  1.11473799  1.85662496
 0.02804288  0.14648630  0.10437140  0.20006099  1.56912005  0.46595010  0.55898988  0.51655662  0.89769948  2.38172102  0.65876609  1.66750705
 0.13495730  0.05961228  0.10572290  0.14623080  0.41474599  0.61987138  1.11144400  2.36144996  0.59271228  1.76797998  0.83470780  0.81151688
 0.04662222  0.20627201  0.11515100  0.13529830  0.61590791  0.66957378  0.78968281  2.42931294  1.72083104  2.07488394  0.77157772  0.90332538
 0.04220629  0.06903593  0.03405209  0.13029020  0.73086601  0.52216142  0.37583351  0.55941528  1.65942705  2.21305609  0.41731149  0.84150523
 0.08099147  0.24657020  0.08775849  0.14144351  0.47646451  0.70477653  0.12808350  1.01536500  1.29862201  1.48645604  1.80511904  4.02401209
 0.07468447  0.10933270  0.07665285  0.13443211  0.57338881  0.59611541  1.00793302  1.03886104  1.59007204  1.71912205  0.66390377  1.28467798
 0.07021998  0.22047199  0.06769052  0.11369510  0.37015599  0.66608852  3.38853502  2.35121608  1.69408000  2.25736594  0.47473899  0.51295388
 0.06958430  0.13165390  0.08891606  0.10721550  0.46610439  0.58512563  0.39991671  0.38074949  2.99252200  2.39761710  0.67399192  0.83609039
 0.04180099  0.13604930  0.09798178  0.09714197  0.64535868  0.65588719  0.67690682  0.49932280  3.77410007  2.18898606  1.00527704  1.35412204
 0.04536784  0.13068020  0.06850719  0.08527087  0.24473800  0.76523852  1.69796002  0.90957248  1.05068505  1.65029204  0.62979048  1.25568497
 0.03765238  0.06238419  0.10466290  0.10208840  0.43433711  0.76245391  0.69495308  2.01028800  0.95971167  1.39014196  0.83905202  1.10361397
 0.05356866  0.11589330  0.08379731  0.08152872  0.62505817  0.52600902  0.72101212  0.36685541  1.90341902  1.47620797  1.08755195  1.33807898
 0.04125875  0.09260069  0.08004564  0.11992840  0.55082142  0.58147430  0.22615960  0.88833022  0.96845120  2.33226299  1.59182703  2.63078308
 0.10540780  0.04641315  0.08078203  0.10449920  0.87152982  0.74331927  0.18278649  0.29912889  1.57529700  2.09529495  0.89933568  0.94055390
 0.09145053  0.30223551  0.09681157  0.11440260  0.95076197  0.67214519  0.13377979  0.31057289  1.76244199  1.98952401  1.32535398  1.90450501
 0.04013019  0.02912689  0.10729000  0.09386647  0.63169807  0.74712479  0.15052789  0.25090519  0.70898181  1.97312498  0.71900070  1.51386702
 0.10868270  0.07702406  0.11869970  0.18641239  0.47239560  0.61059761  0.23635890  0.49036899  1.39294004  2.68444204  0.43240109  0.77213532
 0.03886103  0.03803862  0.03916719  0.10845280  0.49316961  0.63168699  0.49939570  0.97480321  0.37569121  1.62199700  0.93094611  1.98230004
 0.06316571  0.12208100  0.11262310  0.12031780  0.38559580  0.51379722  0.17489921  0.44296649  0.72608531  1.99571705  0.56358999  1.22793806
 0.04065812  0.06005756  0.05226998  0.15435380  0.56653219  0.71088028  1.57061696  0.42965209  4.59251213  1.92166996  0.62971252  0.84045202
 0.04689286  0.26715031  0.03026257  0.12526751  0.59025693  0.46795681  0.58790338  2.03815103  0.84811640  1.93791604  0.72782582  1.20834994
 0.08377183  0.10659150  0.07579386  0.09441793  0.63477957  0.43930471  1.23615205  0.65551478  0.76137692  1.95004201  0.63398337  0.86341709
 0.08604730  0.05942283  0.05150093  0.10547490  0.48308471  0.47841930  0.84244072  0.52001679  1.22387803  2.52436399  0.76493561  1.01087296
 0.16158649  0.06064168  0.07331927  0.10212260  0.80909753  0.77323002  0.23168170  0.13350751  0.44721219  1.79292595  0.87539369  1.66674805
 0.07264487  0.06771746  0.19042461  0.11605650  0.21371700  0.60256279  0.60425782  1.36208797  2.92274404  1.78987503  1.18191195  1.20768297
 0.06910593  0.01218801  0.06951366  0.07605364  0.32915831  0.73041928  1.71453500  0.31798059  2.44792891  2.71018600  0.62299627  0.67365742
 0.06172177  0.22276720  0.07649892  0.17634310  0.32697701  0.42775869  0.23523930  1.15426505  1.20877397  1.25946796  1.17019904  2.22778392
 0.03365196  0.25394851  0.12854050  0.06749003  0.33834469  0.48861340  0.35320261  0.30603299  1.82353902  1.30064297  0.85521263  1.60605597
 0.05497049  0.02301380  0.04501394  0.07861938  0.47970971  0.60203701  0.49303350  1.33547401  1.94402802  1.65330398  0.54753512  0.79603821
 0.06321007  0.21231970  0.10292140  0.11110700  0.36469579  0.76181883  0.68339121  0.47831690  1.37824094  1.88073003  0.69180202  1.21482503
 0.03127606  0.12709750  0.04822812  0.08324119  0.23199651  0.40988439  0.35751840  0.27994809  2.54162192  2.26381493  0.54190671  1.31762004
 0.07984439  0.45878091  0.06864285  0.09789768  0.44323850  0.60212141  0.06814601  0.62130761  1.53847897  2.31185293  0.77337933  1.39380002
 0.06473172  0.14727290  0.09441875  0.11833080  1.09539402  0.84896559  0.10804630  1.05888903  0.43337950  1.56357002  0.84459740  2.03912497
 0.04001348  0.14157440  0.06090121  0.13340950  1.04991198  0.98871720  0.40164649  0.98836368  0.93538350  1.81946301  0.90300018  2.24883795
 0.04070922  0.18666840  0.05797349  0.10301180  0.72069001  0.55573058  0.24235129  0.36877459  0.38881251  1.77278697  1.02621698  2.28035593
 0.03193016  0.08149905  0.05996791  0.09277362  0.74051869  0.62825650  0.84827280  1.02185500  1.41712999  1.47582304  0.83209121  1.47889102
 0.07656211  0.12392720  0.10887910  0.07694892  0.54817188  0.65356630  0.97971022  0.14261679  0.94488168  1.75187504  0.68914437  0.91732818
 0.06640307  0.07615622  0.04706989  0.07100612  0.31182370  0.70782608  1.01522994  0.03012663  1.02583003  2.31110692  0.76327038  1.22669399
 0.05165682  0.07263041  0.08469661  0.13886540  0.25423339  0.59823608  0.43990701  0.10421480  0.71670091  1.71072197  0.54659289  1.78055704
 0.03037861  0.18207800  0.04813042  0.14250390  0.40362769  0.44155890  1.41986501  0.70922220  1.07199705  2.09343600  0.87691188  2.07893610
 0.10725680  0.13004650  0.08562715  0.17786901  0.46536040  0.53058368  0.38071150  2.03578401  1.16330302  1.64927399  0.78175777  2.42186689
 0.09278212  0.12977859  0.07779581  0.13652159  0.78888541  0.54803509  0.23665960  0.59886122  1.63752604  2.43242097  0.96064562  2.67587709
 0.07997961  0.24272530  0.09770018  0.12143200  0.35632980  0.48243800  1.20810103  0.11452320  1.57768297  2.50362706  0.88862717  1.30116796
 0.09769032  0.14224140  0.13328150  0.15542901  0.28002441  0.58366138  1.03023303  0.26228020  0.91470051  1.36926305  0.84329271  2.76888394
 0.07563618  0.12244530  0.12890300  0.14405230  0.58093089  0.94198292  0.76019841  1.01983702  1.91037595  1.94647598  0.73120958  1.47505903
 0.04288741  0.31661770  0.11635180  0.13212800  0.22751060  0.79158300  2.18391705  0.37438700  3.15487504  2.86364102  0.87546599  0.82441211
 0.11598140  0.11556040  0.08228887  0.11672610  0.58400768  0.79115647  0.49469230  0.74947423  1.94472396  1.56350100  1.04308605  1.47292697
 0.08374838  0.05627125  0.13146390  0.09037758  0.37800971  0.76325297  0.65377623  0.04362081  1.65044403  2.11273289  0.25859800  0.46543151
 0.04047972  0.04642887  0.07353929  0.09306721  0.97223949  0.58487028  0.25832739  0.58090723  1.09624803  1.23009503  1.36110198  2.65322399
 0.05327372  0.07693884  0.14942990  0.13747381  0.33842480  0.59245849  0.46291360  1.37346005  0.86756468  2.23401594  1.26424801  1.28455198
 0.06268583  0.12766451  0.07123423  0.10046960  0.62996292  0.57244998  0.83987433  2.30542994  2.57658291  1.76144898  0.99625742  1.97034597
 0.14138690  0.10439060  0.05766811  0.12128990  0.85482121  0.42436680  1.55727994  0.31668770  1.26786804  1.97529995  0.83399707  1.54838800
 0.02441680  0.05617857  0.05921679  0.10980150  0.62629873  0.41774440  0.92045212  0.13570730  1.39605200  1.64046896  0.49098831  0.87975448
 0.03852684  0.05276771  0.11366310  0.07797850  0.47313130  0.40084609  0.16048270  0.40414971  1.87275195  1.20822299  1.02371502  3.58400202
 0.12578940  0.06523708  0.05500560  0.14763290  0.54868990  0.91482228  0.27446550  0.85430878  0.69627011  1.54971099  1.12293005  2.98882198
 0.04802845  0.09525408  0.04049645  0.14603350  0.22182280  0.63990539  0.37179571  0.59779501  0.88386232  1.14496005  0.76806557  1.37847304
 0.01974246  0.07004798  0.11003210  0.12260200  0.69264698  0.64087492  3.19812799  0.49032721  1.28630805  1.99748600  0.75156522  0.88843727
 0.07905206  0.12068600  0.09068052  0.13153870  0.35138151  0.52328777  0.56175917  3.84432006  0.76001853  1.78474605  0.73906958  1.04293799
 0.10136370  0.19765720  0.11205900  0.11214360  0.34255040  0.46994480  0.63701278  0.39150089  0.74956119  1.60528100  0.74371529  1.76617301
 0.03698226  0.02561727  0.04471561  0.18408149  0.14146720  0.60584593  0.17213181  0.19472340  1.53221798  1.97959304  0.57685882  1.80186105
 0.03569330  0.23836149  0.03081844  0.13302340  1.20223296  0.72120929  0.12124020  0.08421693  2.27920604  1.59674394  1.14678204  0.88423717
 0.05391535  0.14074260  0.05775320  0.10158600  0.32164609  0.57458448  1.33208597  2.11604691  3.63489103  2.11598802  1.15866494  1.49888396
 0.03865764  0.16251040  0.09578720  0.07263071  0.25161639  0.88032311  2.17728496  0.18274041  0.53647739  1.47622705  0.94695252  1.41797101
 0.06471775  0.10839370  0.04154366  0.14324230  1.33886003  0.80595499  2.74315405  0.64601707  0.91514879  2.79349899  0.69797528  0.46792650
 0.05989797  0.18197849  0.06190880  0.10158000  1.08025706  0.62035948  0.41118941  0.15999360  1.84093404  1.66045499  0.81077921  1.80268204
 0.09958487  0.27287009  0.13907960  0.13517670  0.47618490  0.42204669  1.63317001  0.22860160  0.66243953  1.00500095  1.70045900  6.10152817
 0.04468759  0.10824690  0.06415305  0.09083820  0.25956231  0.74290138  0.08936330  0.74645120  1.39149404  1.65385699  0.68338192  0.49197051
 0.07467559  0.01728448  0.05631161  0.11051310  0.29626280  0.63919830  0.68659347  0.41467291  2.30747294  1.16783595  0.57488543  1.31155503
 0.06113437  0.10867660  0.13574380  0.15615870  0.38322660  0.57168537  0.16069470  0.53035498  0.67856008  1.36019695  1.51552904  3.33482003
 0.05148687  0.02429429  0.12007300  0.08665650  0.19819450  0.83422738  1.90608203  0.39789781  2.78408694  1.71797001  0.49037331  0.93257242
 0.03885638  0.08316343  0.09712545  0.16489340  0.55010509  0.61975962  0.95076889  1.12571895  1.64764798  1.86771595  0.97538739  0.96549171
 0.06697211  0.09493192  0.05565915  0.12536150  0.78560227  0.63151842  0.30253169  0.32780001  0.98839062  1.70308006  0.53971207  1.22723496
 0.10325710  0.05267325  0.12517570  0.10706010  0.54242271  0.49716499  0.05709180  0.91969818  2.11008501  1.35944903  0.93282032  2.11850500
 0.08260863  0.12777680  0.13250311  0.07613329  0.60136241  0.55544960  0.77524012  1.18676102  0.48002741  1.77185094  0.78862292  1.05772305
 0.05648190  0.04121829  0.06949188  0.16821060  0.14229240  0.49699119  0.28319201  1.08191800  1.51431596  2.24321389  0.48112699  0.79516149
 0.04821860  0.17775460  0.06525439  0.09476952  0.49595660  0.30753249  0.12896471  0.10545000  1.93701899  2.06089401  0.69015539  1.48726702
 0.06563155  0.11602960  0.10567180  0.09366620  0.27763391  0.54350460  0.53180152  0.35477290  0.42215100  1.73440099  1.28759301  2.90367007
 0.06487304  0.00871135  0.08072983  0.08625441  0.29992679  0.51972282  3.60630488  0.91765469  1.01596105  1.85280800  0.82429028  1.08996606
 0.07475683  0.10969020  0.09271166  0.15486941  0.50738722  0.56388527  0.70934069  0.37968361  1.21172202  1.31648505  1.25183904  2.22302890
 0.04672000  0.39811981  0.12397490  0.15910780  1.03722799  0.73030579  1.01238000  0.71778339  1.79577899  2.00493789  1.13224602  1.76623702
 0.04659472  0.31672591  0.16661189  0.12668251  0.31993270  0.48163459  0.35855630  0.32228449  1.55612504  2.04778194  0.79905552  1.73781300
 0.02942069  0.12719540  0.05015357  0.12951660  0.80696142  0.37745649  0.31386280  2.24784803  1.86400199  2.92641592  0.35727751  0.28415149
 0.04398335  0.24979611  0.08803719  0.15416379  0.42892420  0.57663703  0.81974852  0.37348580  1.76172101  1.49750698  0.91621161  1.75405204
 0.03423289  0.05341883  0.04229647  0.10122600  0.52166587  0.40420139  0.17736711  0.73816091  1.26705098  1.67584002  1.08662403  4.21987581
 0.04818527  0.04451936  0.02337837  0.08144946  0.82506168  0.51613641  1.22159398  0.33784080  1.47862899  2.22211599  0.39184269  0.35116491
 0.06077537  0.11361150  0.09731948  0.14840820  0.46678171  0.80973059  1.80529702  1.44228101  1.11970496  1.68628097  0.55486017  1.65588605
 0.06732232  0.08337817  0.02597666  0.08137183  1.04751694  0.60413373  0.41135940  1.20939600  1.57049799  1.99664795  0.95447111  0.90332258
 0.08253027  0.05461492  0.10367310  0.05680844  0.85868508  0.61260682  0.24862930  0.70364308  0.95577967  2.02600908  0.87208772  1.81155097
 0.06351651  0.12295230  0.16774189  0.12067280  0.84932858  0.77292383  1.36303604  0.06351801  1.87680995  1.33802199  1.04496205  2.33434606
 0.04655909  0.04477212  0.06353948  0.08320572  0.75429088  0.84391898  1.14912701  0.34587890  3.29425001  1.64736998  0.64461583  0.62500727
 0.03552257  0.03758892  0.06867372  0.12755190  0.46680230  0.39712310  0.94165963  0.20454250  1.29392302  2.29510808  0.21646070  0.35180250
 0.06920653  0.05566916  0.05124082  0.07291585  0.28905681  0.52999139  2.01328611  0.35679781  1.35028195  1.86173904  0.77146268  0.57304919
 0.03032524  0.05682872  0.06965093  0.09238166  0.77892721  0.39331129  0.80364239  0.89251280  1.54891598  2.51279593  0.41136599  0.99280250
 0.03572429  0.01710365  0.04199383  0.17270370  0.43259111  0.49660549  0.34087011  0.52267551  1.55314302  2.05083108  0.85652339  2.25509501
 0.10828850  0.15167619  0.10249270  0.10812900  0.69808042  0.61848342  0.91908008  1.26532495  2.39916110  1.94168997  1.20515597  1.66204596
 0.07917120  0.06485783  0.08956984  0.08979040  0.17686421  0.57450622  0.25841260  0.16092700  0.72921222  2.28007793  0.97873199  2.51523900
 0.04980436  0.13015179  0.15568970  0.09605027  1.54671705  0.41582519  0.77186072  0.40199071  0.90978289  2.22771692  0.96561712  0.86003917
 0.11351050  0.10646470  0.08624511  0.16048139  0.30842200  0.78948861  1.13569200  0.02641010  1.26701498  2.27163100  0.44508451  0.42210841
 0.10434940  0.07918347  0.10691620  0.10742850  0.28893140  0.58619380  0.47957709  0.62451988  0.77731973  2.16396999  0.56067228  0.91739827
 0.03568866  0.15386590  0.10446310  0.12627620  0.50189489  0.61971498  1.51028597  0.55123061  1.46239400  1.86337197  0.72014338  0.74047399
 0.05274243  0.02945703  0.09716886  0.12323870  0.41623709  0.67781079  0.47663960  0.50447482  1.52480805  1.89727294  0.67775649  1.13220203
 0.06547298  0.09929409  0.15969920  0.04344494  0.28706631  0.42859089  0.98650211  2.38603806  0.63003832  1.92006302  0.65758562  1.09074605
 0.03324579  0.29149079  0.15946880  0.09249039  0.10911230  0.46123761  0.93557137  0.67222458  1.03392005  1.97815394  0.57043552  1.12739205
 0.04256403  0.15420710  0.06699704  0.14897750  0.30609101  0.59515601  0.15441100  0.12298820  0.51218492  1.44619501  0.71613449  2.60689211
 0.08451314  0.09321163  0.11656820  0.15899269  0.85288912  0.64977980  0.21858670  0.62289429  1.78899395  3.07061791  1.80754805  2.76473403
 0.09806713  0.10080010  0.05984930  0.15798540  0.24353720  0.52225560  1.17161703  0.18140601  1.92287695  1.28683901  1.44743001  2.08628511
 0.06702419  0.10967430  0.03299107  0.10180080  0.93731999  0.64898199  0.32926029  0.36303261  1.18259394  1.94660199  0.61029851  0.86445957
 0.08923905  0.08082829  0.06959054  0.15457080  0.35970080  0.73157769  0.83905298  0.39410651  1.22708595  2.62137008  0.81964087  1.14244604
 0.05715071  0.04510221  0.06667574  0.11193550  0.72129363  0.44876081  0.52485979  1.35689294  2.15610409  1.98273396  0.57376713  0.79864627
 0.09367012  0.12154790  0.03459810  0.11083170  0.51559508  0.70604151  0.92196381  1.11514199  1.55825400  1.88440704  0.74761850  1.19266605
 0.03444438  0.05914297  0.10672690  0.12943760  0.23077691  0.55923003  0.09282815  0.26940131  0.81448942  1.37363398  0.66982418  2.65970993
 0.06928182  0.06259118  0.09410939  0.11688250  0.31287670  0.65679729  0.09875169  2.04706502  1.34866798  1.65157199  0.48001650  0.41992301
 0.06341138  0.31872821  0.02811179  0.09411729  0.85015619  0.52048302  0.72265291  0.20234470  1.89659703  1.87027895  0.82722992  1.34670496
 0.05144306  0.18403170  0.15962289  0.11626580  0.52609962  0.76890641  0.22630200  0.81113780  0.57351398  2.38145995  0.46904919  1.07874501
 0.03563148  0.12694390  0.07216057  0.15131170  0.87041152  0.41002521  0.32872441  1.07939601  1.00079501  2.11207294  0.67597002  1.41588104
 0.05084512  0.24829990  0.06801089  0.12329360  0.63461667  0.38023910  0.70157278  0.43294531  2.04314995  2.12977505  1.13905001  2.27079606
 0.06344062  0.11031530  0.09778763  0.10565540  1.08338594  0.79058951  0.68175089  0.73095179  0.65463102  2.19570804  0.97654289  1.60669196
 0.14663529  0.02321520  0.07871185  0.13829140  0.34538281  0.80123121  0.20435300  0.14119370  1.67053795  2.08538008  0.63238692  0.91624409
 0.05012790  0.00856135  0.07888019  0.09163960  0.10366430  0.55186498  0.45544621  0.85577202  1.96896601  2.02841401  0.79713851  1.28913796
 0.03712522  0.03020893  0.13117060  0.08922304  0.72109002  0.62481010  0.08822495  0.64688951  0.59009242  1.72424901  0.81897849  2.21442699
 0.02547016  0.02805268  0.11557890  0.08766074  0.61920881  0.68536168  0.79243243  0.28997761  1.76692700  1.35240996  0.94729030  2.15373898
 0.06908271  0.10559170  0.11568910  0.07399016  0.79890227  0.78543681  0.25051391  0.31651381  1.20514703  1.68449295  1.03239501  1.21685100
 0.05154899  0.30358961  0.06838201  0.07494998  1.00404096  0.61215508  0.27542761  0.93032098  0.89524710  1.83407903  1.65364802  2.27054095
 0.05308826  0.23470500  0.13448051  0.16826510  0.76604998  0.64513308  1.00188303  0.87053108  0.44245929  1.77454400  0.95619482  0.87826771
 0.04735937  0.06829797  0.12258890  0.10097780  0.57387972  0.52460313  0.97488379  0.09110771  2.35489988  1.62734795  0.67256051  0.94790941
 0.02136823  0.27559271  0.10432810  0.18229860  1.46713698  0.28528491  0.94193542  0.41182089  0.84227562  1.83936596  0.95579219  1.21423805
 0.03666231  0.08238000  0.06595621  0.11879670  0.20372421  0.57593971  1.13116801  0.17471370  0.37524459  2.55804300  0.41559261  1.38459301
 0.04799044  0.10939990  0.05374774  0.11347180  0.50661469  0.41955340  1.46413302  0.50013381  0.87087083  2.33566904  1.50558996  1.72873497
 0.11554510  0.18631360  0.07891279  0.11398670  0.26377791  0.64032751  0.38885650  0.27119049  1.19200695  1.41362798  1.02288401  2.73364711
 0.02573641  0.02433086  0.06346656  0.13844439  0.41974631  0.60044909  0.52074122  1.77337301  1.27163196  1.26201200  0.45641789  1.33406401
 0.02931246  0.12878560  0.09855492  0.06509446  1.58917797  0.48484600  0.28236929  1.20103896  2.28410101  1.68837798  1.02190804  1.11733198
 0.06435411  0.04414205  0.02484451  0.14198050  0.59090918  0.45047140  0.82304800  1.07623398  1.38574696  1.29312003  0.65227228  1.87021506
 0.06505716  0.15840811  0.11340810  0.15887441  0.44796929  0.75155997  1.14492702  2.03278303  1.84130895  1.72084498  0.55924588  0.91290170
 0.05222116  0.23668660  0.06464202  0.15978330  0.88023943  0.68244952  0.09429567  0.72210550  1.10426199  1.67304599  0.64910263  1.62387002
 0.02443724  0.09431773  0.06790284  0.10715330  0.43427780  0.52274728  0.65248471  0.61288118  0.77007508  1.46768701  0.59317160  1.22284305
 0.05770171  0.09976757  0.05204610  0.10234940  0.97011727  0.65821028  0.94347602  0.19865599  2.13451290  1.60156596  0.80604893  1.18568099
 0.07223401  0.13817570  0.15706781  0.11235270  0.92206419  0.65842718  1.93746495  1.95596802  1.19941497  2.62388611  0.52550238  0.67502928
 0.04924097  0.19376600  0.03252393  0.12146430  0.65061611  0.40000331  1.00840795  0.33241019  1.87381005  1.70217705  0.90145290  1.54903805
 0.05018879  0.03478126  0.05057361  0.12484620  1.10294104  0.60403973  0.56648082  0.77581102  1.42817295  1.99583304  0.69854420  1.60880005
 0.05776351  0.07413439  0.03066506  0.07801206  0.22519819  0.61954951  0.13216519  0.59114760  0.84225088  1.65410602  0.46495759  1.31015003
 0.04172086  0.09991842  0.07756211  0.09838742  0.21522141  0.33152500  1.47928905  0.30405030  1.89223599  1.24932599  1.10907400  0.96716112
 0.08496058  0.10964280  0.15862550  0.11820990  0.56065142  0.50794947  0.12052020  0.21031150  1.36761296  1.97497702  0.37019610  1.36972296
 0.05141393  0.03111968  0.13362490  0.15024710  0.76242298  0.74181271  0.10438400  0.35859221  1.81573498  1.38720596  0.66543341  1.14267802
 0.02616786  0.20836221  0.09427124  0.08894882  1.23517096  0.65423411  0.33926761  0.64884448  1.62934399  1.44238901  0.63745838  1.90022898
 0.05186979  0.01463858  0.06528758  0.14204150  0.46831790  0.77934772  1.13214302  0.04601019  1.05035996  2.00770092  0.40536159  1.86118901
 0.06806585  0.11835530  0.09357206  0.13148740  0.95818871  0.45682949  0.80958980  2.56804204  1.61602795  1.99267304  0.67146051  0.70668548
 0.06642517  0.18809400  0.07538979  0.14991011  0.73139137  0.78827322  1.19530296  0.21643279  1.46193194  2.46032405  1.34327900  1.52489400
 0.05575494  0.02967606  0.13354030  0.16469871  0.27665880  0.62348682  0.13355070  0.64615601  0.37326509  1.19474602  0.78386521  2.21928191
 0.04885399  0.18004380  0.13902029  0.09892945  0.45632061  0.33107319  0.43075600  0.55156010  1.64629304  2.92698598  0.70533371  1.19120300
 0.04461280  0.18422100  0.06144358  0.09893502  1.12700999  0.59539068  0.69428021  0.42491490  1.35196197  1.41663802  0.52949709  1.21135402
 0.03412682  0.03309390  0.05552684  0.12131410  1.25773501  0.52436960  0.28866979  0.36462721  1.77320302  2.19325590  0.72941983  0.99656433
 0.04171086  0.16734619  0.06197442  0.11379540  0.94253278  0.51528221  1.65161598  0.12097360  1.23234200  1.98551095  0.92244679  1.69349396
 0.12595721  0.03600118  0.06477675  0.09506888  0.33498120  0.80936998  0.79806340  0.59301931  1.75796402  1.49897695  0.94824010  0.85057551
 0.09561644  0.03608003  0.08337280  0.16703250  0.71487588  0.81801879  0.89028043  0.49920231  1.11333394  1.81529701  0.71865839  0.89362037
 0.08486707  0.09040634  0.04755759  0.07558960  0.40960461  0.76911998  0.62156862  0.27721331  0.72277892  2.46725392  0.82035172  1.27479196
 0.07318078  0.19207500  0.08582931  0.10380990  0.83051890  0.47494170  1.24568200  0.88482720  1.17685604  2.15359402  1.70645702  1.69334304
 0.03659509  0.18435460  0.07041099  0.10091750  0.65082109  0.58300012  0.94092017  0.03468135  1.39152896  1.98334599  0.48485020  0.79416412
 0.05754528  0.03511568  0.19625850  0.14652920  0.33107331  0.52937281  0.32759410  0.10016410  1.62243903  1.25662303  0.35029551  0.87275589
 0.02676529  0.02047868  0.03911223  0.07502238  0.61235672  0.52325231  0.64533103  1.77650797  2.97864795  1.79689598  0.77475369  1.38016796
 0.06214482  0.10281950  0.04423608  0.12938701  0.37486091  0.58249933  0.43822280  0.44921029  1.65151799  1.64750898  1.05813098  2.92534304
 0.02034467  0.08513436  0.09456414  0.12295540  0.35239509  0.73843282  0.32361329  0.80968678  1.05745494  1.55703199  0.84050208  0.96064073
 0.06669038  0.03482645  0.07339069  0.10897540  0.18107450  0.43442160  1.26113403  0.62223393  1.60527003  1.59955299  0.64020330  1.33318698
