 0.04780454  0.06305781  0.05025902  0.08769304  0.78367352  0.41658849  1.41309404  1.32668900  1.23739600  1.69959104  0.80192751  0.85071123
 0.04035708  0.03936256  0.05631418  0.12104050  0.73537332  0.54536098  0.81827652  0.85911107  2.83387208  1.82762802  0.40374729  0.40871519
 0.05708141  0.04393524  0.07193644  0.12145480  0.32959610  0.88919610  0.50125510  0.24577850  1.91645205  1.94991899  0.63532919  0.79509652
 0.02671137  0.07513209  0.10140900  0.13663830  0.29488200  0.46355161  0.57194233  2.12325597  1.33243597  1.82006896  0.52840120  0.43976340
 0.03817529  0.14618009  0.11285210  0.08520551  0.70233828  0.92132431  0.37435949  1.30601704  2.78618598  2.40105700  0.67887282  0.70794278
 0.04254447  0.00758472  0.04586012  0.08769196  0.32263240  0.62260729  0.45476821  1.75160396  0.98889577  2.24568009  0.48337379  1.11223102
 0.06629658  0.11895220  0.13201950  0.13339280  0.24559180  0.53309470  0.24534629  1.10076797  3.32100391  1.32222605  0.70177150  0.65464222
 0.06492461  0.45398700  0.10604030  0.13061970  0.98591292  0.52095920  1.27078998  1.33873105  1.03662598  1.82208598  0.78089792  1.92082798
 0.07658549  0.10787190  0.05451692  0.09374018  1.06878495  0.66229188  0.31580949  0.63160568  1.80065894  2.44927907  0.52765077  0.51402092
 0.05873166  0.24089010  0.08309495  0.13453640  0.76789540  0.61694622  1.74818504  1.62954903  0.93394291  2.41604900  0.91073078  0.99687183
 0.08718288  0.00460632  0.04171455  0.11588190  0.33305979  0.39324820  0.67796463  0.41574770  1.70427406  1.97718298  0.50348902  0.74580419
 0.04037598  0.11329610  0.09772500  0.12589329  0.82950979  0.33294481  1.24228895  2.34288001  0.80643243  1.73845196  0.65837878  0.63240749
 0.04404014  0.10962290  0.04981331  0.12261800  0.84149921  0.69704598  1.10315597  0.23800950  1.08326805  2.27580500  1.06661105  2.30556107
 0.06604687  0.13652050  0.09857885  0.05948993  1.39592397  0.39059690  2.29348207  0.32062909  0.96652561  2.38695598  0.56333429  0.48384789
 0.05006323  0.20804410  0.11666290  0.11555330  0.61541867  0.51086807  0.80762738  0.85013813  1.88932598  1.54222298  0.78623718  1.11171305
 0.03786153  0.25209779  0.06982452  0.08492663  0.29265079  0.79241198  0.66578913  0.33480009  1.69620001  2.03479099  1.30140400  1.23654103
 0.05800873  0.02993934  0.03963380  0.11694070  0.92431599  0.45897219  0.50281072  0.08789480  2.60641003  2.01699305  0.78014672  1.37501705
 0.07049627  0.02900709  0.08742527  0.10426770  0.26674610  0.59162623  3.54428101  0.52313209  2.80860901  2.66103697  0.91906601  0.61406648
 0.06258287  0.13426840  0.09733514  0.08327967  0.27077541  0.52324688  0.46826401  1.12522495  1.62472403  2.02084899  0.98858953  0.60618061
 0.06233029  0.08499506  0.05068481  0.09790798  0.88510883  0.49018890  0.41829219  0.06929500  0.91636670  1.42472100  0.66585499  0.98831719
 0.07006171  0.02582618  0.05741563  0.12932260  0.43693441  0.59906042  1.51181197  0.31360170  1.97698200  1.88996696  0.63964099  0.67480171
 0.03610767  0.01306551  0.07186566  0.14876971  0.44201139  0.53077072  1.15557206  0.89870697  1.94910598  1.68479097  0.97523332  1.27050400
 0.09411918  0.02335135  0.05790684  0.15406780  1.18478405  0.53923571  0.51397407  0.59108639  1.78161097  2.38178992  0.92814922  1.38470304
 0.05715929  0.02877830  0.04984063  0.12004530  0.72714943  0.93900752  0.36042440  0.55793941  3.08081102  1.92927802  0.36694849  0.46659449
 0.06846473  0.02282686  0.04767173  0.12296080  0.38236210  0.62813503  0.34437561  0.25846231  2.42041612  2.19593811  0.42242989  0.39756590
 0.06570429  0.03084218  0.05090872  0.13573450  0.55043948  0.51418972  0.49529639  0.12210210  1.77836895  2.37663603  0.71136868  1.28659403
 0.04565437  0.12147410  0.07203884  0.12425730  0.77545321  0.77583140  0.58738792  0.52495521  1.16910803  2.24830794  0.65598381  1.84567904
 0.06045257  0.07334190  0.05480562  0.13834760  1.44470298  0.57146049  0.99766117  0.34532201  3.10481191  1.76032102  0.48552299  0.40761301
 0.06332909  0.00708079  0.04917572  0.12443430  0.30338329  0.64388931  0.26072741  0.31272420  1.75093102  1.48799801  0.23681690  0.14500970
 0.03942953  0.02683101  0.04991803  0.07942508  0.57318038  0.80201483  0.16872700  0.80994099  0.72987741  1.78502905  0.30353519  0.30043131
 0.11579980  0.17351840  0.09200948  0.07460255  0.33842140  0.80353320  0.69172198  0.70140982  2.60332108  1.66269004  1.25030398  1.61476505
 0.04875163  0.14647710  0.06764433  0.13737960  0.54733378  0.49076629  0.34663469  0.61482918  0.97899479  1.95047700  0.79033577  1.47853100
 0.03497816  0.06893174  0.08829813  0.09834605  0.60114199  0.72823441  0.29178661  0.28981090  1.32892501  2.13579297  0.79797029  1.77072001
 0.03675526  0.18226890  0.08256831  0.20694910  0.34153861  0.84208322  0.24317470  0.55058879  1.68141496  1.65572202  0.69662791  0.88449669
 0.04047246  0.04482899  0.10921360  0.15523361  0.25645101  0.47370949  0.27432111  1.38056099  3.24203992  2.11630011  0.55977762  0.56897241
 0.06137818  0.11187510  0.06760319  0.16248010  0.70266038  0.53967053  0.59427732  0.80312687  1.64032805  1.33591998  0.73931837  0.92171800
 0.07078836  0.06307156  0.07495812  0.14322610  0.31330261  0.74656051  0.36012271  0.33918580  1.49487305  2.22864509  0.67807758  1.24805605
 0.04446219  0.06247051  0.11584690  0.11819710  0.46568581  0.74461597  0.21013990  0.52680582  0.93790329  2.09702611  1.41057301  2.23263001
 0.06760699  0.09297230  0.08132263  0.11158810  1.16832900  0.55537850  0.46327350  0.56199628  1.30354095  1.70544398  0.99685359  1.88328505
 0.04365315  0.22322890  0.04647952  0.06616766  0.27181461  0.89666969  0.75389498  0.80821770  1.30397499  1.79106903  0.66124028  0.42422211
 0.02623061  0.00507389  0.13360380  0.14145561  0.44619799  0.41376480  0.24845880  0.55890518  1.40403497  2.29012609  0.56437308  0.70170188
 0.03171927  0.02870682  0.13000190  0.08232410  1.16396105  0.60388708  0.66996402  0.61621910  2.01086092  3.27596092  0.63410401  0.31661189
 0.08496144  0.01278135  0.16505191  0.07607608  0.61162889  0.63431090  0.76830631  0.59980208  1.83827698  2.11313200  0.85546762  1.92751002
 0.09623404  0.11040980  0.06979736  0.12612200  0.35165131  0.44491261  1.03211498  1.74533606  0.85128760  2.48089099  1.03982902  0.94366521
 0.05074902  0.15109710  0.11562850  0.08089850  0.50584167  1.06192005  0.58101529  0.58451188  0.76176071  1.94899404  0.52239269  0.73573422
 0.05401388  0.14699590  0.07816301  0.12535210  0.56081808  0.77961010  0.73685539  0.23221570  1.76474798  1.21599996  0.43465120  0.29419959
 0.05035420  0.13205090  0.04874542  0.06484252  1.69454598  0.69368869  1.18355203  2.23025894  2.06984496  1.16304898  0.49059391  0.31673411
 0.08919161  0.03938494  0.09623115  0.09019122  1.19891405  0.67437780  0.07991333  0.73818737  0.89315242  1.98717904  0.49187240  0.76312512
 0.10574410  0.08894465  0.12746470  0.13615160  0.49613529  0.82096231  0.52105862  0.57583368  3.43976212  2.10791206  0.71162301  1.20811105
 0.03492926  0.14289810  0.03655989  0.09155295  0.39353570  0.68998319  0.36009571  0.11266220  2.37149405  2.21348310  0.43318921  1.00615299
 0.06401824  0.08414814  0.08234554  0.07878859  0.48151541  0.69295001  1.17235696  0.90302068  1.64166296  2.20780802  0.69951820  0.58075821
 0.03269684  0.09939183  0.06987762  0.07963653  0.45213941  0.37044391  1.45485902  0.92799938  1.16029894  1.42129302  0.85592997  1.55363595
 0.05052174  0.31091291  0.08125544  0.15208711  0.23778421  0.60967511  0.29475951  3.87553000  1.47751904  2.27285910  0.70928651  0.80983078
 0.06372127  0.02832073  0.04914684  0.11767120  1.10882699  0.44543651  0.17428041  0.39241299  1.68195105  1.85123503  0.93898642  1.26333594
 0.08961673  0.03588441  0.08111653  0.09282281  0.27452639  0.61116350  0.30464399  0.40047029  0.74515259  2.07117891  0.73531502  1.07963598
 0.04418970  0.04611755  0.07933667  0.11727450  0.39827779  0.80474019  0.14791159  0.05892250  1.02074897  1.47685802  0.56656390  1.04926705
 0.04847509  0.24021401  0.05890251  0.08021885  1.36700904  1.01922905  0.61417800  1.16165495  0.96876758  3.17499089  0.78709191  0.66022831
 0.04869134  0.14686839  0.12304680  0.09301952  0.93144578  0.49400389  1.26425898  0.68177980  4.43356085  2.40146995  0.79043168  0.58023912
 0.05024832  0.10390080  0.05230550  0.12425400  0.53164119  0.53887498  0.43470770  0.86265153  1.84142303  2.24252105  0.86070669  2.30620909
 0.02405384  0.20199730  0.03872088  0.14858560  0.31761160  0.72704369  1.51481903  0.29081690  0.97487122  1.56929505  0.67491680  0.78323770
 0.05830496  0.13371959  0.02461555  0.12645531  0.53847528  0.48246300  0.91167420  0.84334493  1.14916003  2.27277207  0.53323573  0.69464451
 0.03815059  0.11113630  0.14082670  0.15303440  0.40405881  0.79360873  1.21090806  0.46427450  2.41276002  1.92396104  0.94565451  0.70064098
 0.05008177  0.11838420  0.06628250  0.08976616  0.24046840  0.61493951  1.94253194  0.86357009  1.19205403  1.91254199  0.59538412  0.72413290
 0.05502063  0.04942116  0.05019661  0.11197680  1.05488098  0.49766821  1.55999196  0.63688302  1.57677805  2.04942012  0.84973502  0.73653638
 0.08297827  0.29711279  0.05918447  0.11817360  0.41369301  0.51761949  1.86898601  0.10682610  1.33989501  1.68514097  1.11936998  1.96053898
 0.08405297  0.25366750  0.13731670  0.16984670  0.43978980  0.63510978  1.17431700  2.48170590  2.29139304  1.67713594  0.81238919  0.33601761
 0.01291877  0.26036489  0.11981880  0.12667669  1.28882897  0.53927559  0.41199619  0.24340950  2.72011995  2.97947192  0.43116179  0.26165459
 0.07283363  0.02876952  0.07838372  0.21211420  0.51837212  0.59083867  0.58961648  0.74419302  0.91792017  1.43631899  0.85989690  1.36362600
 0.07856856  0.04924674  0.08630556  0.09780257  0.37353620  0.58309788  0.16003440  0.38566771  1.98026097  2.32641697  1.06074798  1.87113595
 0.09984811  0.28993919  0.07151864  0.08735073  0.38742909  0.78457052  0.01804766  0.24669170  1.64906001  1.65662205  0.70796478  0.82185698
 0.06351537  0.15784310  0.10338730  0.12352150  0.47822839  0.54488802  1.46135998  1.31628299  0.63591188  3.12410808  1.33341599  1.66753399
 0.09135265  0.08668166  0.13651779  0.11804900  0.38240081  0.58987218  0.64437932  0.66795170  2.06876302  2.10134506  0.35724330  0.09440565
 0.04302434  0.16356100  0.05217112  0.09018943  0.14846960  0.45035979  0.42448989  0.84079027  1.64646900  1.85346198  0.76716608  1.07802796
 0.12589690  0.01336855  0.08643445  0.13807540  0.68623912  0.58216041  1.21694899  0.26691970  1.24398601  2.07722998  0.94348848  1.34162104
 0.06349475  0.10279510  0.06879781  0.11279890  0.51116198  0.56534159  0.26520991  0.30788371  1.68125606  2.24322605  1.23372197  3.45711398
 0.02385395  0.05107573  0.06084546  0.08714765  0.50348020  0.49574739  0.65313989  1.68108594  2.63857698  2.30374908  0.44807619  0.16494571
 0.05056710  0.07518941  0.21227530  0.15314810  1.09133196  0.75365913  0.34314060  0.74896240  1.39668906  1.71848702  1.40604198  1.72291100
 0.04138275  0.15657181  0.03553825  0.05517174  0.26815140  0.53260952  1.43996704  0.84991062  1.66663301  1.79767501  0.74375039  0.93050718
 0.03244403  0.06007026  0.11243270  0.14359400  0.31121460  0.48034191  0.82948178  0.50790131  1.21845198  2.46856189  0.39143869  1.42829394
 0.02696721  0.33728409  0.13861360  0.13189010  0.89087951  0.54404271  3.37364411  0.23712701  3.56650901  1.90732706  0.95181412  0.83616823
 0.07715989  0.00987697  0.12500300  0.15340610  1.69346905  0.60855693  1.07485294  0.96491152  0.39938009  2.16729689  0.40272430  0.84718782
 0.06440674  0.15652530  0.12030100  0.16610490  0.37611821  0.51913190  0.52727842  1.23575401  0.77082813  2.20783210  1.19728005  1.17064500
 0.09618880  0.10810420  0.05891288  0.15140060  0.24494950  0.53782839  1.20160103  0.97832799  0.60460311  3.06998205  0.87895912  1.11692500
 0.04745770  0.02113569  0.08200514  0.07863551  0.65494913  0.49699900  0.81037802  0.28195390  1.37908196  1.48766005  0.38813350  0.70402122
 0.01688346  0.10297570  0.06714290  0.11557300  0.67342049  0.78192842  2.34452391  1.76341999  1.73631299  2.33992410  0.34713781  0.29152641
 0.07150136  0.26744190  0.14944381  0.09481159  0.14993250  0.57528472  0.46369421  0.21493050  1.54982805  1.85382295  0.73065710  1.41450095
 0.06329444  0.23649360  0.08366805  0.09085377  0.50167900  0.53843009  0.15877050  1.20329702  1.65882802  1.44218695  1.04505301  1.54953504
 0.02790887  0.03235777  0.13076431  0.06494674  0.46609041  0.80356687  0.67752641  0.12997431  1.62219799  2.11947298  0.89834923  1.00644100
 0.02930957  0.04034832  0.12969141  0.14742871  0.35595751  0.79181987  0.70150793  1.19235599  2.16079998  1.75952601  0.89132702  1.76153505
 0.06009614  0.06531459  0.12003830  0.13157280  0.82109189  0.53086090  1.04278803  0.65162432  1.25799596  1.48231804  1.18303800  2.99868393
 0.03738246  0.07473356  0.06346364  0.09306873  0.27401119  0.80087751  4.32508278  1.02528000  2.81500912  1.61455798  0.65201873  0.39169869
 0.04792964  0.03996980  0.06409332  0.08310080  0.47034201  0.89179611  0.56256348  0.83317387  0.40631250  2.32304597  0.50297028  0.50511360
 0.04652436  0.19267070  0.07585704  0.14573310  0.43972269  0.52487922  1.69259596  0.32435840  1.09392703  1.73137498  0.59573138  1.60287404
 0.08918424  0.19771050  0.15981890  0.09883058  0.54946822  0.50653988  0.47429320  0.49165300  1.08281505  2.06432891  1.12787700  2.90799999
 0.13220410  0.12092940  0.06602732  0.10045880  0.75028437  0.48150709  0.37641779  0.36692211  1.02404201  2.51577091  0.73894161  1.00145698
 0.02324377  0.03307858  0.05236999  0.07272802  0.55014318  0.61338627  0.10368600  1.25985599  1.41435003  2.12716889  0.31067759  0.48495331
 0.05903574  0.06589440  0.06697070  0.12592199  0.35721999  0.95983762  0.80860782  0.04031375  1.65904999  1.50365305  0.57752198  0.58653361
 0.04845063  0.09448370  0.11437950  0.12936980  0.65709889  0.48389539  1.00951505  0.98260629  2.99337697  2.18201399  0.93300998  1.62454998
 0.03124401  0.08142521  0.04435907  0.08993795  0.81868052  0.40280211  2.27597189  2.72914410  1.17866695  1.89041698  0.61490589  0.60765219
 0.04690562  0.32216540  0.05796950  0.12975051  0.60792571  0.59505099  0.40796980  0.77813232  1.48723602  2.06207609  0.75120842  0.73146683
 0.08525477  0.21818390  0.09508280  0.08057703  0.30627030  0.64499259  1.28329897  1.02743804  0.31157649  1.54906297  0.75504148  1.23048699
 0.06869642  0.16297700  0.08891220  0.14622889  0.37300029  0.50615478  1.14181900  0.23150070  1.61097097  2.13069010  1.14638102  0.85189968
 0.01788005  0.04335875  0.05736978  0.12241860  0.37288979  0.65884048  0.48121631  0.72725159  2.25849700  2.06199098  1.15399098  1.27223206
 0.04423132  0.09725064  0.19101331  0.13802090  1.54756200  0.52048713  1.62817597  0.44905660  0.93806618  2.03614211  1.76385403  1.96677601
 0.01995628  0.08161994  0.11002600  0.11260140  1.19201195  0.66795588  0.33936670  1.79197097  2.37632990  1.99610102  0.20553491  0.35670820
 0.06107564  0.09262379  0.12426040  0.15916860  0.21581960  0.73888707  0.29800159  0.21783170  1.41625500  2.06857800  0.74656779  0.36972889
 0.09820202  0.04447764  0.11644720  0.08341663  0.18963151  0.58132052  0.69700468  0.04967396  1.32479799  1.13292897  0.54885328  0.98577207
 0.02422277  0.19994050  0.23391280  0.14787181  0.67943913  0.59933311  0.86269331  0.80547822  2.86837101  1.93517900  0.64308399  0.53571278
 0.05545009  0.04821083  0.17178230  0.11815030  1.01136696  0.57737511  0.38152531  0.36218601  1.03252697  1.69538605  0.56408650  1.00700402
 0.06712223  0.23814750  0.05210294  0.12761420  1.16401899  0.61347258  0.70005870  0.37070939  1.12985694  1.65898502  1.07051206  1.36606300
 0.08840049  0.16262691  0.06969614  0.05724698  0.50316030  0.79077291  0.58880621  0.95064729  0.92456079  1.89838398  0.75672913  0.61291271
 0.08650918  0.13138190  0.07396287  0.14222910  0.54742777  0.63714409  0.91661161  0.25574881  4.31674290  1.98785198  0.58799517  0.76566648
 0.08398924  0.06777435  0.03771880  0.09936709  1.10379505  0.86481488  0.77360249  0.21126790  1.89219701  3.07422709  0.37366959  0.22907110
 0.04988185  0.02679272  0.12087600  0.11210610  0.10249920  0.54673302  0.44130081  0.91237658  0.73641747  2.10226011  0.68093640  0.85111171
 0.05661308  0.13023710  0.15235910  0.10152950  0.57190388  0.50237018  0.24713740  0.87281471  0.72472602  1.61549997  0.70204097  1.14840496
 0.04271843  0.22425780  0.05280871  0.07322523  0.29891849  0.52846283  0.65320963  0.38652191  3.31782794  1.54489899  0.54703033  0.54174328
 0.04679686  0.02909895  0.09066862  0.09950551  0.32346740  0.67883283  0.70003831  0.56679380  3.14596105  2.22017908  0.62152129  0.61829048
 0.05018273  0.08317631  0.09879570  0.13568790  0.13168980  0.63793188  1.34674597  0.53578901  1.42845798  2.13461208  1.06116700  1.55156505
 0.03143503  0.04700808  0.04122201  0.10532220  0.98715752  0.84475088  0.11685810  0.32919380  2.18233204  2.23118496  0.35348549  0.29243511
 0.06722044  0.21761420  0.13641129  0.17315060  0.76198590  0.68228573  0.10151810  0.24983940  1.94139504  2.29099202  0.32256040  0.14119980
 0.03781088  0.27498630  0.12123720  0.16202910  0.43595940  0.80480862  1.24798906  0.69795448  0.38998300  1.44285798  1.14529002  2.13473701
 0.06219637  0.13208300  0.04732465  0.13194761  0.69047660  0.61313409  0.90066230  0.70080203  2.38119411  2.32280111  0.53913301  0.97013241
 0.02802617  0.18287230  0.06011473  0.16612551  0.62447977  0.47506690  1.32271504  0.94086331  1.48009801  1.37581205  0.59835458  0.61733037
 0.06570898  0.16286510  0.06955840  0.14461330  0.35151610  0.75450581  0.51083481  0.29848230  1.87163603  1.74761999  1.08734596  1.51849794
 0.05237841  0.14299120  0.07793602  0.17897721  0.76826602  0.69937837  0.26567939  0.01816091  2.68509102  1.92632997  0.81467879  1.05767202
 0.04410329  0.38226980  0.12872291  0.18378811  0.56021887  0.52540767  1.35962701  0.64041740  2.78206992  2.42244697  0.85428482  0.58360863
 0.10843330  0.11793270  0.04433848  0.11599750  0.27140129  0.44888091  0.03052627  1.19032896  1.05477500  2.24306107  0.56191409  0.87496883
 0.10642060  0.00566503  0.08291952  0.08358388  0.21693060  0.66312790  0.32312459  1.56644404  1.79170001  1.83871400  0.35293889  0.37053049
 0.12203090  0.09685329  0.08195636  0.10598840  0.58490950  0.50369757  1.28572798  1.76016498  3.63556600  2.38235402  1.06280100  0.94330430
 0.06372476  0.16333190  0.16474091  0.12235220  0.57882208  0.74389130  1.49887896  1.51617002  2.20697308  1.68468595  1.59635699  1.71868706
 0.02083963  0.01662494  0.14193980  0.11873160  0.46593511  0.39091939  1.98726404  0.65091598  1.07139504  2.27675509  0.77682447  0.58787709
 0.03851861  0.06110146  0.09861749  0.16101800  0.36480081  1.01991904  1.50645101  1.39443099  2.53931093  1.97363305  0.52507752  0.70700961
 0.06741741  0.21989940  0.11331590  0.13139810  0.63913578  0.81129462  1.26472497  1.96281803  1.97587204  1.83252001  1.09073496  1.07031500
 0.10345780  0.16526151  0.04035964  0.14762791  1.29967296  0.44120780  0.58157963  0.56015170  1.87232399  2.65751195  0.74632621  0.67128551
 0.09413688  0.18166541  0.11386110  0.09051471  0.31417611  0.96456832  0.59641647  0.10238650  1.02672803  2.09243608  1.19459105  2.06015801
 0.03794201  0.18477650  0.08532025  0.06650365  0.50607479  0.59987998  0.72323090  0.63370669  2.04260802  1.64375103  1.53306401  1.66700006
 0.10315740  0.10396480  0.10926700  0.10027620  0.65129030  0.63423449  0.40926579  0.33276010  0.86453837  1.21656001  0.73901820  1.26904404
 0.05008937  0.00778796  0.13617051  0.14315790  0.33840159  0.49912760  1.24934900  0.53330392  1.39858997  1.96928406  0.68393242  0.77488118
 0.05374725  0.10574070  0.08869690  0.10603760  0.44353160  0.63492978  1.83310795  0.43034530  0.96143419  1.34531200  0.88461119  0.69637263
 0.05556580  0.07489841  0.08009246  0.09867044  0.55392891  0.67756993  0.99965888  0.24258059  2.83732295  1.56299698  0.76546389  0.81458962
 0.02415200  0.11842850  0.07485259  0.07626044  0.82865262  0.70828491  1.17883205  1.10324204  1.32854104  1.85624802  0.71660078  0.64103007
 0.05094855  0.04508035  0.16991590  0.13813549  1.08864999  0.63343489  0.18351389  0.36909661  1.00768995  1.69217706  0.61680508  1.25749195
 0.01253672  0.08136479  0.04769716  0.11742700  0.64007622  0.63370919  1.35952902  1.69803298  2.23667192  1.40439105  0.72208577  1.11440504
 0.05041692  0.07245403  0.08729406  0.08039266  0.85696650  0.75532639  0.86129248  1.46074498  1.46650803  1.59348500  1.50177097  1.44855404
 0.07322456  0.08310337  0.09941363  0.11958090  0.49361321  0.63056648  1.70952702  0.41516209  2.08887100  2.29039502  1.11971498  1.04744601
 0.06964757  0.00896418  0.05370275  0.12649010  0.30195111  0.64618027  0.61046302  0.17316949  1.26464605  1.63795495  0.27899590  0.22357620
 0.10061080  0.38518000  0.05203121  0.09458060  0.74780792  0.41457379  0.68256551  0.57060659  1.92694104  1.78495598  1.29504597  1.79616594
 0.04850823  0.18534240  0.11445550  0.12825830  0.85612398  0.76485378  0.29798010  0.30705529  0.73431307  1.82899499  0.94807798  0.84571570
 0.02533859  0.01716411  0.10074260  0.16907980  0.39796200  0.59630620  0.97425759  1.36958396  3.18092895  1.58351898  0.32499811  0.46893391
 0.01588767  0.00443283  0.10012340  0.16061540  0.29103851  0.87756813  0.32583210  1.07198405  1.42467999  1.65112805  0.57177132  0.50386810
 0.02550676  0.04838498  0.05155822  0.12569840  0.29479301  0.85403049  0.36231029  2.47465491  1.25061595  2.08863997  0.99691987  1.39946401
 0.06173912  0.08802419  0.08573783  0.10107120  0.69065470  0.45175380  0.46565291  0.52039969  0.79283231  1.65479195  1.21760404  2.35197091
 0.09247329  0.21523990  0.08805935  0.11442160  0.87724489  0.76485562  0.64964908  0.80901998  3.70371795  2.65011907  0.49392411  0.58641732
 0.04487121  0.11762880  0.10609930  0.11719360  0.28028011  0.45885730  1.72403896  1.50704598  2.93576908  1.98283994  0.59302449  0.36550421
 0.10164240  0.34122831  0.03732511  0.09845107  0.39799899  0.42940560  1.14880896  0.46289799  1.01234806  1.89523494  1.00313306  1.09175706
 0.04869538  0.04437167  0.12335770  0.10149530  0.82914257  0.71714032  0.29825211  0.86864573  0.63827348  2.60110688  1.01837695  1.56452203
 0.02203223  0.17816110  0.07411240  0.16165110  0.41177991  0.64877051  1.16585505  2.20129299  0.79254478  1.69478297  0.57823700  0.41590649
 0.04039910  0.19789310  0.10429080  0.13883960  0.34991550  0.51631242  1.88068700  0.56428391  0.92288178  2.23832893  0.65537637  0.77007890
 0.08048284  0.03166014  0.05575446  0.15098400  0.24403609  0.81265497  0.46587881  0.60537452  1.77746403  1.81569302  0.33839181  0.52472621
 0.07639543  0.13947430  0.18237580  0.15748741  0.53139848  0.63154417  1.42761004  1.46085000  0.48581529  2.38245797  1.07155001  0.49465880
 0.04420538  0.04328135  0.10226840  0.08430240  0.82060951  0.45280981  0.84811330  0.51573861  1.31475902  1.92095697  0.92720783  0.95437968
 0.06365849  0.01470242  0.13166159  0.11307400  0.77853221  0.48215029  0.76428962  0.45848620  1.08955801  1.80276299  0.70429581  1.10596704
 0.06429037  0.04523971  0.05182882  0.10601620  0.25849241  0.52150708  0.24621460  0.03051713  1.25936604  1.57421005  0.42298019  0.39367601
 0.06272371  0.26992369  0.07190622  0.10611250  0.40997970  0.81599480  0.07077686  0.36676219  1.07919800  1.35910702  1.06035900  1.88311601
 0.03309689  0.04152963  0.07616331  0.10129470  0.10185480  0.95179617  0.65770948  3.10766602  1.71532404  1.84882796  0.92581278  0.86675328
 0.06327654  0.06404737  0.08177078  0.10938390  0.34953421  1.00311995  1.35039306  0.70933378  1.42641497  1.49634004  0.46491760  0.73661089
 0.08893979  0.16302420  0.06935342  0.12042040  0.34116840  0.47096989  2.50487900  0.34988499  1.60907805  1.98181605  0.73935950  0.94915599
 0.05124394  0.11572970  0.14125469  0.11644160  0.30251819  0.45492619  0.79007322  1.36176801  2.01238894  2.21700001  0.96160859  1.42641199
 0.08181587  0.09362210  0.08341686  0.12162590  0.88238400  0.51706189  0.28806791  0.69813663  2.53947306  2.14945698  0.60703051  1.27971101
 0.03220239  0.00844747  0.11719030  0.07531247  0.48130080  0.63673908  0.61955059  1.03731799  1.32019103  2.32774711  0.57440758  0.83259082
 0.03803833  0.03820448  0.05406362  0.11299710  0.24394180  0.44024280  0.93242139  1.01881301  2.04593611  2.11926007  0.93670398  0.73404157
 0.07479479  0.06385643  0.03801777  0.10047200  1.06934404  0.61464518  0.55142272  1.91539502  1.64269304  1.52417696  0.49303180  0.70102870
 0.05610286  0.01246357  0.07746926  0.10942470  0.71660513  0.57742327  0.55473191  3.22796202  2.92122197  2.19223690  0.54637712  0.34122339
 0.11027260  0.11807790  0.06403361  0.12690049  0.95366532  0.77807641  0.88414967  0.56935632  0.97113228  1.55401301  0.60302019  0.96197098
 0.02989245  0.19809601  0.12901260  0.10220200  0.45608661  0.57052732  1.47060704  0.76519489  0.57135421  1.90779197  0.52437228  0.43814149
 0.11188950  0.04208839  0.16038769  0.19313510  0.39893070  0.83945882  0.33119890  0.87349188  1.40613699  2.41675901  0.42452469  0.21931539
 0.03257450  0.13216460  0.05190608  0.09333688  0.52144867  0.42449281  0.47890899  0.41500399  1.87725699  2.66042805  0.84841287  1.07806802
 0.06825273  0.03004638  0.03612612  0.08569644  0.55911708  0.53775573  1.11099100  0.64145911  1.81872201  2.20527506  0.55575109  0.34693429
 0.07115182  0.13829480  0.14513770  0.14582381  0.83144522  0.36269400  1.26977503  0.77882612  2.88756299  1.47065794  0.96247679  1.53023505
 0.05711361  0.11915530  0.07256830  0.11216100  1.09793699  0.64718342  0.67590612  0.50931430  1.24625194  1.73663104  1.46289802  1.99722505
 0.04771633  0.05357772  0.12051780  0.08159736  0.56370521  0.58777481  0.69081581  0.57318109  0.78245437  1.82785594  0.75665462  1.15541196
 0.06984206  0.03411122  0.08680788  0.11752610  0.65994883  0.56717122  1.58948195  0.36174089  0.96713400  1.85610700  0.66533059  1.05791402
 0.09365681  0.19719639  0.05923790  0.12740830  0.33819321  0.96789497  0.12399120  1.84166002  0.69616842  1.80137599  0.69719821  0.70043451
 0.09811603  0.17726371  0.05175701  0.12377630  0.56560159  0.83502722  0.07147935  1.12382603  1.72078502  1.22357905  0.99516362  1.88427401
 0.02910569  0.10168500  0.09545854  0.15094620  0.63018471  0.44353199  2.61950493  0.14287060  1.64960694  1.67626798  0.95678312  0.41051471
 0.11077750  0.04360327  0.09624042  0.09641809  0.42328921  0.55389643  1.70305300  1.06888497  2.39056611  1.38722599  0.87948501  1.03280103
 0.03720951  0.07615075  0.07779132  0.10056790  0.53050488  0.46913499  0.83542961  0.10984390  1.29465306  2.42233706  0.55617732  0.79544580
 0.08269521  0.15706640  0.06033726  0.15657710  0.40274611  0.48109531  1.11752498  0.89163709  1.58285499  2.44950795  0.59288251  0.41881940
 0.03243270  0.10366910  0.07608920  0.13694620  0.41344929  0.58329332  0.92417222  0.37015599  1.40314698  2.72256303  0.58106089  0.97770822
 0.08291672  0.00699552  0.07087953  0.07636002  0.53045309  0.51833099  0.95140630  0.90715063  2.78286791  1.86169505  0.97379053  1.00052404
 0.03125682  0.13475330  0.08272170  0.15195970  1.26808798  0.57818210  0.09611168  0.95321202  1.69054103  1.83367300  0.25953940  0.28635481
 0.06172097  0.10019960  0.10919240  0.13094591  0.55884719  0.46731529  0.37976310  0.18246900  3.08689404  2.12155604  0.59237081  0.99539548
 0.07083871  0.09589487  0.05474308  0.15236160  0.43718880  0.37742090  0.38896161  0.35087231  1.18416500  3.16296101  0.87353271  1.09009504
 0.05757743  0.15811530  0.06579925  0.10146220  0.86977708  0.63887322  0.37485459  0.72924721  2.05768895  1.75225496  0.46020180  0.41251719
 0.03605602  0.03327900  0.08903516  0.11936080  0.20920050  0.69794643  1.58916903  1.67494702  1.73634505  1.99892604  0.57202941  0.58274502
 0.01834437  0.05523745  0.10736700  0.09750478  0.96675211  0.46054700  0.23982780  3.64403605  2.66457009  2.55988407  0.61494929  0.64224398
 0.12111170  0.03213662  0.12405440  0.08662661  0.32489830  0.57644618  1.09334004  1.19391799  2.30322695  1.95407403  0.76334423  0.67766362
 0.04763924  0.24331699  0.10874770  0.14043599  0.72944248  0.73774779  0.28071180  0.34601381  0.87039638  2.04450011  1.54218400  1.85316598
 0.07208713  0.20484990  0.06793074  0.18607120  1.23399198  0.76221788  0.40703401  0.42518279  1.80689096  1.75719500  0.91121793  0.70679259
 0.05334695  0.03632327  0.12057070  0.10485350  0.63906097  0.67034781  1.12813795  2.45411301  2.13578010  1.99902904  1.42018199  1.36650896
 0.02601416  0.11454100  0.03557417  0.12350690  0.12546450  0.51761651  0.93943387  0.51010191  1.84258294  1.44418001  0.46128401  0.56266212
 0.05083827  0.06569139  0.03327993  0.12340310  0.44653490  0.50823432  1.41518605  0.44612929  1.04040504  2.40029407  0.54014552  1.25346804
 0.06882612  0.06119990  0.11214900  0.12141850  0.55242532  0.71866250  0.67502987  1.01690102  0.93175942  2.07035089  0.91411191  1.51119804
 0.04453898  0.11577090  0.10437590  0.12457190  0.07225962  0.57235712  2.07121611  0.24316160  2.01185012  2.10650802  0.35004169  0.25139451
 0.08706965  0.04743608  0.03367590  0.10968130  0.37927991  0.61856198  0.36767310  2.34815407  1.23413599  1.72903705  0.41261461  0.58323139
 0.03599485  0.23999870  0.11565820  0.10300140  0.79587799  0.63594061  0.10287760  1.07181799  2.63221693  3.03944492  0.71942049  0.79322958
 0.09480537  0.05663303  0.11028550  0.10799280  0.24047910  0.46146110  0.76824260  0.27366209  0.81571043  1.65379405  0.54738498  1.19021904
 0.09563091  0.04077590  0.08240461  0.15065721  0.60390508  0.46531010  0.66429073  0.28883791  1.76859701  1.86886501  0.80638850  1.17622399
 0.09308425  0.12647280  0.06250788  0.12785180  0.76609689  0.60183281  2.34378290  0.47226971  1.48413599  2.74960494  1.08997500  1.41167402
 0.11112500  0.07104152  0.07720803  0.11104500  0.26876929  0.58665073  1.73570597  0.11120670  1.16325402  1.57270503  0.52149880  0.88189578
 0.05674531  0.05285225  0.13364090  0.15618460  0.95334423  0.56509483  0.51079869  0.23199540  0.82828617  2.18417501  1.16769898  2.38242602
 0.05509834  0.01258430  0.11311050  0.11307310  0.55722648  0.38600019  0.55616969  0.72383338  2.20997095  1.21485996  0.76560241  1.43649602
 0.07352855  0.06970579  0.07989899  0.10995210  0.38946089  0.67490751  0.08694389  0.66179651  1.23748302  1.56425595  0.63061929  0.91682929
 0.10510070  0.04970214  0.09027688  0.09003197  0.63902569  0.82132822  0.71034938  1.15990901  2.28890395  2.15786195  0.87754899  1.29224801
 0.05428322  0.15606570  0.10110850  0.12435910  0.44575649  0.42534479  1.09467900  0.86271101  0.89711511  2.74214602  0.91190332  1.13244498
 0.04823913  0.06118401  0.13645920  0.13980740  1.04370797  0.71505952  0.20761050  3.38735199  2.26003408  1.62565696  0.35628411  0.08320407
 0.07646080  0.03747557  0.10310960  0.10432980  0.09161743  0.64011723  2.16742897  1.35795200  2.47220612  1.45938301  0.64081019  0.89077151
 0.09710675  0.05575103  0.04350790  0.17718831  0.67752641  0.64464992  0.31849980  0.14176740  4.59006023  2.02704597  0.80187500  1.08441496
 0.04720872  0.02959786  0.07226153  0.07251108  1.33165300  0.83431059  0.19713050  1.38334894  1.70038605  1.83349597  0.47801781  0.40294170
 0.06483186  0.12953530  0.07813010  0.13684911  0.54521018  0.66441250  0.16339441  0.14087050  3.67368007  2.37636304  0.42817950  0.29503360
 0.03982391  0.24630950  0.07887866  0.15260270  0.16823810  0.57279938  1.11106598  0.30010191  1.69675303  2.50084710  1.21194601  1.18610704
 0.08791348  0.23646849  0.08791175  0.09008813  0.74455911  0.37491691  0.89135581  1.24759603  3.15816903  1.99702096  0.90806669  0.73933882
 0.07969050  0.02155363  0.09884954  0.09261484  1.22505903  0.73596072  0.48876071  0.58278102  2.83315992  2.62755394  0.99681258  1.37371898
 0.07656550  0.08839595  0.09945302  0.09165468  1.03805399  0.79934871  0.57496679  1.27211702  1.33961999  2.61812210  0.76495361  0.87333560
 0.09687496  0.03689232  0.15035561  0.13088781  0.72048038  0.55435842  0.94545859  1.23877895  0.92425668  1.18033695  1.30256402  1.65566194
 0.03528784  0.24562800  0.08882904  0.11337810  0.42746380  0.75412577  0.87378532  2.26979089  2.10068202  2.44065809  0.61494172  0.55533463
 0.08561170  0.20450850  0.04933195  0.12882520  0.81181890  0.45680779  0.68209028  0.26092979  0.90851462  1.95640504  0.98026019  1.02626002
 0.05967663  0.24250910  0.08926510  0.10118020  0.57528663  0.76400739  0.58659917  2.53731990  4.81297302  2.53992796  0.48311949  0.16234830
 0.06508713  0.03137245  0.10128620  0.07356913  0.50341338  0.53128052  0.40832731  0.11323600  1.11567199  1.62149894  0.62546211  0.60460508
 0.06473152  0.03984033  0.04390435  0.12271740  0.86113781  0.53764981  1.34851801  0.65748882  1.87873602  1.94476199  0.50578278  0.52004790
 0.04587339  0.13895731  0.06529713  0.16823450  0.30858061  0.81178558  1.43883896  0.27900699  1.91308403  2.14772511  0.88672209  0.90116131
 0.16996750  0.15718509  0.07201286  0.09252227  0.14151230  0.69095522  1.32653105  0.96662092  1.28022003  1.71224594  0.95449048  0.53231370
 0.10812110  0.14761660  0.07176691  0.10150770  0.17932411  0.74454463  0.42154509  0.58758020  0.87015998  2.89330411  0.53161401  0.45209599
 0.02297783  0.10461500  0.04911318  0.13636610  1.63808203  0.49994099  0.19356190  2.95054102  0.66852522  2.74607396  0.60858887  1.10879004
 0.11560140  0.12627479  0.10185700  0.09236562  0.86730558  0.67650712  1.58587301  3.26303911  1.53646898  1.88786602  0.66879988  0.58475327
 0.05951862  0.10513880  0.08736599  0.08243014  0.74728161  0.45459089  0.94102627  0.10244600  1.78629804  1.86290598  0.61476791  1.74340999
 0.03212012  0.02685208  0.02007875  0.15950230  0.54096973  0.55455953  1.59851098  1.10885096  1.21125698  2.14084601  1.06804204  1.45482004
 0.07580923  0.19143090  0.08949544  0.10564550  0.87164551  0.51319170  2.24495602  0.07107928  2.92862797  2.86158991  0.85400450  0.71150070
 0.06454818  0.12697870  0.14486250  0.13036890  0.66002828  0.45511350  0.22108740  0.94673920  0.84518522  2.10827899  0.64171720  1.41255605
 0.06402429  0.07701547  0.05857955  0.10778670  0.24529900  0.36970240  0.46038911  0.12067710  2.37961197  1.80556905  1.25571096  2.59561491
 0.07351118  0.02451864  0.10257920  0.11116140  0.62464672  0.60342920  0.85898912  1.72609198  1.39823604  1.81345499  0.58249110  0.31260899
 0.07455724  0.17877640  0.07685182  0.13859220  1.01017499  0.53210932  0.81466663  0.41608480  2.93947196  2.11485410  0.93380392  1.20688105
 0.05060501  0.15448961  0.06043014  0.11652620  0.37335959  0.38434339  3.89225101  0.33882299  1.03274298  2.79584408  0.25138271  0.29140759
 0.06357753  0.20626380  0.08873480  0.09772956  1.40909898  0.43448010  0.14170291  0.38723010  0.59454918  2.04164791  0.93279213  1.29732800
 0.06194132  0.02517475  0.14744250  0.06855825  0.76637918  0.43465021  0.81873327  0.40468919  0.79899108  1.91214395  0.70495713  0.77565372
 0.02189642  0.15389749  0.11910770  0.11106440  0.47177050  0.53703940  0.06478300  1.15762901  0.58114731  1.94602597  0.27359059  0.42985851
 0.06456687  0.05273112  0.09391735  0.08433444  1.02513897  0.64749962  0.24196360  0.27788889  1.30215502  1.91686106  0.32580769  0.37064281
 0.05305732  0.05115350  0.06675705  0.10206990  0.53456038  0.74884140  1.63454998  0.92032462  2.07062292  1.73774505  0.52828038  0.35327941
 0.03358174  0.26539779  0.06692427  0.13316309  0.75175267  0.67589331  0.33957249  0.10750110  0.91033149  2.01506209  0.52761418  0.60382372
 0.12299300  0.05689793  0.08837514  0.17764880  0.37976179  0.61516690  1.01749802  1.06988597  2.34331107  2.69274092  0.53278738  0.49703971
 0.09118480  0.01840611  0.11854080  0.09341947  0.71274197  0.68670571  0.68326992  2.94602609  1.40512800  2.40687108  0.42625099  0.80541879
 0.03207883  0.05962504  0.06111185  0.19411500  0.85133243  0.43838590  0.82180262  0.60876298  2.04615307  2.53514004  0.64874882  0.83695680
 0.18535730  0.03406755  0.05694718  0.09720464  0.51618308  0.52286762  0.43906659  0.19351920  1.54197097  1.83485901  0.38659781  0.54823810
 0.05299550  0.08559724  0.02953470  0.11032380  1.02451706  0.48429269  0.07526981  1.09050798  1.06807601  1.16255701  0.51452971  0.66270357
 0.04376407  0.23889160  0.08060952  0.08718994  0.51025522  0.60816997  0.90507269  0.46239501  1.06054902  2.13744211  0.98635662  1.61745203
 0.04878027  0.05731258  0.09865496  0.12329820  0.13822430  0.64281201  1.75483298  0.97059017  1.55701303  1.88567400  0.26044461  0.08836790
 0.06014086  0.14017390  0.03820088  0.11270190  0.38562641  0.61352152  0.35265401  0.46524841  1.30076802  1.48363805  0.73489511  1.15008795
 0.04459086  0.12700631  0.08398743  0.06873813  0.38596860  0.66462529  1.34421206  2.39671898  1.19110894  2.04783297  0.74860042  0.90927702
 0.06691400  0.05428290  0.15493290  0.09712764  0.46587270  0.76426262  0.25095069  0.11685000  1.63853598  1.75574696  0.91674417  1.40730298
 0.05911757  0.15503760  0.08907825  0.15226801  0.39748541  0.40878019  0.59753239  0.63962770  1.35697305  1.61883998  1.01979804  0.54092938
 0.01571806  0.01008268  0.04748299  0.13692839  0.44918111  0.55100107  0.10302050  0.93640548  2.32580209  2.06389308  0.43633071  0.41977340
 0.01884151  0.08856666  0.09107180  0.07966993  1.09271705  0.41422921  0.68681401  0.30236590  1.71149099  1.63992906  0.35579821  0.46182469
 0.05334354  0.32674459  0.06245829  0.12399630  0.65425670  0.62174761  1.64775205  0.80854738  2.15354609  1.85121500  1.21774399  1.39452696
 0.09810702  0.09504390  0.19966879  0.18807919  0.38441351  0.62036300  1.04899895  0.67150360  2.29440808  2.71509409  0.86979753  0.61919433
 0.10946120  0.03186325  0.08322786  0.13154989  0.15043961  0.47540140  0.63148141  1.56573200  2.29556894  1.56008506  0.72932023  0.71741551
 0.05956930  0.07258870  0.06318192  0.18028320  0.53490043  0.62643749  0.47917879  1.08287203  1.48276103  2.37040496  0.30426210  0.17100769
 0.03874754  0.16090231  0.07927083  0.09816919  0.65007901  0.45562360  2.32621908  0.61293960  1.51827395  2.20947409  0.55028439  0.36899501
 0.03579288  0.14362811  0.13625561  0.10585570  0.19671200  0.59573579  1.91715002  0.73770863  3.17691803  1.63615894  0.68502522  0.20319960
 0.09895113  0.04656348  0.04549736  0.22337531  0.38809159  0.56735277  0.51837093  0.51661712  2.15754390  1.89124000  0.67222297  0.57287031
 0.05727331  0.10633510  0.14790280  0.06290295  0.22315310  0.41283989  0.59782869  0.51158732  1.44046605  2.06891489  1.12670100  1.80765903
 0.08121433  0.16139500  0.07472236  0.13310020  0.86995161  0.66688418  0.91729188  1.73601496  2.32479692  2.57606101  0.89978230  0.75137109
 0.10822420  0.04579900  0.06135434  0.12045460  0.56210738  0.58668029  0.22206829  0.66347301  0.46736711  2.19770908  0.75364280  0.95801461
 0.05598122  0.02142981  0.11937220  0.11834390  0.87019157  0.42539209  1.56807804  1.19460797  0.96617353  2.28932595  0.42065829  0.48242211
 0.05760181  0.32579219  0.05790519  0.09461575  0.63461608  0.78737062  0.18409620  0.93416423  1.83114100  1.56485796  0.50535172  0.89108479
 0.09994984  0.01979546  0.13753290  0.13136540  0.61407852  0.55978602  1.68118405  0.28314641  1.41606104  1.43156600  0.92350429  1.28712904
 0.05712671  0.13084550  0.10378370  0.08908653  0.48798791  0.75836641  0.79483950  0.36076149  2.57983398  2.32298207  0.57918668  0.44263160
 0.08605165  0.22226630  0.09739347  0.13382471  0.29015541  0.72568989  0.29154459  2.07970405  2.74106503  1.90690303  0.46167141  0.66175872
 0.04843876  0.04485822  0.13928451  0.11489220  1.41169596  0.62465602  1.36236501  1.02815902  1.83139896  1.87622797  0.52179098  0.41806141
 0.03391370  0.08145005  0.07471485  0.14406800  0.34760940  0.61172688  0.20594940  2.97467995  1.37710202  1.92411304  0.66491568  0.92391080
 0.03817090  0.09960339  0.10975250  0.15392190  0.63901949  0.74396777  0.78214651  1.39772403  0.83527291  1.64591205  0.93011940  1.32112706
 0.04154501  0.05568829  0.11850630  0.10970340  0.58322549  0.70654601  0.76250899  1.66472495  0.63560438  1.47114801  0.56762558  0.50883198
 0.05327002  0.06198272  0.14050050  0.11499050  0.81517059  0.71892679  0.35550761  0.51648551  1.01750898  1.03253496  1.03474700  1.34856296
 0.05570419  0.13936161  0.08210578  0.09667315  0.14097370  0.69215560  1.01950598  1.73160601  1.51300395  1.74163997  0.61021203  1.05633497
 0.02344654  0.07098355  0.07999927  0.09103418  0.68310708  0.66153193  0.84578019  1.11426306  0.90121013  1.32553995  0.73755240  1.70007801
 0.04993293  0.13921420  0.13683750  0.07892999  0.41135001  0.63063258  0.02466745  1.66922402  0.95364147  1.13857996  0.58225089  0.55420452
 0.06861629  0.06723245  0.10136380  0.10810740  1.09595597  0.57133663  1.25024796  1.66083300  1.81529796  2.10294294  0.42249021  0.83406538
 0.04792247  0.20044610  0.09495471  0.12697230  1.00840294  1.01507401  0.91196430  0.88560069  2.75302911  1.84621000  0.87821722  0.32791200
 0.04026373  0.00687459  0.12420090  0.13510260  0.51690620  0.59193188  1.75815201  0.53852898  0.82316858  2.80903792  0.62407053  0.36772510
 0.05704265  0.14515769  0.09435397  0.09355149  0.53839570  0.63910311  0.33260581  0.21057209  1.68014002  1.67996204  0.69356608  1.00859499
 0.02151342  0.01068854  0.06754035  0.12522370  0.26112321  0.69700849  1.91149104  1.52996504  1.80000401  1.37645495  0.72015041  1.32777297
 0.10674910  0.15032721  0.04315877  0.13172340  0.51558727  0.63504273  1.01079202  0.16442700  1.69398403  2.34397197  0.41760239  0.49949101
 0.03698340  0.24330799  0.09251240  0.08766144  0.39072540  0.70626062  1.08978403  0.50897223  1.52754998  2.77052999  0.82833803  0.33281201
 0.04585939  0.06203904  0.18687220  0.12895940  0.33929440  0.68192369  0.10616940  1.02604795  1.34743905  2.36159301  1.00392103  1.74664295
 0.05014553  0.02495819  0.13005920  0.07765448  0.34332460  0.80353981  0.53090519  1.47557104  0.52852893  2.79258108  0.87630922  0.93559712
 0.08552311  0.15224570  0.06478207  0.06741285  0.26673919  0.68193138  0.63533658  0.65075457  1.15135503  2.20709300  1.00821304  0.81200671
 0.03351657  0.07101587  0.09194750  0.13363381  0.59378898  0.65909868  0.84340662  0.37208951  1.09555101  2.18964195  0.71414900  1.40988696
 0.07928476  0.35077760  0.09881731  0.10691250  0.67919648  0.58656311  0.97369558  0.51322812  1.96549499  2.52148509  1.20278394  0.78217453
 0.05452703  0.06134024  0.12699960  0.14125410  0.84395063  0.59790438  2.44249296  0.30893219  1.12627304  1.93552804  0.44175729  0.71511149
 0.04093992  0.05182032  0.08950188  0.12836020  0.39954591  0.78391498  0.67043972  1.08776903  0.56064129  2.08895802  0.68203831  0.77675492
 0.01049618  0.17179550  0.13569050  0.13506670  0.31742179  0.58345610  1.09517002  0.69324642  2.86252308  1.78763402  1.11561894  2.03621507
 0.04340133  0.04783408  0.06566606  0.09761488  0.74982202  0.69744498  0.63699591  0.30706209  1.10939002  1.91731298  0.53250343  0.65161937
 0.03656640  0.29397359  0.07180937  0.14861719  0.73869193  0.37027681  0.30860871  0.11720940  0.83632648  1.53353405  0.54962498  1.64292300
 0.04175828  0.07468013  0.06959477  0.10871170  0.70971322  0.72511768  0.37527451  0.62973869  0.97804701  2.31643796  1.10395706  1.28170800
 0.07976369  0.13715020  0.10857760  0.07246742  0.19365160  0.63865793  0.47313279  2.48894811  1.57224298  3.80553389  0.98118609  0.86111772
 0.04284662  0.03092053  0.06647028  0.15689270  0.37208560  0.66672498  1.54070604  1.02299404  1.80475998  2.50577593  0.89616197  0.74323910
 0.05696573  0.03051950  0.11773500  0.09195851  0.97622579  0.48778650  0.07934999  2.51179099  2.48954105  1.54810500  0.84616560  0.79802382
 0.11976350  0.05996054  0.17727840  0.13993670  0.87360620  0.78548998  0.45956659  0.84749383  2.88205791  2.08892989  0.93656528  1.15183604
 0.07316592  0.23876110  0.09636593  0.07945587  0.35306990  0.76750648  0.24899790  0.93070322  2.32616591  2.12531996  0.38685691  0.59804249
 0.05632392  0.10211410  0.07980773  0.06851992  1.17707205  0.83330530  0.62178957  1.26545298  1.59933805  1.25317800  0.47926560  0.28414661
 0.07978782  0.23206779  0.07942459  0.13237430  0.47138321  0.66457379  0.98817968  0.66865689  1.83574498  3.06947398  0.54976869  1.08881700
 0.02872880  0.33181721  0.06942815  0.08771979  0.19917449  0.78638113  0.37994710  1.29994702  2.02438498  2.90517497  0.87184191  1.18972695
 0.06538492  0.12581390  0.03609032  0.12765090  0.62287730  0.68527192  0.46887049  0.67481369  1.81068695  1.14448094  0.55996609  0.88919419
 0.07516551  0.05868640  0.11677820  0.16738839  0.57799852  0.50593388  2.29100800  1.51867700  1.69661498  1.99263299  1.27185297  1.37549603
 0.06025270  0.05071663  0.09184318  0.05780819  0.91187060  0.40252319  2.23865008  0.49791759  1.64998603  1.64295304  0.71039099  0.42278019
 0.09355904  0.08353455  0.04598801  0.14126369  0.22142480  0.64126003  1.07159698  0.18576990  1.87527394  2.13635612  0.63951308  0.61838448
 0.02633255  0.10522850  0.08924289  0.17670280  0.45400190  0.66435277  1.31494796  2.30396199  3.10491705  1.92412996  0.46627590  0.36213771
 0.08732659  0.04930891  0.10357140  0.11297630  0.32134059  0.54447359  0.70356470  2.45763612  2.99842691  1.82282400  0.35787481  0.23585990
 0.08825377  0.04147930  0.13577171  0.11545110  0.74827802  0.68077058  3.35326600  1.16303098  1.20561898  3.50834394  0.48452860  0.37901649
 0.05318742  0.01920699  0.13487220  0.08021583  0.52995127  0.51924193  1.90810204  0.11623360  0.92452538  2.23560405  0.74046820  0.35929349
 0.02172207  0.09388788  0.07219563  0.10807540  0.76391339  0.69840521  1.42423904  0.28978640  1.76971400  1.98704100  0.60627431  0.61780077
 0.06303986  0.05764068  0.10444020  0.08357297  1.22965503  0.50278717  0.73551828  0.89396352  4.69277287  2.21542597  0.41297099  0.13750871
 0.03828854  0.04293803  0.03891255  0.12364770  1.03766501  0.67211741  0.19475800  0.64649981  0.45632830  1.73146296  0.66908902  0.96235561
 0.05015757  0.11585320  0.07171853  0.15531920  0.62812001  0.43599251  0.65273720  0.17420711  1.59048700  1.88695896  0.57532889  1.04976296
 0.09686733  0.35217279  0.04679438  0.13812160  0.51522911  0.31661800  0.30214420  0.32755971  1.70753002  1.72264302  0.94914562  1.02013600
 0.04056285  0.04369339  0.05758374  0.08729582  0.48089591  0.58914322  4.71335983  0.42521629  1.01135302  1.74372399  0.36410531  0.46799719
 0.09567475  0.20722289  0.09482784  0.10905040  0.28731021  0.58653599  0.49149060  0.30470550  1.78834999  1.94537103  1.07197404  1.34531295
 0.06415166  0.04526946  0.12158300  0.08357361  0.35387999  0.60997611  0.01783088  1.09549904  0.79403019  1.59494603  1.09927404  0.70045990
 0.07444241  0.28621611  0.05094626  0.17059420  0.55787098  0.85369188  0.39155880  0.24283861  0.95470911  2.10805988  0.83563697  0.62459010
 0.02731457  0.05095538  0.03289715  0.12638320  0.61727059  0.70846522  0.19961570  0.70249927  1.80396199  1.70803201  0.56520420  0.58612162
 0.03613489  0.04659070  0.14368249  0.09582811  0.75271690  0.53498411  2.04674292  1.17133904  1.79665697  2.57061410  0.90582007  1.83177197
 0.04786744  0.13463430  0.06751236  0.12319890  0.64140493  1.01945400  0.04507224  0.14569449  0.99235308  1.72109902  0.83071887  1.16230500
 0.08184682  0.00364017  0.09201124  0.12156350  1.26296794  0.39772409  0.60793477  1.14336801  2.25676489  1.90286803  0.72676641  0.43839690
 0.03503407  0.02127465  0.19515420  0.08787534  0.50360608  0.58494401  0.56868112  1.03083003  1.04113805  2.03117895  0.51928109  0.39439631
 0.05855382  0.03592057  0.09553397  0.11997430  0.76472282  0.48751849  1.17060697  1.35025096  2.50848889  2.45005989  1.02652001  0.82683700
 0.04736564  0.10903670  0.17277130  0.11642400  0.49834660  0.74668223  0.29085901  1.27110100  2.30822206  1.92698097  0.77706420  0.79422510
 0.03804825  0.00635054  0.07228205  0.10208760  0.32811391  0.53893822  1.15254402  0.78783089  2.19983101  2.71794391  0.53512412  1.17796803
 0.03478868  0.02923689  0.01734838  0.12066180  0.75122273  0.36602730  0.93733817  0.14203110  1.77406204  2.62633109  0.39162171  0.52361298
 0.08774671  0.03953060  0.07288915  0.10286960  1.12417400  0.40664470  0.89104861  1.51368797  1.94180405  1.48155797  0.99346727  1.21477199
 0.10677080  0.10327080  0.05262031  0.08190838  0.60190052  0.73241359  0.30002409  5.24316406  1.77345800  2.31152892  0.55432379  0.40698290
 0.06297106  0.15468240  0.12266070  0.08805056  1.13295102  0.50233412  0.44593421  0.20693390  2.18933797  2.26688600  1.00101304  0.86244351
 0.05285836  0.10744660  0.07938753  0.08237980  1.15701902  0.63856733  0.26298279  1.87739897  3.64185500  2.41696692  0.80006647  0.99591851
 0.05829831  0.14753720  0.11245350  0.11747510  0.61221838  0.64175159  1.17377901  0.61584121  3.01401210  1.60813498  0.99998927  1.98739600
 0.02018465  0.04928578  0.09263391  0.08965334  0.28238869  0.70527381  0.48476359  0.98776978  1.40895700  1.70474195  1.57845199  2.83941197
 0.02372492  0.04158292  0.07888874  0.08700818  0.35116291  0.49313629  0.75500202  0.73350650  2.12789989  2.06691289  0.46515700  0.49226561
 0.04760518  0.03136779  0.07104623  0.14014870  0.29924351  0.47347450  0.58169848  0.43231750  2.23448801  1.62941694  0.50446290  0.79058188
 0.08343627  0.00983605  0.08455232  0.12551370  0.38521129  0.39711469  0.02712945  0.32493910  1.09619796  1.68086100  0.52890903  1.19822800
 0.02076307  0.08740965  0.07298341  0.10116170  1.25675905  0.45531359  0.91389751  0.60274082  3.50106597  2.08002806  0.78131580  0.87130058
 0.05451304  0.03368882  0.09214481  0.14142410  0.46706191  0.46280819  1.24232602  0.10123640  3.85838199  1.62832606  0.36459360  0.06155206
 0.05452051  0.17751829  0.11381250  0.05947375  0.64116168  0.38121769  1.39898205  1.08073795  1.71115100  1.73459804  0.90406948  1.07208002
 0.06079684  0.07751364  0.06233146  0.15142770  0.50514269  0.91600192  0.25749519  0.10430580  1.57451499  2.31084895  1.04930699  0.86606348
 0.07286589  0.00279988  0.07072923  0.12488410  1.53054404  0.32318041  0.65084881  1.06152701  3.15556788  2.80359793  0.43627271  0.42376739
 0.06113449  0.09970509  0.14876691  0.12892370  0.75259751  0.95468730  1.07339799  0.16796561  2.36242294  2.88533401  0.43385601  0.64198869
 0.06847481  0.20984919  0.06998781  0.07613499  0.43896300  0.70973653  0.31558359  1.47464502  1.94737506  1.66632903  1.40407503  2.22900105
 0.12170830  0.18109260  0.16880760  0.12163930  0.73773229  0.52889198  0.65997511  0.87601411  1.15654695  1.97208405  0.84467298  0.56743211
 0.11613310  0.07843430  0.08222298  0.16224439  0.56506318  0.68534869  0.77597588  0.67417979  1.46533298  2.19788194  0.43555599  0.58439243
 0.08823982  0.09698819  0.05582509  0.14808710  0.42428949  0.63882673  3.51241207  1.08603096  2.06100607  1.97258902  0.99293900  0.85364842
 0.05896789  0.11112110  0.08038600  0.08162708  0.40723699  0.69045341  0.95855403  0.76942140  3.28677392  2.05021501  1.55413401  1.28712702
 0.04011112  0.08603211  0.07103149  0.07900210  0.92095429  0.49146289  2.29145694  1.06016099  1.73731804  1.83190501  0.84893948  0.68469352
 0.05962419  0.01027939  0.23269060  0.10941200  0.94157892  0.47343981  0.11452550  0.54792798  1.88268197  2.22761106  0.31853110  0.68606722
 0.03320199  0.04697238  0.09534002  0.14280909  0.92587692  0.55730158  1.78688800  0.47406921  1.02062798  1.90437198  0.88063133  1.10945499
 0.07416212  0.11360310  0.10289830  0.15601359  0.32000431  0.51653862  0.62466389  0.40822539  0.70995277  2.10354710  0.90282369  1.43224502
 0.05070622  0.16514090  0.17301559  0.10593220  0.30931780  0.51143777  0.15280180  1.14033496  2.05332208  2.06868410  0.80382121  1.03275096
 0.11100100  0.14445400  0.10712330  0.11448630  0.39833650  0.49690121  0.61592519  2.66182494  1.03527498  2.24523091  0.86116862  0.37328240
 0.05253400  0.04238032  0.09877867  0.11024310  0.25278780  0.87251902  0.36761880  0.15842550  2.03921294  1.84751296  0.62880433  0.76324868
 0.07304806  0.06536674  0.06101533  0.09881569  0.49256870  0.82853991  0.07798504  1.29575801  1.37279701  1.89339197  0.48892739  0.60632712
 0.03226592  0.24575640  0.07030208  0.11327890  0.34773380  0.58085662  0.27911949  0.29813480  2.17958093  1.74352205  1.04455400  1.21589899
 0.09212425  0.06223364  0.11053470  0.07619626  1.25816298  0.60236323  2.05317903  0.73258108  1.45993197  1.58595395  1.27897501  0.95378631
 0.04067611  0.02324061  0.04674992  0.12859310  0.64202398  0.57268202  0.07219756  0.67852712  3.48584008  1.95177102  0.88975382  1.94937301
 0.10251390  0.15987800  0.09275991  0.13453750  0.27179691  0.73555648  1.03423202  0.74880737  2.23874807  2.33311391  0.73164243  0.60603911
 0.07136804  0.02858645  0.13088851  0.09593425  0.30496091  0.41714770  1.04416895  1.17221701  1.65445995  2.36644006  1.05744696  0.85560417
 0.02497534  0.06878345  0.10807790  0.09312302  0.47332230  0.52443522  0.72810400  0.43855041  1.36183000  1.58271205  0.90862137  1.23223400
 0.10499440  0.05054456  0.07269571  0.10361730  0.44441009  0.50516248  2.20750809  0.49074009  2.11454201  2.22023702  0.66758472  0.40622631
 0.08786081  0.06600206  0.02548302  0.15359120  0.39965439  0.48020360  1.60171294  0.52478611  2.49783111  1.20205998  0.68524408  0.94434142
 0.04471546  0.03577440  0.07521322  0.12796290  0.31883800  0.82688850  0.95023918  0.33583561  0.59049273  1.34666300  0.36180761  0.45236269
 0.09592652  0.06879993  0.10603030  0.12557369  0.82291818  0.62180787  2.27631807  1.05623102  1.20289099  1.63244200  0.88639557  0.86630690
 0.02842172  0.03343549  0.06655217  0.12019940  1.14903104  0.58252358  3.52225995  1.25972199  0.66724843  1.75418198  0.73626322  0.67821199
 0.05946378  0.18197140  0.09969610  0.08851016  0.52122271  0.53890318  0.85556138  0.13618800  1.45603895  1.76960897  0.90031028  0.91734052
 0.04487729  0.32844120  0.05660896  0.12728730  0.37781981  0.73880458  2.12540603  0.82866669  0.38977611  1.80502498  0.38806650  0.83485723
 0.05358370  0.03790690  0.05149342  0.10078430  0.43533391  0.39220119  0.59698743  0.82441431  0.47652870  2.25207710  0.90788728  0.96646732
 0.10489550  0.09202655  0.07849705  0.12644890  0.56863010  0.45986500  0.34385619  1.60453498  1.14525402  2.00651598  0.95937449  1.26473498
 0.03603479  0.15717380  0.09575208  0.16355610  0.52458078  0.79617822  1.15403497  0.25727391  1.43004203  1.66060102  0.70759708  1.27195799
 0.05140335  0.15932570  0.11270520  0.11323340  0.11052290  0.52708888  1.77018201  2.00750899  1.09367800  2.15288305  0.46037009  0.60111272
 0.05128220  0.05307281  0.07029995  0.12211200  0.67674887  0.41587701  0.13590030  0.84469187  2.19137502  2.92986393  0.88865620  1.31813097
 0.03746824  0.03879178  0.10165630  0.16646810  1.30171204  0.86886489  1.16526401  2.38695788  0.79025078  1.93405104  1.19896996  1.46083403
 0.06089871  0.03507060  0.04437594  0.11697970  0.82102102  0.42682421  0.43754709  0.70818549  2.36811709  1.61794496  1.10180795  1.10842299
 0.03376549  0.12287170  0.11428020  0.10740170  0.34341261  0.52192777  1.05769598  1.79740405  1.79098701  1.76231802  0.32222861  0.23512749
 0.07419705  0.11176560  0.10163460  0.06512403  1.75725806  0.66735852  0.97369277  0.21868050  3.13311005  2.18490601  0.57715368  0.39945471
 0.06400886  0.03803987  0.05803634  0.08347027  0.86150008  0.48242301  0.13504660  1.06634700  0.70662820  1.75806296  0.60937119  1.27901495
 0.04219424  0.02803897  0.05184643  0.08595451  0.98861510  0.66353709  2.18495297  1.17368305  3.41550207  1.35950601  0.50785148  0.69317740
 0.03194506  0.27734479  0.06937540  0.15725410  0.75792348  0.57893741  0.77418000  0.46694219  0.87622923  2.07255793  1.17288804  2.32930899
 0.10265030  0.21150620  0.12109300  0.12943450  0.58829689  0.56739932  1.04738605  0.66462171  1.55415905  1.73105502  0.69085979  0.55326462
 0.05504011  0.03288900  0.14239250  0.15531839  0.58443028  0.53672773  0.47854489  0.25157431  1.04114401  1.32567894  0.65919840  1.16737294
 0.04408748  0.13867210  0.09062731  0.14149570  0.91656548  0.70109850  1.81295097  0.32231781  1.00386906  2.17794299  1.02418995  0.64247781
 0.08007634  0.03344224  0.07472126  0.12112050  0.57764930  0.80174577  0.53294432  0.20735510  1.90532196  1.74839604  0.43897921  0.32315889
 0.05499099  0.06537038  0.14937080  0.10519880  0.84117949  0.73942971  0.37723401  0.59047967  1.81404102  2.54109192  0.92521107  1.15211403
 0.03684717  0.05552671  0.06571634  0.05542238  0.31920031  0.74574721  0.06958318  1.44262505  1.03337801  2.30636001  0.19914579  0.40432990
 0.07355945  0.04955929  0.11477880  0.16337261  0.10823180  0.57090402  0.37929520  0.44943589  0.86365920  2.05767894  0.88433629  0.86601830
 0.04787868  0.14697820  0.08359787  0.08542418  1.20562804  0.60498208  0.08080430  0.71567959  1.34201205  2.05972505  0.61727113  0.49882239
 0.09399872  0.27335069  0.08069468  0.08806201  0.27612829  0.62574238  0.09405183  0.47954991  1.35836601  1.63044202  0.67327559  1.38962102
 0.11017070  0.24383290  0.11680070  0.09463780  0.39217979  0.68591261  0.91984969  2.45389700  1.27289498  1.53568602  0.93984902  0.84137332
 0.05282299  0.11287130  0.08523885  0.13090660  0.37218049  0.38336369  0.41352189  0.37728909  3.80247998  2.01958609  0.82912230  1.16731906
 0.06892163  0.09297407  0.06873061  0.15548760  0.69570827  0.69142842  1.15773797  0.08413703  3.16285801  2.19781590  0.60686523  0.26746869
 0.05592315  0.48128840  0.06903402  0.07891662  0.27157089  0.71937370  1.27743602  1.70874000  2.21291089  2.03603506  0.44135180  0.67677462
 0.04348598  0.17027090  0.09449256  0.09563302  0.84334421  0.65299040  0.18874620  0.11828490  1.53659904  2.39587092  1.64155698  2.86061096
 0.08434644  0.11512420  0.11458360  0.08705486  1.04503202  0.71588433  0.71302438  0.62995189  1.12293804  2.26496601  1.34140396  1.24192405
 0.10239190  0.00773398  0.08278868  0.09601475  0.73818761  0.62560350  0.00034984  1.05009103  0.45065999  1.44926202  0.31737870  0.52207237
 0.04664761  0.02000136  0.12016040  0.14264490  0.85310310  0.75332838  0.94103050  1.12046301  2.05743098  1.89546704  0.45653591  0.40976739
 0.08445238  0.08344483  0.12996970  0.15318429  0.61441261  0.47680059  1.07744205  0.56044823  0.33246589  2.09103298  0.59356147  1.26736104
 0.06270119  0.08951363  0.09596071  0.13808820  1.21713603  0.48543701  0.88425982  0.21023230  2.04734302  1.67096102  0.73680478  1.41570199
 0.07739209  0.05297163  0.03299418  0.07414231  0.77706343  0.67249960  1.88801003  0.78808230  2.23841000  1.72799897  0.55932611  0.63262397
 0.07236004  0.10693840  0.10949260  0.11738720  0.10235510  0.39950800  0.96696228  0.46949479  1.72828901  1.91346002  1.20667601  0.99835688
 0.06636162  0.07367186  0.13916069  0.10323530  0.60183787  0.36473891  0.35481459  0.55581647  0.80767572  2.39432693  0.88104492  1.51058996
 0.04652926  0.10031570  0.09500019  0.07233351  0.36407399  0.62021428  0.19199060  0.70399988  3.84363389  2.39096594  0.65072501  0.87392652
 0.03670332  0.11391300  0.04394592  0.11337320  0.38503730  0.50105822  1.70299697  1.23062003  2.27331901  1.46973503  1.12933195  0.94516969
 0.02659081  0.02766358  0.09238207  0.09188382  0.28714111  0.63112038  0.52363050  0.46886379  1.83825302  1.83035398  0.75888062  1.63361299
 0.07534988  0.09175991  0.12085000  0.12158600  0.43370309  0.54160988  0.58659440  2.45351195  2.26098299  2.87495899  0.81926268  0.54944682
 0.03079648  0.12062090  0.11850060  0.11771820  0.90358031  0.48449901  1.16059303  0.82557380  0.89053482  1.83766305  1.34231901  1.76094306
 0.05097956  0.01739590  0.06821477  0.07247467  0.52477831  0.61339551  2.55935192  1.02208400  2.30530095  1.26269996  0.66512448  0.45526171
 0.09760503  0.03730957  0.14039150  0.11330050  0.43310869  0.61470419  0.61285311  2.88025093  1.98282397  2.33852696  0.75231588  0.53365070
 0.10454470  0.14453380  0.05309881  0.13017830  0.31259209  0.63899058  0.47302869  0.47716340  1.38680995  1.61314094  0.66513622  0.93298209
 0.07968654  0.06674054  0.06931335  0.14249340  1.59007704  0.53737962  0.48078871  0.88553089  0.79272717  1.61049104  0.81977659  0.88677251
 0.09355962  0.20051010  0.06909027  0.09302457  0.73019159  0.63753837  0.19925800  0.27553871  0.86537719  1.99454701  1.41118097  1.67207897
 0.05015331  0.10199260  0.07197989  0.17856650  0.51584089  0.61914003  2.20203400  0.50999922  0.91004711  1.55541205  0.83410311  0.88783628
 0.02142489  0.01945605  0.07054247  0.10580370  1.20361996  0.53639573  0.01743289  2.39955306  0.79622769  2.44733000  0.42621890  0.60772640
 0.09487712  0.13967919  0.11355650  0.11513610  0.53198558  0.59894103  1.04275596  1.09378898  2.20361805  1.92467201  0.59594798  0.41474289
 0.03112731  0.09021508  0.05712506  0.07622874  1.21210694  0.42638361  0.85025668  0.48043859  3.54099107  2.29061794  0.59508228  0.59708101
 0.05633096  0.05219708  0.06200656  0.09938994  0.64009762  0.37749821  0.60230082  4.13711882  1.15822399  2.13017607  0.88347828  0.91115183
 0.06506500  0.20327820  0.15722670  0.06142000  0.63424611  0.60182577  1.34694600  1.03366196  1.04040205  2.12409401  1.35653400  1.71387100
 0.05191470  0.13015960  0.09697067  0.14486261  0.27818689  0.85274148  1.40725994  0.22770530  2.01041198  2.70796299  0.37443960  0.55578238
 0.02928552  0.12633590  0.06862073  0.06202524  0.55162328  0.45377761  0.89206958  0.42517471  1.77931595  2.02811289  0.64620548  1.28287601
 0.02639749  0.12728670  0.03210060  0.12274310  0.43023020  0.27388859  0.48753011  0.64684600  1.31159198  3.45447803  0.42591971  0.45987001
 0.04724967  0.00631147  0.10458830  0.12986819  1.09652197  0.61405188  0.27483231  0.67175061  2.75786996  1.50002098  0.54658169  0.70249271
 0.05835967  0.03924633  0.10508840  0.13887329  0.92941332  0.59682202  1.03847897  0.56656271  1.30880499  1.82972097  0.98954308  1.06879604
 0.04195751  0.12283990  0.11784660  0.10206060  0.80389279  0.51709968  0.48656881  2.16630912  1.20807505  1.46671903  0.71668428  0.65944409
 0.08300076  0.09920222  0.08345289  0.10675250  0.48287231  0.53619522  0.65619159  2.12794304  1.16643202  1.23491502  0.89570647  0.59016567
 0.04482328  0.06377731  0.11321980  0.14463350  0.16720380  0.63521188  1.50041199  0.36834961  1.73694098  2.37206101  0.51781923  0.48089001
 0.02802573  0.00448699  0.07917576  0.16711180  0.33812490  0.43864700  0.59181178  0.21047080  0.63784999  1.84266996  0.69143438  1.05865395
 0.11352280  0.22801830  0.07171153  0.12080360  0.99144268  0.68580389  1.06257904  1.60606599  1.30454302  2.20903611  1.31082106  1.73856902
 0.03910851  0.02663746  0.11594310  0.07489774  0.44249609  0.52531809  1.42294204  1.93959796  1.55528605  1.96025205  0.45763391  0.51657438
 0.04924723  0.09609160  0.06364313  0.07842130  0.95414239  0.63415217  0.87934452  0.31694391  1.44203997  2.25503111  1.03265595  1.37202799
 0.08150729  0.05818561  0.06538319  0.13374320  1.17983997  0.55808592  2.38966489  0.27131489  1.48614299  2.14137006  1.20852101  1.39423096
 0.04219519  0.06183467  0.05330296  0.11558830  0.26302060  0.58462453  3.15488696  3.16175103  2.10720396  2.08212399  0.69793117  0.60235327
 0.02481398  0.00929691  0.07776093  0.07678965  0.13551120  0.58414638  0.47143680  0.72640538  2.45230103  2.16019106  0.57425892  1.30618405
 0.06485969  0.07264210  0.05813276  0.17068790  0.56510121  0.71593052  0.37509799  0.35262570  1.12394500  1.33594596  0.70325381  1.11479700
 0.09973723  0.01720043  0.08756594  0.15683210  0.69813031  0.48454681  1.16328800  0.25814229  1.55718195  1.90469003  0.55824268  0.73572558
 0.09968696  0.14246380  0.05143664  0.06369326  0.40570039  0.72834522  0.57634860  1.22010005  1.71464598  1.98406303  0.85098457  0.74296772
 0.08037457  0.07207342  0.09626324  0.11168830  0.68594462  0.61979270  0.87798017  0.79958189  0.82697189  1.99388802  1.18985200  1.74820101
 0.06768461  0.06366555  0.04529273  0.10822830  0.28082931  0.65216619  0.35010791  1.12397504  1.37243402  1.55826902  0.71671969  0.87695330
 0.06364220  0.11244460  0.12521330  0.15345530  0.33550861  0.53615701  1.58678102  1.20938694  0.78165168  1.75147104  1.24393106  1.25490701
 0.07001821  0.25561169  0.03799487  0.15473400  1.24500597  0.55931008  0.76707548  0.90779108  1.84123194  2.21126890  0.83632910  0.79546088
 0.05943153  0.02487636  0.04962216  0.08072218  0.30543119  0.58802003  0.59667689  0.53282779  1.74861503  1.77322805  0.51941669  0.92742258
 0.03961387  0.10543890  0.13608010  0.11164920  0.25362870  0.76261759  0.25500831  0.97688681  1.17297995  2.15469408  1.01093102  1.20839202
 0.05576664  0.03073933  0.21893451  0.13565341  0.26781529  0.79653710  0.71902537  0.66030812  1.33241200  2.51656604  0.43595240  0.48928440
 0.01654805  0.11737680  0.09173300  0.12399010  1.21003699  0.69138002  1.13191998  0.71125782  0.91341859  2.02490997  0.46699771  0.42981979
 0.04901545  0.14654949  0.11882000  0.10770600  0.50271022  0.61079252  0.41382381  3.30345511  0.92664212  2.68648791  0.90586722  0.89350098
 0.03899371  0.22224610  0.16706160  0.15597650  0.51857781  0.87807810  0.60927677  0.32903931  0.59957999  2.55043697  1.37599504  1.30871499
 0.06490517  0.08584314  0.11095350  0.12813520  1.21401501  0.47508371  0.77165478  0.57180047  1.15967095  1.64058697  1.03364301  1.54648399
 0.06136084  0.09849421  0.14912170  0.14593610  1.05065596  0.52510083  0.81678998  1.23604405  1.38966596  1.66785502  0.82098681  1.32786000
 0.06215762  0.11553850  0.03718041  0.05358381  0.48278561  0.44338831  0.85355413  0.70261657  1.07528698  1.83267701  0.71658993  1.47403002
 0.04360155  0.07067553  0.09693316  0.14353690  0.58402312  0.78679478  1.23392797  0.27088141  2.35201693  2.48335695  0.50984490  0.48255309
 0.06711720  0.10978520  0.12898859  0.12323390  0.23799820  0.44763121  0.67513609  1.28137004  1.20755804  2.18366599  0.73395473  0.35650739
 0.05723619  0.02333186  0.13657551  0.13929769  0.42923671  0.54956412  0.91824931  0.68515182  1.36101198  2.64416504  0.35483569  0.67257059
 0.07178360  0.05266639  0.05071598  0.09227215  0.85920042  0.65035111  0.19464730  0.03769016  1.93351901  2.03112006  1.15372396  1.96122003
 0.06512176  0.03924371  0.07518359  0.10207440  0.25611451  0.90916473  0.31917959  1.62677002  4.35514688  1.84697294  0.80655903  0.60415488
 0.06330978  0.05827011  0.12293280  0.14035881  0.68277413  0.66783237  0.04488033  0.59243339  2.26250005  1.36718094  0.81990987  1.19249296
 0.05624149  0.05742509  0.07354494  0.15706350  0.88866287  0.72012669  0.70175159  0.28400189  0.60722101  1.33052897  1.04034305  1.51858699
 0.06218092  0.09976522  0.09347107  0.12529320  0.55409062  0.74211597  1.86304200  0.12658440  1.07811201  2.07190990  0.80501938  0.78762138
 0.04790498  0.04194529  0.06569294  0.06346430  0.41049111  0.53108490  1.10459805  1.02094102  1.42899501  2.25858903  0.70601928  0.51931292
 0.05257688  0.01551587  0.11698130  0.15882090  0.37775329  0.58972871  0.90077877  0.88356608  0.85736477  2.45420694  0.65235448  0.43841061
 0.02799063  0.07156283  0.06499521  0.10785820  0.43167049  0.63213217  1.63803804  0.37756681  1.50325000  1.92533696  0.33572170  0.44016519
 0.03469773  0.16283600  0.06395845  0.16899981  0.80721170  0.63717669  1.66947401  0.69073159  2.86458611  2.57093811  1.31767297  1.09229100
 0.06003931  0.04908589  0.07817190  0.14081500  0.65127432  0.34139481  0.72370732  0.38572639  1.50689602  2.97663307  0.86433232  0.86298859
 0.09252356  0.07737330  0.07533952  0.10610120  0.51646048  0.73005718  0.30317789  0.02464455  1.12239301  1.28345704  0.58339351  1.04803395
 0.03357243  0.07935297  0.09666184  0.12162350  0.25467291  0.50538433  1.89144695  0.48200181  1.51309299  1.84241498  1.10184598  1.26668799
 0.05078122  0.00156916  0.11008080  0.07895859  0.71872878  0.67199081  0.63907290  0.77668679  0.73041600  2.57947993  0.38907370  0.46791479
 0.05085773  0.22126760  0.05413853  0.11692590  0.71876538  0.54209429  0.36000589  0.61354047  1.23773098  2.46705604  1.20087099  1.26085401
 0.02881197  0.06440598  0.08026595  0.14066270  0.20317020  0.78036559  0.99246472  1.37452602  0.49306139  2.33250189  0.57155401  0.56939209
 0.09918428  0.03026869  0.18033940  0.14078119  0.41469851  0.78936982  0.18197259  0.44191760  1.34985995  1.67100799  0.71013558  1.09583998
 0.03779266  0.12945379  0.05038850  0.11770170  0.74438542  0.51615179  1.10705900  0.10720320  1.39511800  1.83010006  0.60109317  0.71113062
 0.04850429  0.05264983  0.08266710  0.10215410  1.82956600  0.49160740  0.77161813  0.20400640  1.58841801  2.04779911  0.59305209  0.47077331
 0.14734741  0.03037486  0.05313040  0.10360510  0.37657291  0.63805759  0.40715051  0.10576570  1.21756697  2.83142710  0.71432412  1.13071704
 0.11356860  0.14938121  0.10225440  0.12702730  1.12503898  0.86751062  1.64452600  1.49285102  1.11839199  2.42974496  0.56848311  0.92428702
 0.06497859  0.06390244  0.05794764  0.12227760  0.98196357  0.51232839  0.50372821  1.88246405  1.65121603  2.25265408  1.00265598  0.94078070
 0.04946562  0.07509711  0.06363572  0.10085350  0.67951697  0.46487501  0.85259491  0.41678670  3.22171497  1.83181202  0.64133108  1.01678395
 0.08797860  0.15470929  0.07012358  0.09789579  0.27204260  0.53239763  1.47249198  0.86192322  1.55033302  2.60241008  0.75817537  0.55605108
 0.08050978  0.05438896  0.03849945  0.09984103  1.36255205  0.65984309  1.67089498  1.74987197  2.11280799  2.05135489  1.13280499  0.93866241
 0.12914190  0.05851684  0.14882180  0.10060990  0.58066881  0.61752957  0.53516978  0.35460889  0.95545042  1.80031002  0.73301321  0.85550451
 0.04955195  0.06289252  0.07433651  0.11579850  0.74964309  0.33837941  1.12358797  1.00208199  0.91073489  2.10478401  0.40250781  0.41129509
 0.03245660  0.01572239  0.03446349  0.16946021  0.17095120  0.55240911  0.27013969  0.65086663  1.23244596  1.92807305  0.39796430  0.37674719
 0.10890540  0.21210660  0.14239541  0.09801345  0.63905603  0.53748423  0.08333014  0.27544859  1.19708598  2.98649597  0.43090051  0.89654303
 0.07370765  0.03670868  0.06765877  0.19499069  0.80197591  0.54231697  0.05271127  0.46868089  1.10930800  2.31230998  0.75914478  0.75456351
 0.06995573  0.16345219  0.12234150  0.10542720  0.47969899  0.59893292  0.11181100  0.62326771  2.36217904  1.78234303  0.95871621  0.69109970
 0.06437270  0.01978084  0.06169692  0.10091600  0.38416180  0.59064281  0.38048601  0.94416732  1.30928302  1.82438600  0.67988962  0.54272622
 0.06145202  0.30596039  0.09072784  0.14883400  0.26717111  0.45528159  0.43710881  1.61714804  1.52633405  2.07515097  0.46516219  0.31419790
 0.05921139  0.11551710  0.02978815  0.13793150  0.38245559  0.47391301  0.66523123  1.29693902  2.01605606  3.23468399  0.75925487  0.83094227
 0.06064621  0.15523280  0.08666217  0.09051879  0.38540569  0.57989669  2.21928310  1.14279497  2.05154109  1.92630804  0.66184729  0.62240678
 0.02958559  0.10540960  0.09340709  0.08605041  0.65632272  0.51517582  0.59182072  0.60280180  0.74878532  1.95921302  0.90029031  1.13519096
 0.12095720  0.08406527  0.12037360  0.11398030  0.81907737  0.59652573  0.93221641  3.96013188  2.08521104  1.85254705  1.14712203  0.78192639
 0.02175234  0.04089348  0.07325180  0.08203864  0.31083560  0.40856969  1.20607400  0.63945347  0.95470119  2.35430503  0.46675310  0.59058559
 0.04025814  0.32762131  0.09841154  0.11918560  0.28409049  0.75650382  1.16861796  0.84060103  1.63173795  2.26028800  0.91431618  0.73397589
