-6.03058004 -0.97139400 -0.55031598 -0.34152400  0.06939030  0.81493300  0.79291898  0.51978499  0.32046100
-6.57962990 -0.39813399 -0.65180200 -0.14108200  0.57097101  0.72972202  0.92075002  0.64697403  0.22823000
-6.54181004 -0.53027499 -0.92347097 -0.50334698  0.27369100  0.85346299  1.12456000  0.73261899  0.24883600
-6.38276005 -0.54913002 -0.64422101  0.10928900  0.18925400  0.57681298  0.68951201  0.13089800  0.48077601
-6.36468983 -0.73179501 -0.33442399 -0.17316601  0.10073100  0.97409099  0.92417598  0.39307299  0.41512600
-6.78245020 -0.07119690 -0.25010699  0.09650330  0.64399898  0.49023601  0.92494899  0.83099997  0.36855799
-6.42289019 -0.64687097 -0.59979701  0.03675380  0.38988599  0.53048998  0.63571501  0.43975201  0.62755102
-6.41866016 -0.59361100 -0.78836799  0.04700360  0.25954601  0.72099203  0.87890202  0.63751698  0.37002701
-6.31939983 -0.76235598 -0.26065901  0.01191530 -0.12257200  0.51505101  0.77966499  0.16547801  0.57586098
-6.26115990 -0.48877099 -0.44735700  0.08933780  0.50397903  0.49210501  0.60479099  0.47770199  0.19313499
-5.88746977 -1.06083000 -0.60829401 -0.71881700  0.13966800  0.53847802  0.62145197  0.31971100  0.32955500
-6.54658985 -0.43477201 -0.94797701  0.26404700  0.53466499  0.81227303  0.71077001  0.22371601  0.40599999
-6.34997988 -0.60178900 -0.72855002 -0.44685999  0.15697600  0.72075897  0.97845900  0.98776501  0.15052900
-6.19628000 -0.51208597 -0.56426698 -0.13322400  0.42135501  0.55911100  0.61259001  0.14221600  0.32038000
-6.70554018 -0.41794699 -0.71135598  0.26938701  0.31024900  0.83953798  0.81204098  0.59752601  0.60115099
-6.62515020 -0.50370198 -0.62890202 -0.13180600  0.51605600  0.73274601  0.91617501  0.49200001  0.56588000
-6.53107977 -0.58289099 -0.48165700  0.41819301  0.30343601  0.67669499  0.76586002  0.21562000  0.49640700
-6.73653984 -0.22255699 -0.70288402 -0.24609400  0.48662201  0.85696602  0.86983001  0.79818702  0.47079700
-6.32263994 -0.52742797 -0.53875101  0.15533800  0.26357701  0.53570002  0.44492200  0.09978950  0.61678201
-6.57231998 -0.68912500 -0.90396100  0.18167600  0.34426001  0.94350600  0.80027902  0.35094100  0.58393002
-6.35007000 -0.51543301 -1.03577995  0.22506399  0.60756099  0.63832498  0.65610898  0.54770797  0.35817599
-6.30949020 -0.55951500 -0.46851900 -0.21708900  0.22007699  0.68885499  0.73233497  0.04013270  0.45576999
-6.72753000 -0.27033499 -1.04569995  0.40368000  0.69636297  0.76103300  0.81438297  0.43142000  0.45097199
-6.05806017 -0.88224000 -0.78688401 -0.43511501  0.12361700  0.65309900  0.77626902  0.41751701  0.39890599
-6.76249981 -0.15865301 -0.55671299  0.69209999  0.84023398  0.74112302  0.89748502  0.41468099  0.44356900
-6.56788015 -0.43169099 -0.75994599  0.12457200  0.28625199  0.75059801  0.89636302  0.69621199  0.30787900
-6.73348999 -0.16961300 -0.67411500  0.48877200  0.62640601  0.51102799  0.60312098  0.24800700  0.49047399
-6.41281986 -0.64483100 -1.13095999 -0.08684620 -0.19896901  0.87177998  0.83185101  0.18873399  0.41872600
-7.00628996 -0.18591800 -0.37828001  0.14379500  0.87015098  0.84097999  1.04630995  0.60586298  0.50054699
-6.14896011 -0.57765597 -0.61888999 -0.04045240  0.16701099  0.35512999  0.47307000  0.15504400  0.45632201
-6.21168995 -0.71919602 -0.74914199  0.16675100  0.04447970  0.70620102  0.64149398  0.12838100  0.43788999
-6.34092999 -0.61085802 -0.67558801  0.08888570  0.55021602  0.51951200  0.54052299  0.29466900  0.56059599
-6.26286983 -0.48707399 -0.91931599  0.23389700  0.37538201  0.69003201  0.63745898  0.36820200  0.31188399
-6.50307989 -0.51203299 -1.02049005  0.08281220  0.44869599  0.76799899  0.84679902  0.68935400  0.45652699
-6.45004988 -0.60933101 -0.52753901 -0.38597801  0.34450999  0.96610600  0.87916702  0.54552698  0.32164899
-6.46325016 -0.40606201 -0.43023399  0.24818701  0.58595598  0.69096202  0.64881599  0.48945299  0.40085399
-6.79459000 -0.32802901 -0.49854001  0.24072500 -0.16811500  0.89655399  0.91972798  0.76146001  0.46314901
-6.65742016 -0.55029899 -0.28471699 -0.00676365  0.64940101  0.90717500  0.66099101  0.38190699  0.54978502
-6.49460983 -0.41417599 -0.56098002  0.08978190  0.51258600  0.89078802  0.87782800  0.34621799  0.20459799
-6.45428991 -0.59161597 -0.56395900 -0.26831099  0.05670290  0.77199101  0.87773901  0.62016797  0.52013701
-6.51304007 -0.40179700 -1.07351005 -0.14269100  0.25697199  0.72038001  0.73839998  0.52179402  0.35890901
-6.41995001 -0.41103700 -0.61460400  0.48909500  0.22779600  0.66627002  0.70069599  0.37734899  0.27780700
-6.20730019 -0.92772198 -0.98012698 -0.21006501 -0.46933699  0.69016898  0.90006500  0.29593101  0.37099099
-6.28014994 -0.61470902 -0.78020799  0.06653370  0.65921700  0.56590998  0.54549003  0.40829501  0.31101000
-6.52441978 -0.28039300 -0.78802001  0.08169550  0.72748500  0.48740000  0.73693103  0.58047801  0.39050701
-7.01586008 -0.09496020 -0.37144801  0.70360100  0.45690000  1.01773000  0.86686897  0.72548801  0.31014901
-6.35363007 -0.49139899 -0.36525699  0.42165300  0.18279999  0.61041301  0.76064497  0.41376001  0.23420499
-6.29523993 -0.62649798 -0.60539800 -0.34364799  0.70898497  0.53258097  0.59098899  0.52942502  0.45346501
-6.55448008 -0.43801701 -0.73340702 -0.17920400  0.37453201  0.52132601  0.85072601  0.86136401  0.44298401
-6.55799007 -0.28210500 -0.26001900 -0.11075700  0.77464002  0.53937203  0.80481303  0.30652699  0.29922500
-6.42131996 -0.58334500 -0.41943800 -0.18899100 -0.17873301  0.78887701  0.94685102  0.51787698  0.34682599
-6.31970978 -0.51090503 -0.87935501 -0.18458299  0.69052601  0.59228897  0.67101699  0.39084399  0.24427600
-6.34375000 -0.82626897 -0.92094600 -0.05663300 -0.21686500  0.95610601  0.97752500  0.58674800  0.30215701
-6.36854982 -0.45406899 -0.39701799 -0.28215399  0.36043999  0.57378900  0.67569798  0.46204999  0.30666700
-6.13554001 -0.70980901 -0.77964997 -0.30794501  0.13968700  0.81658298  0.78582001  0.44328299  0.29998201
-6.62602997 -0.49178401 -0.55095100  0.10714400  0.31176299  0.76148999  1.03100002  0.86087400  0.40255901
-6.37876987 -0.59552300 -0.77862197  0.01981440  0.37444600  0.78284299  0.79586500  0.36883101  0.33688599
-6.25645018 -0.78172100 -0.43254200 -0.18511900  0.54911798  0.53884602  0.45601001  0.45010000  0.52629501
-6.30868006 -0.50736803 -0.55076897 -0.29450101  0.31310600  0.65722102  0.92612499  0.43226999  0.14525300
-6.41514015 -0.41402599 -0.89820802  0.46234599  0.40654999  0.50203699  0.69900697  0.06252800  0.51820397
-6.15002012 -0.73725998 -1.05101001 -0.76324898  0.33538100  0.45306301  0.81171203  0.68370599  0.32907900
-6.30417013 -0.56512201 -0.94366300 -0.22853000  0.33300599  0.66843998  0.63200003  0.47379100  0.31416801
-6.64718008 -0.56892401 -0.45079601 -0.14865500  0.47434101  0.96680599  0.83176899  0.66307300  0.50726199
-6.53142977 -0.44997200 -1.22879004 -0.23955500  0.28870299  0.75615299  0.77864498  0.60092002  0.49680999
-6.43238020 -0.55062401 -0.22012000 -0.17291200  0.59423399  0.55872899  0.61327499  0.36551601  0.53799802
-6.39617014 -0.24631999 -0.06073990  0.36163700  0.54230601  0.50101799  0.63699102  0.62179703  0.16460800
-6.02401018 -0.74958998 -0.38225999 -0.43865600 -0.05081410  0.53864598  0.61865300  0.66957700  0.29395601
-6.36992979 -0.55265898 -0.65888202 -0.22693400  0.35392901  0.59868401  0.74008101  0.33811101  0.41207999
-6.58310986 -0.43428600 -0.09680340  0.02455970  0.70349699  0.69172603  0.78279400  0.71859998  0.25893101
-6.46212006 -0.47628599 -1.01736999  0.03501930  0.21159101  0.61804301  0.91390198  0.28036499  0.46896800
-6.31864023 -0.66643000 -0.88374197  0.22281900  0.23761600  0.63270599  0.83916497  0.40136099  0.36659300
-6.45573997 -0.49055901 -0.41478899  0.29257199  0.63140202  0.59928399  0.61991203  0.27991900  0.46737000
-6.04692984 -0.75148898 -0.76566303 -0.31873199  0.17801601  0.65774900  0.62845302  0.38975501  0.24434400
-6.00813007 -0.78497601 -1.05428004 -0.67316997 -0.06791230  0.48596099  0.61502302  0.19710401  0.31333899
-6.66579008 -0.37001300 -0.50018901 -0.36626801  0.64235997  0.47191799  0.64729500  0.50979501  0.67543501
-5.91703987 -0.82096499 -0.88354701 -0.43672600  0.20035000  0.63834202  0.70913798 -0.05178310  0.13490200
-6.22591019 -0.63655198 -1.07281005 -0.41739699  0.23311400  0.51058197  0.62740397 -0.01010870  0.56587100
-6.16464996 -0.71579403 -1.34370005  0.01587130  0.16245700  0.50335401  0.61041403 -0.31600901  0.51241398
-6.21243000 -0.54716098 -0.17925400 -0.34114099  0.40182799  0.38714400  0.47810599  0.09575180  0.43597800
-6.44041014 -0.53593999 -0.68871701  0.16307300  0.24962300  0.71426803  0.90966898  0.45563200  0.36417100
-6.59237003 -0.25744599 -0.25058100  0.03708630  0.50947797  0.52730900  0.84880698  0.59271997  0.34629700
-6.29565001 -0.77232701 -1.22551000 -0.52203602  0.11383700  0.81636101  0.81660098  0.56090897  0.51711398
-6.51634979 -0.33954901 -0.44154301 -0.13884901  0.73526597  0.61835802  0.67670602  0.29169399  0.43436700
-6.59661007 -0.49325201 -0.83904701  0.16652900  0.15827601  0.97089702  0.98658502  0.61336398  0.25689700
-5.95677996 -0.89812499 -0.86746901 -0.01854230 -0.00441688  0.51889402  0.60328698 -0.32626101  0.44738001
-6.40866995 -0.63565898 -0.77290899 -0.08062380 -0.05649270  0.62813801  0.93857098  0.65609503  0.38907701
-6.26321983 -0.70362502 -0.82045501 -0.19730900  0.44654101  0.72420400  0.71420002  0.51500100  0.40659499
-5.95234013 -0.80178601 -0.69001901 -0.33680800  0.20915800  0.60568398  0.43368900  0.31679901  0.32572499
-6.27734995 -0.56070602 -0.37062401 -0.38519701  0.34475401  0.51517701  0.85350001  0.44613001  0.29264101
-5.84706020 -0.96650302 -1.22555006 -0.04676280 -0.11892400  0.45469499  0.70267898  0.13415401  0.26996800
-6.41076994 -0.72830999 -1.03324997 -0.22028100 -0.06508940  0.89417100  0.83415198  0.66402000  0.50395799
-6.45265007 -0.52612400 -1.06525004  0.02287790 -0.05561350  0.71077502  1.06551003  0.60187399  0.34426701
-6.49862003 -0.36419299 -0.29289699 -0.30893999  0.36586300  0.57375598  0.93156201  0.55571002  0.40071699
-6.39306021 -0.42867300 -0.52253002  0.10970600  0.77738398  0.45774901  0.56277400  0.50687897  0.48644400
-6.64116001 -0.39465800 -0.44781899 -0.00566285  0.75825799  0.83881098  0.78117901  0.57271701  0.46183401
-6.30835009 -0.65276700 -0.82456797  0.22748300  0.44411299  0.63871098  0.72718102  0.04712410  0.46963400
-6.54503012 -0.44407400 -0.94481099 -0.00779995  0.38258800  0.62828499  0.69002199  0.45082501  0.48745501
-6.11393976 -0.60198098 -0.57234901 -0.39913899  0.25681600  0.56440502  0.76896697  0.41805899  0.22254699
-6.32554007 -0.48142499 -0.87733001  0.07157510  0.43569201  0.41319299  0.53838199  0.27535599  0.43343201
-6.39549017 -0.53114200 -0.97734803  0.06937210  0.57655001  0.62326998  0.57502198  0.66985399  0.38165301
-6.60551023 -0.41239101 -0.42501599  0.23808500  0.27271599  0.94689298  0.99910402  0.48154399  0.31669000
-6.29512978 -0.57861900 -1.00812995 -0.28174400  0.23387000  0.70901197  0.78663200  0.22697800  0.46997699
-6.42381001 -0.43294099 -0.46670100  0.15735300  0.67800200  0.55807298  0.75370699  0.57309902  0.23249400
-6.28132010 -0.60507202 -0.81612402 -0.50672501  0.01998250  0.66235697  0.98970598  1.06638002  0.28777701
-6.16528988 -0.76420498 -0.37024000 -1.05824995 -0.08225900  0.56874502  0.72851002  0.48680699  0.48028100
-6.52234983 -0.71194398 -0.68702102 -0.18366900  0.24771200  1.10974002  1.03495002  1.04321003  0.28059101
-6.43486977 -0.53314501 -0.42377099  0.07314280  0.33364800  0.59284800  0.70867097  0.12893100  0.61918998
-6.80760002 -0.24470399 -0.40739501  0.09388150  0.24886499  0.94861799  1.04553998  0.70826298  0.38659099
-6.30654001 -0.53918701 -0.51109701 -0.02491170  0.14057900  0.50804901  0.74347699  0.46941501  0.35874701
-6.10090017 -0.67289001 -0.62061203 -0.23206601  0.00573406  0.57259601  0.60502100  0.43635499  0.39735499
-6.18697023 -0.60706300 -0.60289502 -0.12697800 -0.03231770  0.75294101  0.94953698  0.75308901  0.07163680
-6.61710978 -0.54173398 -0.52089202  0.27073899  0.36345300  0.83650798  1.19177997  0.74168199  0.23489800
-6.15507984 -0.69101202 -0.63284200 -0.44345999  0.34496799  0.57910103  0.79872298  0.83699900  0.24519300
-6.32415009 -0.63544899 -0.66676098 -0.13429999  0.11468100  0.83352500  0.88578302  0.39074600  0.33331600
-6.94770002 -0.08910110 -0.46272099  0.36347201  0.88394201  0.82163602  0.97060299  0.83979601  0.24739000
-6.72261000 -0.31345701 -0.61119902  0.53392798  0.50247401  0.92400599  1.00432003  0.93017501  0.17243101
-6.28360987 -0.49287099 -0.91448700 -0.54654199  0.54706299  0.49193001  0.60707700  0.34569800  0.36933601
-6.26970005 -0.63673103 -1.14628005 -0.38346401  0.33751699  0.65084302  0.96927601  0.45440000  0.20157400
-6.67637014 -0.34895501 -0.54073602  0.23702700  0.26618001  0.87953800  1.01681006  0.66899300  0.37369901
-6.32377005 -0.44496700 -0.47592399 -0.38634500  0.39880899  0.52853900  0.80501997  0.76080799  0.39860699
-6.19329977 -0.62050599 -1.22365999 -0.45501801 -0.14837900  0.76185501  0.89001501  0.68632001  0.14395601
-6.44370985 -0.45888099 -0.40786901  0.07581350  0.28715900  0.60597003  0.71355402  0.24077401  0.37648600
-6.50192022 -0.45064500 -0.24148799 -0.16959199  0.22692300  0.86064798  0.96076500  0.85615897  0.19175801
-6.01757002 -0.88362199 -0.91022700 -0.81690300  0.07692970  0.83916098  1.05281997  0.79177302  0.11821600
-6.13474989 -0.81313199 -0.60895199 -0.12304200  0.38960201  0.53838903  0.62522399  0.32635501  0.47566199
-6.10060978 -0.71183002 -0.93945801 -0.33219501  0.09253700  0.50362700  0.45301801  0.43094799  0.38428199
-6.31993008 -0.66963100 -0.38752899 -0.23041900  0.46601099  0.64591098  0.69732499  0.47569001  0.34577501
-6.53987980 -0.58849001 -0.25148401 -0.36605901  0.27007401  0.80442101  0.84443599  0.50208002  0.41658199
-6.14024019 -0.67899001 -0.50204700  0.08770590  0.23823901  0.50356698  0.68931800  0.12040400  0.34564301
-6.91645002 -0.12529799 -0.64141297  0.16627800  0.99783099  0.66493899  1.15600002  0.67947698  0.28107199
-6.16222000 -0.69902599 -1.30352998 -0.18981500  0.35237801  0.64649200  0.74366701  0.49221799  0.26697600
-6.38524008 -0.66833299 -0.72922897  0.15031500  0.41394800  0.70510203  0.72834003  0.30815500  0.48329499
-6.10017014 -0.53738999 -0.42394799  0.00962783  0.36359000  0.50173002  0.68069899  0.16868500  0.18964601
-6.19862986 -0.69915003 -0.86560398 -0.20462801  0.45769599  0.79982698  0.95157200  0.64750499  0.25945899
-6.33052015 -0.60232002 -0.90065402 -0.05029400 -0.08267630  0.75316501  0.76737499  0.56795800  0.32688001
-6.68111992 -0.29647499 -0.21919499  0.01409700  0.47060800  0.86206698  0.95485401  0.36580601  0.40069801
-6.62120008 -0.62354499 -0.48177201 -0.14962800  0.26710299  1.05303001  1.27032995  0.80038100  0.26057401
-5.77924013 -0.94857103 -1.49916995 -0.53088802 -0.02907890  0.38155001  0.32763001  0.36066800  0.37700200
-6.23510981 -0.56309098 -0.62122500  0.11975600  0.34152299  0.46374300  0.48794901  0.18034901  0.41835400
-6.78095007 -0.27583599 -0.37587199  0.23574901  0.43590301  0.80662698  0.95491701  0.88256800  0.29630399
-6.41453981 -0.42239600 -0.50957501 -0.49512601  0.44644901  0.53507102  0.46747500  0.48034900  0.43316701
-6.42781019 -0.47832599 -1.11660004 -0.23442000  0.21788700  0.69335502  0.79967701  0.58053201  0.46554801
-6.25895977 -0.55112398 -0.77478498  0.03068300  0.40766099  0.65660000  0.71313000  0.17537101  0.27350801
-6.55963993 -0.28169301 -1.15243006  0.28647399  0.46245101  0.70798397  0.80435002  0.57936299  0.34699801
-6.57099009 -0.40156701 -0.69105899  0.36007601  0.41211799  0.86830002  0.88475502  0.47885600  0.39383501
-6.14659977 -0.82577503 -1.46986997 -0.39632100  0.23111799  0.68274897  0.74548900  0.34257999  0.34048399
-6.34348011 -0.49480700 -0.45379800  0.13998000  0.36207899  0.63816500  0.85459900  0.70554399  0.34542301
-6.59951019 -0.47981000 -0.21244600 -0.11613500  0.70775300  0.77771801  0.88797200  0.44058400  0.36986399
-6.47243977 -0.29472399 -0.51565999 -0.05540210  0.81723201  0.48312199  0.51850098  0.35852301  0.32072401
-6.47093010 -0.53068000 -0.39862499  0.06221070  0.26356000  0.57347101  0.84103298  0.48072699  0.37599599
-6.43569994 -0.52169400 -0.63365698 -0.32941401  0.11649900  0.66518998  0.77612299  0.71485102  0.44097599
-6.37496996 -0.48495001 -0.61479098  0.24334399  0.60804600  0.62558401  0.60295701  0.52423298  0.31308299
-6.09297991 -0.45022899 -0.55592299 -0.75747198  0.57568800  0.55411702  0.65799701  0.21249001 -0.00133565
-6.60214996 -0.45075500 -0.71603799  0.11998000  0.15139000  0.63318801  0.90573800  0.47382399  0.48307300
-6.58023977 -0.37246001 -0.47552899 -0.36168200  0.31117901  0.72686702  0.86791402  0.54941702  0.40395200
-6.26495981 -0.64049798 -0.45075300 -0.00420984  0.68864501  0.71212500  0.77027500  0.49217001  0.12296800
-6.34615993 -0.45490500 -0.27509901 -0.20411099  0.70277297  0.62162101  0.80497998  0.43449801  0.16181800
-6.40893984 -0.77575099 -1.17168999 -0.19648001  0.11887800  0.83052897  0.88498402  0.40950900  0.54579800
-6.24342012 -0.66638601 -0.68206501 -0.19759101  0.05109340  0.91501403  0.66252398  0.18998200  0.36912200
-6.55313015 -0.42966700 -0.31549999  0.30379900  0.63375598  0.68579298  0.82218200  0.09579100  0.46272701
-6.25479984 -0.80843002 -0.67185199 -0.05753100  0.11134400  0.72278500  1.00687003  0.62106401  0.43121001
-6.37682009 -0.47844100 -0.58974898 -0.29682100  0.26141700  0.49341899  0.68916702  0.22237900  0.45471501
-6.58932018 -0.42422000 -0.26611999 -0.15983900  0.27874601  0.87642503  0.92900902  0.28388599  0.45708501
-6.81627989 -0.25858700 -0.00085337 -0.07084940  0.64476699  0.76909602  0.95998698  0.66791999  0.47348201
-6.33175993 -0.59590298 -0.59016401 -0.45190299  0.15325800  0.79974502  0.83089900  0.46381801  0.15989999
-6.30925989 -0.55171800 -1.00722003 -0.18121500  0.48395199  0.63810802  0.63456702  0.51648802  0.42585799
-5.87593985 -0.70298302 -0.90096402 -0.19408999 -0.11056700  0.45407701  0.54196298  0.02342100  0.26033899
-6.51173019 -0.41228899 -0.35908100 -0.17953201  0.12828100  0.83229899  0.91063499  0.72101802  0.23026200
-5.83846998 -0.82198799 -0.77966398 -0.29318699  0.48524201  0.42685899  0.40233099  0.34196299  0.28753600
-6.38448000 -0.54935598 -0.23818800  0.25185600  0.00941919  0.79921699  0.81282300  0.31511101  0.29663000
-6.03427982 -0.86869103 -0.92411399 -0.00190550  0.22368699  0.63939500  0.77406001  0.33868101  0.27468601
-6.50884008 -0.58246601 -0.78189600 -0.24281800  0.21800400  0.95665699  0.85463101  0.63384700  0.48193800
-6.35586023 -0.36855999 -0.74348402 -0.00394258  0.15470099  0.56761402  0.62018800  0.19162500  0.37005901
-6.05341005 -0.82512099 -1.15567994  0.10476400 -0.01572980  0.52610201  0.64623600  0.05335750  0.41039300
-6.55629015 -0.41280201  0.06905070  0.40225601  0.54573500  0.63912803  0.97853500  0.14631499  0.33805701
-6.41523981 -0.30936199 -0.67817700 -0.32629099  0.17349701  0.51113701  1.00300002  0.53590900  0.31400201
-6.39863014 -0.62888199 -0.80895799 -0.28962401  0.16308300  0.69247103  0.70983601  0.69694501  0.52634299
-6.80350018 -0.42823201 -0.39237499  0.18594000  0.30076799  0.91587800  1.05685997  0.68333697  0.45335501
-6.46205997 -0.58597398 -0.49295601 -0.06072880  0.41888499  0.78937602  1.02593005  0.94798201  0.30110899
-6.04237986 -0.61607099 -0.76441300  0.19748500  0.40885800  0.27947101  0.39152300 -0.11757700  0.32254899
-6.59291983 -0.49912900 -0.73746997 -0.14021100  0.23079100  0.59419101  0.95538801  0.51969397  0.51281101
-6.48627996 -0.53097802 -0.96683902 -0.16338800  0.18545900  0.74952000  0.95664603  0.49689600  0.48838001
-6.55732012 -0.44980299 -0.74160701  0.26868099  0.21990700  0.84388798  1.00530005  0.41929600  0.36957401
-6.14971018 -0.61233801 -0.64127398 -0.26221600  0.23312400  0.59366602  0.65444303  0.35239801  0.28586799
-6.13603020 -0.56243700 -0.53013998 -0.53368002  0.19052300  0.55785102  0.61411899  0.44236699  0.27557200
-6.12827015 -0.64516503 -0.65703201  0.49656799 -0.17687300  0.46828401  0.71897501 -0.05771580  0.41648799
-6.52505016 -0.41893500 -0.50030297  0.42499900  0.75358802  0.60948801  0.76658899  0.28525999  0.40581301
-6.15215015 -0.80936098 -0.37580499 -0.34811100  0.31932500  0.56449503  0.46999300  0.30852100  0.62031502
-6.50480986 -0.45080400 -0.40186301  0.40044600  0.63890201  0.67573702  0.64214897  0.12758200  0.53208101
-6.25545979 -0.49594900 -0.86231297  0.17733499  0.42204699  0.43382701  0.51749098  0.31258899  0.43300101
-6.23870993 -0.67578202 -0.46783701 -0.29118001  0.10050000  0.66352898  0.68472302  0.42572400  0.24966300
-6.75925016 -0.08254370  0.16521800  0.52982599  0.69537503  0.54990703  0.69557601  0.64552897  0.40023401
-6.25868988 -0.71546799 -0.54751903 -0.19556500  0.26664701  0.66344702  0.67766303  0.53501999  0.43458000
-6.33301020 -0.56038702 -0.77135003  0.06216360  0.11620500  0.64592898  0.50466299  0.11159900  0.54274899
-6.30662012 -0.55930299 -1.04254997  0.18638700  0.43303999  0.74503899  0.64908201  0.60269499  0.36078399
-6.52510023 -0.40739501 -0.86948103  0.10764800  0.54553598  0.68159997  0.67127198  0.47117901  0.36504200
-6.56519985 -0.42990500 -0.79136801  0.21607500  0.04909540  0.67467898  0.78393900  0.34036499  0.50496203
-6.36365986 -0.65541601 -0.41331401 -0.43417501  0.42651400  0.63714099  0.77589101  0.45444700  0.34866500
-6.62875986 -0.37995401 -0.87849700  0.14929000  0.59663099  0.74110001  1.03040004  0.83987403  0.38907599
-6.25979996 -0.50895500 -1.04597998  0.01139900  0.17847200  0.51503801  0.40641999  0.05251480  0.43933901
-6.30670023 -0.68380398 -0.66573203 -0.47795400  0.20176999  0.68858099  0.85381901  0.48811299  0.43707001
-6.37930012 -0.40407401 -0.62282997  0.35377401  0.60051900  0.62799197  0.62502998  0.00999382  0.28533101
-6.24081993 -0.67331100 -1.63057995 -0.46276799  0.44536799  0.80422401  0.73821902  0.62034500  0.32512501
-6.42677021 -0.47298700 -0.81994402  0.02000530  0.36056599  0.44045001  0.37512600 -0.04817800  0.66823697
-6.58412981 -0.57507402 -1.02014005 -0.35193801  0.24512599  0.82578498  1.10423994  1.08308995  0.31517801
-6.49480009 -0.41777799 -0.33433601 -0.50096101  0.14003500  0.53491902  0.71114498  0.61725199  0.44111100
-6.05177021 -0.87372899 -1.04278004 -0.25384700  0.17736700  0.40860400  0.60119200 -0.06891590  0.61707801
-6.52961016 -0.28176400 -0.27835801  0.13606600  0.30237699  0.62324500  0.69457901  0.58603197  0.24669001
-6.49932003 -0.62724203 -0.33340001  0.12783200  0.61936200  0.65600199  0.85298997  0.24463500  0.45750400
-5.87205982 -0.84757900 -1.19412994 -0.06259080 -0.16528800  0.65495402  0.80002600 -0.09581810  0.13573700
-5.99189997 -0.74200201 -0.75064403 -0.24038300  0.16321699  0.59923601  0.51615697  0.58790600  0.20785700
-6.29731989 -0.69431800 -1.19533002 -0.46250901  0.07242880  0.75941998  1.02199996  0.53154999  0.29711801
-6.15427017 -0.74453902 -0.81275702 -0.08845420  0.07625700  0.54140300  0.59040600  0.26196900  0.51928699
-6.54867983 -0.46101001 -0.95374900  0.13044301  0.20590299  0.88250798  1.09564996  0.75785601  0.10814100
-6.33718014 -0.65527397 -0.53837800 -1.02890003  0.15535700  0.85387897  0.87708300  0.82815999  0.20918900
-6.59125996 -0.67302698 -0.98608100  0.20324899  0.12164300  0.97595298  0.80147099  0.75470001  0.66181397
-6.43471003 -0.71188802 -0.46773401 -0.20515500  0.47640100  0.59390098  0.72550797  0.60949099  0.54648399
-6.06604004 -0.75833398 -0.77443999 -0.38968500  0.55165201  0.57663900  0.58059198  0.37912801  0.35873801
-6.02635002 -0.81101400 -0.90521699  0.08176230  0.43726099  0.77452302  0.76606798  0.24083801  0.27004400
-6.16801977 -0.79266399 -0.83513999 -0.44543600 -0.06140420  0.85387301  0.77436501  0.60011798  0.23632599
-6.14238024 -0.54967397 -0.47462201  0.01707890  0.54236901  0.50764602  0.55769902  0.40349099  0.30150601
-6.05519009 -0.76220602 -0.86291498 -0.76046199 -0.00070802  0.52160603  0.61027598  0.29899600  0.50392598
-6.66223001 -0.38389301 -0.51009703 -0.22319700  0.15350799  0.79321301  0.83872098  0.42937499  0.37876299
-6.48329020 -0.48184201 -0.43937400 -0.13190401  0.57990301  0.83344001  0.83421701  0.62904799  0.26792300
-6.63231993 -0.20760800 -0.55681503  0.56282997  0.26946899  0.54119903  0.83573401  0.61632103  0.23742799
-6.06913996 -0.72193801 -0.80764502 -0.51603901  0.15881000  0.50431901  0.80795199  0.49189499  0.27714199
-6.42013979 -0.46594301 -0.64133900  0.46228099  0.36150599  0.56439400  0.71796101  0.33742201  0.52452999
-6.32289982 -0.73349899 -1.33054996 -0.08117050 -0.07278240  0.73446202  0.95639598  0.29635200  0.61886400
-6.02193022 -0.65746498 -0.73771501  0.16909800 -0.11205300  0.60373700  0.54522598  0.10165900  0.37597099
-6.35027981 -0.48929101 -0.54433101 -0.13834800  0.51615500  0.59200299  0.56411999  0.57014000  0.35350901
-5.97854996 -1.10645998 -1.10862005 -0.13110700  0.09663020  0.83475602  0.70018399  0.08502070  0.37199900
-6.66881990 -0.19890200 -0.75181800  0.13200200  0.36140200  0.66161001  0.94532299  0.85672599  0.18464400
-6.42353010 -0.71285200 -0.46620700 -0.44348499 -0.06097910  0.94937998  0.86076099  0.43284601  0.41453201
-6.30602980 -0.62370998 -0.80783200 -0.11031300  0.23824500  0.75197899  0.81806302  0.44727001  0.24497600
-6.55346012 -0.43371999 -0.86176401  0.16059400  0.32470599  0.74133599  1.05786002  0.90413600  0.22976400
-6.50447989 -0.50874603 -1.19795001 -0.34913200  0.09934920  0.70408201  0.96313900  0.49088800  0.43072101
-6.49546003 -0.39289200 -0.44804499 -0.30462399  0.20830201  0.48584199  0.46560201  0.35326901  0.50878900
-6.59177017 -0.26916099 -0.17321201  0.06556680  0.55380201  0.54591697  0.65449601  0.46876901  0.45662400
-6.14605999 -0.83793700 -0.98134297 -0.24589500 -0.41441399  0.67866099  0.76770800  0.23260400  0.40693799
-6.89161015 -0.50688499 -1.00056005  0.06469270  0.36406901  1.24073005  1.29075003  0.82215601  0.42185399
-6.26162004 -0.42540699 -0.66853601 -0.12892900  0.48106799  0.37034601  0.65965801  0.75273901  0.24018601
-6.57058001 -0.32887900 -0.39709899 -0.17968400  0.86186200  0.57055300  0.77649403  0.56391698  0.30085400
-6.34065008 -0.44985500 -0.90926701 -0.47286600  0.22233699  0.63268602  0.71459699  0.57768500  0.20378500
-6.28649998 -0.62796998 -0.79069299 -0.29720500  0.03688950  0.49227101  1.02184999  0.70088297  0.29729700
-6.53536987 -0.45442000 -0.53982598  0.12242300  0.54711300  0.85644603  0.77028501  0.96162802  0.22909001
-6.13957024 -0.66580200 -0.89013100 -0.19960500  0.10662300  0.45228899  0.54834998  0.44856399  0.50850397
-6.29733992 -0.62910903 -0.73921502 -0.33767200  0.36757001  0.72382700  0.82955801  0.67346299  0.32754499
-6.26946020 -0.78464699 -0.63108301 -0.48678401 -0.03286770  0.65733498  0.90571803  0.32435000  0.51467800
-6.37505007 -0.42969900 -0.95230401  0.24962200  0.51978701  0.57909298  0.45665100  0.34456900  0.32218200
-6.47958994 -0.42282200 -0.34438100  0.55928802  0.68580598  0.73590499  0.60537201  0.28706601  0.34546000
-6.34780979 -0.49869299 -0.71641999  0.22747900  0.12868200  0.52831697  0.71282703  0.32330099  0.33844101
-6.61046982 -0.52145499 -0.64732999 -0.18631200  0.25717500  0.88929600  1.01819003  0.83141601  0.42072499
-6.51490021 -0.46102700 -1.08187997 -0.16170800  0.09036290  0.73305702  0.73816198  0.61745799  0.51395297
-6.35786009 -0.54397500 -0.83244598 -0.23415300  0.55697900  0.63642597  0.63066298  0.71815097  0.28831100
-6.76804018 -0.46759501 -0.50224501  0.41427901  0.41224101  0.92496997  1.04519999  0.44711801  0.51650500
-6.39842987 -0.56437701 -1.00257003 -0.27364299  0.37430900  0.64824700  0.98424798  0.29400700  0.31594399
-6.38538980 -0.47697499 -0.30078301  0.23120400  0.27346301  0.46414101  0.77255398  0.56352901  0.39577699
-6.89918995 -0.38385099 -0.95278698 -0.13148899  0.54608297  0.93803298  0.91952097  0.73147798  0.68862098
-6.13803005 -0.71418500 -0.93198198 -0.02544410  0.38720199  0.71079898  0.58358902 -0.08109470  0.45949900
-6.22679996 -0.56935799 -0.34996700 -0.67524600  0.43539199  0.29523501  0.70877999  0.63125300  0.19706300
-6.58788013 -0.58135402 -0.79596800 -0.00983906 -0.06528030  0.81671703  1.08290994  0.73889899  0.54970098
-6.64280987 -0.32252401  0.06970160 -0.22584100  0.49553099  0.88001901  0.90044099  0.56517899  0.34434500
-6.16967010 -0.66269302 -0.61523497  0.35672200  0.15415800  0.72427201  0.68165898  0.44570801  0.30090800
-6.47027016 -0.54562402 -0.35110801 -0.10399800  0.22468700  0.75727701  1.05469000  0.82406503  0.24498700
-6.37578011 -0.48260900 -0.22646600  0.42517000  0.33494899  0.71571499  0.52344602  0.19913200  0.40575001
-6.11761999 -0.65047401 -0.50190300 -0.07798070  0.45162299  0.40199399  0.65013200  0.34549499  0.46711099
-6.46919012 -0.41491699 -0.57802200 -0.33383900  0.31508100  0.69795603  0.81144202  0.31517401  0.41171500
-6.78330994 -0.22940899 -0.58501202  0.28932801  0.72247899  0.65607202  0.85860401  1.01244998  0.31006899
-6.22247982 -0.63950801 -0.06215530 -0.17570899 -0.18628000  0.57847202  0.67776603  0.47338799  0.29204899
-6.30930996 -0.48043999 -0.55626303 -0.05727700  0.20644701  0.64047903  0.67194098  0.58017999  0.26467699
-6.52321005 -0.36015600 -0.39899200 -0.19414701  0.63749802  0.65762800  0.82166499  0.17492101  0.47680601
-6.46185017 -0.50022799 -0.24299701 -0.30539799  0.13544400  0.65437502  0.83700401  0.27722800  0.43192801
-6.55532980 -0.61360502 -1.18438005 -0.14596500 -0.07685360  0.88697302  1.07362998  1.07009006  0.39489400
-6.30487013 -0.56173599 -0.97763401 -0.38609400  0.17114399  0.69400299  0.93900698  0.66400898  0.29223999
-6.54687977 -0.49687499 -0.25183299  0.34678900  0.54718399  0.74491602  0.67765999  0.39904201  0.53262800
-6.35114002 -0.53448498 -0.55081397  0.27758700  0.47331500  0.61613297  0.71350402  0.21486200  0.24352001
-6.50324011 -0.58930898 -0.53939098 -0.08704990  0.04797410  0.80151200  0.72131801  0.39996299  0.55473000
-6.27145004 -0.61914998 -0.89571297  0.04204030  0.12154400  0.63705802  0.69870299  0.51901400  0.43022999
-6.29952002 -0.54679197 -1.22149003 -0.01848900  0.37076601  0.47923401  0.63504797 -0.08297550  0.37955901
-6.74801016 -0.22576700 -0.46613401  0.45159400  0.57879698  0.97285002  1.05298996  0.83125597  0.06974010
-6.34123993 -0.61918402 -0.77437800 -0.43387100  0.56453198  0.53245401  0.89539599  0.84631997  0.34590200
-6.54908991 -0.47615701 -0.71470302 -0.28390101  0.34064299  0.60378301  0.92984998  0.56695002  0.35479900
-6.17358017 -0.69583100 -0.68035799 -0.79797798 -0.00293484  0.65434402  0.80613601  0.41943201  0.38592601
-6.55150986 -0.35048601  0.04092170  0.45074901  0.73313999  0.62717700  0.66411501  0.37399101  0.33359900
-6.62294006 -0.37044999 -0.40952501 -0.18017200  0.41988301  0.75229400  0.61410397  0.47797701  0.57454902
-6.27756023 -0.58007902 -0.51587600 -0.21714000  0.58759701  0.65214401  0.68646902  0.39329901  0.25558901
-6.46555996 -0.54781699 -0.69239402 -0.16414100  0.55561203  0.63463497  0.64568102  0.56615901  0.47565299
-6.44887018 -0.67832702 -0.70086098 -0.28970999  0.17318200  0.99119699  1.00495994  0.97146398  0.32143900
-6.15871000 -0.68973702 -1.48371994 -0.59096903  0.18321399  0.82021099  0.73116899  0.42824301  0.41003999
-6.51885986 -0.56836897 -0.56624699 -0.32480001  0.17137501  0.78989398  0.84318900  0.49338201  0.49445799
-6.48515987 -0.46531299 -0.68514800 -0.31982300  0.45674500  0.69718897  0.70923901  0.59081399  0.27202499
-6.64721012 -0.43537399 -0.96126300  0.19890600  0.17692199  0.85305899  0.87452400  0.71647900  0.30719900
-6.78356981 -0.42297101 -0.64420903  0.27842599  0.35185900  0.92288297  0.86856401  0.69965500  0.48826501
-6.75401020 -0.16438100 -0.49598601  0.51196003  0.87575001  0.49384201  0.72218698  0.55452001  0.40789101
-6.42398024 -0.62568301 -1.19281995 -0.25301400  0.42389101  0.78157902  0.82442200  0.85258901  0.28996700
-6.69146013 -0.29639900 -0.74094999  0.10700200  0.55328399  0.78800702  0.95282102  1.06500995  0.17376600
-6.49179983 -0.47760999 -1.12252998  0.26709601  0.25560200  0.77354598  1.11166000  0.44701099  0.31174499
-6.50681019 -0.46132299 -0.49687901 -0.36941200  0.30039299  0.71387100  0.93104702  0.56882399  0.39023200
-6.04633999 -0.63293397 -1.04808998 -0.69874901  0.36951199  0.29229200  0.35345799  0.26534000  0.56733501
-6.31960011 -0.77573401 -0.71899998  0.36064601 -0.18892100  0.72568899  0.56727999  0.33769101  0.66716599
-6.77971983 -0.34626701 -0.37817201 -0.22387600  0.41371101  0.92909002  1.17639005  1.04393995  0.27547801
-6.42973995 -0.60787499 -1.02286994 -0.41438299  0.10448900  0.80235898  0.94262499  0.67069799  0.44912601
-6.37765980 -0.51858503 -0.73100698 -0.40181401  0.48219201  0.60725600  0.79629201  0.68845701  0.25036001
-6.19831991 -0.56426102 -0.64316303 -0.12129600  0.23886301  0.57323301  0.56135899  0.33169299  0.29054800
-6.46647978 -0.48619300 -0.88769400  0.00952415  0.33603901  0.84341198  0.89603001  0.60006100  0.31861001
-6.46674013 -0.45782000 -0.98598599  0.05301330  0.27969500  0.83103198  0.78253400  0.44617301  0.41086599
-6.36405993 -0.56142002 -0.38670000 -0.04043050  0.20034100  0.64872402  0.64674801  0.19751699  0.49110499
-6.58765984 -0.39814699 -0.56968200 -0.26454800  0.38690901  0.68394601  0.84923798  0.40119499  0.33538401
-6.28930998 -0.55646700 -0.91173100 -0.41744399  0.52637500  0.64301300  0.59430802  0.30433801  0.49831599
-6.71135998 -0.19891900 -0.18632101  0.34211501  0.53143698  0.63150299  0.83667600  0.79713798  0.36548001
-6.37158012 -0.51398998 -0.73071802  0.01661070  0.40041500  0.54406500  0.40257701  0.17604700  0.49551901
-6.55350018 -0.25417501 -0.61234802  0.84599799  0.72750002  0.66405398  0.51573801  0.06594580  0.46444401
-6.75740004 -0.16339999 -0.02811740  0.53689402  0.60628301  0.75380099  0.90405399  0.29442999  0.26027000
-6.22228003 -0.45864800 -0.51523298 -0.56576300  0.43662399  0.48157501  0.69918001  0.12873501  0.38113201
-6.56140995 -0.49362200 -0.64596099  0.24894200  0.44340900  0.76088500  0.95054400  0.52234697  0.30328000
-6.26367998 -0.65221500 -0.56180298 -0.58467102  0.41479200  0.70517898  0.66289401  0.63184100  0.27956501
-6.18874979 -0.65331000 -0.67922699  0.10724700 -0.10978000  0.54691398  0.66393203  0.17023300  0.39927900
-6.73262978 -0.33005601 -0.32904601 -0.18337800  0.62175101  0.81018502  0.99800599  0.87790400  0.48029399
-6.46931982 -0.27644199 -1.74409997  0.28379101  0.46247199  0.62872601  0.78672397  0.41347900  0.32498500
-6.22648001 -0.75068498 -0.61766702 -0.43977001  0.27711999  0.61111599  0.48955199  0.18566400  0.54622400
-6.45045996 -0.38612601 -0.94407600 -0.31683099  0.50108802  0.76383102  0.78292298  0.60214299  0.35094899
-6.16193008 -0.70058298 -0.56485099 -0.37625799  0.51428998  0.74005902  0.59816998  0.60108000  0.18547601
-6.07348013 -0.72505498 -0.81350601 -0.04169750  0.19104700  0.56774098  0.56574899  0.27052400  0.32838801
-6.17377996 -0.55271798 -1.01295996 -0.24028400  0.61308903  0.47326800  0.68144000  0.25858200  0.32852900
-6.51285982 -0.57692701 -0.88059998 -0.44071400  0.23110200  0.89033699  0.97197098  0.62634099  0.42100400
-6.12887001 -0.93249702 -0.68839198 -0.33847001  0.11913600  0.71807402  0.72740000  0.32068399  0.52718800
-6.57623005 -0.38563299 -0.30585700  0.01121560  0.45847699  0.69458997  0.83790398  0.80347902  0.39490399
-6.61371994 -0.52975303 -0.40075299  0.29722500  0.40582699  0.52030998  0.69123101  0.10556700  0.77836001
-6.18494987 -0.52305597 -0.84227598  0.29664999  0.26981601  0.50062102  0.78126401  0.39217100  0.27353901
-5.97544003 -0.92109102 -1.49628997 -0.07511130 -0.13689999  0.52239197  0.39501500  0.04734430  0.52552199
-6.29983997 -0.60522300 -0.54048401 -0.13822600  0.22941200  0.80788600  0.67948997  0.62588203  0.17571600
-6.48864985 -0.29923099 -0.10233100  0.18271700  0.40146300  0.52730501  0.77685702  0.45609599  0.28433099
-6.49046993 -0.61120802 -0.97375798  0.49151000  0.38866699  0.79082501  1.06229997  0.55876100  0.25119501
-6.02607012 -0.64216697 -0.46962899 -0.34262401  0.10195000  0.46451700  0.65562499  0.52120298  0.13616700
-6.38644981 -0.20643701 -1.13969004 -0.54506397  0.64998299  0.46497601  0.64675403  0.56426901  0.28669000
-6.31760979 -0.62897801 -0.80426699 -0.29883501  0.01721100  0.71807998  0.88373798  0.40883800  0.46064901
-6.15682983 -0.74725902 -1.12180996 -0.67499399  0.44167700  0.60002702  0.78438199  0.77420503  0.27046499
-6.59762001 -0.50041199 -0.28394401 -0.13981600  0.39776799  0.79375499  0.99786800  0.57146001  0.29055300
-6.31017017 -0.65663302 -0.91128600 -0.02428480  0.33353001  0.82393700  0.80459303  0.78357899  0.29358599
-6.44059992 -0.31927299 -0.60847002 -0.37956300  0.33027601  0.54447001  0.59246600  0.52740002  0.35840401
-6.03065014 -0.77917498 -1.04462004 -0.31997800  0.13635001  0.56817597  0.59468800  0.34109500  0.35681099
-6.42161989 -0.52537400 -0.86730701  0.46292800  0.39125901  0.54300803  0.57735801  0.04563280  0.53431398
-6.27016020 -0.58770198 -0.42888299 -0.06151540  0.24076100  0.58509701  0.86650401  0.50002599  0.31730199
-6.35316992 -0.47924000 -1.27415001 -0.48793000  0.42409599  0.54073203  0.58749098  0.58110702  0.45130599
-6.15736008 -0.67958599 -0.79109901 -0.44970500  0.66241997  0.52999300  0.80741900  0.35176700  0.20470300
-6.00734997 -0.77248800 -1.10092998 -0.16325100  0.28718001  0.68865800  0.86131698  0.57360399  0.03312910
-5.71764994 -1.10239995 -0.73364103 -0.22755200  0.09257600  0.42855701  0.54382598  0.30655199  0.34167901
-6.36113024 -0.72655499 -1.14839005 -0.07211430  0.22859000  0.80264401  0.91899103  1.02212000  0.37373501
-6.40590000 -0.50517398 -0.36114800 -0.00691302  0.38879699  0.55905300  0.64431900  0.20061301  0.52532703
-6.30154991 -0.62061697 -0.85116601 -0.47826400  0.35349301  0.60793602  0.65216202  0.67128599  0.37146401
-6.84119987 -0.06012990 -0.72439599  0.54109502  0.70530301  0.72906101  0.83732003  0.61770397  0.37459299
-6.52429008 -0.47312200 -0.78135997  0.31377101  0.57213300  0.75956798  0.87765199  0.45131400  0.41987899
-6.33654022 -0.54303598 -0.74317300  0.03985380  0.54218400  0.50208497  0.77095699  0.57840103  0.31124499
-6.18343019 -0.51259899 -0.29758599 -0.12854600  0.52674299  0.61548603  0.68545502  0.37325501  0.12488900
-6.56361008 -0.39441800 -0.89705497 -0.67721802  0.13362101  0.66836101  0.97293699  0.68828100  0.46028501
-6.51554012 -0.45186201 -0.74520499  0.27734500  0.59540200  0.60211903  0.74876398  0.23355800  0.51886702
-6.49561977 -0.62768602 -0.51476699 -0.14724500  0.38762000  0.89000601  1.01499999  0.71974599  0.32331201
-6.82551003 -0.21873200 -0.99695998  0.05537710  0.21998100  0.95818400  1.04963005  0.23860700  0.36981499
-6.37000990 -0.45688900 -0.36830401 -0.36223099  0.13985699  0.51657301  0.57427102  0.81396902  0.46446499
-6.58176994 -0.45612201 -0.59359199  0.05778380 -0.07313940  0.80198401  1.02023005  0.98412901  0.20951100
-6.34551001 -0.61698598 -0.79443800 -0.55703801  0.09362290  0.58038503  0.78959000  0.74539202  0.45029500
-6.41309023 -0.39291701 -0.57339102  0.14869300  0.34196401  0.59747601  0.42693099  0.10802500  0.54297900
-6.33478022 -0.64933801 -0.56331497 -0.13293201  0.16290700  0.71311998  0.84475702  0.40869200  0.37078300
-6.35746002 -0.55372900 -1.36249006  0.12094400  0.16467699  0.71825403  0.69860202  0.65950102  0.31872001
-6.33187008 -0.62605798 -1.29944003 -0.03003330  0.16663800  0.63942498  0.72781903  0.32709801  0.55572200
-6.61581993 -0.53039497 -0.57233202 -0.14822000 -0.16978000  0.85592002  1.17553997  0.99721903  0.38217300
-6.66820002 -0.32038501 -0.29162699 -0.16552700  0.55098701  0.92879701  1.03277004  0.85734999  0.18560100
-6.44449997 -0.32300001 -1.30237997 -0.06455440  0.21068300  0.61891401  1.05472004  0.79926801  0.11931700
-6.38865995 -0.38563499 -1.13418996  0.17379500  0.41127601  0.63299602  0.79971498  0.22467300  0.28583401
-6.29004002 -0.61846799 -0.76941103 -0.17172100  0.36621901  0.48665199  0.64538503  0.39046600  0.36836901
-6.52946997 -0.56726003 -0.29629299 -0.44748500  0.16404800  0.74964499  0.89030099  0.48018500  0.44589701
-6.57228994 -0.63709098 -0.61125100 -0.19868800  0.15481700  1.08450997  1.06869996  1.03137004  0.29175001
-6.54936981 -0.41047701 -0.83481097  0.25859001  0.35507500  0.86455703  0.65252900  0.62355900  0.37527600
-6.72171021 -0.17671099 -0.48416701  0.49329600  0.78664398  0.77813601  0.79103601  0.78754199  0.37037399
-6.55966997 -0.31299099 -0.99598801  0.11611600  0.39010999  0.51117301  0.77588099  0.47223401  0.30129901
-6.36185980 -0.45184800 -0.67388600 -0.39857101  0.23974700  0.43282399  0.59335703  0.34866700  0.56062400
-6.51092005 -0.51056498 -0.71676701  0.16877800  0.03096360  0.80556500  1.00267005  0.68105799  0.35627601
-6.45387983 -0.58089399 -0.34123299 -0.32948601  0.17403400  0.54217100  0.79687601  0.17362700  0.68053901
-6.56369019 -0.35000399 -0.55975401  0.25824499  0.46276301  0.76679099  0.74832201  0.59559101  0.40000200
-6.24057007 -0.74412799 -0.72691000 -0.15986100 -0.22145800  0.66560400  0.97175199  0.43578100  0.34338200
-6.12754011 -0.65200502 -0.44995299 -0.05291030  0.06846310  0.58330399  0.75931299  0.16150700  0.24086700
-6.50050020 -0.40494499 -0.64225900 -0.26045999  0.55986398  0.72239500  0.54091400  0.24947600  0.52775002
-6.52070999 -0.44697699 -0.55003399  0.18347999  0.38318101  0.65487099  0.71361297  0.59702998  0.48726499
-6.69290018 -0.28621399 -0.75879902  0.05714980  0.23506700  0.81502801  0.85016400  0.54284698  0.43323699
-6.36197996 -0.48976800 -0.81717002  0.18731201  0.48597601  0.61005402  0.79011601  0.26278600  0.25231501
-6.82389021 -0.20478800 -0.55331701 -0.21244700  0.55895001  0.90575999  0.94121701  0.83538401  0.32006201
-6.15072012 -0.90998501 -0.95685101  0.04916110 -0.23718700  0.69301200  0.77887398  0.28567401  0.44577599
-6.44490004 -0.47841600 -0.07702580 -0.14105800  0.34155700  0.47111800  0.61488998  0.51499099  0.54012400
-6.25098991 -0.70897299 -0.99132001 -0.36283100  0.12807301  0.79457402  0.90841103  0.41651401  0.32949001
-6.23964024 -0.67656898 -0.87499201  0.12087100  0.33364201  0.61285901  0.72027397  0.13480701  0.44602099
-6.55303001 -0.50112897 -0.51206499 -0.27535301  0.45397899  0.78118300  0.83891201  0.62396902  0.55316401
-6.67533016 -0.35055399 -0.50891399 -0.03230500  0.36872000  0.75259697  0.71663201  0.38095400  0.59876001
-6.56703997 -0.48201299 -0.71462798  0.16398700  0.68732202  0.77019000  0.74105000  0.33437401  0.51397699
-6.59738016 -0.45150501 -0.61897397  0.03993270 -0.00675321  0.82441503  0.99428099  0.40817699  0.48512000
-6.50907993 -0.43634400 -1.01305997  0.40261701  0.09954420  0.78348500  0.90924799  0.66672701  0.30028999
-6.25235987 -0.53234601 -1.03832996 -0.14345500  0.66188198  0.62028402  0.81109798  0.21579400  0.26371899
-6.23965979 -0.55990201 -0.51937699 -0.18721300  0.33066499  0.55241901  0.59997499  0.69782197  0.45425701
-6.43851995 -0.36232901 -0.78894502  0.16762000  0.54599297  0.45238599  0.59521699  0.14856499  0.52122599
-6.28685999 -0.54113400 -0.48438799 -0.36845100  0.43845201  0.57369798  0.71254200  0.43507501  0.29747999
-6.32585001 -0.53350699 -1.02824998 -0.13196699  0.18665799  0.56966001  0.62575799  0.61659497  0.35558999
-6.55374002 -0.31705201 -0.51512003  0.15219100  0.46024701  0.61821097  0.74401700  0.38942900  0.55322403
-6.56232977 -0.51235801 -0.38027799  0.04000260  0.29492101  0.92573702  0.80072898  0.20818500  0.48338899
-6.63350010 -0.48776001 -0.30727899 -0.27756199  0.16434599  0.90804303  0.95207900  0.64504403  0.42321700
-6.02227020 -0.89762801 -0.67327398 -0.28564000 -0.05369750  0.61723399  0.70398098  0.46101499  0.32616499
-6.34237003 -0.58239901 -0.56761599 -0.16201100  0.16765399  0.64317203  0.81355202  0.80778199  0.28452101
-6.14997005 -0.72854602 -0.85781199 -0.49676400  0.15271400  0.60383803  0.78868002  0.63207102  0.44377500
-6.41970015 -0.50630200  0.08396270  0.12533300  0.37621599  0.71818203  0.79075903  0.58632600  0.26692599
-6.59324980 -0.47336799 -0.65134901 -0.20903499  0.27255601  0.77654999  1.03877997  0.92425799  0.31825200
-6.43842983 -0.58663601 -1.08203006 -0.00618730  0.31780300  0.78109199  0.78998703  0.73499697  0.44944999
-6.68750000 -0.25882399 -0.25956199 -0.39795199  0.59384102  0.62520701  0.82933003  0.78393000  0.35788599
-5.87300014 -0.81220901 -1.16287994 -0.54893100 -0.20512199  0.48211500  0.51825100  0.26075199  0.36114699
-6.18663979 -0.61569500 -0.91663402  0.06671140 -0.00255452  0.50486201  0.50490898  0.23967201  0.42888501
-5.96066999 -0.66199601 -0.14616200 -0.04826150  0.34159300  0.43074700  0.28854200  0.13101700  0.27484101
-6.30600023 -0.61453098 -0.28361100 -0.32445100  0.01371860  0.80195600  0.85565799  0.66427702  0.28539401
-6.12750006 -0.65052998 -0.42932299 -0.23734801  0.49887201  0.54798400  0.53320903  0.26186001  0.51025099
-6.47693014 -0.55425501 -0.63859999  0.25679600  0.61235702  0.74409097  0.59833503  0.56995100  0.52191800
-6.26654005 -0.36740199 -1.06009996 -0.03725090  0.60807103  0.51428998  0.75271302  0.29059601  0.19924800
-6.31547022 -0.49619401 -1.26881003 -0.10852600  0.02494160  0.47870001  0.73317200  0.05104330  0.55940098
-6.22569990 -0.75211799 -1.16813004 -0.30235100  0.26781401  0.62786901  0.58326501  0.24659300  0.49199700
-6.09626007 -0.75327802 -0.55669701 -0.49946600  0.03078320  0.73102403  0.76746303  0.67823899  0.24955200
-6.12729979 -0.72132999 -0.90352303  0.06728500  0.53214198  0.51133400  0.36987999  0.13181099  0.44541901
-6.14838982 -0.74197799 -0.65940899 -0.43088600  0.04475790  0.65114802  0.61228198  0.21562301  0.45995700
-6.10288000 -0.82424998 -0.92851001 -0.37494999  0.21226101  0.68141401  0.78097701  0.02002160  0.37388000
-6.30042982 -0.59969801 -0.30654499  0.25699699  0.33552301  0.68595898  0.76600403  0.39831001  0.32813600
-6.10261011 -0.81642002 -1.11729002 -0.03494130  0.01630950  0.79787999  0.80672503  0.57539099  0.15513100
-6.09104013 -0.77173799 -0.30873400 -0.05328660  0.40294999  0.84268302  0.50585097  0.49439800  0.16445500
-6.20736980 -0.68809098 -1.09754002 -0.35358399  0.36197501  0.57896000  0.57067901  0.90542197  0.37785900
-6.25462008 -0.76056403 -0.77248001 -0.07133850 -0.20935699  0.64612502  0.74467802  0.35119101  0.56253302
-6.05934000 -0.70622700 -0.92527002  0.23179100  0.29721600  0.60276598  0.65026098  0.25233799  0.23776799
-6.35711002 -0.68013901 -0.64884901  0.04118820  0.36954901  0.86780101  1.00348997  0.55627501  0.34347799
-6.47978020 -0.40086401 -0.98447597  0.04312270  0.54989302  0.55933100  0.40112999  0.12609300  0.66103601
-6.37556982 -0.35488701 -0.67725599 -0.24191201  0.49152401  0.68500698  0.86150700  0.38295999  0.26625499
-6.56619978 -0.38031900 -0.70375800 -0.31262401  0.48919401  0.65796399  0.80031002  0.52098399  0.54853702
-6.50656986 -0.47354800 -0.60292399 -0.45636201  0.48613799  0.73945701  0.73715502  0.62495601  0.43114999
-5.90009022 -0.74070001 -0.68612099 -0.56069702  0.36114100  0.37290099  0.44663700 -0.06607850  0.37274900
-6.09111023 -0.78786898 -1.41226995 -0.55296302 -0.31335300  0.55822098  0.65846801  0.28134701  0.52426398
-6.31850004 -0.68425000 -0.85015798 -0.31329200  0.04906690  0.69462001  0.66412401  0.11642700  0.54425800
-6.67439985 -0.20108400 -1.29768002  0.26091099  0.37244001  0.59988397  0.94873101  0.45211399  0.35122901
-6.20483017 -0.63306397 -1.09425998 -0.16099000  0.26789299  0.47938600  0.95076102  0.65456802  0.19647300
-6.43329000 -0.48482999 -0.65072501 -0.09145940  0.42118600  0.60281003  0.77085698  0.58309197  0.52789801
-6.50730991 -0.49256501 -0.79552400  0.01702970  0.49062699  0.80066198  0.80983901  0.62058198  0.22609100
-6.38410997 -0.44510201 -0.53093201  0.21173400  0.07274830  0.71925700  0.94220603  0.69444698  0.16468599
-6.48079014 -0.42177501 -0.83767599 -0.32488799  0.15172200  0.67622203  0.73782599  0.16457400  0.58306402
-6.80736017 -0.12652799 -0.42857599  0.07685390  0.65406102  0.77724302  0.94899303  0.78768301  0.31760001
-6.31015015 -0.62947798 -0.58452803 -0.18676101  0.54870498  0.62203997  0.89328003  0.59864700  0.22822800
-6.18452978 -0.51714998 -0.55452299  0.18523400  0.08002530  0.41870099  0.60261601  0.14353400  0.06369060
-6.48172998 -0.54888201 -0.89806700 -0.15140501  0.15268500  0.87747997  0.99680901  0.63905400  0.32816699
-6.53350019 -0.35886699 -0.37182501  0.30560601  0.48912099  0.52374500  0.53530401  0.25747299  0.58902597
-6.43120003 -0.45149499 -0.60357100 -0.31339401  0.26897699  0.83031499  0.89016801  0.51591098  0.26055801
-6.59822989 -0.18020301 -0.34287700  0.29997200  0.51800501  0.70836300  0.80774200  0.83408099  0.18854100
-6.47188997 -0.49749401 -0.44227299  0.31588000  0.50982201  0.62910199  0.73129201  0.61432499  0.40109399
-6.50014019 -0.47311199 -0.59837800  0.00481267  0.35280699  0.61241400  0.84595603  0.67283899  0.38632399
-6.08371019 -0.93544698 -0.99173200 -0.40350199 -0.34634200  0.82510602  0.88451499  0.48789299  0.24722600
-6.07209015 -0.59075999 -0.50455701  0.21986400  0.45225099  0.25936401  0.55863398  0.27541599  0.22655100
-6.10761023 -0.70868403 -0.68387300 -0.05887760  0.01935560  0.59620202  0.53896701  0.48589501  0.29354599
-6.69564009 -0.49542099 -0.54508001 -0.02413850  0.57655901  0.92198598  1.08750999  0.71532601  0.34372500
-6.48952007 -0.40295699 -0.55156600 -0.08818470  0.37315899  0.61897999  0.84846002  0.23317800  0.44587800
-6.37530994 -0.48226300 -0.70417100 -0.10234700  0.37650001  0.64838302  0.57684898  0.37405801  0.47498199
-6.31142998 -0.60706198 -0.71067703 -0.06330900  0.32393399  0.40261999  0.61673999  0.20613199  0.48797601
-6.20347023 -0.64879602 -1.38406003 -0.72539598  0.18993500  0.50471199  0.66520399  0.41468799  0.51028597
-6.17929983 -0.76421702 -0.65337300  0.08594060  0.14272800  0.63783199  0.86629099  0.33500800  0.24590001
-6.56686020 -0.41669300 -0.86398000  0.31531999  0.11683000  0.74963701  1.06857002  0.57340097  0.26996201
-6.06217003 -0.82146299 -0.92419201 -0.93317401  0.47766599  0.71913898  0.97271502  0.64380699  0.14266101
-6.20839024 -0.69347203 -1.09353995 -0.18025900  0.29209599  0.46428800  0.72602803  0.30946600  0.35297099
-6.57515001 -0.24943300 -0.43664899  0.33530900  0.59667403  0.67712897  0.84819400  0.69403702  0.15084200
-6.51558018 -0.52952999 -0.91376799  0.09034190  0.39569500  0.88729602  0.93925601  0.69695801  0.28107601
-6.99503994  0.00648462 -0.06712580  0.48138499  0.87969297  0.91398001  0.83292502  0.76343101  0.27096301
-6.63192987 -0.35199401 -0.03638470  0.19983301  0.21586700  0.97248399  0.81968898  0.43878099  0.31380001
-6.47950983 -0.28665900 -0.22084700  0.29189700  0.06592280  0.84595001  0.73449600  0.31493899  0.22835501
-6.32867002 -0.52262998 -0.36605600 -0.06325580 -0.00204341  0.46552300  0.59768403  0.30445001  0.48222101
-6.55104017 -0.35001001 -0.96976298  0.23293699  0.41209000  0.59067303  0.57593000  0.50461203  0.42724800
-6.44725990 -0.59812897 -0.41933599 -0.07442740  0.55669898  0.80836701  0.82833999  0.82054400  0.23333400
-6.28645992 -0.53164101 -0.84531599  0.07885070 -0.18680200  0.59546399  0.92562699  0.42465901  0.29778099
-6.15408993 -0.66351801 -0.49882299 -0.17947400  0.45634699  0.55780798  0.32507899  0.20800300  0.51950401
-6.30110979 -0.59558499 -0.59705597 -0.31075999  0.37664199  0.65501702  0.50811797  0.74176103  0.45013699
-6.12243986 -0.60227197 -0.52331400 -0.37654600  0.41766199  0.53829700  0.53158897 -0.07302990  0.24907599
-6.39241982 -0.52938199 -0.35898000 -0.01498020  0.50819999  0.64659202  0.75806201  0.23498200  0.35068700
-6.36799002 -0.64150202 -0.42960200 -0.73031199  0.46707100  0.73350197  0.72831202  0.55493301  0.52116901
-5.97267008 -0.69579202 -0.73674798 -0.24550600  0.31713399  0.46286401  0.55146199  0.15637100  0.42309800
-6.60309982 -0.25576201 -0.37649500  0.26207900  0.48290300  0.65462297  0.87206799  0.81938303  0.30724099
-6.55666018 -0.41480300 -0.13303199  0.01578660  0.46983200  0.76702303  0.75893700  0.81265998  0.36592299
-6.23079014 -0.69405103 -1.21072996  0.07636460  0.32884800  0.72011799  0.60922801  0.09977730  0.42128801
-6.57181978 -0.41719499 -0.87546802 -0.35565799  0.17511100  0.74815398  0.95919198  0.47520301  0.42644799
-6.44354010 -0.39584401 -0.40177801  0.07197570  0.08662480  0.76795298  0.99507397  0.20856901  0.36196601
-6.44329977 -0.63723999 -0.17538300 -0.40291601  0.06530050  0.80684799  0.80083603  0.56898600  0.33595401
-6.27288008 -0.66505200 -0.84069800  0.07410170  0.48436901  0.71937197  0.68871599  0.60089099  0.27081099
-6.56610012 -0.30270201  0.14018400  0.00082936  0.79487699  0.55870402  0.42129600  0.32574901  0.46687600
-6.59994984 -0.52554297 -0.20477401 -0.13631301  0.27832201  0.89894700  1.09757996  0.79417801  0.28306401
-6.69301987 -0.37062800 -0.62442100  0.13896500  0.68146002  0.93971097  0.98238200  0.96804899  0.23899999
-6.47421980 -0.71323198 -0.25320899 -0.06987830  0.30172101  0.88349497  0.97457200  0.77086502  0.38359699
-6.21013021 -0.82547700 -0.61878598  0.15325899 -0.09340450  0.75218898  0.59944701  0.51692998  0.52839798
-6.35551977 -0.52039301 -0.40043399 -0.08300350  0.35963699  0.67661798  0.86534703  0.32198900  0.25639701
-6.54303980 -0.40635300 -0.66340101 -0.38298801  0.49591899  0.85656703  1.08475006  1.12723994  0.06417960
-6.42220020 -0.45910001 -0.42921901 -0.05165300  0.43416801  0.69004101  0.84697199  0.31792599  0.28568199
-6.62242985 -0.24776299 -0.94032001  0.21225899  0.47036800  0.61076599  0.88221300  0.71420699  0.22976799
-6.23367977 -0.59844202 -0.40562299  0.05225630  0.47189301  0.59565300  0.67277402  0.57434100  0.33156800
-6.57745981 -0.48140100 -0.61775398  0.07387660 -0.00322000  0.76932597  0.94837999  0.69882703  0.44026101
-6.57963991 -0.27913600 -0.30781499  0.03521830  0.76397800  0.64255100  0.79528397  0.34750599  0.34916201
-6.36440992 -0.33952901 -0.54037100  0.43426499  0.46025500  0.45472699  0.49171701  0.40020001  0.34893101
-6.44921017 -0.51805401 -0.83354002  0.08898120  0.23841600  0.82813501  0.81315202  0.60057300  0.27105901
