-6.43264008 -0.70165497 -1.35186005 -0.73660302 -0.21147700  0.79514802  0.93570900  0.45596099  0.59636801
-6.18775988 -0.71141899 -0.72954899 -0.38607100  0.44125301  0.52314299  0.57416499  0.13001999  0.43676600
-6.32823992 -0.63941801 -0.96747398  0.29011300  0.43100101  0.80575299  0.74039000  0.19121000  0.34989199
-6.23124981 -0.62471700 -1.05329001 -0.27750099  0.07484840  0.52522999  0.92339402  0.80512398  0.27566901
-6.56001997 -0.26892400 -0.30960801 -0.02202650  0.41437599  0.58670098  0.61327398  0.34994501  0.49178499
-6.56917000 -0.60000902 -1.10859001 -0.43572599  0.33126801  0.86784202  0.85471100  0.72510099  0.60490698
-6.31509018 -0.57080001 -0.30172101 -0.51172698 -0.05482080  0.67852598  0.90235102  0.55123103  0.29567501
-6.27760983 -0.59262598 -0.78385699 -0.20734000  0.47562900  0.57500499  0.68701202  0.40725601  0.35289201
-6.41192007 -0.68291098 -1.01143003 -0.11798800  0.19643800  0.73601800  1.01173997  0.61154097  0.29320100
-6.57133007 -0.40358999 -0.53011698 -0.39136401  0.36648300  0.69126397  0.87119800  0.61773098  0.39228699
-6.23733997 -0.60180902 -0.90860301 -0.22603500  0.53770602  0.53626901  0.59601003  0.19605000  0.39356300
-6.29869986 -0.72498399 -1.32625997 -0.74592102 -0.09794950  0.73067701  1.00624001  0.31525499  0.45962900
-6.47742987 -0.52705503 -0.61880398  0.38337201  0.41345099  0.75669402  1.08404005  0.64276201  0.27006900
-6.70336008 -0.26954201 -0.60970497  0.48776099  0.43786800  0.53967601  0.74614000  0.38871700  0.60242897
-6.25907993 -0.69610602 -1.07198000 -0.31874400  0.06295510  0.70914501  0.82812500  0.51616597  0.39256701
-6.50282001 -0.53914201 -0.93991703  0.00749926  0.03652530  0.78580099  0.98973900  0.61894900  0.27026501
-6.11448002 -0.92683899 -0.91367900 -0.87235802  0.24118000  0.77419800  0.75389802  0.61273301  0.38851100
-6.62061977 -0.48076701 -1.04635000 -0.02658550  0.16505800  0.84017098  0.98049599  0.32147500  0.43005899
-6.49916983 -0.38606301 -1.60459995  0.33312899  0.48015201  0.51443398  0.74856001  0.59205401  0.43878499
-6.49060011 -0.60138500 -0.62973499  0.09803830  0.45140800  0.80363399  0.74840897  0.54185897  0.48516500
-6.39764023 -0.50932300 -0.43904099 -0.42240500  0.30851299  0.64190602  0.78135699  0.52174801  0.34196901
-6.73673010 -0.39476401 -0.36428899  0.26334700  0.56401700  0.77944601  0.78799403  0.60215503  0.52731198
-6.60066986 -0.45043501 -1.13575006  0.08149140  0.27412301  0.87820703  0.78376400  0.81843901  0.40117800
-6.20395994 -0.68045002 -0.93558598 -0.05949150  0.05500460  0.60916197  0.73286098  0.13865601  0.27673700
-6.19483995 -0.75187200 -1.07821000 -0.30409500  0.06691210  0.68764102  0.72746098  0.22889300  0.40946099
-6.25577021 -0.61676002 -0.58977801 -0.09138500  0.13445900  0.76760697  0.79920298  0.21888900  0.21101700
-6.38219023 -0.62584603 -0.60860199  0.00922188  0.31244501  0.70655799  0.65160000  0.44130799  0.39319199
-6.35563993 -0.59338498 -0.57905602  0.15523800  0.33724400  0.66500002  0.69063097  0.52095002  0.42412201
-6.33357000 -0.60092199 -0.74534601 -0.39716500  0.03426080  0.72841400  0.83739299  0.46417201  0.31231499
-6.37310982 -0.55055600 -0.81807202 -0.38404801 -0.04389160  0.75770903  0.91711301  0.39051899  0.40967900
-5.80614996 -1.11768997 -0.74911499 -0.24543700  0.02585190  0.75086302  0.60062099  0.44455299  0.14238700
-6.24792004 -0.79102802 -1.10958004 -0.31032401  0.09612720  0.74437398  0.98019999  0.56614900  0.37663901
-6.27684021 -0.60696602 -0.60794598 -0.56785703  0.06475120  0.77548701  0.50733203  0.47578001  0.46494001
-6.44329977 -0.44090399 -1.04145002 -0.40084901  0.45499799  0.73348701  0.82346898  0.35498101  0.41252601
-6.57797003 -0.71951199 -0.90480798 -0.54094702  0.13691700  1.16516995  1.07218003  0.89767802  0.39049000
-5.81694984 -0.78862101 -0.74044001 -0.25303900 -0.24558499  0.38981500  0.52797902  0.38500100  0.16791300
-6.37014008 -0.50139302 -1.16201997 -0.35583800  0.34097499  0.81617898  1.03235996  0.91553497  0.13801301
-6.33016014 -0.62371802 -0.30549201 -0.12670200  0.47814599  0.80623198  0.77522701  0.71043402  0.30479899
-6.63067007 -0.47910100 -0.35144401  0.33006400  0.13245399  0.77592897  0.95636302  0.70985901  0.40647200
-6.40194988 -0.66893798 -0.53489399 -0.24200000  0.39807299  0.96513700  0.69851899  0.62040401  0.37111601
-6.63298988 -0.43949801 -0.29456499 -0.53747702  0.45282200  0.83531702  0.63792098  0.42851099  0.56506902
-6.46743011 -0.49626699 -0.74056900 -0.00960182 -0.03634580  0.72679901  0.83216798  0.31436899  0.43967500
-6.79433012 -0.46970499 -0.82008898 -0.03805840  0.49932700  1.06103003  1.11970997  0.69717199  0.37546501
-6.37543011 -0.64758098 -0.56866902 -0.42789301  0.29130501  0.85777301  0.88116503  0.64896399  0.41402999
-6.61674023 -0.33883300 -0.88337600 -0.01558030  0.35638499  0.63447398  0.79717702  0.25345001  0.59073299
-6.27207994 -0.61805099 -0.67043602 -0.55419701  0.30990201  0.48669299  0.72646302  0.61438400  0.40148100
-6.39816999 -0.55155998 -0.20511200  0.01772810  0.31526801  0.83963102  0.86058402  0.25507101  0.26919800
-6.15382004 -0.66087598 -1.22509003 -0.17192000  0.31299099  0.66602099  0.77060503  0.60846901  0.25877899
-6.05417013 -0.86682498 -1.21132004 -0.36763299 -0.15756500  0.51310098  0.61582500  0.29155800  0.48701799
-6.39421988 -0.57024199 -1.29740000  0.01277800  0.07282650  0.59790301  0.79090703  0.74421197  0.55626202
-6.25431013 -0.81316501 -1.11275005 -0.14959300  0.04218270  0.47973901  0.78369200  0.20543000  0.59499002
-6.53014994 -0.44501400 -0.25026101  0.34870100  0.64112800  0.92894202  1.08238006  0.67871398  0.16491701
-6.35514021 -0.50499201 -1.37713003 -0.00560383  0.35258400  0.66558403  1.00827003  0.65471601  0.27557501
-6.28325987 -0.70809501 -1.21501005 -0.47268799  0.04160680  0.90717900  0.72445297  0.33934301  0.43284801
-6.26006985 -0.45921001 -0.31511900  0.32186401  0.03845490  0.52731901  0.68909103  0.62082398  0.20247000
-6.32090998 -0.65221900 -0.64838701 -0.36106199  0.12018500  0.57662499  0.61601102  0.47020000  0.49451199
-6.42425013 -0.62208700 -1.27622998  0.14186101 -0.13621201  0.64779800  0.84722698  0.21927901  0.69561702
-6.28302002 -0.55777198 -0.99013299  0.06994190  0.43184999  0.70953602  0.81339198  0.37020800  0.27030000
-6.11002016 -0.81304997 -0.74504298  0.14237601  0.14527300  0.76487201  0.85363799  0.56796402  0.15534100
-6.70947981 -0.32203701 -0.63481700 -0.26449701  0.30702201  0.63424897  0.87441498  0.36852500  0.53412402
-6.48868990 -0.75144702 -0.84631598 -0.62553602 -0.05901340  1.10195005  0.98832101  1.18823004  0.46608901
-6.18412018 -0.73034102 -1.08042002 -0.32088599  0.04769330  0.75851297  0.57802999  0.13806000  0.50796700
-7.01476002 -0.17464399 -0.25987700 -0.71441799  0.43440300  0.87657398  1.07325995  0.88783002  0.50500798
-6.21422005 -0.62286198 -0.38683999  0.05415140  0.01366510  0.45310000  0.66584301  0.72325099  0.31582299
-6.46351004 -0.48912701 -0.23346899  0.02497300 -0.02442990  0.61521399  0.84126502  0.33665401  0.44942001
-6.52861977 -0.36587599 -1.00338995 -0.15599900  0.36478099  0.66253102  0.83003700  0.29006800  0.44284999
-6.11167002 -0.77531302 -0.28535700 -0.40048501  0.07100590  0.79048300  0.57409799  0.42943901  0.21545000
-6.81029987 -0.34923401 -0.37474301 -0.11852600  0.40234599  0.96335202  1.10675001  0.93661302  0.29715699
-6.24541998 -0.76558101 -0.80970198 -0.23248500  0.14811400  0.71324599  0.89827901  0.47457799  0.45066401
-6.39336014 -0.59989101 -0.87478000  0.21445200 -0.00480755  0.73513001  0.61016297  0.37003201  0.62981999
-6.21445990 -0.65743798 -1.14942002 -0.33141699 -0.06278140  0.58626902  0.94808698  0.30555001  0.30644599
-6.55041981 -0.51430303 -0.47620901 -0.55570501  0.30103999  0.94621700  0.83138299  0.75270700  0.36758101
-6.22268009 -0.62408203 -0.75600499  0.14614999  0.07565340  0.50639403  0.69177401  0.25324100  0.19955800
-6.24675989 -0.50466901 -1.03310001 -0.12691300  0.22369801  0.52237201  0.64563900  0.29934001  0.24137600
-6.90428019 -0.04463570 -0.49738801  0.25327101  0.82624298  0.72805899  0.73380399  0.49476400  0.51777101
-6.18180990 -0.68860000 -0.65432501 -0.19414701  0.09077400  0.88187402  0.88599300  0.72510499  0.18637601
-6.38276005 -0.62085301 -1.52367997 -0.24983400 -0.11377300  0.67306799  0.86216003  0.52867699  0.34477401
-6.63217020 -0.26825199 -0.13083000  0.20825900  0.72114098  0.62555498  0.80849099  0.55936199  0.44361401
-6.39117002 -0.61104602 -0.71925402 -0.11485500  0.16988200  0.78921598  0.85260600  0.34038800  0.31169301
-6.69177008 -0.21719900 -0.50734901  0.67027903  0.36270100  0.57614499  0.98431301  0.79953700  0.29484600
-6.25481987 -0.52168101 -0.97240299 -0.19826201  0.15514100  0.68013901  0.91262698  0.55228698  0.20334101
-6.74000978 -0.13741000 -0.26880601  0.27363399  0.37040299  0.75339001  1.00516999  0.54541701  0.31416699
-6.77170992 -0.13864700 -0.46974501 -0.25420499  0.82288700  0.70666897  0.75351501  0.95880300  0.39173299
-6.06901979 -0.56765199 -0.82261801  0.10924900  0.36254501  0.40905699  0.67066300  0.31779301  0.17193300
-5.90770006 -0.99929702 -1.00676000 -0.60975701 -0.01404930  0.66146600  0.58732301  0.15922900  0.42412600
-6.38637018 -0.31589299 -1.38353002  0.49234900  0.53504401  0.46431801  0.55201399  0.12537900  0.50352299
-6.42965984 -0.51614499 -0.85259199 -0.01024470 -0.06099000  0.63564003  0.84559202  0.30667701  0.35429001
-7.09265995 -0.29146400 -0.40995601 -0.00742333  0.14098801  0.95255101  1.38647997  1.04130006  0.45740700
-6.58839989 -0.69244099 -0.82391697 -0.04160480  0.31235299  0.81704801  0.86978602  0.46948901  0.55859798
-6.37081003 -0.73039103 -0.69817501 -0.51760399  0.12140500  0.97175300  0.96117699  0.67697102  0.33401501
-6.51758003 -0.30816901 -0.32986000 -0.16212501  0.44800699  0.56457502  0.71876597  0.56931400  0.45092499
-6.55271006 -0.39256501 -0.69353700 -0.11995000  0.39044800  0.78861701  0.82591301  0.33599001  0.44214901
-6.54104996 -0.41162401 -0.64729202  0.03322100  0.25684199  0.73330301  0.82005399  0.63065499  0.39349300
-6.60486984 -0.44593799 -0.81717902 -0.21978401  0.51839697  0.79461700  0.78715003  0.80103999  0.45905399
-6.47801018 -0.57852799 -1.03713000 -0.50649202 -0.04583900  0.69164300  1.12539995  0.69882399  0.46655601
-6.53578997 -0.53078198 -0.36541799 -0.27883101  0.29989401  0.84558702  0.85908002  0.80789900  0.38418499
-6.67526007 -0.44600701 -0.40239900 -0.27102599  0.25817600  0.98933703  1.04779994  0.69002599  0.31230801
-6.51281023 -0.60786498 -0.97316301 -0.05099000  0.26762599  0.81683201  0.95802301  0.89103103  0.44672799
-6.21299982 -0.59235400 -0.48471901  0.06322250 -0.17609499  0.56101203  0.82283300  0.12069400  0.40209001
-6.25277996 -0.68737000 -1.36848998 -0.22792700  0.34462100  0.70699197  0.83071101  0.46236399  0.38506401
-6.05988979 -0.83149397 -0.79104799 -0.24752299  0.10972900  0.68855000  0.62217098  0.59868199  0.38556600
-6.58050013 -0.42405200 -0.55516702 -0.40250501  0.43834099  0.65983701  0.54836100 -0.03952880  0.67906600
-6.18204021 -0.78623497 -1.22979999 -0.21335299  0.24624901  0.74582201  0.86368501  0.47282600  0.26787001
-6.34680986 -0.63198203 -1.11228001  0.03515160  0.40881100  0.65627700  0.74861097  0.53914303  0.32956600
-6.63905001 -0.49647799 -0.15155600  0.03048120  0.25972900  0.68843597  0.63808900  0.47715801  0.63659799
-6.19128990 -0.67807400 -1.38861001 -0.47697499  0.24228400  0.51484197  0.66078800  0.49267000  0.46317601
-6.64797020 -0.33573601 -0.53254998  0.29685000  0.47852099  0.78054601  0.88297600  0.66188800  0.33670801
-6.35024023 -0.84853202 -0.83449000 -0.47830999  0.09610180  0.87086898  0.72799200  0.55846900  0.59638000
-6.78120995 -0.44845599 -0.84123403  0.10460000  0.53027898  0.97812998  0.98674899  0.62689400  0.51979101
-6.66288996 -0.38396400 -0.64778602  0.35542899  0.50004703  0.82283700  0.86362100  0.81591702  0.41523099
-6.56434011 -0.57588500 -0.63126600 -0.15124100  0.31156400  1.14534998  1.10254002  0.84993201  0.18128400
-6.40231991 -0.58962899 -0.25814199 -0.66935199  0.38721001  0.74888802  0.79331100  0.98577797  0.35147601
-6.80053997 -0.39768901 -0.58185601  0.01091030  0.36247301  0.72962499  0.82821798  0.54667699  0.71490800
-6.27225018 -0.60229498 -0.17545800 -0.08506780  0.19364800  0.73952198  0.88015199  0.49467200  0.17019300
-6.10826015 -0.58961600 -0.74255902 -0.15727100  0.05991560  0.57764697  0.59452403  0.54760998  0.32867199
-6.38068008 -0.53088999 -0.84546101 -0.06979050 -0.07309060  0.56082898  0.82007903  0.61462599  0.45100299
-6.08763981 -0.54364502 -0.78822899  0.00578060  0.67935401  0.32902399  0.53640997  0.31236601  0.30578700
-6.02156019 -0.77581000 -0.56566900 -0.14910901  0.18628500  0.54216301  0.55527699  0.21088700  0.43425301
-6.19469023 -0.70403498 -0.72013801 -0.28618500  0.12361900  0.75424999  0.73023802  0.36833599  0.35241100
-6.34340000 -0.60399902 -0.40377501 -0.67417401  0.11582900  0.75141799  0.73500800  0.31263399  0.45272499
-6.22775984 -0.67938101 -1.61772001 -0.61040199 -0.01576050  0.71272600  1.03815997  0.54456300  0.27809799
-6.72243977 -0.11574400 -1.29588997  0.14279200  0.33316901  0.67463303  1.03639996  0.84343600  0.29233101
-6.64198017 -0.41427901 -0.84622902  0.14167300  0.13876700  0.70720202  1.03736997  0.71723998  0.32238299
-6.41549015 -0.64156502 -0.81059599  0.07997020  0.40747201  0.97197700  0.86122000  0.49744299  0.30801401
-6.38369989 -0.76032698 -1.07482004 -0.33716601  0.19469300  0.76820803  0.85919398  0.41494101  0.50969398
-6.44342995 -0.49801400 -0.96721202 -0.15091801  0.22248000  0.82316601  0.90662700  0.66187900  0.27452999
-6.41711998 -0.54900301 -0.74814802 -0.24716599  0.27961901  0.62279397  0.71879601  0.36862999  0.43228900
-6.33942986 -0.51536399 -1.04727006 -0.91606998  0.16183899  0.52269500  0.77097398  0.45145401  0.48493099
-6.32840014 -0.65560800 -0.51617903 -0.53942901  0.39328501  0.76840901  0.89601701  0.67015898  0.43019599
-6.16864014 -0.83298498 -1.53953004 -0.79347301  0.04551630  0.78783900  0.94488102  0.42232001  0.27778101
-6.29659986 -0.73280001 -0.69501400 -0.14167200 -0.02790090  0.87154299  0.70606202  0.46914801  0.44115999
-6.68085003 -0.33487701 -1.15723002 -0.11594400  0.49618700  0.73327702  0.84284902  0.41249001  0.38269499
-6.68723011 -0.29207501 -0.31773400 -0.04748130  0.42378199  0.56479001  0.83140898  0.28751400  0.58037502
-6.37155008 -0.40182999 -0.85003799 -0.75283700  0.35997301  0.55176699  0.80475098  0.75051701  0.27332300
-6.37426996 -0.61094099 -0.79116899 -0.28856900  0.40370199  0.75971502  0.73468000  0.50555301  0.44689000
-6.02914000 -0.75799698 -1.26859999 -0.17952999  0.29123101  0.62751698  0.74411500  0.55800903  0.23044901
-6.32726002 -0.66752303 -0.86326802 -0.31754300 -0.08277990  0.64988101  0.85419101  0.35512301  0.47512299
-6.53468990 -0.52865499 -0.99712700 -0.83140600  0.62484097  0.70622599  0.78391600  0.54223502  0.58251899
-6.29918003 -0.42487001 -0.27039599 -0.04689950  0.67052603  0.37408099  0.66976398  0.50754100  0.37746400
-6.32992983 -0.54515898 -0.87023997  0.35407099 -0.02963560  0.61431497  0.79339403  0.36456299  0.29445699
-6.68026018 -0.60828501 -1.19087994 -0.51324099 -0.02142980  1.15331995  1.22185004  0.89291000  0.41893300
-6.56869984 -0.46949500 -0.87490398  0.18199401  0.48609599  0.82398999  0.62188601  0.70036900  0.44020799
-6.47191000 -0.53799802 -0.71555197  0.26881400  0.49163401  0.59750497  0.82102299  0.84261203  0.37908101
-6.56712008 -0.49098101 -1.16324997  0.31427601  0.64971501  0.89853603  0.88795298  0.98962998  0.27109799
-6.30646992 -0.63733703 -1.06353998 -0.23766001  0.35295799  0.78037900  0.87205499  0.68536001  0.23014800
-6.49989986 -0.76220101 -0.92554802 -0.40349400 -0.13845500  0.99439901  0.98909003  0.59795803  0.60109198
-6.67927980 -0.47249201 -0.63760197 -0.07667390  0.58325601  0.86894900  0.93814099  0.85338497  0.31209600
-6.96643019 -0.35914499 -1.16003001  0.07505550  0.12992100  1.13961995  1.31971002  1.00288999  0.36377299
-6.05507994 -0.75458699 -0.97952700 -0.47974601 -0.03119690  0.70296597  0.80583698  0.70922101  0.16052100
-6.39608002 -0.55245000 -0.54946703 -0.03303650  0.27014899  0.75476700  0.94144702  0.82784200  0.19653600
-6.42101002 -0.50853097 -1.12071002 -0.16413200  0.40803799  0.79517603  0.63397998  0.51309103  0.34216499
-6.13185978 -0.90473902 -1.47358000 -0.10320400 -0.11898100  0.70061100  0.80245101  0.55987102  0.28346801
-6.48226023 -0.22832800  0.11313000  0.07860700  0.68590403  0.42203200  0.71496099  0.66281098  0.24641800
-6.17358017 -0.64348501 -0.70845097 -0.16724600  0.48072600  0.50855303  0.50582302  0.37704799  0.42035499
-6.52364016 -0.51759899 -0.57529998 -0.06856830  0.24541201  0.80148298  0.75331599  0.37274700  0.45155299
-6.57668018 -0.53307903 -1.10619998  0.03261330  0.25459599  0.83323699  0.89230603  0.60128099  0.37588000
-6.56545019 -0.60344201 -0.35684800  0.16860700  0.22126999  0.90457302  1.02304006  0.88954097  0.25336200
-6.19892979 -0.76782900 -0.10104500 -0.35459501  0.07143820  0.71810001  0.73494399  0.41375199  0.43964401
-6.36909008 -0.53664201 -0.66195601 -0.27338800  0.23687100  0.70991498  0.74063200  0.71499598  0.36716399
-6.12715006 -0.90605199 -1.35625005 -0.49441299  0.24135600  0.67084199  0.73488897  0.09904230  0.45291200
-6.68785000 -0.38323399 -0.77926701  0.40155500  0.01484450  0.86026901  1.28689003  0.74604797  0.27220699
-6.23837996 -0.64492202 -1.30297995  0.10926800  0.14141600  0.74637699  0.92342597  0.34310701  0.10750300
-6.55281019 -0.71301800 -0.85052103 -0.41097701  0.41511101  0.85760599  0.95839399  0.68480003  0.48288000
-6.55972004 -0.43691599 -0.29167500 -0.28310701 -0.00111854  0.72144401  0.98555601  0.50046802  0.37632599
-6.11989021 -0.72744203 -0.71016598 -0.28684801  0.17445900  0.47709399  0.63774800  0.57595700  0.32710001
-6.32173014 -0.60243100 -0.43768999 -0.40307999  0.57447302  0.40989101  0.47465399 -0.00502326  0.57046002
-6.53446007 -0.42778900 -0.59517097 -0.22665399  0.46566701  0.80099201  0.94833302  0.64838099  0.25663099
-6.41029978 -0.50555301 -0.55494899  0.01527500  0.46507901  0.78096700  0.74741501  0.53570801  0.36016101
-6.11088991 -0.67640501 -1.26178002  0.00902760  0.38909900  0.47508800  0.64449698  0.50458997  0.19496700
-6.61719990 -0.32647800 -1.06647003 -0.14762700  0.53647298  0.72404200  0.97294801  0.89951402  0.34810099
-6.66216993 -0.51823503 -0.30807501  0.06099000  0.51377398  0.92193699  1.02770996  0.38462201  0.30886501
-6.93806982 -0.04248560 -0.19437400 -0.14803000  0.41395199  0.70201403  0.86535400  0.66371900  0.49691501
-6.31665993 -0.63112301 -0.71460599 -0.25345099  0.19773600  0.55068898  0.73227799  0.38138300  0.44949800
-6.58979988 -0.50463802 -0.29350501  0.24255300  0.70182198  0.76967400  0.60906202  0.34342000  0.50553298
-6.16319990 -0.50865000 -0.89084798 -0.46251300  0.11289800  0.60658199  0.86858201  0.39070201  0.18060701
-6.13310003 -0.72554398 -1.03626001 -0.28045601 -0.10614000  0.45438799  0.82815999  0.45490700  0.47378299
-6.01872015 -0.86266100 -1.47996998 -0.37753800  0.01088920  0.58527303  0.80446100  0.39421499  0.46643400
-6.43872976 -0.56265599 -0.65815401  0.23263600  0.24710800  0.80877101  0.91776502  0.54560798  0.22178499
-6.66009998 -0.28916201 -0.35483101  0.04705020  0.70416200  0.86164200  0.66760600  0.51950902  0.47519201
-6.31588984 -0.78338897 -1.47131002 -0.59672600  0.29973599  1.14293003  0.98545998  1.02548003 -0.02899520
-6.07133007 -0.84055102 -1.43216002 -0.53967297 -0.13374101  0.63804901  0.77705801  0.59265000  0.36731401
-6.13081980 -0.60108697 -0.92060900 -0.20171900  0.06669270  0.50360101  0.82742101  0.08578680  0.37312901
-6.65055990 -0.32555801 -0.74231303  0.01627880  0.17768700  0.78700799  1.12418997  0.82785797  0.21978800
-6.38867998 -0.53650498 -0.34365201 -0.48988500  0.33499700  0.79903603  0.85304201  0.52350402  0.28067499
-6.94060993 -0.25978199 -0.40207699  0.36720100  0.72144502  0.89452100  1.09151006  0.81175399  0.36820501
-6.54537010 -0.58766699 -0.39225700 -0.20668700  0.47506100  0.87947100  0.71237397  0.53060198  0.56577897
-6.47391987 -0.49715501 -0.71881801  0.24756700  0.40061799  0.67704898  0.78395998  0.89861000  0.22676700
-6.45832014 -0.58675700 -1.02871001 -0.48526299 -0.08134580  0.94248199  0.99913901  0.55681503  0.45282099
-6.76492977 -0.25112000 -0.95832300 -0.03412290  0.28601900  0.84340298  0.95912600  0.57274598  0.42407301
-6.55491018 -0.51641500 -0.48106501  0.17818999  0.26937699  0.72093201  0.88151300  0.65490597  0.45511401
-6.68125010 -0.24671701 -0.48394299  0.03274450  0.76989901  0.61561602  0.98037100  0.71897000  0.23822799
-6.73157978 -0.35291299 -0.98723799 -0.05851990  0.28548199  0.88876802  1.07799006  0.55701500  0.44977501
-6.70425987 -0.50698203 -0.11953100 -0.16329800  0.58677000  0.95935100  0.99619001  0.90413201  0.50371897
-6.82623005 -0.30219099 -1.22147000 -0.10225500  0.14683799  0.90724200  0.88210601  0.90800101  0.57164401
-6.51428986 -0.43440700 -0.81793898 -0.34603700  0.35841599  0.77108598  0.74713600  0.40917599  0.41760901
-6.38844013 -0.62465900 -0.99643600 -0.34748101  0.02498970  0.81481600  0.96032202  0.46541601  0.40063801
-6.38224983 -0.50238699 -1.27351999 -0.16151200 -0.17057399  0.59005600  0.97822201  0.17364900  0.30751199
-6.50252008 -0.43421301 -0.65773201 -0.45183101  0.39734301  0.69119400  0.65824801  0.46937501  0.42777300
-6.56994009 -0.50761098 -0.69484299 -0.04252990  0.16516601  0.70013201  0.89695102  0.38844600  0.43685701
-6.67148018 -0.21087900 -0.78175300 -0.29506001  0.76604402  0.93261802  0.96359402  0.85278600  0.09821840
-6.60023022 -0.45680699 -0.84004003 -0.04163710  0.41138601  0.86987603  0.84951001  0.98019302  0.24173100
-6.21317005 -0.57048100 -0.79191703 -0.40292501  0.33526999  0.59419000  0.75642902  0.57451099  0.37399799
-6.36964989 -0.58572000 -1.26161003  0.14252800  0.13521700  0.64233100  0.93030602  0.63897997  0.46749601
-6.59041977 -0.55323702 -0.75639302 -0.33600199  0.53133601  0.98400599  0.94963098  1.05560994  0.21423200
-6.58022022 -0.54510599 -0.68524998  0.50127703  0.51429701  0.85670602  0.99049401  0.37182999  0.35619101
-6.71662998 -0.64463198 -1.44376004  0.00868276  0.09622180  1.26501000  1.12347996  1.24948001  0.37608600
-6.60553980 -0.63835001 -0.84048200 -0.00537476  0.39062101  0.72534299  0.93322599  0.17795400  0.62008399
-6.35316992 -0.46375000 -0.93315500  0.13092700  0.67391700  0.35913801  0.22794200  0.00716983  0.59867698
-6.31584978 -0.80359298 -0.86634201 -0.47056001  0.14642701  0.59831297  0.95854902  0.45042801  0.59912503
-6.45233011 -0.54018199 -1.39687002 -0.15308701  0.26642799  0.74577302  0.70757002  0.61991799  0.59459400
-6.45506001 -0.55662203 -0.19191100  0.07030670  0.70242900  0.80229503  0.62352097  0.80369598  0.29851800
-6.64237022 -0.24887100 -0.08518710  0.05175380  0.76476699  0.46103099  0.69293702  0.56249899  0.49796399
-6.54351997 -0.43296099 -0.46085301 -0.20843500  0.51230401  0.66971999  0.86507702  0.38216501  0.41728699
-6.19426012 -0.67867500 -1.00818002  0.05804090  0.05189700  0.75299299  0.76437598  0.06830980  0.39638701
-6.20211983 -0.69837701 -1.02171004  0.02229630 -0.00486447  0.76756901  0.70569497  0.68193299  0.36250901
-6.36333990 -0.47642899 -0.70461702 -0.53110701  0.66232800  0.71120203  0.68631899  0.59255201  0.29017299
-6.58424997 -0.36148399 -0.42033899  0.39262700  0.70195299  0.58327800  0.79764599  0.55328202  0.44848400
-6.61403990 -0.37419301 -0.65745199  0.09126480  0.36763200  0.68440098  0.48626700  0.24452300  0.66947901
-6.45653009 -0.63727200 -0.69494402  0.02301370  0.26947200  0.71684998  0.77678502  0.55232900  0.46644500
-6.55645990 -0.31970099 -0.64736199 -0.30697000  0.75179899  0.58425403  0.85076499  0.27928600  0.47495800
-6.53403997 -0.48847201 -0.60075301  0.55497199  0.39498100  0.71366799  0.56308401  0.26729700  0.52264100
-6.24316978 -0.63796800 -1.24418998 -0.11587700  0.20914300  0.55936801  0.76009297  0.68391800  0.32550499
-6.20602989 -0.93241400 -0.89183903 -0.78872800 -0.06764710  0.82683599  0.80342001  0.55507898  0.55913103
-6.49280024 -0.65670902 -0.63967699  0.13968401  0.48327699  0.54473501  0.83892399  0.58759302  0.53450203
-6.54019022 -0.36806899 -1.00000000  0.64470899  0.39184299  0.68294698  0.71202099  0.19263500  0.43288100
-6.57034016 -0.39938200 -0.68306702 -0.44461301  0.26291600  0.83415300  0.99356502  0.56464398  0.30278400
-6.20160007 -0.52313799 -0.77293199 -0.04579350  0.30979800  0.55901700  0.88454401  0.38286999  0.09321600
-6.25587988 -0.65590000 -0.67523599 -0.69059598 -0.06612220  0.72227502  0.70358598  0.80343699  0.26396000
-6.20509005 -0.62561500 -0.54580098  0.27348799  0.39517000  0.54614699  0.53961402  0.08478070  0.44595301
-6.31682014 -0.54515702 -0.73186702 -0.22415000 -0.20583300  0.54337400  0.54771298  0.15955000  0.42296001
-6.30737019 -0.53993303 -1.38062000  0.19627599  0.43940699  0.69615102  0.75980598  0.59412098  0.32354301
-6.56191015 -0.43597999 -0.52796799  0.03672290  0.52116102  0.76950198  0.76291901  0.75473702  0.29229200
-6.46591997 -0.38641700 -0.29037699  0.06743070  0.50475699  0.73350698  0.61384600  0.22819801  0.33242500
-6.54575014 -0.38607699 -0.04682020  0.07879340  0.50685197  0.56632602  0.90651703  0.45284399  0.26229900
-6.46275997 -0.54094398 -0.53178602 -0.10255600  0.20701800  0.90392900  1.15574002  0.73859501  0.24258900
-6.43781996 -0.52126801 -0.74763900 -0.32900101  0.38266701  0.81558102  0.79514802  0.51349598  0.38852301
-6.74803019 -0.32604501 -0.68661499  0.29840899  0.47155800  0.80911702  0.83162999  0.89713299  0.28330201
-6.09482002 -0.74870503 -0.80213302 -0.20568600  0.37927699  0.45019999  0.69603801  0.69076699  0.21479800
-6.47862005 -0.57831800 -0.74783099 -0.12486200  0.34520200  0.83044201  0.76179600  0.58057702  0.44726700
-6.72379017 -0.41995400 -0.53271902  0.40283501  0.24350201  0.76598400  0.82846200  0.43160400  0.58051902
-6.32869005 -0.54498601 -0.98748600 -0.16709401  0.00268106  0.73853397  0.89555001  0.58582503  0.33777499
-6.10022020 -0.83983201 -1.09396005 -0.02092510  0.46335900  0.50786501  0.40706500  0.07296810  0.48709700
-6.66784000 -0.41083699 -0.52504998 -0.00400318  0.16963799  0.79342198  0.84621799  0.97509199  0.44012600
-6.69911003 -0.32626301 -0.34509501 -0.30389300  0.39276001  0.88817298  0.88373297  0.54078501  0.47593501
-6.34601021 -0.63079500 -0.61248398 -0.29458600  0.10339700  0.45657900  0.71656001  0.17863800  0.64094299
-6.26142979 -0.55476499 -0.88499999  0.36636901  0.35783899  0.37901700  0.66640002  0.36115500  0.41780299
-6.28795004 -0.55292702 -1.17779005 -0.48537400  0.40639099  0.66708398  1.03723001  0.70275402  0.14759000
-6.36176014 -0.54444599 -0.79700398 -0.03286180  0.26388699  0.71336102  0.82116097  0.58676702  0.31799501
-6.10507011 -0.75325000 -0.82224000 -1.03911996  0.17074600  0.41315699  0.69596201  0.53172803  0.43339199
-6.15148020 -0.82741398 -0.97124797 -0.43592501  0.12071600  0.70241898  0.77603298  0.91204399  0.35517299
-6.79184008 -0.18477100 -0.54781097  0.49459600  0.68774498  0.73499203  1.07676005  0.76475698  0.29413301
-6.11117983 -0.77462500 -1.94336998 -0.15899301  0.36607400  0.47831300  0.66607201  0.28175199  0.39070800
-6.21846008 -0.64674503 -0.82431298 -0.46228799  0.30122599  0.60311300  0.68296200  0.59406799  0.28686199
-6.19465017 -0.61945498 -1.09490001 -0.49189699  0.46836299  0.70805800  0.78083402  0.69350302  0.25057301
-6.46855021 -0.48533100 -0.89496797 -0.22292900  0.03907160  0.83258402  0.95208502  0.59102601  0.32183599
-6.26705980 -0.68119001 -1.03480995 -0.16638701  0.18467300  0.62159199  0.80753702  0.63950402  0.38145199
-6.29282999 -0.65731299 -0.71781701  0.06375240  0.04101100  0.75086403  0.67220002  0.28481001  0.50727499
-6.08058977 -0.78724903 -0.34960699 -0.69047898 -0.05028500  0.61160803  0.72318202  0.39262599  0.18766800
-6.42212009 -0.65123701 -1.21783996 -0.20795099  0.16896600  0.92780602  0.79621601  0.67758799  0.32611999
-6.74621010 -0.31623399 -0.62043899 -0.04532010  0.45936999  0.87697101  1.07377005  0.77614999  0.17514201
-6.60004997 -0.31603700 -0.86399800  0.38889399  0.72435498  0.61731398  0.55185002  0.38477001  0.53991801
-5.96422005 -0.68077701 -0.81726402  0.10748000  0.05535350  0.37324399  0.41084400  0.17198101  0.38079700
-5.99390984 -0.76775700 -1.09739995 -0.51369500  0.10293500  0.35267499  0.51809299  0.39803299  0.41553900
-6.36291981 -0.59538400 -0.93106902  0.03783510  0.31281501  0.79542398  0.80503601  0.77880102  0.40024701
-6.39656019 -0.50815898 -1.08006001 -0.34357199  0.15453900  0.71616602  0.69479901  0.49057299  0.40223801
-6.35475016 -0.67634499 -0.56009001 -0.04668890  0.28066400  0.84279603  0.86887401  0.55919898  0.39919299
-6.44828987 -0.54208797 -0.34817901 -0.00392523  0.44674501  0.71023500  0.63622600  0.46582800  0.39667001
-6.39659977 -0.54082000 -0.74577200  0.14951700  0.32549700  0.66705000  0.65221697  0.46642801  0.40918601
-6.49891996 -0.49951199 -1.08727002  0.31556201  0.32401001  0.70488900  0.54597801  0.01636700  0.43518499
-6.38706017 -0.59510303 -0.28833699  0.07011350  0.35227299  0.88251501  0.87979603  0.84337401  0.16475300
-6.43967009 -0.64680302 -0.66820800 -0.22944300  0.01201560  0.82696903  0.87593597  0.40654701  0.47637600
-6.32768011 -0.73551399 -0.48464400 -0.22819400  0.35577199  0.77135003  0.67220801  0.52532101  0.35587299
-6.05518007 -0.81010699 -1.20035005 -0.92697197  0.32873100  0.44624999  0.61502200  0.11732000  0.38191101
-6.77856016 -0.34481701 -0.25581899 -0.21798199  0.53691202  0.65399802  0.67467302  0.87612200  0.58857501
-6.18413019 -0.79964203 -0.67308903 -0.10135400  0.13786300  0.62330598  0.89687198  0.44659001  0.37699500
-6.31244993 -0.58520299 -0.71040797 -0.29050499  0.33702999  0.42770699  0.72400200  0.45713100  0.47428200
-6.39697981 -0.69838297 -0.58842599  0.00435589 -0.24659500  1.04621994  0.99901098  0.79728597  0.17196500
-6.23788023 -0.83551198 -0.92763299 -0.58569700  0.11427100  0.63786101  0.67302299  0.52259499  0.54572397
-6.51799011 -0.39975801 -0.91418302  0.06738930  0.45805299  0.66469800  0.87962401  0.95107901  0.28039601
-6.49740982 -0.57155198 -1.12970996 -0.22441199  0.10486900  0.75136298  0.94008899  0.49986199  0.58309501
-6.65999985 -0.55311799 -0.64229900  0.02118190  0.13338000  0.71120900  0.96569002  0.72421598  0.49058801
-6.71231985 -0.42850301 -0.10760500 -0.59222299  0.24486101  0.92092103  0.98094898  0.61424601  0.37084699
-6.36214018 -0.74520499 -0.74917799 -0.07828420  0.08449780  0.87633598  0.79929900  0.44947800  0.40605101
-6.28644991 -0.52052301 -0.36193201 -0.15209800  0.12833400  0.63128501  0.76006299  0.34460500  0.27880800
-6.16983986 -0.85916102 -0.92836100 -0.91151398 -0.08209460  0.84893698  1.06851006  0.48581299  0.24430700
-6.26272011 -0.45175400 -0.23323400 -0.04812100  0.58403897  0.28723800  0.47826499  0.42718199  0.35148099
-6.50504017 -0.62422901 -0.78062099  0.20573200  0.45174900  0.78385103  0.76221597  0.49257800  0.42140600
-6.42745018 -0.61458898 -0.40245301 -0.25871399  0.13911800  0.84322298  0.96143699  0.67554402  0.26037899
-6.23858976 -0.82359302 -0.44086701 -0.47652999  0.02318100  0.77099502  0.78449398  0.81749898  0.39743701
-6.75282001 -0.38933301 -0.59436202 -0.64574701  0.15905800  0.89126301  0.93030500  0.97882801  0.42923200
-6.64208984 -0.51498598 -0.44338399 -0.53087300  0.00390852  0.93115199  1.18023002  0.80168098  0.26584399
-6.77854013 -0.23748399 -0.00375012 -0.21045800  0.18092100  0.69992697  0.85649598  0.48023200  0.58632201
-6.52136993 -0.59078503 -0.73587900 -0.20522501 -0.07439600  0.73555201  0.96233201  0.71037602  0.41478100
-6.08239985 -0.73270202 -0.90892297  0.11070400  0.15056600  0.64436299  0.62141198 -0.00902558  0.26866001
-6.94980001 -0.10377000 -0.16602500  0.27896300  0.56759000  1.04347003  1.04250002  0.91463202  0.29116899
-6.30715990 -0.46607399 -0.46222001 -0.08079250  0.32835600  0.35281199  0.66700798  0.61359203  0.38723701
-6.46217012 -0.45777699 -0.45523301 -0.39278799  0.40892300  0.89644498  0.73536801  0.85851198  0.17940900
-6.41012001 -0.61746699 -0.74111599 -0.13400701  0.08960030  0.66036600  0.94179201  0.75741899  0.36917299
-6.01559019 -0.77310503 -1.01556003 -0.34381899 -0.03898900  0.48285601  0.50330502  0.57956499  0.43457800
-6.52712011 -0.53165102 -0.96747100 -0.17188200  0.13401499  0.95876300  1.12144995  0.79972100  0.22046800
-6.30443001 -0.58123600 -0.82339603 -0.22471900  0.44368199  0.72060001  0.84112000  0.66722900  0.15793601
-6.54792976 -0.56941301 -0.49872899 -0.52337497  0.15759499  0.92699301  1.08029997  0.39820701  0.42849401
-6.43107986 -0.50038397 -0.43762800 -0.27307701  0.44675699  0.62331700  0.84207201  0.76197898  0.24020100
-6.61625004 -0.42987201 -0.76181298  0.02768810  0.28705999  0.74040401  0.78049600  0.49100599  0.37613299
-6.44022989 -0.67518699 -0.95939100  0.20042300  0.21966299  1.04709005  1.00819004  0.85733300  0.26536301
-6.27380991 -0.59312099 -0.42150801 -0.21115600  0.47483000  0.61224997  0.72677898  0.48174101  0.27795300
-6.37888002 -0.59552097 -0.51029998 -0.15363701  0.44321901  0.84026700  0.86201000  0.93490899  0.17256400
-6.61452007 -0.56474900 -0.68717402 -0.35819599  0.02589630  0.85324699  1.02692997  0.59536999  0.39175501
-6.26191998 -0.64995497 -1.00218999 -0.04110240  0.49019000  0.73271900  0.71910697  0.44026801  0.40010101
-6.43909979 -0.73073000 -1.05419004 -0.05993440 -0.00685495  0.98662102  0.84504598  0.33692199  0.38475201
-6.29481983 -0.68298900 -0.50810802 -0.14986999  0.40417501  0.67452103  0.50872397  0.46772999  0.42620599
-6.29616022 -0.56634802 -0.87930000  0.09245760  0.19014201  0.76844698  1.05373001  0.66037101  0.09543380
-6.50395012 -0.58487999 -0.64768600  0.14115800  0.44626999  0.79720801  0.79703802  0.39896700  0.34899101
-5.93116999 -0.83411402 -0.74209499 -0.55837899  0.28752899  0.49439001  0.63513601  0.11171700  0.31515899
-6.15645981 -0.82798398 -0.69797802 -0.50615299 -0.22919901  0.70285898  0.83415598  0.44782001  0.28852600
-6.54685020 -0.44136199 -1.36623001  0.13668101  0.41281599  0.75794297  0.82607502  0.68118000  0.32836401
-6.10033989 -0.69819599 -0.80438298 -0.23320900 -0.05767080  0.76801097  0.71141201  0.18236600  0.25799701
-6.45392990 -0.62448198 -0.97178799 -0.15233900  0.37843800  0.66245598  0.76008803  0.68216997  0.50057900
-6.64305019 -0.52944702 -1.40556002 -0.50242698  0.14793199  0.87289000  1.11549997  1.23668003  0.30258000
-5.74812984 -0.84965998 -1.24468994  0.05402760  0.10196500  0.32779101  0.37168300  0.05628100  0.35623699
-6.40099001 -0.40420601 -0.96825898 -0.21914200  0.53111899  0.45497501  0.76918000  0.39093900  0.41745201
-6.30879021 -0.47408199 -0.87621301 -0.18371500  0.32959700  0.70145100  0.92425400  0.39771801  0.17702200
-6.39744997 -0.44788101 -0.57102501  0.40594900  0.90302300  0.64375198  0.86360198  0.58883798  0.22167499
-6.28809977 -0.71366298 -1.14863002 -0.03599060 -0.00440066  0.86306602  0.96364599  0.60476702  0.40575999
-6.52421999 -0.70267099 -0.92047900 -0.96830499 -0.29234499  0.79593998  0.89595598  0.45304799  0.61798298
-6.20534992 -0.69146597 -0.41194201 -0.30488899  0.35493499  0.72939098  0.79978597  0.29848301  0.36038601
-6.31071997 -0.58637398 -0.91269398 -0.24688700  0.01252100  0.61629099  0.71784502  0.42115000  0.42124599
-6.46228981 -0.60814101 -0.98770201  0.19184200 -0.01912900  0.73511899  1.01350999  0.49268299  0.35589799
-6.45970011 -0.50586402 -0.41826999 -0.47786599  0.43296701  0.72102398  0.88606298  0.54322201  0.36557001
-6.28191996 -0.63616198 -0.74705303 -0.12374800  0.00392732  0.77252799  0.92556101  0.62943298  0.33011600
-6.51714993 -0.35991800 -0.57136297  0.03970560  0.61161000  0.57416099  0.94083202  0.31338400  0.38949600
-6.38178015 -0.61207300 -1.30472004 -0.67594302  0.23599701  0.78933603  0.98053098  0.71537000  0.33444801
-6.40499020 -0.55968302 -0.82666498 -0.34258899  0.04034510  0.83789802  0.88856798  0.75396198  0.26908299
-6.14610004 -0.58461601 -0.60058099 -0.19555900  0.21021301  0.55158001  0.68495798  0.31762099  0.20014600
-6.22069979 -0.91855597 -0.91245800 -0.37388700 -0.05577550  0.89881003  0.80223298  0.06881880  0.51469100
-6.42552996 -0.52008200 -1.27982998 -0.01094330  0.27202401  0.77021801  0.90975302  0.50108600  0.38117999
-6.67130995 -0.64245099 -0.09929620  0.15415700  0.42006201  0.98723501  1.07255995  0.75309402  0.30569801
-6.31798983 -0.51972598 -1.06738997  0.12721901  0.33915201  0.71933198  0.62669700  0.45857099  0.36784601
-6.45416021 -0.55062699 -0.24618500  0.40398201 -0.13173801  0.81628901  0.89131403  0.39935401  0.27053800
-6.37954998 -0.52974802 -0.79694998 -0.28061000  0.32655901  0.54621899  0.80994898  0.41281399  0.44165999
-5.98365021 -0.94874299 -1.23011005 -0.23422299 -0.15129501  0.61345500  0.81709701  0.50043398  0.27650300
-5.95573997 -0.76130903 -1.51056004 -0.00654369  0.02592910  0.61878902  0.67002702  0.51908499  0.12608300
-6.68059015 -0.30294201 -0.48943099  0.02768950  0.13958099  1.05999005  1.08348000  0.88913602  0.08514130
-6.67436981 -0.58544397 -0.55919600  0.60828298  0.65578502  0.95541102  0.73965400  0.42026001  0.57306099
-6.49048996 -0.63760102 -0.68658602 -0.33629501  0.13908000  0.93724602  0.88391399  0.95771301  0.30585900
-6.53925991 -0.46560401 -0.38601601 -0.52732998  0.58155501  0.67280900  0.84245503  1.04693997  0.29482499
-6.10788012 -0.70031297 -2.00816011 -0.11299000 -0.13569900  0.49592301  0.79146397  0.24138300  0.42131299
-6.67609978 -0.29963201 -1.34114003 -0.08115550  0.44650301  0.59214801  1.05566001  0.76137400  0.59202600
-6.47016001 -0.42766601 -0.39810500 -0.24704300  0.75238800  0.64135098  0.62703198  0.25747600  0.37126699
-6.86911011 -0.19871099 -0.02283010  0.45585701  0.51786000  0.94243902  1.00557995  0.37146801  0.27157301
-6.57623005 -0.56966901 -1.18157005 -0.09916240  0.01808400  0.87138098  0.94985402  0.94157100  0.41895100
-6.23554993 -0.60903299 -0.42142001  0.34869999  0.42112899  0.57980901  0.64780599  0.28142399  0.31301400
-6.34682989 -0.50901401 -0.89890498 -0.48976600  0.09533990  0.45106700  0.91252798  0.84602499  0.21586201
-6.22330999 -0.67416102 -0.60035300 -0.54345900  0.09738450  0.90842700  0.95117003  0.65403998  0.23684800
-6.70330000 -0.32105201 -0.62000197  0.37461501  0.38867700  0.72912800  1.05834997  0.82753801  0.26886401
-6.19228983 -0.69362801 -0.29123399 -0.48249701 -0.10544000  0.57600498  0.76705801  0.24727200  0.47609901
-6.37556982 -0.57980603 -1.15435004 -0.37178999  0.33409500  0.58306497  0.72329801  0.58288002  0.49507800
-6.68962002 -0.31046399 -0.16288100  0.12369900  0.96463501  0.75589299  0.80888498  0.70653802  0.39119300
-6.33930016 -0.43444699 -0.34540701 -0.51131201  0.17122400  0.53061801  0.91820300  0.33504099  0.27615201
-6.49042988 -0.45724699 -0.77290702  0.01963800  0.22067700  0.76700598  0.79765302  0.41596100  0.45236799
-6.36141014 -0.50666100 -0.75418299 -0.26554799  0.52926803  0.68906701  0.72853702  0.84502000  0.22560300
-6.85964012 -0.34039599 -1.24961996  0.14939000  0.30391899  0.82730901  1.07881999  0.36786500  0.61250001
-6.41849995 -0.51212901 -0.59844100  0.27139401 -0.06557430  0.84275299  1.00534999  0.57470900  0.18090799
-6.35211992 -0.45313299 -0.43055299  0.20250601  0.61810398  0.63932800  0.58475900  0.31635499  0.23540001
-6.36717987 -0.67433000 -0.59548998 -0.39390001  0.21834201  0.94419700  1.15222001  0.97551697  0.13716599
-6.48763990 -0.71632898 -1.10397005 -0.25106400  0.26510999  0.78731400  1.11766005  0.64155000  0.49057201
-6.81514978 -0.16904099 -0.02024570  0.01303390  0.74150699  0.75913501  0.98364902  0.59738398  0.34926900
-6.62691021 -0.33243501 -0.57000101 -0.00587916  0.25179401  0.73343402  0.93713099  0.80771399  0.28785300
-6.23367023 -0.60727698 -0.44584700  0.24770500  0.68110901  0.44532800  0.50515300  0.23439600  0.45500600
-6.30214977 -0.61743200 -0.78893399 -0.16358501  0.20502201  0.58161199  0.67803502  0.21022300  0.49407801
-6.52170992 -0.32868001 -0.05403170  0.05440260  0.38301301  0.70667899  0.94110900  0.63981599  0.07980590
-6.54375982 -0.52236700 -1.26392996 -0.41916600  0.15727299  0.89285201  0.86022002  0.63236701  0.54609698
-6.64768982 -0.36550900 -0.35595599 -0.04249050  0.34408700  0.71514100  0.84937400  0.73714101  0.52867800
-6.45180988 -0.63650101 -0.89136398 -0.06986380  0.26336101  0.72449100  0.77786398  0.21813799  0.55010498
-6.61807013 -0.46337900 -0.55970001 -0.06231800  0.47495601  0.87923902  1.16955996  1.07328999  0.16538499
-6.30457020 -0.57377899 -0.85632902 -0.11690100  0.19099300  0.60592800  0.86074102  0.69515800  0.30659801
-6.72988987 -0.32203501 -0.54077703 -0.12518100  0.46796700  0.78845501  0.94713300  0.90079999  0.39958999
-6.26845980 -0.52699399 -0.67829800 -0.27488199  0.13964599  0.65486997  0.65073800  0.64033300  0.36527100
-6.34345007 -0.64102399 -0.66438001 -0.38765499  0.15852299  0.70910102  1.08481002  0.53154898  0.22921200
-6.59949017 -0.45861599 -0.71693403 -0.24892400  0.54305100  0.84871900  0.93089199  0.63110900  0.39466101
-6.14507008 -0.68870300 -0.85012400 -0.39058900  0.36907601  0.68156201  0.67810398  0.39824501  0.30311701
-6.03063011 -0.79370803 -0.52257299 -0.01136000  0.23201500  0.65739000  0.69101101  0.01918610  0.24053100
-6.22727013 -0.69583499 -0.92415297  0.15387499  0.31169200  0.54706103  0.55735397  0.04379310  0.51084399
-6.55003023 -0.73297602 -0.91052800 -0.48516601  0.21121299  1.07688999  1.30044997  0.72088301  0.25388101
-6.13916016 -0.80446798 -0.61531699 -0.08508160 -0.22123800  0.91722399  1.13918996  0.59886599  0.03556520
-6.56098986 -0.59059799 -0.26910701 -0.13521101  0.19358499  0.90413600  0.80983502  0.74527198  0.36782101
-6.26871014 -0.77719897 -1.43834996 -1.09624004  0.25491601  0.68658900  0.92769700  0.63156998  0.48664299
-6.02065992 -0.84051102 -0.67648900 -0.45840400  0.48893401  0.54555702  0.69683897  0.44826499  0.38956699
-6.51201010 -0.32700801 -0.42709100 -0.09722690  0.71425700  0.48964101  0.62159503  0.04140240  0.40634599
-6.22384977 -0.61731797 -0.90280700 -0.45647001  0.29735100  0.37480700  0.51875597  0.25771001  0.52827799
-6.23222017 -0.68755299 -0.78016597 -0.55308503  0.40668601  0.43616500  0.54782200  0.23392899  0.47387201
-6.56279993 -0.36881599 -0.40583599  0.29797801  0.56763297  0.72678202  0.75002998  0.51671201  0.40376499
-6.22272015 -0.57822198 -0.52911001 -0.01352070  0.05084960  0.66288602  0.63907802  0.38490200  0.13193600
-6.21355009 -0.72620100 -0.68505800 -0.12664500  0.12077300  0.74615097  0.73482102  0.33616599  0.33952200
-6.60061979 -0.50180203 -0.82868302 -0.55082399  0.59436500  0.71086800  0.66824698  0.55382901  0.70560300
-6.08016014 -0.63025200 -1.07833004 -0.20004600 -0.06337570  0.51437497  0.62300998  0.56136203  0.23295701
-6.30005980 -0.76448900 -0.83790100 -0.40064400  0.08132980  0.85505903  0.89221299  0.51374900  0.33125001
-6.41664982 -0.58507198 -0.84025002 -0.59584898 -0.13238300  0.82636303  0.82335401  0.79128999  0.27828199
-6.24217987 -0.67894399 -1.10564995 -0.06348550  0.16150700  0.60615700  0.62417197  0.14035200  0.33131099
-6.79099989 -0.14503799 -0.74029201  0.16709600  0.87456203  0.85366499  0.86533999  0.43415901  0.43383899
-6.72882986 -0.20345099 -0.60280901 -0.08383320  0.64238298  0.76007098  0.98974198  0.73511600  0.34008899
-6.20474005 -0.56502002 -0.78713298 -0.20314200  0.19941799  0.48337400  0.52850503  0.37473401  0.24048200
-6.25116014 -0.54858202 -0.97215998 -0.16328800  0.26451999  0.42102399  0.47381699  0.08209680  0.39321899
-6.13817978 -0.87301701 -1.16812003 -0.37487099 -0.18089999  0.69235200  0.80560797  0.26613599  0.50792402
-6.95683002 -0.37756899 -0.53549302 -0.39236099  0.35239601  0.87563902  0.98660803  0.55037701  0.80406600
-6.20217991 -0.73564500 -1.03417003 -0.32330999  0.47958401  0.55080599  0.81223798  0.66151798  0.34839299
-6.44985008 -0.54879600 -1.16742003  0.02168400  0.28759801  0.73290300  0.88504201  0.43301001  0.39041799
-6.23297977 -0.57826102 -0.13215899 -0.02015080  0.06871890  0.54730803  0.84084201  0.56906903  0.32175699
-6.23313999 -0.84832197 -0.86001700  0.00070710  0.27604499  0.71595299  0.92040801  0.09818390  0.32509801
-6.39505005 -0.58610100 -1.06553996 -0.28085399  0.33386499  0.64530700  0.72570503  0.66927898  0.42914101
-6.32606983 -0.71629298 -0.87756699  0.12557501 -0.02413340  0.67916399  0.70899397  0.41412801  0.45499599
-6.18571997 -0.55086303 -1.18719006 -0.70312899  0.01989460  0.53012800  0.57204401  0.28580099  0.46683100
-6.44087982 -0.61676198 -0.63425499 -0.15417400  0.34665999  0.86337501  0.74305201  1.06000996  0.25202599
-6.21811008 -0.82970297 -1.11433005 -0.88743103  0.13047300  0.76503497  0.78244102  0.36457700  0.46982399
-6.24944019 -0.70313197 -1.22002006  0.08872770 -0.09470460  0.73402101  0.86377800  0.30177099  0.48373899
-6.35872984 -0.61188799 -0.61074603 -0.42869800  0.66384798  0.65486401  0.76384598  0.35008901  0.39944699
-6.28634024 -0.71178699 -0.29504800 -0.09795440  0.36269301  0.74028599  0.76071900  0.64463300  0.37986699
-6.43135023 -0.49316299 -1.15796006 -0.21525100  0.50504100  0.59166002  0.75666702  0.32046601  0.45018199
-6.31005001 -0.50083601 -1.01619005  0.04647020  0.36145401  0.48688799  0.68292898  0.36874199  0.42726400
-6.28684998 -0.70348799 -1.03281999 -0.67804301  0.30690801  0.63884699  0.88358098  0.32499000  0.44700900
-6.31697989 -0.67886901 -0.69260299  0.00475773 -0.37151501  0.75942200  1.11239004  0.60513800  0.24745899
-6.49009991 -0.53277802 -0.61223501 -0.31125799 -0.13533200  0.87957799  0.98510998  0.79296499  0.37082601
-6.19859982 -0.69960803 -1.40561998 -0.29054701  0.02907150  0.61150098  0.72632599  0.39583501  0.43121701
-6.73423004 -0.23061299 -0.26676500  0.27820900  0.84115303  0.80624199  0.72066599  1.06394005  0.37744400
-6.14380980 -0.88286400 -0.91432703 -0.86375600 -0.18427201  0.83529103  0.83435798  0.76302499  0.24952400
-6.38030005 -0.54787099 -0.38245800 -0.37545499  0.48745000  0.77740097  0.85937101  0.58301097  0.21872000
-6.37365007 -0.52704102 -0.57072401 -0.31388199  0.36009100  0.62855798  0.79719502  0.89938200  0.29859301
-6.29407978 -0.54856801 -0.40510699 -0.33297899 -0.04922410  0.36017200  0.63041198  0.13959400  0.57473201
-6.22757006 -0.65355700 -0.98012000 -0.46630999 -0.01093870  0.64357698  0.73201001  0.18744799  0.49050301
-6.21477985 -0.76797801 -1.03119004 -1.06315005  0.18110099  0.64357400  0.73071599  0.88319099  0.35916999
-6.24711990 -0.69016898 -0.26194999 -0.39190200  0.29396999  0.58391702  0.65395701  0.44099399  0.34723499
-6.45163012 -0.58969200 -0.98527998 -0.02739080  0.36373299  0.81019801  0.95718199  0.53213000  0.37138200
-6.25189018 -0.60365403 -1.01846004  0.04966690  0.21824600  0.50845301  0.79164398  0.17776901  0.27452901
-6.50900984 -0.49774799 -0.32254601 -0.14432500  0.87275398  0.80081701  0.69204098  0.40372601  0.39093399
-6.45204020 -0.42926100 -0.46572500 -0.03561090  0.40842101  0.68560898  0.68442798  0.48724499  0.39008099
-6.56947994 -0.12578100 -0.29152000  0.15011500  0.86157399  0.51700503  0.40623599  0.45309100  0.27857000
-6.46509981 -0.43975699 -0.37895200 -0.38082600  0.43200499  0.70099801  0.75911701  0.55200797  0.32255101
-6.20261002 -0.69282502 -0.74071401 -0.46633801  0.03918920  0.49490100  0.60727102  0.42063299  0.51796699
-6.33555984 -0.48316899 -0.95858002 -0.12387500  0.49468499  0.66652501  0.53314102  0.54545897  0.40260199
-6.33902979 -0.57624203 -0.31245199 -0.36496201  0.23915701  0.45286301  0.64455402  0.34369400  0.54049802
-6.53640985 -0.41395599 -0.64419198 -0.05496410  0.46308601  0.57284403  0.68061799  0.63222700  0.47362801
-6.48623991 -0.44181401 -1.36592996 -0.36915299  0.74699199  0.66287500  0.76468903  0.84472501  0.22703400
-6.77381992 -0.21439300 -0.12891500  0.21186399  0.60234600  0.75306398  0.97241902  0.60079199  0.34575599
-6.58389997 -0.51248997 -0.55193299 -0.23277500  0.24956299  0.76489103  0.96605903  0.79945999  0.39309999
-6.13289022 -0.95267600 -1.07924998 -0.41334099  0.15733600  0.76983398  0.79892701  0.47389701  0.33094901
-6.27486992 -0.79781902 -0.65607399 -0.51610798  0.00006971  0.91562301  0.90130103  0.25153601  0.39991501
-6.65324020 -0.53936499 -0.53331798 -0.06171670  0.18909000  0.81234199  0.99868399  0.61202902  0.46492901
-6.51342010 -0.45395100 -1.06976998 -0.16759200  0.36673400  0.60834599  0.92924601  0.54236603  0.33800599
-6.60559988 -0.69135499 -0.03995830 -0.37607899  0.05935950  0.85426497  0.71809500  0.49723500  0.62753397
-6.35621977 -0.65578198 -0.64890200 -0.25412601  0.37967700  0.77714902  0.79261100  0.65159303  0.35196301
-6.36983013 -0.68833500 -1.19026005 -0.46512201  0.10279900  0.58571601  0.82410002  0.30029601  0.61482900
-6.41021013 -0.55470502 -0.81448299 -0.07017100  0.31065899  0.65512800  0.70652002  0.11875200  0.49695000
-6.21993017 -0.58317798 -0.65310299  0.02266000  0.38939399  0.60702401  0.77927399  0.16084699  0.41618201
-6.41556978 -0.53979599 -0.99225998 -0.31506401  0.09581680  0.82563299  0.86764902  0.27798301  0.51512599
-6.28978014 -0.62484998 -0.38994199  0.02916000  0.03504710  0.42882201  0.87182701  0.27959499  0.45664299
-6.22537994 -0.70089900 -0.85715097 -0.36495900  0.25931999  0.56052798  0.66906601  0.56950700  0.31764299
-6.63435984 -0.35911900 -0.77276802  0.22150700  0.56943703  0.79575503  1.02305996  0.59836799  0.28911299
-6.28847980 -0.69264400 -1.43462002 -0.22251500  0.13075200  0.95139402  1.09477997  0.67742699  0.26909700
-6.53933001 -0.49512401 -0.03958850  0.37710199  0.12746100  0.83479702  0.93365300  0.48222899  0.46914199
-6.61598015 -0.27220601 -1.02040994  0.08655390  0.26035801  0.76049799  0.94016600  0.46265301  0.31136400
-6.72452021 -0.44999701 -0.51370198 -0.16025400  0.16238900  0.85770297  0.95075500  0.74116600  0.49263200
-6.60686016 -0.44817600 -0.09643300 -0.53976500  0.55188900  0.77046502  0.78321397  0.82668900  0.56089097
-6.42454004 -0.58297002 -1.06658995 -0.13922501  0.10301600  0.73592597  0.74956799  0.19381700  0.57190502
-6.12648010 -0.68031400 -0.55034399 -0.64603198  0.06853170  0.63111699  0.79414600  0.59257603  0.27016601
-6.17677021 -0.72488099 -0.55402100  0.32231501 -0.08978200  0.77539903  0.74571401  0.66733402  0.30819499
-6.38058996 -0.56753200 -0.91783798 -0.01320190  0.17239100  0.48686099  0.57700700 -0.07893660  0.70038199
-6.59085989 -0.64033300 -0.18277299 -0.89870000  0.43958399  0.82000101  1.10382998  0.75374401  0.53327399
-6.02897978 -0.76581699 -1.46313000 -0.37353900  0.04835140  0.52375299  0.75216401  0.74157000  0.30789199
-6.10148001 -0.63217300 -0.84520602 -0.40331900  0.02991790  0.61340702  0.68767798  0.35518801  0.23142999
-6.10270023 -0.75876302 -0.98615801 -0.23807800  0.24258600  0.71999300  0.56727302  0.19817699  0.33903301
-6.21773005 -0.70296001 -0.85943699  0.24204700  0.39305300  0.79350400  0.82303500  0.35819200  0.23460799
-6.59687996 -0.49781299 -0.65825200  0.16089900  0.04143750  0.87000698  1.00431001  0.60228997  0.44060501
-6.46375990 -0.51448798 -0.33019400 -0.06134630  0.38573900  0.81331903  0.74304402  0.49948299  0.37443399
-6.42025995 -0.56270301 -0.52625102  0.12332700  0.18977000  0.80631900  0.66556197  0.48056999  0.33460900
-6.48941994 -0.43750301 -0.26617599 -0.38148499  0.39175501  0.68085700  0.65780699  0.23388900  0.48567501
-6.23193979 -0.79018003 -0.90267998 -0.39228001 -0.41998100  0.87839800  0.82057899  0.47539699  0.42987201
-6.52155018 -0.71455002 -0.54244000 -0.37455100  0.19423801  0.70686799  0.77549201  0.30697501  0.61063802
-6.29610014 -0.66389298 -1.14883995 -0.42095500  0.05935820  0.76590699  0.72302598  0.39038101  0.55239999
-6.65609980 -0.42618999 -0.65596998 -0.63346499  0.40597999  0.67785400  0.82765299  0.78390902  0.46141499
-6.44786978 -0.54750699 -1.05867004 -0.70640802  0.27626699  0.64604801  1.08871996  0.94983500  0.25384501
-6.40513992 -0.51779997 -0.44938299 -0.06799030  0.44301999  0.70565999  0.81797600  0.61977500  0.36420301
-6.36631012 -0.63147801 -0.44619700  0.04127970  0.55180001  0.78513998  0.80755198  0.61081302  0.37265199
-6.27363014 -0.41402200 -0.50505298 -0.01488270  0.68625599  0.50751400  0.78016102  0.43077001  0.25119099
-6.32819986 -0.51398802 -0.74377000 -0.09803470  0.10418200  0.44121099  0.78619200  0.48349401  0.44488201
-6.25186014 -0.61786902 -0.92170900 -0.89528000  0.01964990  0.74889201  0.79859900  0.47481799  0.36320001
-6.38294983 -0.51569200 -1.69361997  0.03571960 -0.03624740  0.79024500  1.09431005  0.80083400  0.10201200
-6.30688000 -0.55508798 -0.60974199 -0.10448300  0.13737300  0.67083001  0.73427999  0.43357301  0.47397801
-6.36396980 -0.54694402 -1.18116999 -0.35274601  0.06354850  0.56710601  0.86785799  0.47408101  0.27277601
-6.44686985 -0.58940202 -0.99961001 -0.74172997  0.40779400  0.64276803  0.82382900  0.75277501  0.49207401
-6.31015015 -0.69063002 -1.05716002  0.04819330  0.11133600  0.72687697  0.95167601  0.31781200  0.31243300
-6.23653984 -0.76274103 -0.98007601 -0.05887500 -0.11147600  0.59703600  0.76928502  0.54677099  0.49987999
-6.60293007 -0.49458900 -0.58459997  0.07455380  0.28670201  0.70530599  0.81850302  0.42871499  0.56570601
-6.24982023 -0.67268097 -1.26042998 -0.34607601  0.01479770  0.80315298  0.87594199  0.88028502  0.21340699
-6.92073011 -0.14103900 -0.46977600  0.04080670  0.28034899  0.85438401  1.17385995  0.89394099  0.31222799
-6.64409018 -0.47975200 -0.54418600 -0.56597000  0.62241203  0.72190702  0.95035201  0.62676901  0.55355102
-6.76099014 -0.41601899 -0.72822201  0.25903699  0.58025402  1.00264001  1.02405000  0.68696600  0.43439299
-6.10556984 -0.66253603 -1.07986999 -0.24082400  0.27624601  0.46977499  0.59675002  0.36586699  0.38803700
-6.19656992 -0.68010998 -1.19992995 -0.18922700  0.05654250  0.55558097  0.56809598  0.15089500  0.55635500
-6.38178015 -0.60141402 -1.38890004 -0.42229199 -0.22277100  0.96401697  1.01868999  0.34838700  0.25160399
-6.25541019 -0.61595601 -0.99939102 -0.62416202  0.08320450  0.70473599  0.72025901  0.39519301  0.34485400
