-6.39541006 -0.65479100 -0.83636397 -0.12026000  0.25884199  0.86413503  1.03174996  0.46266401  0.29109001
-6.36492014 -0.50919300 -0.39419800  0.05885890  0.32069901  0.53613800  0.59866500  0.40779299  0.42145401
-6.37564993 -0.49318099 -0.80665201 -0.15674400  0.02177740  0.52831399  0.73571903  0.47132599  0.41179600
-6.56176996 -0.40485001 -0.89835501 -0.29835799  0.38539401  0.93205899  0.87712502  0.78469598  0.34864399
-6.26769018 -0.81402099 -1.06726003 -0.20420800  0.02868310  0.82278502  0.80450398  0.62181801  0.38841099
-6.25221014 -0.40735799 -0.88945401  0.11330400  0.48422700  0.50188798  0.46364099  0.39008299  0.37994501
-6.29460001 -0.75303102 -0.89790601 -0.38299701  0.09645490  0.68504602  0.94064403  0.66604400  0.29787901
-6.15688992 -0.67571503 -1.23767996 -0.34602600 -0.23024800  0.49123600  0.84897000  0.31772599  0.44448999
-6.52645016 -0.50029701 -1.02249002  0.09307340  0.38130400  0.76796901  1.06659997  0.72802800  0.35108700
-6.58906984 -0.43536901 -0.65073198  0.02488490  0.31004500  0.70675898  0.78264600  0.41070500  0.55095398
-6.86885977 -0.07848550  0.00671175  0.18816200  0.68415701  0.77068198  0.96715099  0.89557701  0.30754000
-6.36643982 -0.63114297 -1.15009999 -0.31288901  0.05845270  0.54195100  0.69615102  0.36165199  0.61349201
-6.55078983 -0.59069300 -1.41483998  0.15830900  0.33724800  0.99625200  0.85689503  0.80399501  0.33289501
-6.33374023 -0.52463400 -0.46869999 -0.61626899  0.45201299  0.65569699  0.85391903  0.23651500  0.33686200
-6.70599985 -0.40415800 -0.40752801 -0.53225398  0.21223700  0.95896500  1.03501999  0.56545597  0.39221099
-6.38561010 -0.52783900 -0.47923201 -0.30686399  0.27417901  0.65900701  0.92319101  0.79116499  0.20290500
-6.74063015 -0.37788001  0.08378600  0.01611850  0.50350398  0.80588800  1.06194997  0.96551001  0.31791300
-6.42546988 -0.44980100 -0.80698502 -0.09759050  0.00943427  0.54242200  0.76724398  0.48544300  0.47261301
-6.58399010 -0.54853100 -0.29820001 -0.22507399  0.22964799  0.84469402  1.04310000  0.76299202  0.40935099
-6.32929993 -0.60677201 -0.76767600  0.02776510  0.10205900  0.79195100  0.82601702  0.36659601  0.42651501
-6.29199982 -0.43518701 -0.22056900 -0.25068399 -0.03225740  0.49714601  0.65365797  0.07538430  0.25880799
-6.44114017 -0.51339602 -0.57827097 -0.44697899  0.48187900  0.79089499  0.95791799  0.42373499  0.30666500
-7.10332012 -0.15550400 -0.02166130  0.13918801  0.62055600  1.20942998  1.41643000  1.31813002  0.14257701
-6.27856016 -0.79459202 -0.47326899  0.02466670  0.34265101  0.90752900  0.86027801  0.26013601  0.33485100
-6.77616978 -0.39853600 -0.60134000  0.15201600  0.38339600  0.75497699  1.05025005  0.86491799  0.44762099
-6.63800001 -0.23174600 -0.46274501  0.23392101  0.19472900  0.72022200  0.83377999  0.23647299  0.49366599
-6.15108013 -0.65636802 -0.41222301  0.06277230  0.23902000  0.71581602  0.76505399  0.52759600  0.17863899
-6.55575991 -0.32580900 -0.22941799 -0.16177399  0.28287500  0.79900599  0.99650002  0.71742201  0.28932500
-6.53078985 -0.43489900 -0.58786500 -0.02228710  0.48585400  0.78646803  0.71798801  0.23975600  0.47168899
-5.81618023 -1.03629005 -0.79752702 -0.69602001  0.00726459  0.67097700  0.42805800  0.14358599  0.39847001
-6.61657000 -0.53669697 -0.62767202 -0.09588380  0.34605801  0.70979398  1.00928998  0.44885299  0.60298300
-6.86491013 -0.13261500 -0.16402499  0.51766002  0.59239501  0.87831998  0.92734802  0.88296700  0.33036301
-6.43189001 -0.48908001 -0.74937898  0.20994900  0.55758899  0.73448998  0.37897900  0.33274600  0.50438899
-6.57692003 -0.47872701 -0.25652599 -0.30291000  0.53891498  0.73757601  0.79680002  1.08993006  0.29117301
-6.33214998 -0.68259400 -0.71023500 -0.01266420  0.36565700  0.59574997  0.61921501  0.38829800  0.55683899
-6.23038006 -0.71318698 -0.93192101 -0.34307301  0.03405510  0.60009700  0.51207000  0.49176499  0.55124998
-6.24507999 -0.64744902 -0.93989301  0.23970200  0.06679980  0.60468000  0.70825601  0.12597400  0.44541901
-6.67896986 -0.37513399  0.09860890 -0.51892698  0.69579500  0.91678500  0.87687999  1.21446002  0.17756200
-6.42818022 -0.47750801 -0.61661398  0.47600299  0.47125900  0.58718598  0.39240500 -0.07989100  0.62920499
-6.83937979 -0.08330110 -0.23178600  0.55092698  0.80580902  0.61956698  0.73695302  0.05299200  0.37758499
-6.93549013 -0.17556299  0.05669470  0.23430300  0.47208500  0.71079999  1.00074995  0.60389203  0.53102303
-6.52975988 -0.37665001 -0.32724300  0.72563201  0.65976501  0.69716299  0.68374097  0.37573999  0.35053101
-6.39753008 -0.40053999 -0.91112697  0.03518280  0.46991199  0.72382802  0.75267297  0.51971602  0.22831801
-6.62699986 -0.30733600 -0.45246899  0.32412699  0.34821799  0.78039300  0.98600698  0.52440500  0.38075700
-6.17200994 -0.60101998 -0.30227500 -0.28618500  0.40902799  0.42429000  0.61056203 -0.15185200  0.37146500
-6.42598009 -0.49942699 -0.48512501 -0.30020201  0.08885420  0.75889897  0.89045101  0.65801799  0.17168000
-6.82414007 -0.21768200 -0.26883501  0.41708800  0.50492799  0.72159100  0.84770203  0.90852201  0.33596900
-6.46650982 -0.66439700 -0.80281699 -0.43815899  0.54622000  0.72836202  0.86915398  0.45888299  0.39203000
-6.19572020 -0.51197398 -0.63785303  0.25979400  0.61792803  0.59169698  0.81760800  0.50376302  0.05479050
-6.41949987 -0.69703102 -0.61803401  0.34353700  0.43226299  0.66378599  0.81847399  0.24069500  0.52108198
-6.54386997 -0.47341099 -0.31016499 -0.39070201  0.30129600  0.88011003  0.89159697  0.99868703  0.34748000
-6.42135000 -0.44218901 -0.30933699  0.39262000  0.67229700  0.53958899  0.64772600  0.29734299  0.48040801
-6.18622017 -0.76264298 -1.28693998 -0.53084397  0.30311501  0.66908503  0.72880000  0.44487900  0.36531299
-6.75463009 -0.20783199 -0.18311000  0.04975240  0.57543802  0.83789301  0.89968401  0.71600503  0.44624799
-6.09880018 -0.62934899 -1.08692002  0.11722100  0.25310001  0.27076399  0.46684501  0.26906899  0.33008200
-6.45933008 -0.30374101 -0.59138602  0.00343922  0.39111999  0.62370700  0.62380701  0.09405740  0.31129199
-6.79414988 -0.32735401 -0.39134601  0.55335200  0.53431797  0.83994401  0.90610403  0.67357600  0.44150701
-6.74874020 -0.19821601 -0.29736799  0.35276601  0.40925199  0.79523301  1.03776002  0.55864298  0.30105001
-6.44041014 -0.67477101 -0.47681299  0.11445400  0.04810810  0.90706199  0.86615002  0.37634599  0.49707401
-6.71529007 -0.22469801 -0.39091301 -0.64196998  0.64815003  0.65732503  0.91686398  0.74046302  0.36946201
-6.42983007 -0.53470403 -0.53732401  0.01514680  0.35971600  0.77323198  0.85378802  0.70587897  0.31094000
-6.12051010 -0.72879601 -0.90079600 -0.49349800  0.45662600  0.49061400  0.49997401  0.11683900  0.55770600
-6.53213978 -0.55219799 -0.88546199 -0.16565700  0.52774501  0.88961601  0.82571697  0.82958001  0.38756901
-6.40970993 -0.50671798 -0.35753399 -0.20467600  0.31221500  0.65043002  0.73902297  0.54368597  0.38062099
-6.36537981 -0.69410998 -0.52104598  0.01666590  0.00197614  0.77308798  0.87756997  0.48581901  0.37672800
-6.60073996 -0.28527701  0.30325300  0.06403030  0.91995502  0.49756700  0.46230200  0.38232201  0.48299301
-6.39809990 -0.45571801 -0.70360202  0.35898200  0.62755299  0.73158801  0.71603900 -0.04162940  0.24838801
-6.54534006 -0.48618299 -0.68381900 -0.39571100  0.34463701  0.69396502  0.93668503  0.43164501  0.38945800
-6.79961014 -0.32003799 -0.47369501 -0.09618740  0.20933600  0.98115802  1.16495001  0.88260800  0.27701601
-6.84743023 -0.20315400 -0.49416599  0.05429770  0.85439402  0.83911598  0.96474302  0.75187802  0.44704199
-6.43380022 -0.49404600 -0.93126100 -0.18631899  0.41414699  0.67884398  0.91477799  0.77009797  0.35383600
-6.66201019 -0.29385301 -0.17931201  0.02536070  0.66061902  0.49987099  0.75473398  0.33315301  0.60108602
-6.37236977 -0.60529399 -0.45927799 -0.30473000  0.18259899  0.59153199  0.71227801  0.30696300  0.42778799
-6.58448982 -0.36724299 -1.07480001  0.14501300  0.52908599  0.68960899  1.15647995  0.81784898  0.34417400
-6.29524994 -0.69378501 -1.10458004 -0.48865101  0.17298900  0.75268799  0.77610999  0.74246901  0.27507401
-6.88934994 -0.24379700 -0.61878997  0.53322297  0.81768399  0.81023902  0.79250598  0.33197099  0.51373702
-6.70991993 -0.29627699 -0.49192199 -0.22482100  0.43084100  0.71051198  0.84293997  0.80228102  0.49399000
-6.72258997 -0.36733201 -0.06098990 -0.25252599  0.23716600  0.81847602  1.06762004  0.65218598  0.45279601
-6.14855003 -0.94651198 -0.66415000 -0.63841802  0.30811799  0.74424499  0.76537400  0.47409999  0.45634300
-6.67478991 -0.35968301 -0.80147201  0.56658000  0.63172001  0.67034000  0.84193301  0.27468601  0.53650701
-6.74968004 -0.17541800  0.17648999  0.48635301  0.71620500  0.66211897  0.82216901  0.50467902  0.27977300
-6.51634979 -0.44154000 -0.73313397  0.07592230  0.37918401  0.63057101  0.74527001  0.28790101  0.46975601
-6.77402020 -0.26933700 -0.58476901 -0.10791100  0.85628998  0.74565101  0.84271699  1.04568994  0.34050801
-6.10933018 -0.72823799 -0.80122399 -0.14775100  0.16399200  0.78651297  0.86135900  0.79860002  0.04832040
-6.69635010 -0.32929099 -0.51470202  0.18900500  0.32300600  0.91109902  1.02974999  0.98320800  0.44147700
-6.49962997 -0.51889998 -0.58050299 -0.41730601  0.47173500  0.61150700  0.92502302  0.75959003  0.35982999
-6.75760984 -0.06626730 -0.57860601 -0.58097899  0.81228399  0.66653103  0.92394000  0.69452399  0.33760601
-6.36847019 -0.61859399 -0.85423201  0.06894630  0.32063499  0.70618898  0.79115099  0.35548201  0.42946401
-6.29118013 -0.58385599 -0.67417401  0.11221300  0.35415599  0.61787999  0.74629098  0.40864801  0.28662601
-6.28671980 -0.71456999 -0.83155698 -0.39774299  0.16341400  0.80757701  0.88790298  0.50077701  0.26823199
-6.72712994 -0.43958199 -0.81321299  0.00277057  0.45331800  0.72731698  1.18440998  0.97513902  0.22556300
-6.41214991 -0.74904698 -0.92743301 -0.40037999  0.01159940  1.07076001  0.91077000  0.73478401  0.28025299
-6.29795980 -0.66632301 -0.89884198 -0.27146700  0.23249300  0.81963199  0.79093802  0.59848499  0.37722701
-6.28596020 -0.65280098 -1.04920006  0.00421967 -0.18396901  0.74087501  0.89525300  0.53323001  0.41513199
-6.32383013 -0.43700001 -0.75023103 -0.02366140  0.51875001  0.59500003  0.64596802  0.67030901  0.24307001
-6.46792984 -0.48699099 -0.29145399  0.43959299  0.39671201  0.88157398  0.66623503  0.53786898  0.31589699
-6.36290979 -0.59417599 -0.68576401  0.22679900  0.33406499  0.76276201  0.92423499  0.55636698  0.29607299
-6.81280994 -0.16655600 -0.43785900  0.10111400  0.59491903  0.81835800  1.16685998  0.76540202  0.26331100
-6.58979988 -0.11781400  0.14611800  0.09242030  0.61251098  0.47149599  0.90117902  0.03112750  0.30278900
-6.54917002 -0.46156299 -0.44808301 -0.60402900  0.14733800  0.60873401  0.89577502  0.72294700  0.58891797
-6.69047022 -0.26120999 -0.27510500 -0.11087700  0.41200501  0.76934397  0.92944098  0.50949299  0.53105301
-6.36335993 -0.58873600 -0.91441000  0.04722160  0.18340600  0.72292101  0.87091798  0.49332300  0.26666301
-6.25572014 -0.44508499 -0.47438100 -0.11864100  0.47249901  0.57980901  0.48506999  0.06967890  0.32872799
-6.57895994 -0.44885099 -0.59313899 -0.02054090  0.32180700  0.82942897  0.95225501  0.90492803  0.37546799
-6.34261990 -0.72327900 -0.79880100 -0.28077599  0.02095930  0.79685599  0.86837202  0.50210601  0.48658800
-6.62012005 -0.35432100 -0.25730601 -0.03101040  0.52013803  0.64020801  0.74730098  0.48870301  0.40678900
-6.49736023 -0.51185501 -0.87332702  0.24789099  0.45476201  0.81650400  0.77261901  0.51840001  0.36832100
-6.48525000 -0.33623999 -0.66151601 -0.00240908  0.35948899  0.68362403  0.97344601  0.58625400  0.27445000
-6.76702976 -0.26842299 -0.43518999  0.12122300  0.44938499  0.76165098  0.84136403  0.70211202  0.41217300
-6.48656988 -0.38497299 -0.71605998  0.02059340  0.29787099  0.66749901  0.67336202  0.11703200  0.43244299
-6.74071980 -0.38466799 -0.20848700  0.23417100  0.59744602  0.78478998  0.97317100  0.51566398  0.32876500
-6.49758005 -0.60786700 -0.99476397 -0.06941260  0.11909500  0.91605097  0.85536700  0.44744599  0.54172403
-6.03732014 -0.78514701 -1.18645000 -0.11017800  0.25460899  0.61587101  0.47211501  0.16538900  0.42102700
-6.52259016 -0.49757701 -0.55132699 -0.35480800  0.03298230  0.75167000  1.05630004  0.81802100  0.24804600
-6.63949013 -0.58828402 -0.64429897 -0.04922320  0.30558899  0.85492498  0.80708200  0.57953298  0.58805102
-6.54089022 -0.41222599 -0.57821602 -0.36238700  0.27998701  0.61261600  0.93657398  0.76001698  0.41895601
-6.30111980 -0.51554900 -0.89064503 -0.15611801  0.53037202  0.59707701  0.53188002  0.25796199  0.44959700
-6.41626978 -0.46250999 -0.93672198  0.22217201  0.31266299  0.67696100  0.76327199  0.41204900  0.36287001
-6.42891979 -0.62041301 -0.45261201  0.29071599  0.50630200  0.74057502  0.88633001  0.39819601  0.29056501
-6.48871994 -0.46198800 -0.07867330  0.09189740  0.17367101  0.77816600  0.83398300  0.72900999  0.33990699
-6.31859016 -0.63557702 -0.32010201 -0.37154400  0.11409800  0.62099200  0.94482601  0.50522101  0.36503100
-6.35434008 -0.61010802 -0.71363598 -0.08322600  0.76093298  0.59389800  0.54768902  0.28781301  0.43521199
-6.72710991 -0.30326399 -0.25490499  0.03331970  0.73733801  0.56402701  0.82509899  0.42725801  0.40363699
-6.53832006 -0.47478700 -0.69912302  0.18206200 -0.04453540  0.89241499  0.99485201  0.85669398  0.22128500
-6.44570017 -0.58542198 -1.06728995 -0.00050247  0.19214299  0.82091302  1.08386004  0.73749298  0.28123599
-6.48889017 -0.64150703 -0.58398402 -0.19521400  0.48455301  0.90761602  0.79753298  0.75399500  0.41355500
-6.48447990 -0.37330401 -1.35389996  0.46467799  0.82406199  0.60038400  0.77358001  0.31589201  0.35368401
-6.37461996 -0.45697099 -0.46130401 -0.15279400  0.29789701  0.43909499  0.67077303  0.20836200  0.45643601
-6.44822979 -0.60368401 -0.57993299 -0.55763400  0.27982101  0.69447303  0.90024400  0.65084898  0.37409699
-6.79497004 -0.27726799 -0.59445500  0.33293399  0.43307799  0.71563601  0.82753599  0.67825699  0.44612899
-6.73725986 -0.22596100 -0.42260900 -0.01262950  0.35704899  0.73133302  1.20957005  0.80697697  0.27994099
-6.42016983 -0.56402999 -0.41977301 -0.31671101  0.25512400  0.62228000  0.90266502  0.64805198  0.34072000
-6.54806995 -0.13817200 -0.32121301  0.42242399  0.64216602  0.42374200  0.83439600  0.80186599  0.19897600
-6.37994003 -0.39188001 -0.35998800  0.22753300  0.06403790  0.51266998  0.79758602  0.56572300  0.28164899
-6.75941992 -0.42467201 -0.57756901  0.10859100  0.31670800  1.09763002  1.03261006  0.69032902  0.36372200
-6.21050978 -0.69638598 -0.90566999 -0.15611100  0.04190740  0.70780200  0.84985799  0.57875901  0.27849099
-6.35747004 -0.56569600 -0.88694501  0.00695066  0.13220200  0.52303702  0.69433200  0.07688570  0.41394100
-6.68415022 -0.32591799 -0.24173599  0.29997599  0.44202399  0.76895702  1.04925001  1.10222006  0.25911799
-6.08985996 -0.75612700 -0.40392399 -0.16928500  0.04700170  0.53452700  0.76718098  0.33470899  0.13795801
-6.76048994 -0.06923660 -0.28375101  0.01234030  0.57628900  0.71517098  0.76026303  0.60206598  0.45425400
-6.24403000 -0.53246301 -0.62067002 -0.55229801  0.35482699  0.61241901  0.68618602  0.47172499  0.27944300
-6.11204004 -0.80583000 -1.04927003 -0.12261500 -0.48465601  0.66685301  0.80323601  0.18992101  0.43586400
-6.57634020 -0.32791299 -0.42302999 -0.10780100  0.26369101  0.61563998  1.01276004  0.45955601  0.23119800
-6.29865980 -0.65091801 -0.87524903 -0.10446100  0.00756438  0.56610298  0.42206499  0.21184900  0.62683600
-6.00501013 -0.84380299 -0.61081702 -0.39323401  0.28268400  0.39419600  0.59716702  0.18804200  0.41907799
-6.21938992 -0.54713100 -0.61604702  0.21428500  0.18203200  0.51419097  0.62945002  0.28758699  0.31519699
-6.42920017 -0.56010699 -0.53903401 -0.16682200  0.26212901  0.84544498  0.94401997  0.66956401  0.35175699
-6.33289003 -0.54747599 -0.25398201 -0.96224701  0.45925000  0.57051998  0.53787100  0.39731199  0.46873000
-6.33323002 -0.65878499 -0.62010801 -0.49518001  0.39622301  0.61791199  0.69249398  0.75704098  0.41479501
-6.64837980 -0.44153300 -1.06634998  0.19819500  0.43915299  0.97590798  0.98417997  0.30140001  0.55409902
-6.35307980 -0.43079001 -0.72991198  0.14161800  0.34647301  0.62182498  0.63836801  0.03222900  0.38779601
-6.78476000 -0.17866901 -0.66938901  0.26196000  0.53281099  0.67630303  0.99019098  0.75864702  0.28725001
-6.96003008 -0.07366490 -0.15134600  0.52485102  0.57258600  0.89297599  0.93438202  1.03266001  0.24840599
-6.58990002 -0.57377499 -0.69237900 -0.07884970  0.07473320  0.91027403  0.95528799  0.84279501  0.40346399
-6.41820002 -0.52937901 -0.85294700 -0.20145500  0.44987401  0.80428302  0.98478299  0.76120901  0.22105999
-6.61342001 -0.49504599 -0.33711299  0.28862101  0.46588001  0.98104000  0.96819401  0.71672899  0.28614500
-6.52820015 -0.35642701 -0.08486510  0.61029100  0.37550300  0.56268501  0.79283500  0.42668599  0.42129201
-6.41701984 -0.35524201 -0.60517102 -0.06387940  0.27468801  0.57540101  0.89253801  0.42899999  0.28418201
-6.48333979 -0.43925601 -0.41573301  0.03866930  0.34903100  0.72724199  0.94863200  0.63592601  0.35291600
-6.47279978 -0.33144701 -0.38121200 -0.33406100  0.20369400  0.65983099  0.80509901  0.63577300  0.41967300
-6.55322981 -0.37266099  0.16310000  0.17931899  0.21384899  0.92118102  0.93635398  0.84083098  0.12716000
-6.10679007 -0.64059001 -1.10000002  0.22200000  0.52800101  0.55744100  0.49190101  0.33473501  0.25142899
-6.58272982 -0.34402299 -1.09821999  0.22336900  0.05820890  0.82939899  1.07034004  0.86830997  0.19635800
-6.43695021 -0.41743401 -0.00910216 -0.10309600  0.54430699  0.45319501  0.66361600  0.43183199  0.45643899
-6.35070992 -0.62762201 -0.43980199 -0.42747301  0.40490401  0.84184903  0.85066003  0.33959800  0.30760300
-6.50319004 -0.33590999 -0.28905800 -0.05444300  0.49927700  0.44957599  0.62415397  0.62453800  0.26155499
-6.49037981 -0.45203099 -0.76516700  0.08067120  0.36564299  0.78243899  0.78752297  0.74706101  0.33095399
-6.54745007 -0.47132000 -0.92821097 -0.11287900  0.25547999  0.75965500  0.93727303  0.31115401  0.50801599
-6.31652021 -0.54443800 -0.73653001 -0.41120699  0.34316900  0.69993103  0.88642401  0.83992201  0.26513401
-6.50278997 -0.47161400 -0.25865600 -0.11083500  0.36011201  0.76159900  0.88753301  0.52615702  0.29889101
-6.56288004 -0.57706100 -0.41485599  0.13472800  0.29246700  0.89341199  0.82349497  0.23074400  0.49124399
-6.54764986 -0.35998699 -0.59373701  0.02370720  0.07455600  0.62605798  0.82932198  0.40715101  0.51573801
-6.54321003 -0.51887399 -0.18571500 -0.29726800  0.63387698  0.93945402  0.95477599  0.68156803  0.36653399
-6.41691017 -0.81217700 -0.60139102 -0.42070401  0.21302301  0.87823999  0.73945999  0.65653998  0.47308600
-6.19463015 -0.61434299 -0.44796801 -1.30139995  0.14823300  0.58491898  0.77022201  0.41446599  0.27706400
-6.01595020 -0.70841599 -1.29446995 -0.38964701 -0.04238130  0.53654099  0.60579503  0.51181197  0.20238601
-6.41100979 -0.53358400 -0.88604802  0.08096250  0.36968499  0.61284101  0.75788802  0.31358901  0.55294901
-6.14558983 -0.82279301 -1.39391005  0.11899400 -0.11780400  0.55103701  0.47524300  0.04737810  0.55646402
-6.66884995 -0.44843799 -0.42401400 -0.01762860  0.42363101  0.90220797  0.99528700  0.66514999  0.43933499
-6.13293982 -0.76048899 -0.98774099 -0.22427900  0.07556170  0.56058902  0.66422600  0.14102300  0.44663101
-6.23839998 -0.62831002 -0.68376100 -0.13211800  0.27654901  0.74294102  0.73244399  0.68141800  0.38540000
-6.51971006 -0.39973000 -0.29348701  0.25161299  0.45591599  0.90209103  0.88864499  0.73777699  0.24247099
-6.47451019 -0.35638899 -0.69891298 -0.14964899  0.40413001  0.59034699  0.92255902  0.69304800  0.33619899
-6.48507023 -0.47367299 -0.58988100 -0.84227401  0.37579101  0.66760600  0.85960001  0.41057399  0.36440501
-6.62546015 -0.48971000 -0.30993101 -0.35364601 -0.02483990  0.73104399  0.88154000  0.18080100  0.60938102
-6.47623014 -0.40679699 -0.63954300  0.04765230  0.38767600  0.59898299  0.76026702  0.45115799  0.45662299
-6.53458977 -0.38961801 -1.04351997  0.24176601  0.47116500  0.60743898  0.84518498  0.50629002  0.36171201
-6.75201988 -0.15207300 -0.23309700  0.28586000  0.47465101  0.61559200  0.81650800  0.20829201  0.47814199
-6.72770977 -0.29062399 -0.25145701  0.30298799  0.41458699  0.83669698  0.64874202  0.31226400  0.59852201
-6.50134993 -0.48808801 -0.82364899  0.09261880  0.28178301  0.88075799  0.95223099  0.52281499  0.26472500
-6.44948006 -0.60521901 -0.76718700 -0.38847801  0.09142240  0.86330903  1.06040001  0.91346198  0.28260699
-6.41409016 -0.44202101 -0.36584300  0.35036299  0.17254400  0.72332400  0.72628599  0.59565699  0.28495401
-6.58500004 -0.24021500 -0.38528800  0.04771140  0.54439002  0.74354202  0.78132200  0.81767303  0.25546899
-6.99298000 -0.21313700 -0.40074900  0.17408501  0.66676599  1.09704006  0.99372000  1.15155995  0.43736601
-6.22951984 -0.48069900 -0.55736601  0.04731250  0.55139500  0.41008601  0.20263501  0.17720500  0.33389500
-6.26207018 -0.60078901 -0.32049900 -0.00959292  0.40291199  0.52698898  0.79221100  0.10561900  0.28660899
-6.41399002 -0.79630601 -1.41322994 -0.56639600  0.05027860  0.79707801  1.00724995  0.43380001  0.40450299
-6.26359987 -0.58648098 -0.53174001 -0.36752200  0.29016301  0.45293599  0.78552300  0.63927799  0.30312201
-6.02267981 -1.04525995 -1.05756998 -0.30479801  0.11111300  0.83263397  0.53652799  0.63953501  0.41360301
-6.55877018 -0.65777200 -0.59219998  0.35047099  0.40867200  0.86642498  0.95841497  0.50675499  0.29938501
-6.72509003 -0.35668001 -0.28701600  0.12096600  0.35849801  0.62494099  0.90385997  0.65226698  0.43405300
-6.61800003 -0.41303900 -0.47343701  0.15262000  0.71530801  0.91148800  0.95242500  0.85503101  0.31275901
-6.47726011 -0.68089002 -0.71869802 -0.20390700  0.16695599  0.71067601  0.73388499  0.20551500  0.58595699
-6.37407017 -0.61339200 -0.49659401  0.04174330  0.15043500  0.63448697  0.89724201  0.37447399  0.42427799
-6.36247015 -0.47966400 -0.41494200 -0.23286900  0.47214100  0.73540998  0.75775599  0.66375899  0.30138099
-6.94129992 -0.13600001 -0.39667800  0.33083701  0.72250199  0.91734600  1.12178004  0.94276899  0.33785400
-6.19016981 -0.61385798 -1.43839002 -0.43117201  0.02957090  0.72840202  0.83429700  0.43978399  0.34910700
-6.72951984 -0.22340600 -0.22233900  0.15724200  0.96694398  0.60314101  0.82291198  0.61519700  0.32766500
-6.26143980 -0.56076300 -0.93815601 -0.38873199  0.29124501  0.56433600  0.32452101  0.12296800  0.53456300
-6.29520988 -0.55812198 -0.63050401  0.22603600  0.18340001  0.81413400  0.85299498  0.50562000  0.21717800
-6.59575987 -0.30378801 -0.43099299 -0.23822901  0.80673897  0.62722802  0.97253698  0.84254098  0.30652601
-6.18221998 -0.60781401 -0.47901201  0.14462399  0.31671000  0.62086600  0.62402701  0.29330000  0.25339299
-6.55142021 -0.39409399 -0.26592800  0.50992697  0.55083299  0.69733602  0.59694999  0.24877000  0.50983900
-6.84426022 -0.31032699 -0.41617399  0.27779901  0.48138201  0.80587000  0.94169402  0.67832100  0.53248799
-6.40651989 -0.43432701 -0.62967199  0.23391400  0.29439801  0.59281802  0.74440497  0.18001400  0.37118801
-6.03833008 -0.72356802 -0.71649802 -0.05396100  0.01382810  0.50882697  0.61267000  0.30972999  0.20418701
-6.47428989 -0.43429199 -0.53202301  0.05641510  0.53684199  0.56556702  0.68809903  0.73493302  0.49628100
-6.73849010 -0.28686801 -0.73604703 -0.26589599  0.59221798  0.77188200  0.85400200  0.36748701  0.48191401
-6.17156982 -0.69416499 -0.82626498 -0.27144501  0.26485401  0.69130099  0.80798101  0.27257499  0.35155499
-6.37406015 -0.43801099 -0.41362700  0.41274399  0.42858499  0.66251099  0.88809198  0.19658700  0.14113501
-6.15796995 -0.56429702 -0.50900102 -0.18728100  0.19483200  0.63246799  0.78489500  0.67443699  0.22395100
-6.41172981 -0.33248600 -0.42081401 -0.22730500  0.21874300  0.46996000  0.69921899  0.41268301  0.46538600
-6.27100992 -0.73583001 -0.56700897  0.21568801  0.33479801  0.80180299  0.52620399  0.43091899  0.46208599
-6.37697983 -0.69248301 -0.69505900 -0.10184600  0.06426150  0.70506102  0.94637501  0.72621101  0.38694799
-6.46043015 -0.30208200 -0.27696699 -0.09072790  0.40834901  0.65417099  0.94280601  0.32210401  0.23669100
-6.61716986 -0.42904699 -0.78952003 -0.55917400  0.18941100  0.91619802  0.95239103  0.75718403  0.50027299
-6.34937000 -0.59671599 -0.51891899 -0.35500401  0.38631001  0.57560199  0.77272397  0.30344400  0.43803301
-6.76715994 -0.44990599 -0.68638200 -0.05249710  0.39399701  0.96964002  1.04910004  0.80796498  0.42486599
-6.69699001 -0.33031201 -0.87360102  0.00215515  0.19735999  0.82281601  0.82110500  0.71443999  0.48412299
-6.27564001 -0.55485100 -0.46702299  0.42288700  0.42520699  0.64496899  0.62721401  0.48816699  0.34446600
-6.67443991 -0.34773299 -0.60286403 -0.12482500  0.27768901  0.70573699  0.76358199  0.76147503  0.41089800
-6.12816000 -0.55887997 -0.72159201 -0.03804820  0.46465999  0.31970799  0.46138999  0.25288200  0.41007099
-6.07557011 -0.79388201 -0.90869600 -0.18970200  0.39143899  0.56403601  0.54293603  0.28944400  0.22195300
-7.04849005 -0.12809400  0.14688300  0.57418501  0.77701801  0.95117497  0.94897002  0.66969401  0.51415902
-6.45529985 -0.37931600 -0.50923699  0.44454399  0.72845799  0.53807700  0.65148002  0.39962000  0.43885201
-6.69626999 -0.44879800 -0.41931200 -0.42869899  0.51812702  1.01454997  0.98178601  0.83436000  0.36109200
-6.29983997 -0.51983202 -0.65486902  0.18314500  0.28301400  0.61903501  0.71487498  0.44040701  0.36599001
-6.54533005 -0.28059500 -1.20656002  0.31095901  0.54896498  0.59363800  0.82488400  0.40859300  0.36830699
-6.53848982 -0.49234700 -0.87863398 -0.35447201  0.31709400  0.62098998  0.83942002  0.27526200  0.55478799
-6.46818018 -0.39593700 -0.45386600  0.17628200  0.44884399  0.57098699  0.70698899  0.47259900  0.43225300
-6.50325012 -0.43609801 -0.75371599  0.33443800  0.78125000  0.70488399  0.80101198  0.07636840  0.47249299
-6.26020002 -0.59081000 -0.51817399 -0.15336099  0.46030399  0.43362299  0.58893400  0.19878399  0.51936102
-5.98295021 -0.73311502 -0.62152702  0.03812710 -0.19380200  0.54825699  0.67218399 -0.09693040  0.16532700
-6.49304008 -0.42354599 -1.28121996 -0.18502000  0.24765199  0.60937202  0.67329699  0.49290299  0.53311503
-6.34887981 -0.48466501 -0.67052001 -0.22253400  0.15482400  0.59188700  0.75929600  0.48674101  0.31677100
-6.34984016 -0.50725001 -0.84647202 -0.11252300  0.74020398  0.60084897  0.73786902  0.33434400  0.37774101
-6.15634012 -0.69800699 -0.55138302 -0.49479699  0.03864540  0.51783401  0.89731199  0.26848501  0.40500501
-6.67606020 -0.54859197 -0.45408800 -0.29669601 -0.07236600  0.85878497  1.13056004  1.14103997  0.31498700
-6.76770020 -0.29714999  0.32001799  0.26074201  0.45454299  0.91221100  0.73599398  0.76953298  0.38771600
-6.02089977 -0.60611999 -0.56972897 -0.34661001  0.57058901  0.56068701  0.66851300  0.63155800 -0.02099240
-6.80544996 -0.16716400 -0.53604001  0.76845700  0.69411099  0.68760198  0.94033098  0.27495599  0.31131199
-6.66844988 -0.49330100 -0.65594900  0.05168920  0.65282702  0.97771901  1.27298999  1.09334004 -0.05160640
-6.22939014 -0.40333501 -0.45445600  0.26370999  0.34652200  0.40347099  0.70832300  0.66218299  0.24060200
-6.37560987 -0.51566100 -1.37380004 -0.21510801  0.16847800  0.70961797  0.74286300  0.38736600  0.35552299
-6.28369999 -0.73941499 -1.21103001 -0.17694999  0.27791801  0.74363202  0.76731300  0.34351301  0.44675300
-6.51507998 -0.57199901 -0.58059400 -0.58013201  0.01680590  1.00258994  1.15770996  0.63449001  0.34595901
-6.42318010 -0.53322601 -0.69127202 -0.05793250  0.11355300  0.67479599  0.67639202  0.54671597  0.52327698
-6.32178020 -0.73486602 -1.18455005 -0.54720902  0.07318610  0.79268098  0.82847399  0.16320600  0.35642901
-6.51716995 -0.44376999 -0.51579100  0.72632200  0.53437901  0.85798001  0.89816499  0.40394601  0.42290601
-6.34933996 -0.47304201 -1.16359997  0.24874701  0.50858599  0.51696402  0.77249300  0.20089300  0.39592800
-6.47983980 -0.65575898 -0.13139300  0.27745599 -0.08939620  0.84042400  0.63356900  0.48584199  0.56531399
-6.81439018 -0.23977600 -0.15127900 -0.02721920  0.62209600  0.95644701  1.09048998  0.56611001  0.18103500
-6.19193983 -0.60815400 -0.90381801 -0.09535550 -0.02644470  0.56233001  0.75089401  0.24790999  0.36718100
-6.48199987 -0.57356101 -0.92570198 -0.19001600  0.37663200  0.95286101  0.98028100  0.90665197  0.25325900
-6.29025984 -0.65107799 -0.57794702 -0.17730001  0.63258499  0.64801401  0.62419999  0.24139801  0.32630500
-6.35145998 -0.67712200 -1.16321003  0.05241250  0.31781000  0.88968599  0.77160901  0.44912300  0.33621001
-6.70589018 -0.54683399 -0.98056698 -0.31716999  0.25224000  1.17330003  1.37480998  1.13972998  0.21484999
-6.82137012 -0.05938070  0.02104760  0.38728401  0.82807398  0.75858599  0.85740501  0.66970599  0.32363400
-6.38510990 -0.59513998 -1.38029003  0.28393999  0.22970299  0.64625001  1.01674998  0.56418401  0.29983300
-6.87670994 -0.10276600 -0.10266200  0.23190100  0.43036699  0.88142300  1.00563002  0.34221601  0.41454199
-6.80397987 -0.43086401 -0.24274801  0.00606755  0.36633599  0.84475702  0.79721099  0.82239401  0.42451200
-6.53780985 -0.45423299 -0.79636002  0.13174300  0.41380200  0.84304899  0.95684099  0.73480803  0.33136299
-6.18705988 -0.76585799 -0.83634800  0.00607442  0.26870701  0.72002101  0.95736998  0.36824301  0.24965601
-6.29200983 -0.43561399 -0.17827199  0.24765000  0.68110001  0.51335299  0.65468103  0.30174699  0.35122201
-6.23118019 -0.73326302 -1.17069995 -0.29034799  0.14769900  0.67533797  0.60642397  0.35304099  0.53830999
-6.69805002 -0.18694399 -0.33258599 -0.02195170  0.58655900  0.67030001  0.87434202  0.32613599  0.26136199
-6.67839003 -0.46268100 -0.91856599 -0.25509599  0.03403220  0.85997200  0.98374897  0.42089900  0.52450401
-6.20217991 -0.56769103 -0.77823400 -0.08270070  0.42225301  0.34616399  0.72552103  0.38177299  0.32319701
-6.66703987 -0.34477100 -1.10186005 -0.06905780  0.59555000  0.67616802  0.56825900  0.73153597  0.43492901
-6.15849018 -0.83175701 -0.60881698 -0.38456899  0.07611980  0.92788303  0.81805402  0.37277299  0.24236800
-6.56476021 -0.49964601 -0.69624001 -0.19650599  0.45381799  0.66709000  0.79069102  0.05626140  0.63911998
-6.10209990 -0.69724399 -0.50153297 -0.25763100  0.50090498  0.65142500  0.69066298  0.78964603  0.15433800
-6.27997017 -0.76773202 -0.81741500 -0.39419201  0.24962001  0.62625200  0.45477101  0.29751199  0.66152102
-6.39847994 -0.50373900 -0.30080199 -0.11219000  0.04679150  0.82981801  0.72634000  0.59656698  0.34918901
-6.27934980 -0.46188799 -0.95524400  0.01241110  0.33672100  0.63053298  0.84472102  0.40325499  0.14770401
-6.32469988 -0.49343699 -1.52158999 -0.06727550 -0.07881990  0.60764903  0.92702198  0.61028802  0.26158500
-6.53849983 -0.55554903 -0.76020801  0.08821210  0.28829399  0.89571202  0.96216100  0.65051001  0.51146799
-6.22453022 -0.66825700 -0.25851601  0.09788900  0.16976801  0.56252402  0.54246497  0.30881199  0.38922501
-6.23006010 -0.63139898 -0.78681397 -0.62422699  0.84413898  0.65406901  0.61809999  0.62961900  0.28087100
-6.40648985 -0.55457902 -0.30724099  0.15618800  0.41234699  0.85368699  0.69899899  0.67854798  0.42677301
-6.85113001 -0.40272400 -0.85904300 -0.42950901  0.33719599  0.90665901  1.09028006  0.61793298  0.59991002
-6.71813011 -0.24251100 -0.54558301  0.02960830  0.86866802  0.71817601  0.50884098  0.60149598  0.50706100
-6.54330015 -0.31352600 -0.71044803 -0.08257210  0.80400801  0.67172599  0.87117302  0.60765898  0.21847001
-6.52969980 -0.41299000 -0.56039602 -0.31511101  0.44253099  0.90657699  1.07063997  0.57140398  0.22963201
-6.50501013 -0.53529102 -0.11592700 -0.22184500  0.32878301  0.69460601  0.90021402  0.67765498  0.36829501
-6.55468988 -0.51827902 -0.59365702 -0.08914910  0.29951000  0.79189801  0.82143801  0.43729901  0.42894500
-6.89160013 -0.18855700 -0.31981301 -0.21937600  1.03831005  0.95738202  0.81546003  0.81897300  0.50937700
-6.48975992 -0.69007802 -0.73586702 -0.86321002  0.45775500  0.79149598  0.85841501  0.45250201  0.53490901
-6.32327986 -0.69414097 -0.61180502 -0.47305301  0.37053701  0.79129601  0.79510200  0.63474000  0.40034801
-6.20859003 -0.74850398 -0.32838100 -0.39987600  0.41142800  0.61623901  0.76502901  0.37417400  0.32886299
-6.72554016 -0.33386499 -0.42993200 -0.22259600  0.02368900  0.68701202  0.86293900  0.54519200  0.56205201
-6.28360987 -0.52379501 -0.99736500 -0.63943201  0.43016300  0.55147702  0.66985798  0.50185800  0.33799100
-6.75612020 -0.31743401 -0.50083101  0.27426401  0.40733200  0.78909999  1.06580997  0.88771099  0.37997401
-7.00042009 -0.45908400 -0.50424302  0.08065880  0.38496199  1.08826005  1.19316006  1.14836001  0.49615601
-6.46709013 -0.57469600 -0.85625702  0.29188100  0.08790390  0.82412899  0.88625503  0.33143401  0.25801599
-6.11851978 -0.75747597 -0.93813199 -0.18519001 -0.11247400  0.78217900  0.73058897  0.13529401  0.34511101
-6.22334003 -0.79840702 -0.16211200 -0.07922220  0.00682496  0.81023598  1.01516998  0.63047898  0.20330100
-6.32505989 -0.77127999 -0.64126003 -0.20923799  0.15620799  0.81251198  0.70821798  0.44711199  0.68088901
-6.54929018 -0.47057101 -1.05806005  0.24597999  0.45762300  0.83729500  0.82393801  0.97152001  0.26365101
-6.28852987 -0.67579699 -1.18868005 -0.14725301  0.01248820  0.78999299  0.81220901  0.54065400  0.35818401
-6.21180010 -0.66343302 -0.53547001 -0.37589601  0.12845100  0.68549502  0.67776799  0.74822998  0.39896199
-6.78669977 -0.40511200 -0.40174401  0.34475300  0.36731201  0.88048702  0.86233997  0.49367401  0.55491698
-6.89493990 -0.19352400 -0.01545900  0.26519701  0.44729301  0.96827400  1.11452997  0.26787001  0.25970000
-6.43330002 -0.49888700 -0.58011401 -0.00981388  0.63460898  0.56973797  0.56676102  0.66944897  0.40151101
-6.47090006 -0.42876899 -0.90132701  0.02899160  0.18403700  0.70129699  0.98401302  0.73819703  0.36410600
-6.23568010 -0.68802202 -0.91855198  0.22437800  0.30625099  0.68939501  0.76489800  0.71485698  0.31176001
-6.26034021 -0.51342303 -0.56514698 -0.15286200  0.19852200  0.75187403  0.61805499  0.23980200  0.31431201
-6.52112007 -0.70491600 -0.85495299  0.09864570 -0.04995810  0.76179200  0.82725900  0.43538100  0.76589900
-6.70834017 -0.19386500 -0.83766299  0.12295900  0.87351000  0.79136401  0.68614101  0.54554403  0.42882699
-6.42173004 -0.47044200 -0.62824601 -0.58313698  0.21415100  0.70825899  0.84681398  0.50702399  0.34900999
-6.70286989 -0.37622601 -0.26684600  0.32488999  0.54708600  0.79995602  1.03916001  0.53952998  0.37396699
-6.64524984 -0.30507001 -0.04084750  0.10971100  0.76734698  0.71208298  1.03513002  0.90896201  0.31790501
-6.66755009 -0.12935700 -0.05455730  0.16349199  0.22384100  0.62290400  0.76292902  0.64867300  0.27953699
-6.67292976 -0.44073701  0.01509070  0.43076199  0.41625401  0.86207902  1.01796997  0.99172300  0.18803801
-6.58187008 -0.43253499 -0.56185001  0.18339200  0.14596100  0.93889099  0.77752799  0.25744700  0.47488499
-6.34862995 -0.54892802 -0.78785402 -0.05076040  0.81273502  0.37754700  0.54234600  0.44531700  0.45149601
-6.41989994 -0.59714800 -1.14297998 -0.30702299 -0.07758570  0.75344300  1.02885997  0.36983600  0.31606299
-6.31381989 -0.53799099 -0.46200499 -0.46537501 -0.08108460  0.68658203  0.76942003  0.37595001  0.41522300
-6.50913000 -0.41107699 -0.71030200  0.22532000  0.13238201  0.70969099  0.78111303  0.63396400  0.43638000
-6.20298004 -0.54840702 -0.97891498 -0.20861600  0.23746000  0.57283002  0.70159501  0.39562199  0.35759300
-6.54096985 -0.38759601 -1.03287995 -0.33474800  0.27645200  0.84313899  1.13847005  0.75196499  0.20349699
-6.24782991 -0.52436298 -0.74101001 -0.30215099  0.00333537  0.71884400  0.91560203  0.41905701  0.21179301
-6.87866020 -0.23048601 -0.62886000  0.35056299  0.66140002  0.73155302  1.02866006  0.80273598  0.42265299
-6.30156994 -0.69802701 -0.67839998 -0.06233630  0.35542199  0.80303401  0.81864899  0.29901901  0.34145001
-6.50448990 -0.62643200 -0.90299499 -0.01989240  0.12396700  0.84673202  1.04674006  0.74509901  0.46438500
-6.25243998 -0.56713903 -0.37374899 -0.00786947  0.57383198  0.39086801  0.12511601 -0.17730500  0.67294002
-6.27077007 -0.64519000 -1.23668003 -0.51699001 -0.03530960  0.88884902  0.84214902  0.68949503  0.36796200
-6.28245020 -0.62048799 -0.80927598  0.19567400  0.35301399  0.54390001  0.65042698 -0.13341500  0.55153000
-6.83350992 -0.20931500 -0.88116598  0.29228500  0.28189999  0.88911903  1.12653005  0.58524698  0.20697799
-6.51431990 -0.53806299 -0.53997999 -0.26533601  0.42021501  0.76999098  0.89391202  0.89087200  0.48914501
-6.63426018 -0.30228099 -0.15485500  0.23633100  0.77258003  0.74879199  0.89187700  0.88311201  0.21810800
-6.11909008 -0.70819998 -0.70107800 -0.20022599  0.32710201  0.57228100  0.56423402  0.19617601  0.37661001
-6.32708979 -0.47797099 -0.32070699  0.18149400  0.65651202  0.65288800  0.70172697  0.60068500  0.21356399
-6.26323986 -0.65177900 -1.22967994 -0.25636199 -0.14047800  0.59906697  0.78062898  0.48339099  0.36088100
-6.54291010 -0.37290600 -0.25049999  0.12773401  0.03736300  0.79819697  0.96419901  0.45085201  0.31976601
-6.55060005 -0.50008100 -0.55850500 -0.17963700  0.45178801  0.63980299  0.80391300  0.25742200  0.62706900
-6.37546015 -0.47988099 -1.11661994 -0.45988801  0.12176900  0.65567899  0.93746901  0.29415399  0.23046800
-6.48410988 -0.44221199 -0.82515502 -0.04514610  0.16557001  0.70486099  0.91872799  0.77991498  0.28341100
-6.51759005 -0.52481300 -0.59979099  0.13375901  0.24485400  0.75303102  0.77474999  0.08189990  0.55599099
-6.36402988 -0.49205700 -0.81873202  0.36322999  0.32706299  0.73688197  0.63156301  0.47192499  0.33714199
-6.45453978 -0.40403900 -0.26220101 -0.25053501  0.64832503  0.47082299  0.58935702  0.63583302  0.40919399
-6.19941998 -0.50883597 -0.36737499 -0.02337360  0.24589200  0.41429901  0.60948497  0.43317500  0.26617900
-6.44488001 -0.45813599 -0.58056802 -0.13884000  0.51689100  0.58444703  0.85362399  0.41868600  0.29417199
-6.64847994 -0.51590598 -0.92849898  0.19229300  0.74160397  0.77388602  0.89042002  0.44130000  0.52636600
-6.62945986 -0.50737000 -0.58287299 -0.23143700  0.31152099  0.84610999  1.10185003  0.99002397  0.30301601
-6.55637980 -0.58559799 -0.46847299 -0.29790699  0.34063801  0.91286302  0.71193898  0.62879401  0.52215600
-6.17410994 -0.74249703 -1.23556995 -0.17884900  0.22872201  0.70338398  0.61811697  0.32305899  0.44409299
-6.43218994 -0.57721299 -0.65126503 -0.30201900  0.33562899  0.75407898  0.68916100  0.52599698  0.49554500
-6.66665983 -0.26723501 -0.90341502 -0.08250550  0.56836200  0.75210601  0.82193202  0.34076601  0.44402301
-6.22365999 -0.71605003 -0.96107799 -0.07905760  0.26167500  0.65536702  0.65117502  0.41806000  0.37201899
-6.53202009 -0.49061701 -1.02306998 -0.09284200  0.45763701  0.79023498  0.91092199  0.52443898  0.28547701
-6.54575014 -0.40088800 -0.45268500 -0.29201299  0.41007200  0.67438501  0.59437102  0.61949402  0.40160599
-6.43921995 -0.60613197 -0.91632998  0.01259540  0.10069400  0.70438498  0.95288098  0.35094199  0.51699400
-6.39612007 -0.52719498 -0.55517799  0.09918900  0.04655840  0.70575398  0.90906900  0.21607301  0.28391299
-6.57084990 -0.45457801 -0.56418401  0.34169400  0.66244799  0.75186002  0.78202301  0.64077902  0.42616901
-6.78254986 -0.30079401 -1.03277004  0.44133401  0.30041599  0.95222402  1.09525001  0.56354499  0.36431700
-6.64655018 -0.52087897 -0.51686198  0.10531900 -0.02387470  0.91318101  1.19437003  0.49329299  0.41955400
-6.20955992 -0.65127897 -0.50615102 -0.35623601  0.27311000  0.63066697  0.64936501  0.56739402  0.28735599
-6.06146002 -0.66285300 -0.59945601 -0.09479840  0.25126901  0.57478201  0.69300300  0.04961550  0.27924001
-6.54486990 -0.39803401 -0.80582398  0.43853000  0.45959601  0.76051003  0.76676297  0.50978798  0.38298899
-6.57742977 -0.36972600 -0.89467400 -0.30066800  0.66221601  0.91533202  0.84535003  0.44542399  0.46393901
-6.54330015 -0.31634599 -0.96902603 -0.07167830  0.42972201  0.82194901  0.88810599  0.52071500  0.37537599
-6.65158987 -0.27979901 -0.57523900 -0.27671301  0.28799599  0.85604697  1.09466004  0.86801702  0.23021300
-6.53743982 -0.44027099 -0.31440499  0.02295710  0.23097201  0.80541199  0.86673802  0.73693901  0.21944000
-6.88480997 -0.19785300  0.31922501 -0.32960099  0.70574701  0.85646701  1.06640995  1.04705000  0.39794499
-6.36987019 -0.60273999 -0.28458899 -0.51236802  0.03624710  0.71079701  0.78760201  0.46730399  0.32793900
-6.48163986 -0.56405801 -0.77456599 -0.00754816  0.43069300  0.72791898  0.79123503  0.42616001  0.40469301
-6.43713999 -0.66241902 -1.02228999 -0.18466200  0.44442701  0.86047000  0.67453700  0.26135901  0.72045797
-6.07465982 -0.68783897 -0.87426800 -0.27738100  0.13667201  0.48094901  0.69384003  0.28183699  0.29319799
-6.57981014 -0.41788900 -1.12916005 -0.76299602  0.15319800  0.67098701  1.08342004  0.66587698  0.44212499
-6.46151018 -0.56125498  0.03627140 -0.69421899  0.47731099  0.72676003  0.91355199  0.73062700  0.35223001
-6.23300982 -0.44118601 -0.92767400 -0.19846100  0.37318301  0.29208800  0.65952301  0.44681501  0.39522201
-6.33581018 -0.52159202 -1.06194997  0.04952620  0.46571401  0.59638703  0.75046003  0.58063400  0.18596500
-6.37234020 -0.51823902 -0.40544000 -0.42029601  0.25533500  0.59867299  0.76409000  0.50610000  0.37225401
-6.24361992 -0.59182203 -0.59188300 -0.16418600  0.14109100  0.53403300  0.68641698  0.45251501  0.29674700
-6.47430992 -0.38125500 -0.77306002 -0.04951620  0.51468700  0.64127302  0.70707101  0.43123600  0.46039799
-6.65702009 -0.23727800 -0.25662500 -0.24078199  0.54389203  0.58889103  0.81530100  0.81761301  0.37805700
-6.68980980 -0.50822002 -0.91695899 -0.19642600  0.12183800  0.92187399  1.17576003  0.91582298  0.32977301
-6.50289011 -0.43037301 -0.66004401  0.26923600  0.27867800  0.49173400  0.58388603  0.31681401  0.67082202
-6.33831978 -0.56655002 -0.11303900 -0.02613100  0.49204499  0.58753699  0.55796999  0.34266400  0.48994401
-6.45172977 -0.42921799 -0.33302900  0.12759399  0.34999499  0.59739101  0.97135901  0.51631600  0.28427199
-6.11554003 -0.68719298  0.05568090  0.18187100  0.27392101  0.39781901  0.44467801  0.19599500  0.33763501
-6.42111015 -0.62874597 -1.47786999  0.08469120  0.38295901  0.74727702  1.09160995  0.45629299  0.28683999
-6.14633989 -0.60187399 -1.17314994 -0.03307080  0.08439240  0.35183901  0.45991901  0.34271199  0.51458400
-6.79966021 -0.04499870 -0.26818299  0.32696599  0.53326601  0.69318497  0.95102799  0.45485201  0.37372699
-6.05710983 -0.70184201 -0.38094601  0.47968900  0.60058802  0.37189701  0.54571599  0.24311399  0.38803199
-6.68579006 -0.25698501  0.07743300 -0.05672780  0.93467200  0.71810800  0.90254003  0.72788298  0.17557400
-6.58922005 -0.58073699 -0.94820201  0.02996970  0.14746700  0.82301599  1.14933002  0.81650299  0.37869900
-6.41434002 -0.66231197 -1.04429996 -0.17380200  0.08506460  0.95226300  1.04184997  0.87342399  0.40810999
-6.72797012 -0.14901800 -0.07190210  0.60023099  1.08212996  0.75240600  0.53178298  0.13958600  0.41137299
-6.82011986 -0.20237499 -0.48988000 -0.04670560  0.55862099  0.72627401  0.94133598  0.76507598  0.49415201
-6.39452982 -0.46226600 -0.43730500 -0.34433401 -0.10087000  0.61072999  0.93838900  0.64131802  0.32786000
-6.51636982 -0.34933600 -0.62417698 -0.06407930  0.32853201  0.64890802  0.73818099  0.64436299  0.39977700
-6.65701008 -0.11345900 -0.36103100 -0.23671700  0.54418898  0.60187697  0.99381298  0.90161198  0.24587899
-6.39920998 -0.41192201 -0.38944700 -0.30897900  0.30073401  0.48359901  0.71023101  0.42445701  0.35917100
-6.48565006 -0.46893999 -0.20573400 -0.20791800  0.32733700  0.62772298  0.80268800  0.61750299  0.41235799
-6.48421001 -0.39543501 -0.11632000  0.34613699  0.33327800  0.69205898  0.76013601  0.45180601  0.42363799
-6.20576000 -0.64415097 -1.41767001  0.02531470  0.20809001  0.52315801  0.70459002  0.57001400  0.25947401
-6.14394999 -0.67201501 -0.81738001 -0.39356399  0.15631001  0.65371501  0.71007198  0.61575800  0.20792399
-6.87025023 -0.38175300 -0.54071897 -0.15388900  0.39165699  0.97905898  1.17526996  0.95850098  0.41260999
-6.48430014 -0.47607499 -0.81377000 -0.30304801  0.06718260  0.89042199  1.14408004  0.95400298  0.12535299
-6.49032021 -0.52069801 -0.86976999  0.51160902  0.04752150  0.74245298  0.85828698  0.52355802  0.42462999
-6.24799013 -0.70897597 -0.70000601 -0.37608600 -0.07829420  0.78154999  0.78094798  0.72600502  0.27184200
-6.81992006 -0.33908999 -0.53706801 -0.01056100  0.32173699  0.89716500  0.98403698  0.67579597  0.39858600
-6.29723978 -0.67792600 -0.87379497  0.09579600  0.18651700  0.68326497  0.70926499  0.41013801  0.44309601
-6.72763014 -0.31433800 -0.46860099 -0.28708899  0.39075199  0.77166700  0.96798998  0.86459798  0.35935700
-6.56497002 -0.39718300 -0.47386199 -0.03730130  0.16234601  0.68774301  0.75231397  0.24418201  0.59072101
-6.61891985 -0.38570499 -0.10721300  0.35498300  0.37348199  0.76421601  0.79628098  0.68634599  0.27668199
-6.85249996 -0.40448201 -0.28044000  0.17639799  0.08844580  0.90506202  1.09279001  0.49454099  0.50456399
-6.82396984 -0.31676999 -0.31726301 -0.14774901  0.54019600  0.73319399  0.89508498  0.64074802  0.56902599
-6.24162006 -0.73667598 -0.40498999 -0.18092400  0.32383299  0.46918499  0.54164499  0.29559901  0.52893800
-6.55191994 -0.34454200 -0.79178101  0.41245601  0.83382398  0.79194403  0.77873898  0.42910200  0.26618600
-6.24213982 -0.75627601 -0.51661700 -0.11387000  0.03819700  0.67611903  0.59902298  0.41669199  0.52639699
-6.35927010 -0.69243002 -0.49792701 -0.23425101 -0.00760704  0.70876598  0.74648798  0.47174200  0.56603903
-6.19473982 -0.81885499 -0.69667703 -0.22566000  0.04719020  0.84698600  0.93102199  0.78893602  0.14641500
-6.97259998 -0.12407600 -0.12535900  0.18328100  0.46742401  0.93107897  1.21344995  0.61360902  0.41739601
-6.41828012 -0.72579497 -0.96846300 -0.21720199  0.43807200  0.78443098  0.70293200  0.39125901  0.45755199
-6.45200014 -0.50387102 -1.43408000 -0.49337399  0.60750699  0.70495498  0.72608602  0.76415598  0.33334899
-6.48435020 -0.61034101 -0.40601999 -0.29372001  0.29172200  0.60971099  0.76532298  0.45823601  0.56454903
-6.18745995 -0.68716401 -1.07701004 -0.08382300  0.53915000  0.51868099  0.60200500  0.31850401  0.41797200
-6.40416002 -0.72448301 -0.74170399 -0.52138102  0.05156920  0.77133501  0.89356500  0.67839199  0.53442299
-7.00905991 -0.21967600 -0.66899800 -0.29427400  0.65390199  0.85834700  1.11386001  0.56048000  0.55959302
-6.35305023 -0.68094498 -0.51540798 -0.10567100  0.35618800  0.88924402  0.75995201  0.27812299  0.40659100
-6.58956003 -0.56803799 -0.81100303 -0.46303001  0.07538350  0.90502101  1.08063996  0.58404797  0.35841301
-6.52784014 -0.48024699 -0.80432302 -0.63027000  0.38801199  0.71040100  0.92734200  0.59108102  0.43704900
-6.69784021 -0.38850701 -0.94466698 -0.16382100  0.50135100  0.87190700  1.06072998  0.58183599  0.43575400
-6.39374018 -0.48780400 -0.61407000  0.60464197  0.36826399  0.72496802  0.82508999  0.04136250  0.32178199
-5.99871016 -0.80311698 -0.84251201 -1.01645994  0.43561900  0.59346402  0.77113903  0.96425903  0.15459400
-6.30678988 -0.86890501 -0.97431302 -0.27846199 -0.03325880  1.00225997  1.01119995  0.52086300  0.21293400
-6.70691013 -0.41532701 -0.34579101 -0.01051910  0.36973101  0.89951801  0.94165498  0.53798902  0.31039399
-6.67889977 -0.36816099 -0.65439099 -0.29933399  0.54703200  0.84264398  1.04577005  0.94246298  0.23288301
-6.70647001 -0.42947000 -0.06376890  0.21695200  0.42135701  0.77341503  1.01345003  0.65403801  0.35157701
-6.47048998 -0.41690099 -0.84696299  0.17568800  0.37520400  0.67819798  0.56383801  0.38671899  0.43798199
-6.66654015 -0.32223800 -0.80408800 -0.00839317  0.46477699  0.81614900  0.75884098  0.68326801  0.43954799
-6.49917984 -0.24226999 -0.31349099 -0.45705500  0.63234299  0.42625999  0.81839901  0.13096300  0.34709600
-6.37935019 -0.52906102 -0.75604498  0.16373999  0.67705500  0.68502897  0.64237100  0.60978699  0.42867899
-6.69934988 -0.26175901 -0.46771601 -0.24209601  0.37040699  0.59161299  1.05882001  0.51097900  0.29409400
-6.77301979 -0.27950400  0.04494710 -0.06778130  0.28725600  0.85488701  0.96968400  0.57303202  0.43047601
-6.83612013 -0.39164600 -0.30975300  0.20749301  0.40235901  0.95445597  1.23236001  0.90547103  0.48033500
-6.76765013 -0.30324700 -0.76407498 -0.17406800  0.32344800  0.82973301  1.15430999  0.62003601  0.31486300
-6.41595984 -0.40280801 -0.06818200  0.14997600  0.49180001  0.56643999  0.43749800  0.26555300  0.41866800
-6.62874985 -0.30096000 -0.04480130  0.24012101  0.52186900  0.64138502  0.75879699  0.42815799  0.32165700
-6.68555021 -0.45015299 -0.59717298  0.24719501  0.60913599  0.82443398  0.91765600  0.47700199  0.48921099
-6.56647015 -0.28360900 -0.50339597 -0.05770260  0.35353401  0.52140403  0.84382898  0.41337001  0.41386399
-6.56157017 -0.35684100 -0.35205701 -0.12705199  0.39398000  0.89151597  0.96181703  0.90493798  0.07905030
-6.37611008 -0.43311599 -0.76751500  0.22109500  0.21733101  0.43174201  0.79093599  0.04838960  0.45195499
-6.55182981 -0.36478999 -0.72214299 -0.43020901  0.06351870  0.60567302  1.15131998  0.76588601  0.26219401
-6.61308002 -0.42251900 -0.38945001  0.46730801  0.50878000  0.82748502  1.04059005  0.92448401  0.19716699
-6.16820002 -0.73071599 -1.17771006 -0.32595801 -0.05439690  0.78299499  0.91427100  0.66422302  0.12913200
-6.51235008 -0.52995700 -0.71440399 -0.29103100  0.04625920  0.62512898  0.98970097  0.50304103  0.56298399
-6.77067995 -0.19304299 -0.29883301  0.33534101  0.61056697  0.86257899  1.19869006  0.80054402  0.05997210
-5.96365976 -0.75601298 -0.84479201  0.15883300  0.29589301  0.44273499  0.46333501  0.10132600  0.29092100
-6.48368979 -0.47139001 -0.35165799 -0.22829799  0.66543800  0.73746800  0.65836298  0.46628699  0.45712000
-6.63426018 -0.36552200 -0.68507999  0.08517890  0.71980000  0.64890200  0.80716997  0.68139201  0.33722499
-6.43703985 -0.50756198 -0.60280401 -0.11791900  0.54887599  0.62382799  0.61014301  0.40725699  0.59425598
-6.65034008 -0.43167201 -0.95381999 -0.55054998  0.72804999  0.77959400  0.94990098  0.78869802  0.43721500
-6.52031994 -0.48117000 -0.26878300 -0.85801899  0.77601600  0.67259800  0.75479800  0.68481201  0.38358200
-6.54147005 -0.61856300 -0.24881300 -0.29245901  0.34283900  0.95958501  1.04601002  0.34010199  0.41659400
-6.50540018 -0.73946500 -0.88854200 -0.02570610  0.15877301  0.86882198  1.07203996  0.69953001  0.39271101
-5.99932003 -0.74566102 -1.05562997  0.22332200  0.24840300  0.45690700  0.38109401  0.35699001  0.25668201
-6.70401001 -0.40877700 -1.33779001  0.20622000  0.33093601  1.08598006  1.25775003  0.75594300  0.18757500
-6.21144009 -0.77240098 -1.11280000 -0.05743680 -0.07610330  0.68351799  0.78396797  0.46837300  0.35809901
-6.54624987 -0.37850001 -0.63500798 -0.04591450  0.33903399  0.72894400  1.01839006  0.83291799  0.32436100
-6.30538988 -0.44358501 -0.94994700  0.41672200  0.63780701  0.46521300  0.81503499  0.44165701  0.14969499
-6.75485992 -0.36407501 -0.57535201  0.43545401  0.28562701  0.85878700  0.93781298  0.38327199  0.42800000
-6.60830021 -0.33750400 -0.72911000 -0.24112800  0.29372901  0.87199301  0.91549301  0.64655501  0.33376601
-6.40033007 -0.67661399 -0.77536601 -0.31013000  0.08036070  0.89005399  0.75255299  0.35603401  0.45704499
-6.88526011 -0.18057001  0.15286200 -0.21377601  0.48272300  0.62611699  0.78504598  0.53684902  0.53884900
-6.56012011 -0.51484197 -0.41477501  0.36199099 -0.00972015  0.96656501  0.78508598  0.58170199  0.41600400
-6.28771019 -0.62124199 -1.11557996 -0.06009780  0.33176699  0.73784399  0.78679502  0.30310899  0.26339501
-6.66106987 -0.31769401 -0.65371102  0.43459499  0.68637502  0.76939201  0.84860098  0.91671699  0.24118000
-6.33620977 -0.65766501 -0.54658699 -0.53366399  0.26063699  0.85092300  0.87377900  0.37962401  0.39263099
-6.41491985 -0.65795600 -0.79441798 -0.59322703  0.30384299  0.76190603  0.85893500  0.49440601  0.50171900
-6.32439995 -0.58794397 -0.75102001 -0.43078300  0.63307297  0.67085803  0.75979501  0.60979599  0.32599100
-6.40150023 -0.47438100 -0.36487800 -0.00983720  0.52883798  0.63104397  0.53799301  0.30417201  0.40750000
-6.85548019 -0.22368200 -0.55204099  0.32810301  0.28213799  0.97842997  0.99194801  0.63058800  0.49651900
-6.32861996 -0.62582803 -0.51721400 -0.11220000 -0.10644200  0.82094300  1.02450001  0.72182500  0.23853000
-6.73790979 -0.44725800 -0.70019799  0.08289590  0.69486201  0.78301102  0.94895399  0.60727102  0.50613898
-6.27116013 -0.62338603 -0.89976299 -0.07028430  0.44815999  0.80838501  0.67242903  0.41493899  0.30841801
-6.66608000 -0.45729101 -1.34493995 -0.02599330  0.15714100  0.79127300  1.15922999  0.68854702  0.30544600
-6.42133999 -0.53936499 -0.87544900  0.33637100  0.43997800  0.66852099  0.71789098  0.39718801  0.51166803
-6.44905996 -0.51033002 -0.65220100 -0.19290400  0.49187699  0.73818499  0.81841201  0.62541801  0.41448101
-6.45913982 -0.40208000 -1.15516996  0.27363700  0.31290001  0.56159699  0.70764297 -0.13206001  0.58187199
-6.54541016 -0.35946700 -0.20250100  0.31588599  0.44157100  0.58400601  0.72215998  0.92481297  0.30123499
-6.41252995 -0.45747599 -0.35154700  0.03881210  0.54441202  0.55552500  0.49431700  0.45489800  0.49135599
-6.76380014 -0.37038600 -0.38374999 -0.21601801  0.57301599  0.97870100  0.98579103  0.74249899  0.38308501
-6.46403980 -0.63850898 -0.54296100 -0.44752100  0.20112300  0.69603699  0.86291802  0.20515700  0.55922800
-6.83534002 -0.28481001 -0.48953500  0.36290699  0.58061200  0.97582698  1.18545997  0.99319100  0.27995899
-6.59629011 -0.42394599 -0.52311301  0.13035201  0.03841640  0.68620402  0.78099400  0.56103897  0.44489199
-6.55272007 -0.54736000 -0.99088901 -0.37569401  0.09670320  0.80162400  1.05120003  0.56769001  0.43364999
