-6.15400982 -0.64892697 -0.97293800 -0.74169999  0.20733599  0.50504303  0.79571998  0.22628900  0.45207101
-6.23738003 -0.50168401 -0.98628998  0.21382201  0.41655201  0.51683599  0.73136401  0.34146801  0.22683500
-6.47391987 -0.50300699 -0.98555899 -0.27199900  0.33706501  0.73604900  1.00732994  0.42685801  0.17982399
-6.39684010 -0.64903897 -0.89402801 -0.12722600  0.18147001  0.89114499  0.92437398  0.79811502  0.40815201
-6.44762993 -0.51810098 -0.52279299 -0.49630100  0.50560999  0.74167597  0.75210702  0.70960200  0.36769599
-5.92220020 -1.11889994 -1.36815000 -0.76166600 -0.43680000  0.63591099  0.73823601  0.06067160  0.55603701
-6.43875980 -0.50303698 -0.76578403 -0.69728798  0.08752910  0.78153998  1.04538000  0.85892498  0.08130060
-6.30575991 -0.55267102 -0.57522899 -0.33019701  0.27509901  0.48597401  0.71307898  0.59245199  0.31597599
-6.59499979 -0.52508903 -0.36267200 -0.02498810  0.40788099  0.73349100  0.83929801  0.78213698  0.47270900
-6.35052013 -0.53322500 -0.74041498  0.07503200  0.45074499  0.68740100  0.77941102  0.41761699  0.23356500
-6.07901001 -0.93021202 -0.96039200 -0.21493199 -0.21088900  0.70320600  0.67247701  0.34337100  0.38420799
-6.32106018 -0.62453902 -0.96410799  0.09087560  0.70025498  0.75045902  0.81814200  0.54144901  0.27092901
-6.41743994 -0.48173699 -0.55979300  0.07227880  0.13402399  0.47547299  0.61575699  0.39905101  0.54316401
-6.27590990 -0.61501700 -0.35242301 -0.59398401  0.23861100  0.53690898  0.65271902  0.79780400  0.44364601
-6.53017998 -0.60255599 -1.12372994 -0.36855000  0.17858900  0.63945901  1.01865995  0.90304899  0.38567400
-6.03233004 -0.94284099 -0.89485300 -0.81977701 -0.16063100  0.70727599  0.98676503  0.49827099  0.04780920
-6.35909986 -0.54634702 -0.46703199 -0.37411299  0.05331840  0.81131500  0.81547099  0.59440702  0.34316200
-6.38572979 -0.54270101 -1.12830997  0.08490200  0.49619299  0.66742402  0.66120601  0.52364600  0.46204600
-6.37024021 -0.61677700 -0.72027498 -0.09913930  0.54318500  0.70389801  0.96834701  0.87859499  0.24435601
-6.81025982 -0.14038500 -0.23454399 -0.03155690  0.51049000  0.80052203  1.07322001  0.60149401  0.35630599
-6.14764977 -0.79130000 -1.11512005 -0.16182300  0.02239410  0.58771503  0.49059099  0.10520700  0.64794397
-6.17332983 -0.77720499 -0.59779102 -0.21112099  0.17045900  0.77313298  0.79190499  0.60139000  0.27459300
-6.45619011 -0.63283902 -1.02296996  0.12494800  0.26096299  0.71307302  0.87716198  0.60732698  0.29548600
-6.76094007 -0.48070699 -0.79935300  0.15407801  0.07759770  1.14972997  1.36987996  0.98390502  0.25704700
-6.23493004 -0.75767201 -1.26855004 -0.17989101 -0.02773500  0.62325400  0.91913003  0.16665800  0.52576500
-6.42706013 -0.49411500 -1.20025003  0.44635099  0.44093600  0.71571702  0.71561301  0.12921600  0.33556601
-6.17598009 -0.69693500 -1.15751004 -0.43754900  0.57891101  0.60711497  0.44531399  0.38197500  0.47891799
-6.40057993 -0.50092101 -0.66144103  0.26047900 -0.05949620  0.47678900  0.73522103  0.19210599  0.44538301
-6.50330019 -0.32484999 -0.58908498 -0.50214702  0.53437901  0.64278001  0.88210499  0.35005400  0.36759499
-6.68325996 -0.57610101 -0.69154900  0.21158500  0.28643799  1.06752002  1.03013003  0.59834701  0.48105800
-6.06672001 -0.76961601 -0.71815997 -0.16696900  0.47855300  0.29328999  0.62585300  0.42282799  0.44479400
-6.26523018 -0.73663098 -0.66270500 -0.26225600  0.10057600  0.63108498  0.90575099  0.53869301  0.30814299
-6.42340994 -0.46353701 -0.76361799  0.16349199  0.29554200  0.62104201  0.70752400  0.28251600  0.44779301
-6.13465023 -0.88353097 -0.73021102 -0.55451202 -0.27451101  0.78438401  0.74249601  0.29869601  0.45461699
-6.48950005 -0.42746100 -0.68782300  0.72470599  0.20865300  0.76345199  0.64387798  0.34084299  0.50528300
-6.35667992 -0.53848100 -1.21823001  0.07433720 -0.13526200  0.52596700  0.80819303  0.30845001  0.55379802
-5.97319984 -0.67887002 -1.11910999 -0.01757260  0.23680000  0.61854601  0.69081199  0.64857399  0.11190900
-6.52730989 -0.40694901 -0.91126299  0.22916999  0.42681399  0.53946197  0.74162900  0.53619599  0.45084900
-6.51480007 -0.46218300 -0.88043302 -0.25173301  0.19791099  0.84718800  1.14775002  0.80545902  0.28917500
-6.19864988 -0.70832902 -1.03851998 -0.05617270  0.17705999  0.81803203  0.44333801  0.03495560  0.46965799
-6.53402996 -0.47133899 -0.11232900  0.04625390  0.18557601  0.71387601  0.82660800  0.41049901  0.45220101
-6.16689014 -0.68485999 -0.95501000 -0.06752280  0.35417601  0.64977700  0.61991602  0.69394302  0.26996100
-6.32639980 -0.64664298 -0.66542000 -0.28265500  0.19456001  0.81277400  0.95761597  0.82123500  0.21596000
-6.37763023 -0.46088901 -0.50032997 -0.13172700  0.62374800  0.65090799  0.60943198  0.42161700  0.37356001
-6.56975985 -0.45725501 -0.26165199  0.13465901  0.44586900  0.76997799  0.85384297  0.55615401  0.35246399
-6.25932980 -0.79086900 -0.84024501 -0.00898528 -0.19362800  0.87180299  1.15029001  0.47519299  0.25760001
-6.34741020 -0.69305003 -0.62525398 -0.50367600  0.20819700  0.81765300  0.79990399  0.50329798  0.38404399
-5.94547987 -0.81728101 -1.00387001 -0.63481998  0.30362901  0.61553800  0.52622801  0.33944601  0.30569500
-6.28881979 -0.68455797 -0.95173299  0.08620200  0.26661301  0.64693701  0.83433700  0.37595099  0.41246799
-6.16660976 -0.72577900 -0.81434202  0.11694700  0.35240400  0.60138899  0.61017197 -0.20549101  0.41672301
-6.31198978 -0.56383198 -0.99551898 -0.16687500  0.53568399  0.70649701  0.58372301  0.47451901  0.46968299
-6.44909000 -0.48512000 -0.31302100  0.24421600  0.46563599  0.55021501  0.48714101  0.14161199  0.38532999
-6.45023012 -0.66549098 -0.56988001 -0.04412250  0.06378090  0.98445898  0.78433001  0.38345399  0.40070501
-5.93300009 -0.82144099 -0.51572299 -0.69684601  0.20072401  0.31186500  0.35558301  0.26374900  0.41645199
-6.29029989 -0.65441298 -0.91794801 -0.41727999 -0.09448480  0.57155597  0.92969400  0.52819097  0.51274598
-6.57873011 -0.26000699 -1.47696996  0.26765499  0.92320698  0.48109099  0.64973599  0.37963399  0.51741099
-6.27162981 -0.62343597 -0.48923001 -0.09712330  0.19481000  0.39629099  0.49426100  0.09501030  0.56186301
-6.37753010 -0.65700603 -1.02531004 -0.61344498 -0.06701320  0.87801403  1.07249999  0.79536301  0.29081300
-6.42252016 -0.44358999 -0.82697898  0.23591600  0.87489903  0.66507399  0.67367297  0.46253699  0.27506301
-6.56531000 -0.48334399 -0.46463400  0.35463199  0.55137300  0.66782600  0.63881201  0.58309197  0.45985800
-6.40650988 -0.49895501 -0.46528000 -0.12475100 -0.07555000  0.80349398  0.83069998  0.25231001  0.31904399
-6.29717016 -0.55722803 -0.98051900 -0.01810640  0.35844401  0.34443501  0.71177799  0.30980700  0.45142800
-6.27935982 -0.65903997 -0.67992300 -0.26632100  0.23759100  0.61949998  0.55702299  0.47516301  0.34647200
-6.24065018 -0.83847100 -0.63106602 -0.24990200 -0.02275460  0.86747301  0.77749997  0.66495299  0.36230001
-6.29946995 -0.70434999 -1.07009995 -0.16881999  0.13007900  0.83012599  0.91125202  0.61242300  0.34981799
-6.57737017 -0.42994401 -1.26580000 -0.72820300  0.23850299  0.82077998  0.99542099  0.79534000  0.28097099
-6.03455019 -0.67325902 -0.57537103 -0.31315401  0.15218800  0.60720700  0.73001099  0.14889900  0.32685199
-6.28139019 -0.77293998 -0.38995999 -0.18560100  0.03275270  0.73191899  0.75621599  0.49456200  0.51835603
-5.96577978 -0.87328601 -1.38413000 -0.25460801  0.02664120  0.69773299  0.78447503  0.30029100  0.35622299
-6.39216995 -0.54744601 -0.53806800 -0.29635999  0.27738199  0.76893502  0.65379101  0.29149899  0.49383801
-6.16657019 -0.57522899 -0.56985098 -0.19373100  0.53750402  0.50503701  0.62971801  0.34466299  0.17286099
-6.04129982 -0.86785197 -0.56286103 -0.09643520 -0.07480130  0.63802803  0.59046400  0.25200400  0.35149401
-5.99582005 -0.90361702 -0.79661798 -0.06620950 -0.08386600  0.76148897  0.63735098  0.23772700  0.32379001
-6.23939991 -0.51678300 -0.83079499  0.24757300  0.57644099  0.60265100  0.47857001  0.54161400  0.33193901
-6.23875999 -0.75421298 -0.42724001 -0.32228401 -0.03640110  0.51309299  0.54543900  0.36220700  0.54496598
-6.29344988 -0.62458402 -0.76964903 -0.08107090  0.23848900  0.83868498  0.80851197  0.89187199  0.15296000
-6.40501022 -0.63321698 -0.69561601 -0.36161599 -0.00250226  0.50689900  0.80666202  0.29764900  0.54716200
-6.31665993 -0.62761098 -0.92935300 -0.54466301  0.46151400  0.67709100  0.65076101  0.32521901  0.50924802
-6.38622999 -0.52727699 -0.65134603 -0.12258000  0.67472303  0.67680103  0.65920502  0.46946600  0.32996601
-6.10334015 -0.52716100 -0.91892999 -0.00656452  0.19641601  0.36489600  0.61795199  0.30075201  0.35594499
-6.19906998 -0.74465400 -1.31928003 -0.67287099 -0.33791900  0.92372000  1.00557005  0.70442301  0.18025900
-6.31990004 -0.55620903 -0.50844699 -0.28670600  0.44479999  0.62492597  0.49443600  0.09903870  0.41322899
-6.44043016 -0.39190501 -0.97412002 -0.12590300  0.34831300  0.41518801  0.81182998  0.21024901  0.38890699
-6.38428020 -0.37449700 -0.84953803  0.02824750  0.52590501  0.47361001  0.71193701  0.68904001  0.33325699
-6.49898005 -0.47617900 -0.68005902 -0.02388950  0.53758001  0.70287800  0.80877000  0.66597199  0.33291799
-5.94314003 -0.91562903 -1.19040000 -0.49764100  0.18971100  0.69931501  0.50589699  0.35644299  0.34921101
-6.18400002 -0.60774398 -0.77512199 -0.42204699  0.27249601  0.69323897  0.65669501  0.46534699  0.43526000
-6.13695002 -0.56987500 -0.81440997 -0.24749200  0.18552800  0.61315501  0.68724000  0.47527999  0.17845599
-6.36672020 -0.50287199 -0.77862400 -0.71294600  0.01488850  0.74769902  0.90183699  0.49352601  0.31573701
-6.19461012 -0.84243202 -1.20103002 -0.13733999  0.21837100  0.67351002  0.54490298 -0.09912830  0.60287797
-6.23541021 -0.49312201 -0.14313300 -0.12595300  0.35802400  0.22892600  0.50142801  0.32155699  0.42849299
-6.39504004 -0.65792900 -1.13541996 -0.61064798 -0.05737300  0.77439499  0.85944802  0.40182301  0.50350899
-6.36105013 -0.76562399 -0.68703800 -0.08297260  0.33965099  0.72778702  0.66011602  0.44153899  0.59615397
-6.67677021 -0.34356299 -0.46522900 -0.04099100  0.36866301  0.71506703  0.94624603  0.85043001  0.29676899
-5.95107985 -0.77654600 -0.99976897 -0.33388299 -0.21417500  0.42710799  0.41857499 -0.01014820  0.49384499
-6.18923998 -0.70491099 -1.38180006 -0.53059798  0.39489600  0.62791002  0.52534997  0.24133199  0.45647001
-6.03250980 -0.82808602 -1.38964999 -0.38164699  0.12558700  0.62828797  0.66937298  0.49285299  0.25923300
-6.34922981 -0.53489703 -0.90481699 -0.40755799  0.29154399  0.83552998  1.05930996  0.81901002  0.24244100
-6.37337017 -0.58680898 -0.97644597  0.24219000  0.18491299  0.73403502  0.71912497  0.24778800  0.30749899
-6.69431019 -0.27482501 -0.41680801 -0.34185499  0.60769600  0.65163702  0.80725300  0.81711799  0.45116001
-6.00647020 -0.75798398 -0.89519501  0.01638880  0.09931320  0.50128800  0.57644200  0.15644400  0.35739100
-6.50647020 -0.48680499 -0.83509701  0.21172500  0.30196401  0.65414900  0.72993398  0.69239199  0.36805001
-6.27715015 -0.57007402 -1.02842999 -0.46743101  0.16431800  0.40069401  0.70531702  0.68156302  0.35335100
-6.36778021 -0.35897401 -0.70994300  0.08400870  0.58817703  0.34559700  0.57512498  0.41703600  0.44690400
-6.64611006 -0.33944499 -0.46870899  0.02199480  0.30595899  0.73292398  0.79983997  0.63655698  0.24578901
-6.40581989 -0.54948097 -1.16341996 -0.24207400  0.30113500  0.85941601  0.84885901  0.83076203  0.24480800
-6.00461006 -0.73337102 -1.57287002 -0.47551799  0.28193599  0.45137301  0.64200401  0.68091798  0.33900699
-6.50539017 -0.34233701 -0.82970297  0.06042930  0.49902901  0.58432001  0.53640199  0.30790299  0.43284199
-6.04648018 -0.93528801 -0.91666001 -0.49999699  0.22253001  0.71533799  0.92704499  0.40621799  0.06096270
-6.57418013 -0.44986799 -0.37880099 -0.04715490  0.15332600  0.65813702  0.60677302  0.53064501  0.44209900
-6.49377012 -0.56062800 -0.71382099 -0.05029220  0.80281198  0.73135400  0.66846400  0.45754099  0.43167299
-6.73162985 -0.47483101 -0.63752401  0.00732661  0.49525899  1.05611002  1.03251004  0.70844901  0.48708999
-6.71225023 -0.32784599 -0.75292897 -0.15059400  0.02701790  0.98747599  1.09851003  0.73532599  0.33253601
-6.27484989 -0.46290001 -0.97171497 -0.64014298 -0.14381699  0.70068097  0.88704902  0.49000701  0.32394001
-6.12656021 -0.73906499 -0.43049300 -0.62300700 -0.02192450  0.52182102  0.68866903  0.12501800  0.37029400
-6.30806017 -0.59580600 -0.68362403 -0.07482050  0.53324598  0.70296699  0.84869099  0.70101398  0.12554599
-6.38368988 -0.42407399 -0.61047798 -0.24808900  0.26635000  0.63088697  0.59519303  0.56819201  0.36306399
-6.08865976 -0.85605198 -0.66198802 -0.14616500 -0.18294799  0.59779102  0.57901001  0.11670000  0.41034999
-6.76938009 -0.36771101 -0.50955701  0.36822799  0.22638300  0.75602603  0.95693702  0.54952800  0.53056902
-6.17908001 -0.65761501 -0.84711802  0.22235800 -0.08304820  0.71553200  0.76928800  0.51166600  0.21946700
-6.07840014 -0.87009698 -1.09177005 -0.14813299  0.18504700  0.49225801  0.39788300  0.09473160  0.66619599
-6.36505985 -0.49583799 -0.68278599  0.09910350  0.12825200  0.75305003  0.61721200  0.29202601  0.40888199
-6.38624001 -0.54206800 -1.63764000  0.26047099  0.23412500  0.67369998  0.68626201  0.39343399  0.29870200
-6.41091013 -0.55207902 -0.53186703 -0.46116400 -0.12480400  0.65766197  0.93481398  0.54118103  0.28561899
-6.00248003 -0.92097402 -2.19706988 -0.54214001 -0.15274200  0.70939499  0.81056601  0.25188100  0.42895901
-6.54984999 -0.40417099 -0.23881900 -0.17229301  0.78084701  0.57611698  0.77917898  0.54915899  0.40037701
-6.45248985 -0.42613301 -0.59488398 -0.10951600  0.34443700  0.37318000  0.87777501  0.62592798  0.27690199
-5.74277020 -0.86976898 -1.08111000 -0.50262201  0.17416599  0.51597500  0.44228500  0.44547701  0.11522400
-6.04770994 -0.71870500 -1.28381002  0.17677100 -0.01673710  0.61927402  0.93229997  0.47363600  0.20268500
-6.08649015 -0.78556299 -0.65147400 -0.33062300 -0.36324599  0.63506299  0.72356898  0.10060800  0.44689199
-6.42063999 -0.59653699 -1.35179996 -0.18436000  0.42104399  0.78152198  0.84978998  0.38668501  0.51675302
-6.12438011 -0.73537600 -1.00453997 -0.69329798  0.14963301  0.61122298  0.62039101  0.58275402  0.47728601
-6.40213013 -0.49839199 -0.38733801 -0.17268901  0.68225300  0.73107898  0.36956501  0.35142601  0.36601701
-6.14165020 -0.75899899 -0.89928198 -0.19552600  0.36780101  0.47666001  0.62297201  0.29536900  0.61262101
-6.19309998 -0.93977201 -1.08762002 -0.07070940  0.12483600  0.87639201  0.95083302  0.65701300  0.34812799
-6.03446007 -0.79353100 -1.31628001 -0.48298699  0.13106400  0.57894599  0.67201298  0.09232480  0.32598099
-6.32705021 -0.42590699 -0.67700499  0.21183300  0.43559000  0.55354798  0.68866199  0.34427401  0.29001600
-6.43523979 -0.52524298 -1.11473000 -0.30632100 -0.06971480  0.82360601  0.94045597  0.67258400  0.35001200
-5.97610998 -0.82109898 -1.09884000 -0.46639600 -0.13012899  0.57354498  0.70969403  0.34483099  0.32565299
-6.50625992 -0.44552600 -0.40015200 -0.20741200  0.29137200  0.71330202  0.86825800  0.53960901  0.46020201
-6.48206997 -0.41427499 -0.88160801 -0.19566201  0.33120099  0.68804300  0.85403597  0.36654001  0.45139900
-6.19902992 -0.62445700 -1.07449996 -0.07837190  0.39261401  0.74579901  0.60130602  0.39030299  0.31501701
-6.11290979 -0.71764201 -0.34672099 -0.32090899  0.33722100  0.59848499  0.71776098  0.88282901  0.25491399
-6.16372013 -0.74282098 -1.32202995  0.08365310  0.44365600  0.56363899  0.52354199  0.35139599  0.40376201
-6.24446011 -0.84852898 -0.98830801 -0.42373300 -0.00784020  0.62390000  0.70839298  0.39115500  0.63384801
-6.52147007 -0.42690301 -0.62529600  0.06635300  0.34678099  0.46460700  0.71864700  0.12043100  0.53833401
-6.49536991 -0.29051700 -0.73925900  0.39527899  0.47574401  0.60365802  0.71262902  0.54462898  0.34099701
-6.33700991 -0.55347902 -0.43273899 -0.46493301  0.48154601  0.64653403  0.73691303  0.11684600  0.40019900
-5.89900017 -0.96679997 -0.91778702 -1.10472000  0.12878101  0.70856303  0.69374698  0.53363103  0.23234500
-6.79209995 -0.46456599 -0.63990301  0.37521100  0.39293599  0.84706199  0.85655701  0.47393900  0.54523998
-6.62044001 -0.59933800 -0.52990198  0.40991199  0.31832001  0.80188799  0.68150300  0.68075901  0.55746400
-6.76607990 -0.30359101 -0.35392001  0.70118099  0.48180801  0.88232899  1.01896000  0.67973602  0.26424801
-6.25766993 -0.59831297 -1.19273996  0.01634620  0.38520601  0.78326899  0.86523700  0.50076097  0.17121799
-6.21357012 -0.63702798 -0.76655298  0.25701800  0.17789499  0.49322701  0.55382699  0.61820197  0.31663799
-6.31424999 -0.40227500 -0.30081600 -0.43624300  0.60694999  0.48523599  0.68602300  0.11560500  0.32520700
-6.41608000 -0.48356900 -0.74657798 -0.44263601  0.15828900  0.65747303  0.91113102  0.40048900  0.42073399
-6.28580999 -0.38410699  0.13360500  0.08036190  0.43215799  0.65417498  0.63682801  0.44618800  0.15328600
-6.22996998 -0.56203002 -1.00721002  0.22962099  0.36510101  0.57469302  0.76262802  0.69726801  0.28126201
-6.19193983 -0.78003001 -1.04518998 -0.12699001  0.12465000  0.60458797  0.69963998  0.35999000  0.52208197
-6.17595005 -0.63932198 -1.88810003  0.09102540  0.35985899  0.77435899  0.67939103  0.61242402  0.26928601
-6.30811024 -0.51545602 -1.33797002  0.18563800  0.46441901  0.64561301  0.66608298  0.28729799  0.33810601
-6.75498009 -0.31924200 -1.24899995 -0.07436280  0.56185400  0.75807500  0.95486897  0.36354399  0.49675900
-6.13438988 -0.77902400 -0.73706001 -0.28461999  0.20118900  0.69838399  0.83047801  0.57791501  0.28018099
-6.53981018 -0.50601101 -0.54048097 -0.02609360  0.26148099  0.92734802  0.90521002  0.90232301  0.35819200
-6.40828991 -0.87953699 -0.70747000 -0.34701601  0.12065700  0.86595500  0.83364302  0.35345900  0.63734299
-6.50975990 -0.42108199 -0.95588499  0.32988301  0.18014100  0.64497799  0.78665799  0.56749201  0.43775800
-6.19691992 -0.63574499 -0.90149599 -0.16985101  0.39468601  0.46721500  0.66360003  0.06128380  0.44257301
-6.28213978 -0.54753500 -0.29366001  0.00529230  0.19173200  0.44411901  0.78158402  0.61687201  0.27784899
-6.24398994 -0.83391798 -0.65915799 -0.60193598 -0.04807820  0.77238798  0.80286002  0.41640401  0.45366099
-6.47513008 -0.40559000 -0.33481699 -0.09853900  0.36231399  0.62263101  0.61622202  0.37578800  0.46878099
-5.87847996 -0.75929999 -0.74129099 -0.55938101 -0.12176900  0.49443600  0.49772000  0.48131600  0.33534399
-6.30453014 -0.49534601 -0.78892601 -0.01779950  0.17161900  0.44716799  0.60001200 -0.20546000  0.49540699
-6.24388981 -0.73365200 -0.58550900 -0.35426700  0.06933350  0.69937497  0.70198399  0.20742500  0.55927098
-6.14959002 -0.81144398 -1.10810006 -0.26572400  0.21842000  0.72714299  0.84747499  0.60738897  0.20218800
-6.34803009 -0.54309100 -0.64069998 -0.43174601  0.28881401  0.64142400  0.94275802  0.54364598  0.29227301
-6.31296015 -0.68754399 -0.99326003  0.16819200 -0.14458500  0.73805100  0.82243598  0.76395297  0.41991600
-6.92669010 -0.38130999 -0.46238601 -0.00992275  0.37987000  1.11664999  1.16610003  0.79792500  0.41937801
-6.80930996 -0.24286100 -0.30595300 -0.01849710  0.22401300  0.80316800  1.08440995  0.85768700  0.34973899
-6.30168009 -0.64807600 -0.62514800 -0.11557700  0.14527901  0.63589001  0.50414801  0.13413700  0.50132400
-6.22706985 -0.89123899 -1.05330002  0.09052300  0.14113399  0.97215497  0.82155001  0.66766500  0.30010799
-6.27864981 -0.64920402 -1.02045000 -0.25490999  0.39263499  0.72762603  0.90246999  0.46848500  0.22198300
-6.06526995 -0.81222302 -0.99254900 -0.25863799  0.19826600  0.73020500  0.84100699  0.73004699  0.07036560
-6.63860989 -0.25786999 -0.12508500  0.54613203  0.21124101  0.64267302  0.80496901  0.16153100  0.35458401
-6.49087000 -0.46075901 -1.24363005 -0.06115150  0.43354601  0.75223500  0.78596503  0.65170002  0.31040201
-6.55050993 -0.53166503 -0.77229500 -0.58018100  0.57708800  0.72287601  0.75059301  0.75452697  0.37731901
-6.36501980 -0.46409601 -0.47279400  0.08943180  0.35328701  0.65841502  0.70874798  0.28543499  0.21388499
-6.41197014 -0.43190300 -0.95673198 -0.04603710  0.32068399  0.56047601  0.78898698  0.48296899  0.33621201
-6.49344015 -0.59516197 -0.92184901 -0.05679440  0.02102260  0.63405800  0.91911000  0.38534001  0.50599301
-6.04935980 -0.67847502 -0.96004200 -0.06833450  0.55906498  0.48540199  0.78864700  0.48665801  0.08382940
-6.35491991 -0.69330198 -0.95732403 -0.88366199  0.16229600  0.86352199  0.68110102  0.69393998  0.52979898
-6.46297979 -0.40176401 -0.63147599 -0.31409001  0.61026502  0.46981400  0.77721697  0.54857898  0.36970001
-6.33135986 -0.61027497 -0.86686999 -0.26983100  0.52486700  0.78043401  0.78146797  0.68528599  0.30564699
-6.84406996 -0.14407501 -0.61587399  0.25175601  0.36152601  0.78725499  1.06610000  0.67997402  0.28020799
-6.24034977 -0.67439401 -0.61605299 -0.41396600  0.37550101  0.59498298  0.65852100  0.37400600  0.48891199
-6.03493023 -0.82031798 -0.91650498 -0.44027400  0.11624200  0.50493699  0.74267298  0.29461101  0.25334200
-6.40952015 -0.57208300 -0.64175600  0.19936299  0.21384500  0.89440203  0.85770601  0.51771301  0.31224701
-6.49194002 -0.39550599 -0.39650199 -0.16532500  0.20423800  0.64262301  1.02385998  0.49300900  0.26648599
-6.60137987 -0.34208500 -0.40085301 -0.13969199  0.45285901  0.81015599  1.03351998  0.50544000  0.19786800
-6.59829998 -0.64948201 -0.78717101 -0.21844900  0.32647699  0.90025800  0.87703800  0.35837099  0.67897397
-6.35442019 -0.38129500 -0.44003001  0.41649699  0.40928799  0.51021999  0.70992100  0.22164600  0.33351001
-6.05499983 -0.90052301 -1.38962996 -0.83315301  0.26024500  0.70867801  0.64062101  0.46054500  0.27585000
-6.40786982 -0.69483900 -0.16855700 -0.14289799  0.41459900  0.82546502  0.70255703  0.72089303  0.41791999
-6.11819983 -0.64248103 -1.21616006 -0.37657300 -0.02717590  0.65058202  0.72180903  0.40611899  0.33970401
-6.27129984 -0.69392401 -0.98118401 -0.41267800  0.30323899  0.58792698  0.83661598  0.40173501  0.33500800
-6.34483004 -0.69134802 -1.11252999 -0.07086120  0.05758690  0.79374599  0.89728397  0.53466302  0.43563101
-6.16250992 -0.73325300 -0.79003298 -0.45480901 -0.06322310  0.66972297  0.82379299  0.90204501  0.32042500
-6.26125002 -0.59132397 -0.94828498 -0.06877160  0.29603201  0.50786501  0.67241699  0.61667699  0.42418399
-6.52139997 -0.52027798 -1.29653001 -0.10994400  0.25932899  0.85285598  1.35399997  0.73234099  0.20063400
-6.49444008 -0.71961403 -1.02707005 -0.58342803 -0.12551901  0.84203500  1.04398000  1.26784003  0.49573699
-6.26070976 -0.72913098 -0.74143898 -0.16774200  0.29221699  0.75152200  0.69649398  0.35373199  0.47105101
-6.23804998 -0.69499201 -0.55455703 -0.60333699  0.25356200  0.70769101  0.59430301  0.50206399  0.35100800
-6.25094986 -0.64502698 -0.88988799 -0.39030501  0.55311000  0.59305698  0.59533101  0.23954201  0.49112800
-6.47499990 -0.63015801 -0.12774999 -0.23271500 -0.03058180  0.66004801  0.73587298  0.55012399  0.62242299
-6.47909021 -0.57177299 -1.17921996  0.15165000 -0.12289000  0.90043998  0.75278300  0.59996599  0.46119699
-6.57879019 -0.43988201 -0.86896199 -0.07902290  0.44956800  0.64788097  0.72229397  0.53064102  0.57136101
-6.42819023 -0.43750700 -0.58244997 -0.05018890  0.22032000  0.82107598  0.62709802  0.32636699  0.42011800
-6.10387993 -0.64577800 -0.73991197 -0.34472999 -0.22357400  0.52285898  0.69000602  0.26927799  0.38744101
-6.55007982 -0.38839301 -1.21737003 -0.17638201  0.51455599  0.68594497  0.70020401  0.52187800  0.53380102
-6.14304018 -0.53118002 -0.52687299 -0.33261600  0.41518801  0.52063000  0.56690198  0.54371202  0.36247301
-6.25961018 -0.57674199 -0.84756398  0.07654360  0.40553099  0.35138199  0.54477900  0.47702801  0.47781801
-6.39892006 -0.49806601 -0.85149503 -0.08008710  0.06067490  0.60189801  1.02599001  0.98569798  0.25662801
-6.41449022 -0.56804699 -0.25531700  0.06931500  0.37795001  0.73935300  0.96478897  0.75304699  0.32949999
-6.68198013 -0.35687599 -0.24871799 -0.20911799  0.43754900  0.94005501  0.85681200  0.99635500  0.27438200
-6.30327988 -0.40983799 -0.42377499 -0.00993020  0.38477299  0.41759700  0.59257299  0.37298501  0.28995401
-6.77906990 -0.39058599 -0.36133000  0.35389000  0.52906799  1.00295997  1.06274998  0.61862600  0.26547799
-6.52449989 -0.38851401 -0.05265660 -0.63430399  0.44441599  0.53444701  0.77289402  0.50621402  0.41991699
-6.46901989 -0.69726801 -0.47359699 -0.05479170 -0.04530840  0.93537003  0.93073201  0.30088401  0.43839699
-6.18295002 -0.56538397 -0.83885300  0.03519440  0.14599600  0.55216700  0.69008201  0.54758501  0.21359400
-6.22636986 -0.74282700 -1.00911999 -0.73626697  0.26683801  0.59919101  0.78717703  0.32280001  0.37507501
-6.27153015 -0.68558401 -0.66963100 -0.00917452  0.18714499  0.79473400  0.81344098  0.47209799  0.25746900
-6.37562990 -0.50714999 -0.61220402 -0.28563601  0.54903299  0.52209198  0.66079003  0.44233400  0.40933400
-6.24905014 -0.68996400 -0.69761997 -0.50679201 -0.03431920  0.70437503  0.84542799  0.44605801  0.44374701
-6.59858990 -0.46419901 -0.45862201 -0.01061600  0.51887399  0.91921502  0.92565501  0.79014301  0.40641901
-6.17544985 -0.80239999 -1.48899996 -0.50320500  0.09538070  0.57431698  0.64426303  0.59616297  0.47817901
-6.22959995 -0.48738000 -0.32289600 -0.28335401  0.57780802  0.52003700  0.79227501  0.46113101  0.20257799
-6.26015997 -0.68352699 -0.64770001 -0.13661300 -0.11773500  0.61448199  0.71902102  0.35827601  0.38410401
-6.13844013 -0.65164602 -0.25981399  0.14027201  0.19867000  0.72678697  0.56693101  0.38082901  0.15418801
-5.98282003 -0.92430902 -1.11857998 -0.67271298 -0.05463140  0.54279000  0.64937401  0.08555000  0.38775399
-6.40712023 -0.34556499 -0.33296400 -0.57995999  0.31073901  0.67778403  0.76895797  0.46608499  0.30090100
-6.30665016 -0.67889500 -1.26024997 -0.25143000  0.14152300  0.70950300  0.84810501  0.22803500  0.46531501
-6.11006021 -0.64991999 -0.65044302 -0.04150280  0.31078199  0.42291799  0.40810099  0.25791201  0.25150099
-6.29109001 -0.67652899 -0.32820699 -0.17498700 -0.16465101  0.64384103  0.82478100  0.45422301  0.38501501
-6.37449980 -0.55423898 -0.49269500  0.02873580  0.35158500  0.54064900  0.73255599 -0.07372980  0.53685600
-6.57350016 -0.34733400 -0.21482401 -0.04089680  0.48341799  0.63500398  0.66060400  0.21124800  0.40224800
-6.66973019 -0.31432500 -0.72178203  0.02236230  0.35765100  0.63431901  1.02125001  0.67382199  0.33592001
-6.67332983 -0.25279200 -0.46962401  0.25909001  0.54749697  0.81361002  0.80654299  0.20086600  0.33586299
-6.21228981 -0.76338398 -1.55966997 -0.27674001 -0.09688580  0.63031399  0.74397498 -0.02165800  0.54775900
-6.37164021 -0.55053300 -0.36479601 -0.16022800  0.68028700  0.42299899  0.43230200  0.28495401  0.64496797
-6.66981983 -0.47421199 -0.22515500 -0.03524230  0.41046399  0.70772702  0.70626402  0.74899697  0.62820101
-6.41396999 -0.47618401 -0.67823100 -0.38089800  0.31403199  0.73982400  0.70445800  0.56244397  0.39535600
-6.43812990 -0.54533303 -0.75060201  0.08554210  0.27446300  0.68082398  0.71278602  0.62177002  0.47580299
-6.15204000 -0.79537100 -1.48795998 -0.18624000  0.13754600  0.52758503  0.50319600  0.15072100  0.59941298
-6.58383989 -0.47450200 -0.40195000 -0.27217099  0.20692199  0.92580903  0.99442399  0.65448302  0.40672100
-6.22821999 -0.58191597 -0.98912001 -0.21185499  0.20333500  0.57605702  0.84621900  0.18683299  0.32942000
-6.39008999 -0.66941398 -0.56208402 -0.32422301  0.14034900  0.54893303  0.88407803  0.38075799  0.45024601
-6.42669010 -0.58309501 -0.40551001  0.00851336  0.46693501  0.78467202  0.96437299  0.33782601  0.38677400
-6.52724981 -0.45315999 -0.95291197  0.28363201  0.31742299  0.49957201  0.71819800  0.18054000  0.58400798
-6.63153982 -0.43810701 -0.62532502 -0.40363401  0.45250401  1.03267002  1.09601998  1.26565003  0.22392000
-6.15269995 -0.49520299 -0.78263700 -0.45715600  0.70961100  0.44121799  0.59041500  0.30583501  0.26502901
-6.12862015 -0.71503597 -0.70792902 -0.25464499  0.30508700  0.57123703  0.81665897  0.43033901  0.28536901
-6.42574978 -0.49912301 -0.19523899 -0.52888900  0.76923299  0.75509000  0.67671502  1.02495003  0.24178900
-6.56838989 -0.38523799 -0.51434201  0.28864399  0.43234900  0.56812602  0.80915201  0.61302203  0.34736601
-6.35999012 -0.56841499 -0.75167102 -0.32890901 -0.02899370  0.69457197  0.83630103  0.63970900  0.38997701
-6.50520992 -0.42515901 -0.45549801  0.52574497  0.23790801  0.46659201  0.71533900  0.28167200  0.40484801
-6.63017988 -0.61004800 -0.35212499 -0.55568498  0.35527900  0.78364903  0.87439400  0.50963300  0.47023001
-5.79052019 -0.92913997 -0.96715802 -0.56627399  0.11135500  0.36141601  0.47033200  0.40511701  0.28098199
-6.30831003 -0.62993401 -0.74468499 -0.77564698  0.18450600  0.65825999  0.69744700  0.65640801  0.42443600
-6.06819010 -0.69955403 -0.83587903 -0.19451900  0.09813690  0.52730000  0.74827498  0.38168800  0.15169799
-6.61952019 -0.28013000 -0.29554901  0.17867100  0.32388100  0.66257000  0.88481802  0.49026901  0.38654199
-6.24992990 -0.55763298 -0.52705699 -0.49789101  0.32212701  0.53113103  0.52059197  0.49420500  0.39796099
-6.29707003 -0.58155900 -0.88974202  0.02384470  0.37895200  0.69695699  0.89303201  0.57579601  0.38817900
-6.41279984 -0.60208201 -1.18596995 -0.03215420  0.15361500  0.67521000  0.80437201  0.29284799  0.62681401
-6.37523985 -0.63190901 -0.68797803 -0.60877901  0.09920490  0.82212001  0.94544202  0.37255400  0.41587299
-6.19419003 -0.69655502 -0.83183903 -0.34584799  0.27414200  0.44317201  0.67454702  0.38680401  0.58305597
-6.17770004 -0.62542999 -1.31203997 -0.31922299  0.32499701  0.60392201  0.70926499  0.61975801  0.27972800
-6.20604992 -0.66056001 -1.48291004 -0.53336400  0.04185550  0.67053002  0.73049599  0.34407601  0.34724799
-6.53774977 -0.44036701 -0.50547302  0.00252061  0.39333999  0.70773399  0.89897400  0.44629800  0.36382401
-6.65015984 -0.43096200 -0.51857400  0.24822900  0.40205801  0.67197800  0.72289699  0.45802501  0.58342600
-6.52078009 -0.31912899 -0.59894800  0.27082601  0.82334203  0.45096001  0.73068798  0.64984798  0.30280200
-6.31752014 -0.61736798 -0.72743398  0.09829750  0.05572290  0.67638499  0.91439301  0.76795298  0.28158101
-6.28652000 -0.64775199 -0.99271601  0.08022130  0.16531999  0.68120301  0.78697598  0.94708300  0.20918700
-6.08362007 -0.72655803 -1.35701001 -0.17870800  0.42618200  0.58732498  0.50508898  0.51177800  0.29247701
-6.22800016 -0.67961597 -1.18774998 -0.15348899  0.22679700  0.84075302  0.69765902  0.31642500  0.36612001
-6.22403002 -0.52625602 -0.79775000 -0.73281699  0.43002599  0.59279197  0.81136400  0.57696199  0.17071301
-6.05288982 -0.78049999 -1.39646995 -0.12614800  0.26659599  0.67273700  0.68425000 -0.04304650  0.37970299
-6.46787024 -0.48001599 -0.61188799 -0.49337500  0.35593599  0.74198300  0.71393901  0.70879602  0.33831301
-6.49585009 -0.57701200 -0.70217699 -1.00346994  0.03662350  0.99193501  0.75671202  0.69525498  0.39794701
-6.76510000 -0.19912100 -0.39403901  0.58833402  0.61207300  0.81517202  0.87443203  0.33204001  0.52590901
-5.86869001 -1.02939999 -1.18316996 -0.35438100 -0.24236301  0.60240197  0.72444701  0.27467099  0.29860601
-6.11471987 -0.88534999 -0.87099099 -0.38665301  0.05004100  0.53443402  0.67210400  0.51235098  0.27338299
-6.03441000 -0.85242999 -0.98190397 -0.52984101 -0.15381400  0.66455799  0.51392603  0.30071801  0.46186599
-6.31900978 -0.43098000 -0.38739899 -0.10080300  0.42670199  0.47402900  0.49858600  0.23085301  0.41528699
-6.21728992 -0.52251500 -1.20032001 -0.43345699  0.26315200  0.68224299  0.78568000  0.42254299  0.32024401
-6.26229000 -0.60536897 -0.41429701 -0.41552201  0.18377499  0.54756701  0.79167801  0.35924199  0.46332401
-6.27830982 -0.52702302 -0.92484099  0.20328499  0.23643599  0.45294401  0.70234901  0.09247790  0.47973701
-6.70543003 -0.53613102 -0.48169699  0.03921960  0.31946599  1.05727005  1.05148005  0.78558397  0.38521600
-6.49680996 -0.66389900 -0.69024998 -0.40002799  0.13405401  0.94511002  0.83377600  0.41966501  0.55151898
-6.48776007 -0.39157799 -0.48310199  0.01897290  0.17520300  0.46954101  0.82419002  0.45648900  0.40455800
-6.38510990 -0.51751798 -1.21168995 -0.27878699  0.26439300  0.76682699  0.97335798  0.96211600  0.12307300
-6.43835020 -0.36681500 -1.00845003  0.12613100  0.39258200  0.61121100  0.55621803  0.04227880  0.43051600
-6.24256992 -0.56825799 -0.46565601 -0.10059900  0.29635599  0.51699299  0.69538403  0.45320201  0.30940700
-6.89673996 -0.22449900 -0.39218199  0.31821200  0.12370400  0.79282200  0.94819802  0.31271899  0.51921201
-5.85890007 -0.99107403 -1.29806006 -0.09644620 -0.09587500  0.70257503  0.74920797  0.25900999  0.19475700
-6.51799011 -0.48579901 -0.82635099 -0.51928598  0.20509800  0.84102499  1.10204995  0.97347099  0.26457700
-6.39683008 -0.63149202 -0.81498402 -0.40297699  0.17691600  0.70413500  0.69824600  0.54990900  0.55618900
-6.33383989 -0.53354198 -0.95994902  0.26677701  0.10253100  0.50839901  0.79810297  0.70271802  0.34899300
-6.30105019 -0.64355397 -0.82197702  0.29966700 -0.06651380  0.58261299  0.71440798  0.31607100  0.43719700
-6.20019007 -0.69886702 -0.54390198 -0.52378702 -0.03807460  0.72721398  0.58798301  0.58171099  0.32320401
-6.61425018 -0.57970798 -0.82655603 -0.40921101  0.08098800  0.66885400  1.09751999  0.64455301  0.54963398
-6.22193003 -0.67302197 -0.73498398 -0.30667400  0.28205100  0.47400001  0.46260601  0.11722800  0.59266800
-6.43976021 -0.32286099 -0.73049003  0.33445400  0.93133700  0.46722600  0.64914000  0.30201900  0.37913701
-6.60525990 -0.51019001 -0.87943101 -0.26396900  0.47656301  0.86737603  0.97859800  0.47943500  0.42357200
-6.46946001 -0.49802500 -0.15938900 -0.25369701  0.45590699  0.68016303  0.83725202  0.46682701  0.36548799
-6.22508001 -0.55969203 -0.23229600 -0.23157100  0.52136099  0.58348799  0.84856099  0.38955501  0.24096000
-6.13561010 -0.74715602 -0.79260200 -0.58422703 -0.08641020  0.63530201  0.73923099  0.82669699  0.44545001
-6.51199007 -0.36729899 -1.10344994  0.12427800  0.57850200  0.76298702  0.92965800  0.89622599  0.12331900
-6.29371977 -0.71203202 -0.92904103 -0.32830799  0.08982320  0.77563298  0.81250900  0.62691897  0.30171999
-6.64474010 -0.51141101 -0.41541401  0.04055250  0.61014998  0.93113601  0.95149899  1.03822005  0.28233200
-6.41701984 -0.72203702 -0.56890500  0.04415270  0.32625201  0.89652801  0.79605299  0.85725600  0.26923800
-6.41520977 -0.54214400 -0.93875903 -0.22389500  0.31687701  0.72068799  0.66868901  0.80880100  0.39819199
-6.56963015 -0.52583897 -0.81186998 -0.19553900  0.30804399  0.66122597  0.77173001  0.50893700  0.70212603
-6.52907991 -0.51359999 -0.61476099 -0.32241800  0.44186300  0.66677302  0.84797400  0.57231802  0.55976701
-6.01328993 -0.86831897 -1.22853994 -0.36314800  0.44716999  0.50221002  0.74455100  0.51674598  0.15327901
-6.13794994 -0.72559899 -1.76525998 -0.06085110  0.20247500  0.57803297  0.66044402  0.55428803  0.35249099
-6.21499014 -0.52646202 -0.68452299  0.04608610  0.26632899  0.63116503  0.73959500  0.47053099  0.25544399
-6.41860008 -0.59814501 -0.41606599  0.41568401  0.18803801  0.76947898  0.75686300  0.29785901  0.37378800
-6.38597012 -0.69592297 -0.35721201 -0.36780101  0.28936899  0.83557498  0.82946301  0.67194003  0.30924001
-6.36237001 -0.36625701 -0.78782499 -0.19495299  0.52727300  0.65538198  0.70593297  0.73538703  0.22121900
-6.40232992 -0.39265901 -0.58509701 -0.52697998  0.31998199  0.51765001  0.71176201  0.51425600  0.33841699
-6.39763021 -0.41435000 -0.88732702  0.19905099  0.15108700  0.46945700  0.84272999  0.26391900  0.43068099
-6.42781019 -0.49771801 -0.80827200 -0.20772500  0.40204599  0.64018601  0.97065198  0.66396898  0.48393199
-6.43770981 -0.48596001 -0.42360899 -0.14847399  0.50710398  0.63860703  0.64843798  0.20604201  0.56055301
-6.15867996 -0.77719402 -0.59598601 -0.18507700 -0.14790000  0.47734499  0.57477802  0.36154100  0.42497399
-5.94947004 -0.96759099 -0.74874097 -0.42104000 -0.16408400  0.43326399  0.34410900 -0.19916500  0.45908001
-6.27157021 -0.70100600 -1.07831001 -0.52157301  0.05345090  0.80225402  0.94125098  0.81653601  0.18677001
-6.01702976 -0.82930201 -1.30539000 -0.10233000 -0.35903600  0.81154102  0.68172699  0.15819600  0.28753600
-5.91153002 -0.90698600 -0.47104499 -0.40068001  0.17912000  0.57029200  0.61860698  0.60354698  0.19564500
-6.31764984 -0.54114300 -0.74335402  0.00095483  0.06038650  0.52419800  0.73707497  0.75077599  0.39120299
-6.63446999 -0.29831600 -0.69531000  0.14080501  0.16787800  0.83364499  0.83927798  0.59726399  0.40341699
-6.70800018 -0.40414199 -0.50067902 -0.11665400  0.27950799  1.02210999  1.03995001  0.67824298  0.34187701
-6.41734982 -0.53391999 -0.35245001 -0.16958900  0.54157698  0.70895898  0.89710701  0.76365900  0.29177701
-6.32983017 -0.65661800 -1.08482003 -0.42722499  0.16948000  0.80835098  0.70523399  0.45603099  0.46339700
-6.26838017 -0.59139800 -0.84943300 -0.65235001  0.26223901  0.55973899  0.80674797  0.67703098  0.34010100
-6.38812017 -0.38544399 -0.60742801  0.20978101  0.66854000  0.64678001  0.69326401  0.25017300  0.36739001
-6.20677996 -0.55830997 -1.01086998  0.13714600  0.26513499  0.49937600  0.47417301  0.42594799  0.34953299
-5.93821001 -0.83923399 -1.04724002 -0.12028000  0.03163820  0.57682902  0.46773201  0.23223700  0.33395901
-6.37609005 -0.63480699 -0.58091801  0.15872601  0.12687100  0.65739900  0.81285602  0.46716699  0.40491900
-6.52375984 -0.40708300 -0.49129200  0.03726500  0.38899899  0.73214102  0.78554899  0.68788701  0.51800197
-6.38289022 -0.49426699 -1.23913002 -0.01293000  0.23002200  0.66548198  0.85600400  0.53007197  0.33595100
-6.56786013 -0.35762599 -0.45812601 -0.33753499  0.11705500  0.73286998  0.82305902  0.76932597  0.28251600
-6.39440012 -0.54294199 -0.93690598 -0.26077399  0.06564350  0.75574100  0.89158303  0.80790502  0.23335800
-5.98003006 -0.76811099 -0.72305602 -0.34399101 -0.03911230  0.68711197  0.61786097  0.22403900  0.35033101
-6.29440022 -0.58034599 -0.54931998  0.07092780  0.13572000  0.52513802  0.71053100  0.60152400  0.33153200
-6.04973984 -0.74238002 -1.49179006 -0.02639580 -0.08035450  0.69229800  0.45794100  0.43177900  0.37613001
-6.50940990 -0.45141101 -0.64793903 -0.20341399  0.68835700  0.83178598  0.91226399  0.92231500  0.23164600
-6.45816994 -0.49641001 -0.70659399 -0.32056901  0.23664100  0.72870898  0.90187401  0.57354301  0.47158700
-6.72508001 -0.25136000 -0.39941701  0.36731100  0.28957099  0.73305899  0.97714400  0.51898700  0.34637100
-6.08395004 -0.72043002 -0.72289199 -0.27985501  0.15487900  0.57599199  0.56797802  0.38366500  0.40437299
-6.24033022 -0.66566300 -1.49981999 -0.58045399 -0.05804710  0.55870098  1.10856998  0.78474301  0.32205901
-6.39065981 -0.43849301 -1.04834998  0.11954100  0.68161702  0.40587300  0.48333800 -0.06914510  0.50674403
-6.57115984 -0.27153701 -0.84936303  0.45099601  0.62281400  0.53980500  0.58870602 -0.11328900  0.57582402
-6.45499992 -0.43275601 -1.02616000  0.06596070  0.28654000  0.49837300  0.84184700  0.69420201  0.40272200
-6.66375017 -0.32295799 -0.19222599  0.45090801  0.28152701  0.77423602  0.91023600  0.73180199  0.31614101
-6.37665987 -0.78329903 -0.86544502 -0.06125590  0.07078040  0.95349801  1.01493001  0.57275599  0.44079101
-6.22945023 -0.55621600 -0.86197102 -0.48922801  0.46317899  0.39731899  0.65571100  0.33168501  0.39811701
-6.55008984 -0.54210901 -0.39297000  0.18491000  0.22866200  0.94847798  1.00432003  0.72980797  0.27894700
-6.18217993 -0.73508197 -0.66165799 -0.19647700  0.44131401  0.51716602  0.60354698  0.32605600  0.39516401
-6.19155979 -0.86521602 -1.05148005 -0.19309600  0.17338900  0.63619602  0.66888499  0.38701001  0.54471201
-6.41982985 -0.52967501 -1.16075003 -0.03138360  0.49467501  0.76673198  0.83513302  0.37192199  0.43996301
-6.22655010 -0.71120799 -0.61473799 -0.26633000  0.44380999  0.68665397  0.57132000  0.72096997  0.26673600
-6.00836992 -0.96837199 -1.07304001  0.09864970 -0.00118337  0.65439498  0.57438600  0.39912501  0.30335400
-6.23703003 -0.68193001 -0.86305600 -0.35863200 -0.19673900  0.78760302  0.76604599  0.48380899  0.30877599
-6.38988018 -0.46000001 -0.84921199 -0.59323400  0.36697400  0.43629900  0.70770597  0.50394398  0.45711699
-6.53303003 -0.38844201 -0.59239298 -0.15613700  0.83969402  0.60884500  0.56157303  0.35122800  0.53438598
-6.10837984 -0.57580298 -1.62124002 -0.29414201  0.72755402  0.22230300  0.34870401  0.08025830  0.47384200
-6.20488977 -0.68298799 -0.98051500  0.35501501  0.34949899  0.65260297  0.67371798  0.27068701  0.29109201
-6.24190998 -0.59137303 -0.82516199 -0.50590801  0.22104600  0.64174402  0.72759598  0.25661200  0.28967401
-6.07383013 -0.85754502 -1.17546999 -0.21245299  0.08805890  0.68791997  0.83446699  0.57089299  0.26457599
-6.36920023 -0.58208901 -0.32680100 -0.14392100  0.11049500  0.66456300  0.84825599  0.73763198  0.29572901
-6.00839996 -0.78879702 -0.98151100 -0.42029899 -0.08899950  0.69480997  0.69260699  0.48424399  0.26495299
-6.09973001 -0.79538500 -0.81818300 -0.27245700  0.32297799  0.45079401  0.33416799 -0.05662110  0.73159200
-6.33068991 -0.46684200 -0.73531902 -0.05768660  0.21512800  0.53085101  0.52068698  0.34203199  0.36579901
-6.25855017 -0.46489000 -0.69288498 -0.11750900  0.37304100  0.41672000  0.54857498  0.18841900  0.33270800
-6.45970011 -0.76370001 -0.43329400 -0.45617300  0.03053320  0.96438700  0.98496002  0.81629598  0.38193899
-6.43789005 -0.47341299 -0.61854100 -0.31691101  0.49681699  0.56484300  0.88385397  0.63840801  0.34324899
-6.46073008 -0.52450299 -0.76859599 -0.00482715  0.23811200  0.74593103  0.97408599  0.43643400  0.26540199
-6.16982985 -0.70714098 -0.67997903 -0.27489799  0.16381399  0.79087800  0.84661502  0.59632403  0.19406000
-6.14812994 -1.00288999 -1.72194004 -0.14057900 -0.41690800  1.02670002  1.12619996  0.73667502  0.25566399
-6.44091988 -0.45502901 -0.32701200  0.32974899  0.51848900  0.69469899  0.75231999  0.51890099  0.29388401
-6.41250992 -0.41093099 -0.47468701 -0.34392601  0.58713502  0.52667701  0.89249903  0.68162203  0.32384899
-6.65846014 -0.35664201 -0.24830200 -0.09115570  0.17770500  0.61153799  1.01581001  0.62629598  0.52721500
-6.03076982 -0.77148199 -1.06273997 -0.46041301  0.19163500  0.46972099  0.53671300  0.11783000  0.42020899
-6.44788980 -0.47260401 -0.34216401 -0.23562200  0.23379600  0.59106600  0.68890500  0.43015400  0.47441500
-6.20697021 -0.57426298 -1.45474005  0.02526830  0.02113080  0.60733598  0.82988602  0.73449498  0.34040099
-6.58890009 -0.17253201 -1.00294006  0.28018099  0.58264899  0.44122300  0.71137398  0.52213001  0.38341701
-6.20990992 -0.65907598 -1.07394004 -0.75638300 -0.12341400  0.72632700  0.93374503  0.68097401  0.30646300
-6.75896978 -0.38168100 -0.72044498 -0.02070750  0.43637201  0.83751100  0.88564199  0.81830102  0.51140797
-6.51975012 -0.30544299 -1.32054996 -0.03102840  0.39345500  0.50575203  0.68457299  0.50675100  0.45105901
-5.96707010 -0.91617101 -0.44901201 -0.19797599  0.03851050  0.61069798  0.67377198  0.42823100  0.07715500
-6.19990015 -0.67706400 -0.76299202 -0.15256500  0.28015101  0.51629901  0.52092600  0.37559199  0.51805800
-6.07960987 -0.77135301 -1.74984002  0.23896500  0.19562700  0.56543797  0.55222398  0.15876999  0.39191899
-6.10499001 -0.69010103 -0.54331702 -0.11243300  0.13694499  0.50382000  0.71428001  0.40308401  0.17200699
-6.52907991 -0.49012899 -1.35859001  0.05353820  0.31185701  0.87749398  1.04996002  0.49844700  0.30129799
-6.26101017 -0.73003298 -0.84923100 -0.45721900  0.08630780  0.83216602  0.77395099  0.37196401  0.35575601
-6.47212982 -0.50164902 -0.62921101  0.23093300  0.31753701  0.68224198  0.92335403  0.34678999  0.50783402
-6.31464005 -0.45629501 -0.79448998  0.12351800  0.46720600  0.73236001  0.72732401  0.23807600  0.22992100
-6.27303982 -0.69722199 -0.72162199 -0.77691603  0.01272660  0.65002102  0.66942102  0.67970097  0.41262001
-6.17887020 -0.61973298 -0.78229201 -0.38751501  0.31541699  0.53411299  0.56039101  0.57494998  0.43995500
-6.46805000 -0.59117597 -1.22046995 -0.27436101  0.28755200  0.99504602  1.13258004  0.89951003  0.22197001
-6.35011005 -0.50330400 -0.61821198 -0.38193601  0.28402299  0.68159997  0.73570400  0.55622798  0.45706001
-6.24326992 -0.80775398 -0.89730400 -0.15189201  0.34611601  0.62830102  0.59575301  0.51948500  0.44231799
-6.42076015 -0.40643400 -0.09856040 -0.15351599  0.60071498  0.38677201  0.60739601  0.26896501  0.38882801
-6.21090984 -0.60990798 -0.64674097  0.06090960  0.24949200  0.62744403  0.70027500  0.10996200  0.28814700
-6.44479990 -0.45784101 -0.41379100  0.22350600  0.22911400  0.64752698  0.85381299  0.64468002  0.23502301
-6.69468021 -0.29024199 -0.85308701  0.03863630  0.62003201  0.69325799  0.72120899  0.37192199  0.56630898
-6.37054014 -0.30686700 -0.80477703  0.30253801  0.40852699  0.30914399  0.62147200  0.08211600  0.34151101
-6.68291998 -0.42893001 -0.97652000  0.07028070 -0.01283840  0.89084500  1.04183996  0.78912401  0.46364200
-6.18844986 -0.77088499 -0.96316600 -0.01717830 -0.22800501  0.69379598  0.79230100  0.47680801  0.38075101
-6.05150986 -0.83274102 -0.44371700 -0.31809399  0.09596660  0.68959302  0.74004900  0.14735600  0.33601099
-6.24763012 -0.60878998 -0.58948702 -0.18129499  0.18954100  0.73396403  0.74006802  0.39782101  0.29722700
-6.65871000 -0.38180101 -0.73479098 -0.25748399  0.30796200  0.69020998  1.00471997  0.82463300  0.32372800
-6.25552988 -0.71064401 -0.51306403 -0.11329600  0.05005230  0.74534202  0.78732097  0.56567699  0.32493001
-6.20547009 -0.47269699 -0.93928802 -0.18507200  0.21812700  0.57100999  0.97975099  0.49759001  0.15087000
-6.27579021 -0.72653103 -1.04777002  0.26532200  0.39870599  0.74220502  0.72658199  0.37258601  0.35363901
-6.32182980 -0.65667999 -0.48102599  0.01864010  0.48808801  0.65055799  0.76144099  0.52528203  0.42694101
-6.40865993 -0.63956302 -0.84399903 -0.79582798  0.33511001  0.80116898  0.92307597  0.66075599  0.26674101
-6.73683023 -0.22688399 -0.71860200  0.60491902  0.79834598  0.72027999  0.55762100  0.62060398  0.33624899
-6.47288990 -0.50513297 -0.59979999 -0.24893001  0.44853899  0.77233499  0.82062399  0.60795498  0.39920399
-5.82400990 -0.98636597 -1.01436996 -0.20838200 -0.17376800  0.50761300  0.45547900  0.38265100  0.35086900
-6.36231995 -0.51509899 -0.42435101  0.15043800  0.05324960  0.57997698  0.57873601  0.36642101  0.34949699
-6.35112000 -0.51479203 -0.99451399 -0.08379440  0.40250900  0.81145000  0.71430802  0.45329201  0.30286199
-6.36947012 -0.49325901 -0.89819199 -0.35500899  0.23868001  0.59582299  0.66533202  0.35526401  0.36041600
-6.29246998 -0.66736501 -1.04490995 -0.50772601  0.11195200  0.75746298  1.05335999  0.57333201  0.23854400
-6.43616009 -0.46809399 -0.88489199  0.24681699  0.47648501  0.72749102  0.75637501  0.64783299  0.31272000
-6.60748005 -0.56435901 -0.48155099 -0.31690300  0.32782799  0.88932002  1.17975998  0.81749099  0.42584401
-6.46946001 -0.48766699 -1.12691998 -0.27824301  0.66940802  0.56880498  0.92165202  0.77861297  0.31161299
-6.15803003 -0.60541803 -1.15193999 -0.00568998  0.49721199  0.33493200  0.60371602  0.50747502  0.32517701
-6.14420986 -0.91054702 -1.17679000 -0.32410499  0.08583080  0.71331602  0.71589601  0.70904499  0.42409801
-6.23121023 -0.67559898 -0.98789197 -0.32532501  0.17761400  0.64882398  0.73233700  0.57556301  0.41748399
-6.44951010 -0.58478701 -1.21298003  0.03250350  0.31352901  0.76732701  0.80530500  0.87236702  0.34794101
-6.08322001 -0.72792101 -0.77615303 -0.29100499  0.06473310  0.58315998  0.56455398  0.12970500  0.39593601
-6.50985003 -0.45316300 -0.76191801  0.13212401  0.51594502  0.67261201  0.81204700  0.35478300  0.40858701
-5.82726002 -0.81667900 -1.50890005 -1.13022995  0.06784770  0.47458801  0.75351000  0.34241101  0.21651000
-6.80214024 -0.24914400 -0.18744101 -0.44307700  0.36587399  0.81252098  0.84811997  0.44296199  0.45522201
-6.42167997 -0.57878298 -0.56819499  0.29195100  0.45881200  0.65836000  0.65447199  0.40401900  0.43092901
-6.59000015 -0.46759999 -0.52406502  0.04908240  0.36383501  0.62827802  0.70486403  0.23911899  0.56041503
-6.41906023 -0.59709001 -0.89923900 -0.17117400  0.23403500  0.75519300  0.75515997  0.50109398  0.47136500
-6.40575981 -0.34982499 -0.61353201  0.47016099  0.50800103  0.54891598  0.62649697  0.46731201  0.26443899
-6.88347006 -0.34303901 -0.55861300 -0.19610000  0.54810798  0.82548100  1.01722002  0.75876802  0.50215501
-6.27153015 -0.70179600 -1.54182005 -0.36748001  0.34129000  0.81022501  0.91316801  0.59490001  0.25537100
-6.11208010 -0.61283600 -0.87822300 -0.20255700  0.49136299  0.75910801  0.35496899  0.36376801  0.12991400
-6.50934982 -0.43714401 -1.13778996  0.01182780  0.42391300  0.61053401  0.63809901  0.38841301  0.62004697
-5.98437023 -0.76503199 -0.69852901 -0.53490603  0.35253999  0.52168798  0.60843998  0.36548600  0.38239199
-6.39476013 -0.49409601 -1.24673998  0.02568170  0.42281100  0.53132600  0.91179699  0.67038101  0.25887999
-6.22469997 -0.73618400 -0.74386901 -0.07985850  0.10658900  0.78274000  0.78457600  0.56077403  0.37236100
-6.26289988 -0.68729597 -0.27286199  0.25007200  0.15125901  0.58937597  0.59627402 -0.18593401  0.46727401
-6.01225996 -0.97210300 -0.85523802 -1.43251002  0.13530800  0.74408299  0.91905898  0.54651898  0.13375300
-6.16540003 -0.70391297 -1.03998005 -0.31518099  0.33487999  0.62309098  0.62776601  0.29290500  0.36369199
-6.13280010 -0.65775502 -0.94222200 -0.05914300  0.37842000  0.60158002  0.80045497  0.57263499  0.32756701
-6.71424007 -0.24479400 -0.77769601  0.01082400  0.64094502  0.78588003  0.69304699  0.25258300  0.56630999
-6.45602989 -0.47636899 -0.82016098 -0.11261800  0.30869401  0.77831298  0.81156099  0.53420699  0.24992999
-6.20197010 -0.60241401 -0.71136999  0.30034399  0.17598900  0.63756901  0.66795897  0.50711799  0.28104100
-6.49449015 -0.51837301 -0.81649601  0.14598100  0.20269001  0.66100597  0.39303899  0.07645560  0.64902598
-6.67666006 -0.43909699 -0.31372699 -0.05598180  0.19478400  0.90246201  1.22973001  0.92247897  0.31237400
-6.44035006 -0.58838898 -0.29146701 -0.43062899  0.22448900  0.84003901  1.09687996  0.82752401  0.09863610
-6.13678980 -0.70702797 -1.45501995 -0.53942299  0.06029480  0.39067799  0.49393901  0.15213200  0.37490699
-6.88843012 -0.10275400 -0.44259301  0.23796500  0.66115499  0.70562798  0.81436402  0.66560298  0.47169399
-6.69895983 -0.45586601 -0.93088102  0.23446199  0.71045297  0.84480900  0.95847303  0.53479999  0.38319299
-6.47447014 -0.38724601 -0.25868499 -0.16114999  0.38477299  0.79039699  0.79619497  0.58016700  0.31093201
-6.16281986 -0.69123697 -1.05159998  0.03610410  0.25428000  0.53731197  0.68649799  0.00356270  0.50362903
-6.70411015 -0.40310001 -0.47197899 -0.27377301  0.52823800  0.82865798  1.02902997  0.79909903  0.46649301
-6.26525021 -0.72438997 -0.78881198 -0.39198101  0.31338799  0.67964202  0.58157003  0.57120597  0.48721099
-6.40845013 -0.37188300 -0.93761700  0.01782290  0.61872202  0.59929001  0.80270499  0.67671299  0.19933601
-6.18709993 -0.65194100 -0.68738598 -0.24780799 -0.05286090  0.58817202  0.55531502  0.24472000  0.43313199
-6.30286980 -0.55053902 -0.89206499  0.14337000  0.42218801  0.64235502  0.65122998  0.49290800  0.34995401
-5.98568010 -0.87676197 -0.51631498 -0.57163399  0.24347600  0.50548899  0.64909601  0.13569801  0.35395399
-6.82426023 -0.21497300 -0.74261600  0.13984001  0.60251302  0.79911500  0.84829599  0.70890099  0.41908401
-6.92219019 -0.03149170 -0.46027201  0.16011000  0.75919300  0.64054900  0.86932999  0.51454401  0.44321001
-6.09194994 -0.79878497 -0.79071701 -0.13790600  0.26064500  0.45106700  0.86764801  0.46710199  0.35481000
-6.43386984 -0.57170397 -0.59603202 -0.24050599  0.28843099  0.78023303  0.98303902  0.50647002  0.26096800
-6.10674000 -0.72284502 -0.61529797 -0.39629200  0.32012099  0.63960099  0.81693602  0.35930699  0.28815600
-6.47598982 -0.63935697 -0.99984300 -0.40709499  0.39698300  0.58692998  0.86908799  0.49498001  0.46831599
-6.45633984 -0.56817800 -1.13597000  0.16423699  0.24903201  0.71197897  0.90054101  0.49217999  0.33675101
-6.07764006 -0.79558498 -0.82999599 -0.09638150 -0.14015600  0.52735198  0.83906102  0.21403700  0.29329699
-6.48810005 -0.42223001 -0.47255701 -0.10362800  0.07129980  0.82841498  1.18332005  0.68389899  0.08239630
-6.45200014 -0.48651201 -1.09568000 -0.90453202  0.11217600  0.76388103  0.99823999  0.77572900  0.32134199
-6.28257990 -0.63396800 -0.85864198 -0.42628700  0.13453500  0.54973203  0.67262697  0.36430001  0.45941100
-6.16235018 -0.77982801 -0.84978402  0.26183099  0.13960800  0.63760298  0.73805797  0.23027100  0.34897199
-6.49913979 -0.36247301 -0.79789102  0.00596764  0.36223599  0.77474099  0.92537302  0.70643502  0.30704999
-6.43837023 -0.56036401 -1.37645996 -0.26762801  0.24755000  0.78467703  1.01401997  0.54986501  0.31108001
-6.20597982 -0.76928401 -1.03906000 -0.24288800  0.09953870  0.93587399  0.88230801  0.48451200  0.14813700
-6.37980986 -0.64474797 -0.64933598 -0.85214800  0.10417400  0.84916300  1.09433997  0.68739003  0.17876700
-6.38172007 -0.39697501 -0.50834000 -0.12465800  0.08743040  0.53129101  0.78439599  0.66742402  0.26504400
-6.25970984 -0.54146701 -1.19931996 -0.73619002  0.46544001  0.66060400  0.84184402  0.43934101  0.29006600
-6.31998014 -0.52593100 -0.75059998 -0.24576899  0.17262000  0.55121499  0.68632698  0.46216899  0.41650200
-6.18318987 -0.59911901 -1.48485994 -0.00739003  0.18716900  0.69231701  0.85904300  0.55678201  0.13497999
-6.51485014 -0.49208999 -0.24934299  0.13772100  0.66063601  0.56003702  0.48588100  0.41214901  0.54117900
-6.21256018 -0.68219602 -0.50848502 -0.44159400  0.32436901  0.68902397  0.56243402  0.11650900  0.44898099
-6.03806019 -0.88578999 -0.86146700 -0.50196701  0.06502880  0.74994898  0.89092702  0.80092102  0.16461600
-6.41482019 -0.62140000 -0.67898500  0.03354230  0.36563200  0.76926601  0.77864301  0.40797299  0.38414001
