Here is a sample of the output produced by  the program chk-as190.lsp.

____________________________________________________________
                               r 
v  Alpha    2    3    4    5    6    7    8    9    10   11
------------------------------------------------------------
5   .05    3.64 4.60 5.22 5.67 6.03 6.32 6.57 6.79 6.98 7.16 
    .01    5.65 6.86 7.63 8.21 8.68 9.07 9.40 9.69 9.95 10.18 

6   .05    3.46 4.34 4.89 5.30 5.62 5.89 6.12 6.31 6.49 6.64 
    .01    5.21 6.25 6.92 7.43 7.83 8.16 8.45 8.70 8.92 9.13 

7   .05    3.34 4.17 4.68 5.06 5.36 5.60 5.81 6.00 6.16 6.30 
    .01    4.93 5.87 6.47 6.92 7.27 7.57 7.83 8.05 8.25 8.43 

8   .05    3.25 4.04 4.53 4.89 5.17 5.40 5.60 5.77 5.92 6.05 
    .01    4.73 5.59 6.15 6.56 6.89 7.16 7.39 7.60 7.78 7.95 

9   .05    3.19 3.95 4.42 4.76 5.02 5.24 5.43 5.59 5.74 5.87 
    .01    4.58 5.40 5.91 6.30 6.60 6.85 7.07 7.26 7.43 7.59 

10  .05    3.15 3.88 4.33 4.65 4.91 5.12 5.30 5.46 5.60 5.72 
    .01    4.38 5.25 5.73 6.09 6.38 6.62 6.83 7.01 7.17 7.31 

11  .05    3.11 3.82 4.26 4.57 4.82 5.03 5.20 5.35 5.49 5.61 
    .01    4.30 5.13 5.59 5.94 6.21 6.44 6.63 6.80 6.96 7.09 

12  .05    3.08 3.76 4.20 4.51 4.75 4.95 5.12 5.27 5.40 5.51 
    .01    4.23 5.03 5.48 5.81 6.07 6.29 6.48 6.64 6.78 6.92 

13  .05    3.05 3.73 4.15 4.45 4.69 4.88 5.05 5.19 5.31 5.42 
    .01    4.18 4.95 5.38 5.70 5.95 6.16 6.35 6.50 6.64 6.77 

14  .05    3.03 3.69 4.11 4.41 4.64 4.83 4.99 5.12 5.25 5.36 
    .01    4.13 4.88 5.30 5.61 5.86 6.06 6.24 6.39 6.52 6.65 

15  .05    3.01 3.67 4.08 4.37 4.60 4.78 4.93 5.07 5.19 5.30 
    .01    4.10 4.82 5.23 5.53 5.77 5.97 6.14 6.29 6.42 6.54 

16  .05    2.99 3.64 4.05 4.33 4.56 4.73 4.89 5.02 5.14 5.25 
    .01    4.06 4.77 5.18 5.47 5.70 5.90 6.06 6.21 6.33 6.37 

17  .05    2.98 3.62 4.01 4.30 4.52 4.70 4.85 4.98 5.10 5.21 
    .01    4.03 4.73 5.13 5.41 5.64 5.83 5.99 6.13 6.18 6.29 

18  .05    2.97 3.60 3.99 4.27 4.49 4.67 4.82 4.95 5.07 5.17 
    .01    4.01 4.69 5.08 5.36 5.59 5.77 5.93 5.99 6.12 6.23 

19  .05    2.96 3.59 3.97 4.25 4.46 4.64 4.79 4.92 5.03 5.14 
    .01    3.98 4.59 5.04 5.32 5.54 5.72 5.88 5.94 6.06 6.17 

20  .05    2.95 3.57 3.95 4.22 4.44 4.61 4.76 4.89 5.00 5.11 
    .01    3.96 4.56 5.01 5.28 5.50 5.68 5.76 5.89 6.01 6.12 

24  .05    2.92 3.53 3.90 4.16 4.37 4.54 4.68 4.80 4.91 5.01 
    .01    3.90 4.47 4.90 5.16 5.36 5.47 5.62 5.75 5.86 5.96 

30  .05    2.89 3.48 3.84 4.10 4.30 4.46 4.60 4.72 4.82 4.92 
    .01    3.84 4.39 4.73 4.98 5.18 5.34 5.48 5.60 5.71 5.81 

40  .05    2.86 3.44 3.79 4.04 4.23 4.39 4.52 4.63 4.73 4.82 
    .01    3.78 4.31 4.64 4.87 5.06 5.21 5.35 5.46 5.56 5.66 

60  .05    2.83 3.40 3.73 3.97 4.16 4.31 4.44 4.55 4.65 4.73 
    .01    3.72 4.23 4.54 4.77 4.95 5.09 5.22 5.33 5.42 5.51 

120 .05    2.80 3.35 3.68 3.91 4.09 4.24 4.36 4.47 4.56 4.64 
    .01    3.66 4.16 4.45 4.67 4.83 4.97 5.09 5.19 5.28 5.36 
