This is TeX, Version 3.1415 (C version 6.1) (format=latex 96.6.25)  4 DEC 1996 11:44
**jack-me
(jack-me.tex
LaTeX2e <1996/06/01>
Hyphenation patterns for english, loaded.
(/misc2/galton/lib/texmf/tex/latex2e/packages/amslatex/amsart.cls
Document Class: amsart 1995/02/23 v1.2b
\linespacing=\dimen102
\normalparindent=\dimen103
\normaltopskip=\skip41
(/misc2/galton/lib/texmf/tex/latex2e/packages/amslatex/amsgen.sty
File: amsgen.sty 1995/01/31 v1.2a
\@emptytoks=\toks15
\ex@=\dimen104
)
(/misc2/galton/lib/texmf/tex/latex2e/packages/amslatex/amsmath.sty
Package: amsmath 1995/02/23 v1.2b AMS math features
\@mathmargin=\skip42

(/misc2/galton/lib/texmf/tex/latex2e/packages/amslatex/amstext.sty
Package: amstext 1995/01/25 v1.2
)
(/misc2/galton/lib/texmf/tex/latex2e/packages/amslatex/amsbsy.sty
Package: amsbsy 1995/01/20 v1.2
\pmbraise@=\dimen105
)
(/misc2/galton/lib/texmf/tex/latex2e/packages/amslatex/amsopn.sty
Package: amsopn 1995/02/20 v1.2a operator names
)
LaTeX Info: Redefining \frac on input line 180.
\uproot@=\count79
\leftroot@=\count80
\classnum@=\count81
\DOTSCASE@=\count82
LaTeX Info: Redefining \dots on input line 327.
LaTeX Info: Redefining \ldots on input line 410.
LaTeX Info: Redefining \cdots on input line 414.
\Mathstrutbox@=\box26
\strutbox@=\box27
\big@size=\dimen106
LaTeX Font Info:    Redeclaring font encoding OML on input line 492.
LaTeX Font Info:    Redeclaring font encoding OMS on input line 493.
\skewcharcount@=\count83
\familycount@=\count84
\pointcount@=\count85
\accentdimen@=\dimen107
\accentmu@=\count86
\minaw@=\dimen108
\c@MaxMatrixCols=\count87
\dotsspace@=\muskip10
\c@parentequation=\count88
\dspbrk@lvl=\count89
\tag@help=\toks16
\row@=\count90
\column@=\count91
\maxfields@=\count92
\andhelp@=\toks17
\eqnshift@=\dimen109
\alignsep@=\dimen110
\tagshift@=\dimen111
\tagwidth@=\dimen112
\totwidth@=\dimen113
\lineht@=\dimen114
\@envbody=\toks18
\multlinegap=\skip43
\multlinetaggap=\skip44
)
(/misc2/galton/lib/texmf/tex/latex2e/packages/amsfonts/amsfonts.sty
Package: amsfonts 1995/02/01 v2.2b
\symAMSa=\mathgroup4
\symAMSb=\mathgroup5
LaTeX Font Info:    Overwriting math alphabet `\mathfrak' in version `bold'
(Font)                  U/euf/m/n --> U/euf/b/n on input line 128.
)
\copyins=\insert233
\abstractbox=\box28
\listisep=\skip45
\c@part=\count93
\c@section=\count94
\c@subsection=\count95
\c@subsubsection=\count96
\c@paragraph=\count97
\c@figure=\count98
\c@table=\count99
\abovecaptionskip=\skip46
\belowcaptionskip=\skip47

(/misc2/galton/lib/texmf/tex/latex2e/packages/amslatex/amsthm.sty
Package: amsthm 1995/02/01 v1.2a
\theorem@style=\toks19
\theorembodyfont=\toks20
\theoremheadfont=\toks21
\theoremnotefont=\toks22
\theoremheadpunct=\toks23
\theorempreskipamount=\skip48
\theorempostskipamount=\skip49
))
(uclastat.sty) (/misc2/galton/lib/texmf/tex/latex2e/packages/tools/verbatim.sty
Package: verbatim 1996/06/04 v1.5i LaTeX2e package for verbatim enhancements
\every@verbatim=\toks24
\verbatim@line=\toks25
\verbatim@in@stream=\read1
) (/misc2/galton/lib/texmf/tex/latex2e/packages/amsfonts/amssymb.sty
Package: amssymb 1995/02/01 v2.2a
)
\c@theorem=\count100

(jack-me.aux)
LaTeX Font Info:    Checking defaults for OML/cmm/m/it on input line 20.
LaTeX Font Info:    ... okay on input line 20.
LaTeX Font Info:    Checking defaults for T1/cmr/m/n on input line 20.
LaTeX Font Info:    ... okay on input line 20.
LaTeX Font Info:    Checking defaults for OT1/cmr/m/n on input line 20.
LaTeX Font Info:    ... okay on input line 20.
LaTeX Font Info:    Checking defaults for OMS/cmsy/m/n on input line 20.
LaTeX Font Info:    ... okay on input line 20.
LaTeX Font Info:    Checking defaults for OMX/cmex/m/n on input line 20.
LaTeX Font Info:    ... okay on input line 20.
LaTeX Font Info:    Checking defaults for U/cmr/m/n on input line 20.
LaTeX Font Info:    ... okay on input line 20.
LaTeX Font Info:    Try loading font information for U+msa on input line 20.
 (/misc2/galton/lib/texmf/tex/latex2e/packages/amsfonts/Umsa.fd
File: Umsa.fd 1995/01/05 v2.2e AMS font definitions
)
LaTeX Font Info:    Try loading font information for U+msb on input line 20.

(/misc2/galton/lib/texmf/tex/latex2e/packages/amsfonts/Umsb.fd
File: Umsb.fd 1995/01/05 v2.2e AMS font definitions
)

Class amsart Warning: Abstract should precede \maketitle in AMS documentclasses
; reported on input line 30.

(jack-me.toc)
\tf@toc=\write3
 [1]
Overfull \hbox (1.17874pt too wide) in paragraph at lines 78--82
\OT1/cmr/m/n/10 of $\OML/cmm/m/it/10 m\OMS/cmsy/m/n/10 ^^@$\OT1/cmr/m/n/10 vect
ors of multi-no-mial pro-por-tions $[][]\OML/cmm/m/it/10 :$ \OT1/cmr/m/n/10 De-
fine $\OML/cmm/m/it/10 ^^Y [] [] \OT1/cmr/m/n/10 ([][])\OML/cmm/m/it/10 ;$ \OT1
/cmr/m/n/10 and $\OML/cmm/m/it/10 V\OT1/cmr/m/n/10 (\OML/cmm/m/it/10 ^^Y\OT1/cm
r/m/n/10 ) [] \OML/cmm/m/it/10 n\OT1/cmr/bx/n/10 V \OT1/cmr/m/n/10 ([][])\OML/c
mm/m/it/10 :$
 []

[2] [3] [4] [5]
Overfull \hbox (33.74657pt too wide) in paragraph at lines 328--328
[]\OT1/cmtt/m/n/10 (1.8794036049709275 2.123838484548437 1.8794036049709275 1.8
794036049709275[] 
 []


Overfull \hbox (2.24684pt too wide) in paragraph at lines 369--369
[]\OT1/cmtt/m/n/10 (if (not (listp x)) (error "Argument for DISPERSION must be 
a list"))[] 
 []


Overfull \hbox (2.24684pt too wide) in paragraph at lines 373--373
[]        \OT1/cmtt/m/n/10 (s (apply #'+ (mapcar #'(lambda (z) (outer-product z
 z)) x)))[] 
 []

[6]
Overfull \hbox (17.60814pt too wide) in paragraph at lines 413--420
\OT1/cmtt/m/n/10 JACK-PSEUDO-VALUES-OF-FOO\OT1/cmr/m/n/10 , \OT1/cmtt/m/n/10 JA
CK-AVERAGE-OF-FOO\OT1/cmr/m/n/10 , and \OT1/cmtt/m/n/10 JACK-DISPERSION-OF-FOO\
OT1/cmr/m/n/10 .
 []


Overfull \hbox (34.02762pt too wide) in paragraph at lines 452--455
\OT1/cmr/m/n/10 This makes a list with 100 vec-tors of 4 nor-mal de-vi-ates, wh
ile the func-tion \OT1/cmtt/m/n/10 singular-values
 []


Overfull \hbox (38.99652pt too wide) in paragraph at lines 457--457
[]\OT1/cmtt/m/n/10 #(11.536806970914478 10.579640568812247 9.455345232286554 8.
573864335865494)[] 
 []

[7] (jack-me.bbl) [8] (jack-me.aux) ) 
Here is how much of TeX's memory you used:
 1545 strings out of 10915
 15300 string characters out of 73008
 64490 words of memory out of 262141
 4238 multiletter control sequences out of 9500
 11320 words of font info for 44 fonts, out of 100000 for 255
 176 hyphenation exceptions out of 607
 34i,9n,32p,263b,325s stack positions out of 300i,40n,60p,3000b,4000s

Output written on jack-me.dvi (8 pages, 25760 bytes).
