=====================================================
Object Scores
=====================================================
0                    *** A   0.11044850  -0.70117117 
1                    *** A   0.13137726  -0.71502112 
2                    *** A  -3.21114727   0.84347147 
3                    *** A  -0.75331015   1.09306769 
4                    *** A   0.10867256  -1.11685974 
5                    *** A  -0.18076646   0.90976454 
6                    *** A   0.13101072  -1.84871689 
7                    *** A   1.91664228   1.21617762 
8                    *** A   0.57185430   1.02720798 
9                    *** A   1.67061954   1.92687887 
10                   *** A   1.69877914   0.51047751 
11                   *** A   0.12960132  -1.13070970 
12                   *** A  -0.75331015   1.09306769 
13                   *** A   0.59624123  -0.19943158 
14                   *** A   0.17821272  -0.16413556 
15                   *** A  -0.75125946   1.57306351 
16                   *** A  -2.31393607  -0.43731788 
17                   *** A  -3.21114727   0.84347147 
18                   *** A  -0.18076646   0.90976454 
19                   *** A   0.11008197  -1.83486694 
20                   *** A   0.10867256  -1.11685974 
21                   *** A   0.59624123  -0.19943158 
22                   *** A   0.57185430   1.02720798 
23                   *** A   0.17778947  -1.47321468 
=====================================================

==============================================================
Category Quantifications
==============================================================

--------------------------------------------------------------
Variable 0                         (ACTIVE)
--------------------------------------------------------------
0                    ***   15 *** A   0.37548254  -0.46361563 
1                    ***    6 *** A   0.09274140   1.29008229 
2                    ***    3 *** A  -2.91207687   0.41654169 
--------------------------------------------------------------
Variable 1                         (ACTIVE)
--------------------------------------------------------------
0                    ***    4 *** A   0.10946890  -1.19243940 
1                    ***    3 *** A   0.13066310  -1.23148257 
2                    ***    7 *** A   0.55590006   0.67017993 
3                    ***    5 *** P  -0.38871290   0.41903189 
4                    ***    5 *** P  -1.06502899   0.74273413 
--------------------------------------------------------------
Variable 2                         (ACTIVE)
--------------------------------------------------------------
0                    ***   14 *** A   0.08629443  -0.63452290 
1                    ***    7 *** A  -1.29167246   1.03795299 
2                    ***    3 *** A   1.76201365   1.21784467 
--------------------------------------------------------------
Variable 3                         (ACTIVE)
--------------------------------------------------------------
0                    ***    9 *** A  -0.06470537  -0.16711082 
1                    ***   12 *** A  -0.19867317   0.72472334 
2                    ***    3 *** A   0.13962739  -1.71893283 
--------------------------------------------------------------

===========================================
Discrimination Measures
===========================================

-------------------------------------------
Variable 0                         (ACTIVE)
-------------------------------------------
  2.83756320  -0.39599843 
 -0.39599843   0.34955034 
-------------------------------------------
Variable 1                         (ACTIVE)
-------------------------------------------
  0.30991011  -0.22383163 
 -0.22383163   1.07060573 
-------------------------------------------
Variable 2                         (ACTIVE)
-------------------------------------------
  1.27377467   0.51984729 
  0.51984729   0.67704703 
-------------------------------------------
Variable 3                         (ACTIVE)
-------------------------------------------
  0.01025305  -0.09080052 
 -0.09080052   1.03178158 
-------------------------------------------
Average Discrimination Measure
-------------------------------------------
  1.10787526  -0.04769582 
 -0.04769582   0.78224617 
-------------------------------------------
